conv 0
bn 2
relu 3
pooling 4
conv 5
bn 6
relu 7
conv 8
bn 9
add 10
relu 11
conv 12
bn 13
relu 14
conv 15
bn 16
add 17
relu 18
conv 19
bn 20
relu 21
conv 22
bn 23
add 24
relu 25
conv 26
bn 30
relu 31
conv 32
bn 34
conv 35
bn 37
add 38
relu 39
conv 40
bn 42
relu 43
conv 44
bn 46
add 47
relu 48
conv 49
bn 51
relu 52
conv 53
bn 55
add 56
relu 57
conv 58
bn 60
relu 61
conv 62
bn 64
add 65
relu 66
conv 67
bn 68
relu 69
conv 70
bn 72
conv 73
bn 75
add 76
relu 77
conv 78
bn 80
relu 81
conv 82
bn 84
add 85
relu 86
conv 87
bn 89
relu 90
conv 91
bn 93
add 94
relu 95
conv 96
bn 98
relu 99
conv 100
bn 102
add 103
relu 104
conv 105
bn 107
relu 108
conv 109
bn 111
add 112
relu 113
conv 114
bn 116
relu 117
conv 118
bn 120
add 121
relu 122
conv 123
bn 125
relu 126
conv 127
bn 129
conv 130
bn 132
add 133
relu 134
conv 135
bn 137
relu 138
conv 139
bn 141
add 142
relu 143
conv 144
bn 146
relu 147
conv 148
bn 150
add 151
relu 152
pooling 153
fc 154
