conv 0
bn 2
relu 3
pooling 4
conv 5
bn 7
relu 8
conv 9
bn 10
relu 11
conv 12
bn 14
conv 15
bn 17
add 18
relu 19
conv 20
bn 22
relu 23
conv 24
bn 25
relu 26
conv 27
bn 29
add 30
relu 31
conv 32
bn 34
relu 35
conv 36
bn 37
relu 38
conv 39
bn 41
add 42
relu 43
conv 44
bn 46
relu 47
conv 48
bn 49
relu 50
conv 51
bn 53
conv 54
bn 56
add 57
relu 58
conv 59
bn 61
relu 62
conv 63
bn 65
relu 66
conv 67
bn 69
add 70
relu 71
conv 72
bn 74
relu 75
conv 76
bn 78
relu 79
conv 80
bn 82
add 83
relu 84
conv 85
bn 87
relu 88
conv 89
bn 91
relu 92
conv 93
bn 95
add 96
relu 97
conv 98
bn 100
relu 101
conv 102
bn 104
relu 105
conv 106
bn 108
add 109
relu 110
conv 111
bn 113
relu 114
conv 115
bn 117
relu 118
conv 119
bn 121
add 122
relu 123
conv 124
bn 126
relu 127
conv 128
bn 130
relu 131
conv 132
bn 134
add 135
relu 136
conv 137
bn 139
relu 140
conv 141
bn 143
relu 144
conv 145
bn 147
add 148
relu 149
conv 150
bn 152
relu 153
conv 154
bn 155
relu 156
conv 157
bn 159
conv 160
bn 162
add 163
relu 164
conv 165
bn 167
relu 168
conv 169
bn 171
relu 172
conv 173
bn 175
add 176
relu 177
conv 178
bn 180
relu 181
conv 182
bn 184
relu 185
conv 186
bn 188
add 189
relu 190
conv 191
bn 193
relu 194
conv 195
bn 197
relu 198
conv 199
bn 201
add 202
relu 203
conv 204
bn 206
relu 207
conv 208
bn 210
relu 211
conv 212
bn 214
add 215
relu 216
conv 217
bn 219
relu 220
conv 221
bn 223
relu 224
conv 225
bn 227
add 228
relu 229
conv 230
bn 232
relu 233
conv 234
bn 236
relu 237
conv 238
bn 240
add 241
relu 242
conv 243
bn 245
relu 246
conv 247
bn 249
relu 250
conv 251
bn 253
add 254
relu 255
conv 256
bn 258
relu 259
conv 260
bn 262
relu 263
conv 264
bn 266
add 267
relu 268
conv 269
bn 271
relu 272
conv 273
bn 275
relu 276
conv 277
bn 279
add 280
relu 281
conv 282
bn 284
relu 285
conv 286
bn 288
relu 289
conv 290
bn 292
add 293
relu 294
conv 295
bn 297
relu 298
conv 299
bn 301
relu 302
conv 303
bn 305
add 306
relu 307
conv 308
bn 310
relu 311
conv 312
bn 314
relu 315
conv 316
bn 318
add 319
relu 320
conv 321
bn 323
relu 324
conv 325
bn 327
relu 328
conv 329
bn 331
add 332
relu 333
conv 334
bn 336
relu 337
conv 338
bn 340
relu 341
conv 342
bn 344
add 345
relu 346
conv 347
bn 349
relu 350
conv 351
bn 353
relu 354
conv 355
bn 357
add 358
relu 359
conv 360
bn 362
relu 363
conv 364
bn 366
relu 367
conv 368
bn 370
add 371
relu 372
conv 373
bn 375
relu 376
conv 377
bn 379
relu 380
conv 381
bn 383
add 384
relu 385
conv 386
bn 388
relu 389
conv 390
bn 392
relu 393
conv 394
bn 396
add 397
relu 398
conv 399
bn 401
relu 402
conv 403
bn 405
relu 406
conv 407
bn 409
add 410
relu 411
conv 412
bn 414
relu 415
conv 416
bn 418
relu 419
conv 420
bn 422
add 423
relu 424
conv 425
bn 427
relu 428
conv 429
bn 431
relu 432
conv 433
bn 435
add 436
relu 437
conv 438
bn 440
relu 441
conv 442
bn 444
relu 445
conv 446
bn 448
add 449
relu 450
conv 451
bn 453
relu 454
conv 455
bn 457
relu 458
conv 459
bn 461
add 462
relu 463
conv 464
bn 466
relu 467
conv 468
bn 470
relu 471
conv 472
bn 474
add 475
relu 476
conv 477
bn 479
relu 480
conv 481
bn 483
relu 484
conv 485
bn 487
add 488
relu 489
conv 490
bn 492
relu 493
conv 494
bn 496
relu 497
conv 498
bn 500
add 501
relu 502
conv 503
bn 505
relu 506
conv 507
bn 509
relu 510
conv 511
bn 513
add 514
relu 515
conv 516
bn 518
relu 519
conv 520
bn 522
relu 523
conv 524
bn 526
add 527
relu 528
conv 529
bn 531
relu 532
conv 533
bn 535
relu 536
conv 537
bn 539
add 540
relu 541
conv 542
bn 544
relu 545
conv 546
bn 548
relu 549
conv 550
bn 552
add 553
relu 554
conv 555
bn 557
relu 558
conv 559
bn 561
relu 562
conv 563
bn 565
add 566
relu 567
conv 568
bn 570
relu 571
conv 572
bn 574
relu 575
conv 576
bn 578
add 579
relu 580
conv 581
bn 583
relu 584
conv 585
bn 587
relu 588
conv 589
bn 591
add 592
relu 593
conv 594
bn 596
relu 597
conv 598
bn 600
relu 601
conv 602
bn 604
add 605
relu 606
conv 607
bn 609
relu 610
conv 611
bn 613
relu 614
conv 615
bn 617
add 618
relu 619
conv 620
bn 622
relu 623
conv 624
bn 626
relu 627
conv 628
bn 630
conv 631
bn 633
add 634
relu 635
conv 636
bn 638
relu 639
conv 640
bn 642
relu 643
conv 644
bn 646
add 647
relu 648
conv 649
bn 651
relu 652
conv 653
bn 655
relu 656
conv 657
bn 659
add 660
relu 661
pooling 662
fc 663
