conv 0
bn 2
relu 3
pooling 4
conv 5
bn 7
relu 8
conv 9
bn 10
relu 11
conv 12
bn 14
conv 15
bn 17
add 18
relu 19
conv 20
bn 22
relu 23
conv 24
bn 25
relu 26
conv 27
bn 29
add 30
relu 31
conv 32
bn 34
relu 35
conv 36
bn 37
relu 38
conv 39
bn 41
add 42
relu 43
conv 44
bn 46
relu 47
conv 48
bn 49
relu 50
conv 51
bn 53
conv 54
bn 56
add 57
relu 58
conv 59
bn 61
relu 62
conv 63
bn 65
relu 66
conv 67
bn 69
add 70
relu 71
conv 72
bn 74
relu 75
conv 76
bn 78
relu 79
conv 80
bn 82
add 83
relu 84
conv 85
bn 87
relu 88
conv 89
bn 91
relu 92
conv 93
bn 95
add 96
relu 97
conv 98
bn 100
relu 101
conv 102
bn 103
relu 104
conv 105
bn 107
conv 108
bn 110
add 111
relu 112
conv 113
bn 115
relu 116
conv 117
bn 119
relu 120
conv 121
bn 123
add 124
relu 125
conv 126
bn 128
relu 129
conv 130
bn 132
relu 133
conv 134
bn 136
add 137
relu 138
conv 139
bn 141
relu 142
conv 143
bn 145
relu 146
conv 147
bn 149
add 150
relu 151
conv 152
bn 154
relu 155
conv 156
bn 158
relu 159
conv 160
bn 162
add 163
relu 164
conv 165
bn 167
relu 168
conv 169
bn 171
relu 172
conv 173
bn 175
add 176
relu 177
conv 178
bn 180
relu 181
conv 182
bn 184
relu 185
conv 186
bn 188
add 189
relu 190
conv 191
bn 193
relu 194
conv 195
bn 197
relu 198
conv 199
bn 201
add 202
relu 203
conv 204
bn 206
relu 207
conv 208
bn 210
relu 211
conv 212
bn 214
add 215
relu 216
conv 217
bn 219
relu 220
conv 221
bn 223
relu 224
conv 225
bn 227
add 228
relu 229
conv 230
bn 232
relu 233
conv 234
bn 236
relu 237
conv 238
bn 240
add 241
relu 242
conv 243
bn 245
relu 246
conv 247
bn 249
relu 250
conv 251
bn 253
add 254
relu 255
conv 256
bn 258
relu 259
conv 260
bn 262
relu 263
conv 264
bn 266
add 267
relu 268
conv 269
bn 271
relu 272
conv 273
bn 275
relu 276
conv 277
bn 279
add 280
relu 281
conv 282
bn 284
relu 285
conv 286
bn 288
relu 289
conv 290
bn 292
add 293
relu 294
conv 295
bn 297
relu 298
conv 299
bn 301
relu 302
conv 303
bn 305
add 306
relu 307
conv 308
bn 310
relu 311
conv 312
bn 314
relu 315
conv 316
bn 318
add 319
relu 320
conv 321
bn 323
relu 324
conv 325
bn 327
relu 328
conv 329
bn 331
add 332
relu 333
conv 334
bn 336
relu 337
conv 338
bn 340
relu 341
conv 342
bn 344
add 345
relu 346
conv 347
bn 349
relu 350
conv 351
bn 353
relu 354
conv 355
bn 357
add 358
relu 359
conv 360
bn 362
relu 363
conv 364
bn 366
relu 367
conv 368
bn 370
add 371
relu 372
conv 373
bn 375
relu 376
conv 377
bn 379
relu 380
conv 381
bn 383
add 384
relu 385
conv 386
bn 388
relu 389
conv 390
bn 392
relu 393
conv 394
bn 396
add 397
relu 398
conv 399
bn 401
relu 402
conv 403
bn 405
relu 406
conv 407
bn 409
conv 410
bn 412
add 413
relu 414
conv 415
bn 417
relu 418
conv 419
bn 421
relu 422
conv 423
bn 425
add 426
relu 427
conv 428
bn 430
relu 431
conv 432
bn 434
relu 435
conv 436
bn 438
add 439
relu 440
pooling 441
fc 442
