==12325== NVPROF is profiling process 12325, command: python resnet.py resnet34
==12325== Profiling application: python resnet.py resnet34
==12325== Profiling result:
"Start","Duration","Grid X","Grid Y","Grid Z","Block X","Block Y","Block Z","Registers Per Thread","Static SMem","Dynamic SMem","Size","Throughput","Device","Context","Stream","Name"
s,ms,,,,,,,,KB,B,MB,GB/s,,,,
2.144868,0.094912,,,,,,,,,,0.574219,5.908215,"Tesla K40c (0)","1","7","[CUDA memcpy HtoD]"
3.435335,0.007072,,,,,,,,,,0.035889,4.955816,"Tesla K40c (0)","1","7","[CUDA memcpy HtoD]"
3.435367,0.000832,,,,,,,,,,0.000244,0.286561,"Tesla K40c (0)","1","7","[CUDA memcpy HtoD]"
3.435382,0.000832,,,,,,,,,,0.000244,0.286561,"Tesla K40c (0)","1","7","[CUDA memcpy HtoD]"
3.435396,0.000832,,,,,,,,,,0.000244,0.286561,"Tesla K40c (0)","1","7","[CUDA memcpy HtoD]"
3.435409,0.000832,,,,,,,,,,0.000244,0.286561,"Tesla K40c (0)","1","7","[CUDA memcpy HtoD]"
3.435465,0.025024,,,,,,,,,,0.140625,5.487896,"Tesla K40c (0)","1","7","[CUDA memcpy HtoD]"
3.435498,0.000800,,,,,,,,,,0.000244,0.298023,"Tesla K40c (0)","1","7","[CUDA memcpy HtoD]"
3.435511,0.000832,,,,,,,,,,0.000244,0.286561,"Tesla K40c (0)","1","7","[CUDA memcpy HtoD]"
3.435524,0.000832,,,,,,,,,,0.000244,0.286561,"Tesla K40c (0)","1","7","[CUDA memcpy HtoD]"
3.435538,0.000832,,,,,,,,,,0.000244,0.286561,"Tesla K40c (0)","1","7","[CUDA memcpy HtoD]"
3.435612,0.024608,,,,,,,,,,0.140625,5.580669,"Tesla K40c (0)","1","7","[CUDA memcpy HtoD]"
3.435644,0.000832,,,,,,,,,,0.000244,0.286561,"Tesla K40c (0)","1","7","[CUDA memcpy HtoD]"
3.435656,0.000832,,,,,,,,,,0.000244,0.286561,"Tesla K40c (0)","1","7","[CUDA memcpy HtoD]"
3.435669,0.000832,,,,,,,,,,0.000244,0.286561,"Tesla K40c (0)","1","7","[CUDA memcpy HtoD]"
3.435681,0.000832,,,,,,,,,,0.000244,0.286561,"Tesla K40c (0)","1","7","[CUDA memcpy HtoD]"
3.436197,0.025024,,,,,,,,,,0.140625,5.487896,"Tesla K40c (0)","1","7","[CUDA memcpy HtoD]"
3.436229,0.000832,,,,,,,,,,0.000244,0.286561,"Tesla K40c (0)","1","7","[CUDA memcpy HtoD]"
3.436242,0.000832,,,,,,,,,,0.000244,0.286561,"Tesla K40c (0)","1","7","[CUDA memcpy HtoD]"
3.436255,0.000832,,,,,,,,,,0.000244,0.286561,"Tesla K40c (0)","1","7","[CUDA memcpy HtoD]"
3.436267,0.000800,,,,,,,,,,0.000244,0.298023,"Tesla K40c (0)","1","7","[CUDA memcpy HtoD]"
3.436309,0.024896,,,,,,,,,,0.140625,5.516111,"Tesla K40c (0)","1","7","[CUDA memcpy HtoD]"
3.436341,0.000800,,,,,,,,,,0.000244,0.298023,"Tesla K40c (0)","1","7","[CUDA memcpy HtoD]"
3.436354,0.000800,,,,,,,,,,0.000244,0.298023,"Tesla K40c (0)","1","7","[CUDA memcpy HtoD]"
3.436366,0.000832,,,,,,,,,,0.000244,0.286561,"Tesla K40c (0)","1","7","[CUDA memcpy HtoD]"
3.436378,0.000800,,,,,,,,,,0.000244,0.298023,"Tesla K40c (0)","1","7","[CUDA memcpy HtoD]"
3.436421,0.044672,,,,,,,,,,0.140625,3.074165,"Tesla K40c (0)","1","7","[CUDA memcpy HtoD]"
3.436475,0.000832,,,,,,,,,,0.000244,0.286561,"Tesla K40c (0)","1","7","[CUDA memcpy HtoD]"
3.436487,0.000832,,,,,,,,,,0.000244,0.286561,"Tesla K40c (0)","1","7","[CUDA memcpy HtoD]"
3.436500,0.000832,,,,,,,,,,0.000244,0.286561,"Tesla K40c (0)","1","7","[CUDA memcpy HtoD]"
3.436512,0.000800,,,,,,,,,,0.000244,0.298023,"Tesla K40c (0)","1","7","[CUDA memcpy HtoD]"
3.436552,0.024640,,,,,,,,,,0.140625,5.573421,"Tesla K40c (0)","1","7","[CUDA memcpy HtoD]"
3.436583,0.000832,,,,,,,,,,0.000244,0.286561,"Tesla K40c (0)","1","7","[CUDA memcpy HtoD]"
3.436595,0.000832,,,,,,,,,,0.000244,0.286561,"Tesla K40c (0)","1","7","[CUDA memcpy HtoD]"
3.436608,0.000832,,,,,,,,,,0.000244,0.286561,"Tesla K40c (0)","1","7","[CUDA memcpy HtoD]"
3.436620,0.000800,,,,,,,,,,0.000244,0.298023,"Tesla K40c (0)","1","7","[CUDA memcpy HtoD]"
3.436685,0.047136,,,,,,,,,,0.281250,5.826931,"Tesla K40c (0)","1","7","[CUDA memcpy HtoD]"
3.436739,0.000864,,,,,,,,,,0.000488,0.551895,"Tesla K40c (0)","1","7","[CUDA memcpy HtoD]"
3.436752,0.000864,,,,,,,,,,0.000488,0.551895,"Tesla K40c (0)","1","7","[CUDA memcpy HtoD]"
3.436765,0.000864,,,,,,,,,,0.000488,0.551895,"Tesla K40c (0)","1","7","[CUDA memcpy HtoD]"
3.436777,0.000864,,,,,,,,,,0.000488,0.551895,"Tesla K40c (0)","1","7","[CUDA memcpy HtoD]"
3.437290,0.116992,,,,,,,,,,0.562500,4.695333,"Tesla K40c (0)","1","7","[CUDA memcpy HtoD]"
3.437414,0.000864,,,,,,,,,,0.000488,0.551895,"Tesla K40c (0)","1","7","[CUDA memcpy HtoD]"
3.437427,0.000864,,,,,,,,,,0.000488,0.551895,"Tesla K40c (0)","1","7","[CUDA memcpy HtoD]"
3.437440,0.000864,,,,,,,,,,0.000488,0.551895,"Tesla K40c (0)","1","7","[CUDA memcpy HtoD]"
3.437453,0.000864,,,,,,,,,,0.000488,0.551895,"Tesla K40c (0)","1","7","[CUDA memcpy HtoD]"
3.437478,0.006304,,,,,,,,,,0.031250,4.840986,"Tesla K40c (0)","1","7","[CUDA memcpy HtoD]"
3.437493,0.000864,,,,,,,,,,0.000488,0.551895,"Tesla K40c (0)","1","7","[CUDA memcpy HtoD]"
3.437506,0.000864,,,,,,,,,,0.000488,0.551895,"Tesla K40c (0)","1","7","[CUDA memcpy HtoD]"
3.437518,0.000864,,,,,,,,,,0.000488,0.551895,"Tesla K40c (0)","1","7","[CUDA memcpy HtoD]"
3.437530,0.000864,,,,,,,,,,0.000488,0.551895,"Tesla K40c (0)","1","7","[CUDA memcpy HtoD]"
3.438018,0.092832,,,,,,,,,,0.562500,5.917317,"Tesla K40c (0)","1","7","[CUDA memcpy HtoD]"
3.438118,0.001216,,,,,,,,,,0.000488,0.392136,"Tesla K40c (0)","1","7","[CUDA memcpy HtoD]"
3.438131,0.000896,,,,,,,,,,0.000488,0.532184,"Tesla K40c (0)","1","7","[CUDA memcpy HtoD]"
3.438144,0.000896,,,,,,,,,,0.000488,0.532184,"Tesla K40c (0)","1","7","[CUDA memcpy HtoD]"
3.438156,0.000864,,,,,,,,,,0.000488,0.551895,"Tesla K40c (0)","1","7","[CUDA memcpy HtoD]"
3.438642,0.092737,,,,,,,,,,0.562500,5.923379,"Tesla K40c (0)","1","7","[CUDA memcpy HtoD]"
3.438742,0.001056,,,,,,,,,,0.000488,0.451550,"Tesla K40c (0)","1","7","[CUDA memcpy HtoD]"
3.438754,0.000896,,,,,,,,,,0.000488,0.532184,"Tesla K40c (0)","1","7","[CUDA memcpy HtoD]"
3.438767,0.000864,,,,,,,,,,0.000488,0.551895,"Tesla K40c (0)","1","7","[CUDA memcpy HtoD]"
3.438779,0.000864,,,,,,,,,,0.000488,0.551895,"Tesla K40c (0)","1","7","[CUDA memcpy HtoD]"
3.439249,0.092768,,,,,,,,,,0.562500,5.921400,"Tesla K40c (0)","1","7","[CUDA memcpy HtoD]"
3.439349,0.001056,,,,,,,,,,0.000488,0.451550,"Tesla K40c (0)","1","7","[CUDA memcpy HtoD]"
3.439362,0.000864,,,,,,,,,,0.000488,0.551895,"Tesla K40c (0)","1","7","[CUDA memcpy HtoD]"
3.439375,0.000864,,,,,,,,,,0.000488,0.551895,"Tesla K40c (0)","1","7","[CUDA memcpy HtoD]"
3.439386,0.000864,,,,,,,,,,0.000488,0.551895,"Tesla K40c (0)","1","7","[CUDA memcpy HtoD]"
3.439792,0.092768,,,,,,,,,,0.562500,5.921400,"Tesla K40c (0)","1","7","[CUDA memcpy HtoD]"
3.439892,0.001056,,,,,,,,,,0.000488,0.451550,"Tesla K40c (0)","1","7","[CUDA memcpy HtoD]"
3.439905,0.000832,,,,,,,,,,0.000488,0.573122,"Tesla K40c (0)","1","7","[CUDA memcpy HtoD]"
3.439917,0.000864,,,,,,,,,,0.000488,0.551895,"Tesla K40c (0)","1","7","[CUDA memcpy HtoD]"
3.439929,0.000864,,,,,,,,,,0.000488,0.551895,"Tesla K40c (0)","1","7","[CUDA memcpy HtoD]"
3.440341,0.092768,,,,,,,,,,0.562500,5.921400,"Tesla K40c (0)","1","7","[CUDA memcpy HtoD]"
3.440441,0.001056,,,,,,,,,,0.000488,0.451550,"Tesla K40c (0)","1","7","[CUDA memcpy HtoD]"
3.440453,0.000864,,,,,,,,,,0.000488,0.551895,"Tesla K40c (0)","1","7","[CUDA memcpy HtoD]"
3.440466,0.000864,,,,,,,,,,0.000488,0.551895,"Tesla K40c (0)","1","7","[CUDA memcpy HtoD]"
3.440478,0.000864,,,,,,,,,,0.000488,0.551895,"Tesla K40c (0)","1","7","[CUDA memcpy HtoD]"
3.440965,0.092736,,,,,,,,,,0.562500,5.923443,"Tesla K40c (0)","1","7","[CUDA memcpy HtoD]"
3.441065,0.001056,,,,,,,,,,0.000488,0.451550,"Tesla K40c (0)","1","7","[CUDA memcpy HtoD]"
3.441078,0.000864,,,,,,,,,,0.000488,0.551895,"Tesla K40c (0)","1","7","[CUDA memcpy HtoD]"
3.441091,0.000864,,,,,,,,,,0.000488,0.551895,"Tesla K40c (0)","1","7","[CUDA memcpy HtoD]"
3.441104,0.000864,,,,,,,,,,0.000488,0.551895,"Tesla K40c (0)","1","7","[CUDA memcpy HtoD]"
3.441594,0.212672,,,,,,,,,,1.125000,5.165855,"Tesla K40c (0)","1","7","[CUDA memcpy HtoD]"
3.441814,0.001120,,,,,,,,,,0.000977,0.851495,"Tesla K40c (0)","1","7","[CUDA memcpy HtoD]"
3.441827,0.000960,,,,,,,,,,0.000977,0.993411,"Tesla K40c (0)","1","7","[CUDA memcpy HtoD]"
3.441839,0.000960,,,,,,,,,,0.000977,0.993411,"Tesla K40c (0)","1","7","[CUDA memcpy HtoD]"
3.441851,0.000928,,,,,,,,,,0.000977,1.027666,"Tesla K40c (0)","1","7","[CUDA memcpy HtoD]"
3.442366,0.455777,,,,,,,,,,2.250000,4.820923,"Tesla K40c (0)","1","7","[CUDA memcpy HtoD]"
3.442829,0.001248,,,,,,,,,,0.000977,0.764162,"Tesla K40c (0)","1","7","[CUDA memcpy HtoD]"
3.442843,0.000960,,,,,,,,,,0.000977,0.993411,"Tesla K40c (0)","1","7","[CUDA memcpy HtoD]"
3.442858,0.000960,,,,,,,,,,0.000977,0.993411,"Tesla K40c (0)","1","7","[CUDA memcpy HtoD]"
3.442871,0.000960,,,,,,,,,,0.000977,0.993411,"Tesla K40c (0)","1","7","[CUDA memcpy HtoD]"
3.442909,0.022496,,,,,,,,,,0.125000,5.426312,"Tesla K40c (0)","1","7","[CUDA memcpy HtoD]"
3.442938,0.000960,,,,,,,,,,0.000977,0.993411,"Tesla K40c (0)","1","7","[CUDA memcpy HtoD]"
3.442952,0.000960,,,,,,,,,,0.000977,0.993411,"Tesla K40c (0)","1","7","[CUDA memcpy HtoD]"
3.442966,0.000960,,,,,,,,,,0.000977,0.993411,"Tesla K40c (0)","1","7","[CUDA memcpy HtoD]"
3.442980,0.000960,,,,,,,,,,0.000977,0.993411,"Tesla K40c (0)","1","7","[CUDA memcpy HtoD]"
3.443523,0.422784,,,,,,,,,,2.250000,5.197135,"Tesla K40c (0)","1","7","[CUDA memcpy HtoD]"
3.443953,0.001280,,,,,,,,,,0.000977,0.745058,"Tesla K40c (0)","1","7","[CUDA memcpy HtoD]"
3.443965,0.000960,,,,,,,,,,0.000977,0.993411,"Tesla K40c (0)","1","7","[CUDA memcpy HtoD]"
3.443978,0.000928,,,,,,,,,,0.000977,1.027666,"Tesla K40c (0)","1","7","[CUDA memcpy HtoD]"
3.443989,0.000929,,,,,,,,,,0.000977,1.026560,"Tesla K40c (0)","1","7","[CUDA memcpy HtoD]"
3.444482,0.429376,,,,,,,,,,2.250000,5.117346,"Tesla K40c (0)","1","7","[CUDA memcpy HtoD]"
3.444919,0.001248,,,,,,,,,,0.000977,0.764162,"Tesla K40c (0)","1","7","[CUDA memcpy HtoD]"
3.444933,0.000960,,,,,,,,,,0.000977,0.993411,"Tesla K40c (0)","1","7","[CUDA memcpy HtoD]"
3.444945,0.000960,,,,,,,,,,0.000977,0.993411,"Tesla K40c (0)","1","7","[CUDA memcpy HtoD]"
3.444958,0.000928,,,,,,,,,,0.000977,1.027666,"Tesla K40c (0)","1","7","[CUDA memcpy HtoD]"
3.445428,0.426112,,,,,,,,,,2.250000,5.156545,"Tesla K40c (0)","1","7","[CUDA memcpy HtoD]"
3.445861,0.001248,,,,,,,,,,0.000977,0.764162,"Tesla K40c (0)","1","7","[CUDA memcpy HtoD]"
3.445874,0.000928,,,,,,,,,,0.000977,1.027666,"Tesla K40c (0)","1","7","[CUDA memcpy HtoD]"
3.445887,0.000960,,,,,,,,,,0.000977,0.993411,"Tesla K40c (0)","1","7","[CUDA memcpy HtoD]"
3.445899,0.000960,,,,,,,,,,0.000977,0.993411,"Tesla K40c (0)","1","7","[CUDA memcpy HtoD]"
3.446386,0.427329,,,,,,,,,,2.250000,5.141859,"Tesla K40c (0)","1","7","[CUDA memcpy HtoD]"
3.446820,0.001280,,,,,,,,,,0.000977,0.745058,"Tesla K40c (0)","1","7","[CUDA memcpy HtoD]"
3.446834,0.000960,,,,,,,,,,0.000977,0.993411,"Tesla K40c (0)","1","7","[CUDA memcpy HtoD]"
3.446847,0.000960,,,,,,,,,,0.000977,0.993411,"Tesla K40c (0)","1","7","[CUDA memcpy HtoD]"
3.446859,0.000960,,,,,,,,,,0.000977,0.993411,"Tesla K40c (0)","1","7","[CUDA memcpy HtoD]"
3.447363,0.411648,,,,,,,,,,2.250000,5.337729,"Tesla K40c (0)","1","7","[CUDA memcpy HtoD]"
3.447782,0.001248,,,,,,,,,,0.000977,0.764162,"Tesla K40c (0)","1","7","[CUDA memcpy HtoD]"
3.447806,0.000960,,,,,,,,,,0.000977,0.993411,"Tesla K40c (0)","1","7","[CUDA memcpy HtoD]"
3.447820,0.000928,,,,,,,,,,0.000977,1.027666,"Tesla K40c (0)","1","7","[CUDA memcpy HtoD]"
3.447832,0.000960,,,,,,,,,,0.000977,0.993411,"Tesla K40c (0)","1","7","[CUDA memcpy HtoD]"
3.448308,0.416320,,,,,,,,,,2.250000,5.277829,"Tesla K40c (0)","1","7","[CUDA memcpy HtoD]"
3.448732,0.001280,,,,,,,,,,0.000977,0.745058,"Tesla K40c (0)","1","7","[CUDA memcpy HtoD]"
3.448755,0.001728,,,,,,,,,,0.000977,0.551895,"Tesla K40c (0)","1","7","[CUDA memcpy HtoD]"
3.448765,0.000960,,,,,,,,,,0.000977,0.993411,"Tesla K40c (0)","1","7","[CUDA memcpy HtoD]"
3.448778,0.000960,,,,,,,,,,0.000977,0.993411,"Tesla K40c (0)","1","7","[CUDA memcpy HtoD]"
3.449307,0.447968,,,,,,,,,,2.250000,4.904961,"Tesla K40c (0)","1","7","[CUDA memcpy HtoD]"
3.449762,0.001248,,,,,,,,,,0.000977,0.764162,"Tesla K40c (0)","1","7","[CUDA memcpy HtoD]"
3.449774,0.000928,,,,,,,,,,0.000977,1.027666,"Tesla K40c (0)","1","7","[CUDA memcpy HtoD]"
3.449787,0.000960,,,,,,,,,,0.000977,0.993411,"Tesla K40c (0)","1","7","[CUDA memcpy HtoD]"
3.449798,0.000960,,,,,,,,,,0.000977,0.993411,"Tesla K40c (0)","1","7","[CUDA memcpy HtoD]"
3.450256,0.445537,,,,,,,,,,2.250000,4.931724,"Tesla K40c (0)","1","7","[CUDA memcpy HtoD]"
3.450709,0.001248,,,,,,,,,,0.000977,0.764162,"Tesla K40c (0)","1","7","[CUDA memcpy HtoD]"
3.450722,0.000960,,,,,,,,,,0.000977,0.993411,"Tesla K40c (0)","1","7","[CUDA memcpy HtoD]"
3.450736,0.000960,,,,,,,,,,0.000977,0.993411,"Tesla K40c (0)","1","7","[CUDA memcpy HtoD]"
3.450749,0.000960,,,,,,,,,,0.000977,0.993411,"Tesla K40c (0)","1","7","[CUDA memcpy HtoD]"
3.451290,0.447616,,,,,,,,,,2.250000,4.908818,"Tesla K40c (0)","1","7","[CUDA memcpy HtoD]"
3.451745,0.001248,,,,,,,,,,0.000977,0.764162,"Tesla K40c (0)","1","7","[CUDA memcpy HtoD]"
3.451757,0.000960,,,,,,,,,,0.000977,0.993411,"Tesla K40c (0)","1","7","[CUDA memcpy HtoD]"
3.451770,0.000960,,,,,,,,,,0.000977,0.993411,"Tesla K40c (0)","1","7","[CUDA memcpy HtoD]"
3.451782,0.000960,,,,,,,,,,0.000977,0.993411,"Tesla K40c (0)","1","7","[CUDA memcpy HtoD]"
3.452338,0.410720,,,,,,,,,,2.250000,5.349790,"Tesla K40c (0)","1","7","[CUDA memcpy HtoD]"
3.452756,0.001248,,,,,,,,,,0.000977,0.764162,"Tesla K40c (0)","1","7","[CUDA memcpy HtoD]"
3.452769,0.000960,,,,,,,,,,0.000977,0.993411,"Tesla K40c (0)","1","7","[CUDA memcpy HtoD]"
3.452782,0.000960,,,,,,,,,,0.000977,0.993411,"Tesla K40c (0)","1","7","[CUDA memcpy HtoD]"
3.452794,0.000928,,,,,,,,,,0.000977,1.027666,"Tesla K40c (0)","1","7","[CUDA memcpy HtoD]"
3.453320,0.897728,,,,,,,,,,4.500000,4.895170,"Tesla K40c (0)","1","7","[CUDA memcpy HtoD]"
3.454225,0.001376,,,,,,,,,,0.001953,1.386155,"Tesla K40c (0)","1","7","[CUDA memcpy HtoD]"
3.454238,0.001152,,,,,,,,,,0.001953,1.655685,"Tesla K40c (0)","1","7","[CUDA memcpy HtoD]"
3.454251,0.001120,,,,,,,,,,0.001953,1.702990,"Tesla K40c (0)","1","7","[CUDA memcpy HtoD]"
3.454263,0.001120,,,,,,,,,,0.001953,1.702990,"Tesla K40c (0)","1","7","[CUDA memcpy HtoD]"
3.454806,1.879649,,,,,,,,,,9.000000,4.675906,"Tesla K40c (0)","1","7","[CUDA memcpy HtoD]"
3.456693,0.001376,,,,,,,,,,0.001953,1.386155,"Tesla K40c (0)","1","7","[CUDA memcpy HtoD]"
3.456706,0.001152,,,,,,,,,,0.001953,1.655685,"Tesla K40c (0)","1","7","[CUDA memcpy HtoD]"
3.456719,0.001120,,,,,,,,,,0.001953,1.702990,"Tesla K40c (0)","1","7","[CUDA memcpy HtoD]"
3.456732,0.001152,,,,,,,,,,0.001953,1.655685,"Tesla K40c (0)","1","7","[CUDA memcpy HtoD]"
3.457185,0.082848,,,,,,,,,,0.500000,5.893700,"Tesla K40c (0)","1","7","[CUDA memcpy HtoD]"
3.457275,0.001216,,,,,,,,,,0.001953,1.568543,"Tesla K40c (0)","1","7","[CUDA memcpy HtoD]"
3.457288,0.001120,,,,,,,,,,0.001953,1.702990,"Tesla K40c (0)","1","7","[CUDA memcpy HtoD]"
3.457303,0.001120,,,,,,,,,,0.001953,1.702990,"Tesla K40c (0)","1","7","[CUDA memcpy HtoD]"
3.457315,0.001120,,,,,,,,,,0.001953,1.702990,"Tesla K40c (0)","1","7","[CUDA memcpy HtoD]"
3.457798,1.862849,,,,,,,,,,9.000000,4.718076,"Tesla K40c (0)","1","7","[CUDA memcpy HtoD]"
3.459668,0.001344,,,,,,,,,,0.001953,1.419158,"Tesla K40c (0)","1","7","[CUDA memcpy HtoD]"
3.459681,0.001344,,,,,,,,,,0.001953,1.419158,"Tesla K40c (0)","1","7","[CUDA memcpy HtoD]"
3.459694,0.001120,,,,,,,,,,0.001953,1.702990,"Tesla K40c (0)","1","7","[CUDA memcpy HtoD]"
3.459707,0.001120,,,,,,,,,,0.001953,1.702990,"Tesla K40c (0)","1","7","[CUDA memcpy HtoD]"
3.460278,1.870209,,,,,,,,,,9.000000,4.699508,"Tesla K40c (0)","1","7","[CUDA memcpy HtoD]"
3.462155,0.001344,,,,,,,,,,0.001953,1.419158,"Tesla K40c (0)","1","7","[CUDA memcpy HtoD]"
3.462168,0.001120,,,,,,,,,,0.001953,1.702990,"Tesla K40c (0)","1","7","[CUDA memcpy HtoD]"
3.462181,0.001120,,,,,,,,,,0.001953,1.702990,"Tesla K40c (0)","1","7","[CUDA memcpy HtoD]"
3.462193,0.001408,,,,,,,,,,0.001953,1.354651,"Tesla K40c (0)","1","7","[CUDA memcpy HtoD]"
3.462718,1.870753,,,,,,,,,,9.000000,4.698142,"Tesla K40c (0)","1","7","[CUDA memcpy HtoD]"
3.464596,0.001344,,,,,,,,,,0.001953,1.419158,"Tesla K40c (0)","1","7","[CUDA memcpy HtoD]"
3.464609,0.001152,,,,,,,,,,0.001953,1.655685,"Tesla K40c (0)","1","7","[CUDA memcpy HtoD]"
3.464621,0.001152,,,,,,,,,,0.001953,1.655685,"Tesla K40c (0)","1","7","[CUDA memcpy HtoD]"
3.464633,0.001120,,,,,,,,,,0.001953,1.702990,"Tesla K40c (0)","1","7","[CUDA memcpy HtoD]"
3.465103,1.850881,,,,,,,,,,9.000000,4.748583,"Tesla K40c (0)","1","7","[CUDA memcpy HtoD]"
3.466962,0.001440,,,,,,,,,,0.001953,1.324548,"Tesla K40c (0)","1","7","[CUDA memcpy HtoD]"
3.466975,0.001152,,,,,,,,,,0.001953,1.655685,"Tesla K40c (0)","1","7","[CUDA memcpy HtoD]"
3.466988,0.001120,,,,,,,,,,0.001953,1.702990,"Tesla K40c (0)","1","7","[CUDA memcpy HtoD]"
3.467000,0.001120,,,,,,,,,,0.001953,1.702990,"Tesla K40c (0)","1","7","[CUDA memcpy HtoD]"
3.467479,0.353601,,,,,,,,,,1.953125,5.394070,"Tesla K40c (0)","1","7","[CUDA memcpy HtoD]"
3.467841,0.001568,,,,,,,,,,0.003815,2.375823,"Tesla K40c (0)","1","7","[CUDA memcpy HtoD]"
3.873611,0.001376,,,,,,,,,,0.000107,0.075805,"Tesla K40c (0)","1","7","[CUDA memcpy HtoD]"
3.874399,0.094112,25,1,1,512,1,1,29,0.000000,0,,,"Tesla K40c (0)","1","7","void im2col4d_kernel<float, int>(im2col4d_params, cudnnConvolutionStruct, cudnnTensor4dStruct, float const *, float*, int) [1229]"
3.874497,0.256352,196,1,1,16,16,1,79,8.269531,0,,,"Tesla K40c (0)","1","7","cudnn_convolve_sgemm_sm35_ldg_nn_64x16x64x16x16 [1250]"
3.874757,0.047488,64,1,1,512,1,1,18,0.000000,0,,,"Tesla K40c (0)","1","7","void cudnn::detail::bn_fw_inf_1C11_kernel_new<float, float, bool=1, int=1>(float, cudnn::detail::bn_fw_inf_1C11_kernel_new<float, float, bool=1, int=1>, cudnnTensorStruct, float const *, float, cudnnTensorStruct*, float, cudnn::detail::bn_fw_inf_1C11_kernel_new<float, float, bool=1, int=1> const *, cudnn::detail::bn_fw_inf_1C11_kernel_new<float, float, bool=1, int=1> const , cudnn::detail::bn_fw_inf_1C11_kernel_new<float, float, bool=1, int=1> const , cudnn::detail::bn_fw_inf_1C11_kernel_new<float, float, bool=1, int=1> const , cudnn::detail::bn_fw_inf_1C11_kernel_new<float, float, bool=1, int=1>) [1283]"
3.876184,0.033856,60,1,1,512,1,1,8,0.000000,0,,,"Tesla K40c (0)","1","7","void kernelPointwiseApply1<ThresholdUpdateOutputIP<float>, float, unsigned int, int=-2>(TensorInfo<ThresholdUpdateOutputIP<float>, float>, float, float) [1294]"
3.876853,0.072352,196,1,1,1024,1,1,31,0.000000,0,,,"Tesla K40c (0)","1","7","void MaxPoolForward<float, float>(int, float const *, int, int, int, int, int, int, int, int, int, int, int, int, int, int, float*, long*) [1336]"
3.877306,0.240960,98,2,1,8,8,1,63,2.250000,0,,,"Tesla K40c (0)","1","7","void cudnn::detail::implicit_convolve_sgemm<float, int=1024, int=5, int=5, int=3, int=3, int=3, int=1, bool=1, bool=0, bool=1>(int, int, int, float const *, int, cudnn::detail::implicit_convolve_sgemm<float, int=1024, int=5, int=5, int=3, int=3, int=3, int=1, bool=1, bool=0, bool=1>*, float const *, kernel_conv_params, int, float, float, int, float const *, float const *, int, int) [1368]"
3.877730,0.015456,64,1,1,512,1,1,18,0.000000,0,,,"Tesla K40c (0)","1","7","void cudnn::detail::bn_fw_inf_1C11_kernel_new<float, float, bool=1, int=1>(float, cudnn::detail::bn_fw_inf_1C11_kernel_new<float, float, bool=1, int=1>, cudnnTensorStruct, float const *, float, cudnnTensorStruct*, float, cudnn::detail::bn_fw_inf_1C11_kernel_new<float, float, bool=1, int=1> const *, cudnn::detail::bn_fw_inf_1C11_kernel_new<float, float, bool=1, int=1> const , cudnn::detail::bn_fw_inf_1C11_kernel_new<float, float, bool=1, int=1> const , cudnn::detail::bn_fw_inf_1C11_kernel_new<float, float, bool=1, int=1> const , cudnn::detail::bn_fw_inf_1C11_kernel_new<float, float, bool=1, int=1>) [1401]"
3.877781,0.006368,60,1,1,512,1,1,8,0.000000,0,,,"Tesla K40c (0)","1","7","void kernelPointwiseApply1<ThresholdUpdateOutputIP<float>, float, unsigned int, int=-2>(TensorInfo<ThresholdUpdateOutputIP<float>, float>, float, float) [1412]"
3.877848,0.243233,98,2,1,8,8,1,63,2.250000,0,,,"Tesla K40c (0)","1","7","void cudnn::detail::implicit_convolve_sgemm<float, int=1024, int=5, int=5, int=3, int=3, int=3, int=1, bool=1, bool=0, bool=1>(int, int, int, float const *, int, cudnn::detail::implicit_convolve_sgemm<float, int=1024, int=5, int=5, int=3, int=3, int=3, int=1, bool=1, bool=0, bool=1>*, float const *, kernel_conv_params, int, float, float, int, float const *, float const *, int, int) [1443]"
3.878094,0.012480,64,1,1,512,1,1,18,0.000000,0,,,"Tesla K40c (0)","1","7","void cudnn::detail::bn_fw_inf_1C11_kernel_new<float, float, bool=1, int=1>(float, cudnn::detail::bn_fw_inf_1C11_kernel_new<float, float, bool=1, int=1>, cudnnTensorStruct, float const *, float, cudnnTensorStruct*, float, cudnn::detail::bn_fw_inf_1C11_kernel_new<float, float, bool=1, int=1> const *, cudnn::detail::bn_fw_inf_1C11_kernel_new<float, float, bool=1, int=1> const , cudnn::detail::bn_fw_inf_1C11_kernel_new<float, float, bool=1, int=1> const , cudnn::detail::bn_fw_inf_1C11_kernel_new<float, float, bool=1, int=1> const , cudnn::detail::bn_fw_inf_1C11_kernel_new<float, float, bool=1, int=1>) [1475]"
3.878110,0.012960,60,1,1,512,1,1,10,0.000000,0,,,"Tesla K40c (0)","1","7","void kernelPointwiseApply2<TensorAddOp<float>, float, float, unsigned int, int=-2, int=-2>(TensorInfo<TensorAddOp<float>, float>, TensorInfo<float, float>, float, float) [1487]"
3.878126,0.006112,60,1,1,512,1,1,8,0.000000,0,,,"Tesla K40c (0)","1","7","void kernelPointwiseApply1<ThresholdUpdateOutputIP<float>, float, unsigned int, int=-2>(TensorInfo<ThresholdUpdateOutputIP<float>, float>, float, float) [1499]"
3.878135,0.246208,98,2,1,8,8,1,63,2.250000,0,,,"Tesla K40c (0)","1","7","void cudnn::detail::implicit_convolve_sgemm<float, int=1024, int=5, int=5, int=3, int=3, int=3, int=1, bool=1, bool=0, bool=1>(int, int, int, float const *, int, cudnn::detail::implicit_convolve_sgemm<float, int=1024, int=5, int=5, int=3, int=3, int=3, int=1, bool=1, bool=0, bool=1>*, float const *, kernel_conv_params, int, float, float, int, float const *, float const *, int, int) [1530]"
3.878463,0.017280,64,1,1,512,1,1,18,0.000000,0,,,"Tesla K40c (0)","1","7","void cudnn::detail::bn_fw_inf_1C11_kernel_new<float, float, bool=1, int=1>(float, cudnn::detail::bn_fw_inf_1C11_kernel_new<float, float, bool=1, int=1>, cudnnTensorStruct, float const *, float, cudnnTensorStruct*, float, cudnn::detail::bn_fw_inf_1C11_kernel_new<float, float, bool=1, int=1> const *, cudnn::detail::bn_fw_inf_1C11_kernel_new<float, float, bool=1, int=1> const , cudnn::detail::bn_fw_inf_1C11_kernel_new<float, float, bool=1, int=1> const , cudnn::detail::bn_fw_inf_1C11_kernel_new<float, float, bool=1, int=1> const , cudnn::detail::bn_fw_inf_1C11_kernel_new<float, float, bool=1, int=1>) [1563]"
3.878545,0.006240,60,1,1,512,1,1,8,0.000000,0,,,"Tesla K40c (0)","1","7","void kernelPointwiseApply1<ThresholdUpdateOutputIP<float>, float, unsigned int, int=-2>(TensorInfo<ThresholdUpdateOutputIP<float>, float>, float, float) [1574]"
3.878620,0.242720,98,2,1,8,8,1,63,2.250000,0,,,"Tesla K40c (0)","1","7","void cudnn::detail::implicit_convolve_sgemm<float, int=1024, int=5, int=5, int=3, int=3, int=3, int=1, bool=1, bool=0, bool=1>(int, int, int, float const *, int, cudnn::detail::implicit_convolve_sgemm<float, int=1024, int=5, int=5, int=3, int=3, int=3, int=1, bool=1, bool=0, bool=1>*, float const *, kernel_conv_params, int, float, float, int, float const *, float const *, int, int) [1605]"
3.878866,0.012576,64,1,1,512,1,1,18,0.000000,0,,,"Tesla K40c (0)","1","7","void cudnn::detail::bn_fw_inf_1C11_kernel_new<float, float, bool=1, int=1>(float, cudnn::detail::bn_fw_inf_1C11_kernel_new<float, float, bool=1, int=1>, cudnnTensorStruct, float const *, float, cudnnTensorStruct*, float, cudnn::detail::bn_fw_inf_1C11_kernel_new<float, float, bool=1, int=1> const *, cudnn::detail::bn_fw_inf_1C11_kernel_new<float, float, bool=1, int=1> const , cudnn::detail::bn_fw_inf_1C11_kernel_new<float, float, bool=1, int=1> const , cudnn::detail::bn_fw_inf_1C11_kernel_new<float, float, bool=1, int=1> const , cudnn::detail::bn_fw_inf_1C11_kernel_new<float, float, bool=1, int=1>) [1637]"
3.878882,0.012544,60,1,1,512,1,1,10,0.000000,0,,,"Tesla K40c (0)","1","7","void kernelPointwiseApply2<TensorAddOp<float>, float, float, unsigned int, int=-2, int=-2>(TensorInfo<TensorAddOp<float>, float>, TensorInfo<float, float>, float, float) [1649]"
3.878898,0.006112,60,1,1,512,1,1,8,0.000000,0,,,"Tesla K40c (0)","1","7","void kernelPointwiseApply1<ThresholdUpdateOutputIP<float>, float, unsigned int, int=-2>(TensorInfo<ThresholdUpdateOutputIP<float>, float>, float, float) [1661]"
3.878911,0.242688,98,2,1,8,8,1,63,2.250000,0,,,"Tesla K40c (0)","1","7","void cudnn::detail::implicit_convolve_sgemm<float, int=1024, int=5, int=5, int=3, int=3, int=3, int=1, bool=1, bool=0, bool=1>(int, int, int, float const *, int, cudnn::detail::implicit_convolve_sgemm<float, int=1024, int=5, int=5, int=3, int=3, int=3, int=1, bool=1, bool=0, bool=1>*, float const *, kernel_conv_params, int, float, float, int, float const *, float const *, int, int) [1692]"
3.879162,0.014656,64,1,1,512,1,1,18,0.000000,0,,,"Tesla K40c (0)","1","7","void cudnn::detail::bn_fw_inf_1C11_kernel_new<float, float, bool=1, int=1>(float, cudnn::detail::bn_fw_inf_1C11_kernel_new<float, float, bool=1, int=1>, cudnnTensorStruct, float const *, float, cudnnTensorStruct*, float, cudnn::detail::bn_fw_inf_1C11_kernel_new<float, float, bool=1, int=1> const *, cudnn::detail::bn_fw_inf_1C11_kernel_new<float, float, bool=1, int=1> const , cudnn::detail::bn_fw_inf_1C11_kernel_new<float, float, bool=1, int=1> const , cudnn::detail::bn_fw_inf_1C11_kernel_new<float, float, bool=1, int=1> const , cudnn::detail::bn_fw_inf_1C11_kernel_new<float, float, bool=1, int=1>) [1724]"
3.879183,0.006464,60,1,1,512,1,1,8,0.000000,0,,,"Tesla K40c (0)","1","7","void kernelPointwiseApply1<ThresholdUpdateOutputIP<float>, float, unsigned int, int=-2>(TensorInfo<ThresholdUpdateOutputIP<float>, float>, float, float) [1735]"
3.879196,0.239585,98,2,1,8,8,1,63,2.250000,0,,,"Tesla K40c (0)","1","7","void cudnn::detail::implicit_convolve_sgemm<float, int=1024, int=5, int=5, int=3, int=3, int=3, int=1, bool=1, bool=0, bool=1>(int, int, int, float const *, int, cudnn::detail::implicit_convolve_sgemm<float, int=1024, int=5, int=5, int=3, int=3, int=3, int=1, bool=1, bool=0, bool=1>*, float const *, kernel_conv_params, int, float, float, int, float const *, float const *, int, int) [1766]"
3.879439,0.012736,64,1,1,512,1,1,18,0.000000,0,,,"Tesla K40c (0)","1","7","void cudnn::detail::bn_fw_inf_1C11_kernel_new<float, float, bool=1, int=1>(float, cudnn::detail::bn_fw_inf_1C11_kernel_new<float, float, bool=1, int=1>, cudnnTensorStruct, float const *, float, cudnnTensorStruct*, float, cudnn::detail::bn_fw_inf_1C11_kernel_new<float, float, bool=1, int=1> const *, cudnn::detail::bn_fw_inf_1C11_kernel_new<float, float, bool=1, int=1> const , cudnn::detail::bn_fw_inf_1C11_kernel_new<float, float, bool=1, int=1> const , cudnn::detail::bn_fw_inf_1C11_kernel_new<float, float, bool=1, int=1> const , cudnn::detail::bn_fw_inf_1C11_kernel_new<float, float, bool=1, int=1>) [1798]"
3.879461,0.011904,60,1,1,512,1,1,10,0.000000,0,,,"Tesla K40c (0)","1","7","void kernelPointwiseApply2<TensorAddOp<float>, float, float, unsigned int, int=-2, int=-2>(TensorInfo<TensorAddOp<float>, float>, TensorInfo<float, float>, float, float) [1810]"
3.879483,0.006112,60,1,1,512,1,1,8,0.000000,0,,,"Tesla K40c (0)","1","7","void kernelPointwiseApply1<ThresholdUpdateOutputIP<float>, float, unsigned int, int=-2>(TensorInfo<ThresholdUpdateOutputIP<float>, float>, float, float) [1822]"
3.879494,0.002464,64,1,1,9,1,1,19,0.000000,0,,,"Tesla K40c (0)","1","7","void kern_precompute_indices<bool=0>(int*, int, int, int, int, int, int) [1848]"
3.879499,0.186880,1,4,1,8,8,1,104,2.250000,0,,,"Tesla K40c (0)","1","13","void cudnn::detail::implicit_convolve_sgemm<float, int=128, int=5, int=5, int=3, int=3, int=3, int=1, bool=1, bool=0, bool=1>(int, int, int, float const *, int, cudnn::detail::implicit_convolve_sgemm<float, int=128, int=5, int=5, int=3, int=3, int=3, int=1, bool=1, bool=0, bool=1>*, float const *, kernel_conv_params, int, float, float, int, float const *, float const *, int, int) [1888]"
3.879502,0.192128,1,4,1,8,8,1,104,2.250000,0,,,"Tesla K40c (0)","1","15","void cudnn::detail::implicit_convolve_sgemm<float, int=128, int=5, int=5, int=3, int=3, int=3, int=1, bool=1, bool=0, bool=1>(int, int, int, float const *, int, cudnn::detail::implicit_convolve_sgemm<float, int=128, int=5, int=5, int=3, int=3, int=3, int=1, bool=1, bool=0, bool=1>*, float const *, kernel_conv_params, int, float, float, int, float const *, float const *, int, int) [1909]"
3.879507,0.151776,23,4,1,8,8,1,68,4.519531,0,,,"Tesla K40c (0)","1","7","cudnn_convolve_precomputed_sgemm_sm35_ldg_nn_32x16x32x8x8 [1867]"
3.879697,0.010208,128,1,1,256,1,1,18,0.000000,0,,,"Tesla K40c (0)","1","7","void cudnn::detail::bn_fw_inf_1C11_kernel_new<float, float, bool=1, int=1>(float, cudnn::detail::bn_fw_inf_1C11_kernel_new<float, float, bool=1, int=1>, cudnnTensorStruct, float const *, float, cudnnTensorStruct*, float, cudnn::detail::bn_fw_inf_1C11_kernel_new<float, float, bool=1, int=1> const *, cudnn::detail::bn_fw_inf_1C11_kernel_new<float, float, bool=1, int=1> const , cudnn::detail::bn_fw_inf_1C11_kernel_new<float, float, bool=1, int=1> const , cudnn::detail::bn_fw_inf_1C11_kernel_new<float, float, bool=1, int=1> const , cudnn::detail::bn_fw_inf_1C11_kernel_new<float, float, bool=1, int=1>) [1949]"
3.879710,0.004160,60,1,1,512,1,1,8,0.000000,0,,,"Tesla K40c (0)","1","7","void kernelPointwiseApply1<ThresholdUpdateOutputIP<float>, float, unsigned int, int=-2>(TensorInfo<ThresholdUpdateOutputIP<float>, float>, float, float) [1960]"
3.879718,0.163264,2,5,1,512,1,1,29,0.000000,0,,,"Tesla K40c (0)","1","7","void im2col4d_kernel<float, int>(im2col4d_params, cudnnConvolutionStruct, cudnnTensor4dStruct, float const *, float*, int) [1980]"
3.879884,0.190944,13,2,1,16,16,1,79,8.269531,0,,,"Tesla K40c (0)","1","7","cudnn_convolve_sgemm_sm35_ldg_nn_64x16x64x16x16 [2001]"
3.880079,0.008704,128,1,1,256,1,1,18,0.000000,0,,,"Tesla K40c (0)","1","7","void cudnn::detail::bn_fw_inf_1C11_kernel_new<float, float, bool=1, int=1>(float, cudnn::detail::bn_fw_inf_1C11_kernel_new<float, float, bool=1, int=1>, cudnnTensorStruct, float const *, float, cudnnTensorStruct*, float, cudnn::detail::bn_fw_inf_1C11_kernel_new<float, float, bool=1, int=1> const *, cudnn::detail::bn_fw_inf_1C11_kernel_new<float, float, bool=1, int=1> const , cudnn::detail::bn_fw_inf_1C11_kernel_new<float, float, bool=1, int=1> const , cudnn::detail::bn_fw_inf_1C11_kernel_new<float, float, bool=1, int=1> const , cudnn::detail::bn_fw_inf_1C11_kernel_new<float, float, bool=1, int=1>) [2034]"
3.880091,0.002400,64,1,1,1,1,1,19,0.000000,0,,,"Tesla K40c (0)","1","7","void kern_precompute_indices<bool=0>(int*, int, int, int, int, int, int) [2054]"
3.880097,0.028448,25,4,1,8,8,1,102,2.250000,0,,,"Tesla K40c (0)","1","7","void cudnn::detail::precomputed_convolve_sgemm<float, int=128, int=5, int=5, int=3, int=3, int=3, int=1, bool=1>(int, int, int, float const *, int, cudnn::detail::precomputed_convolve_sgemm<float, int=128, int=5, int=5, int=3, int=3, int=3, int=1, bool=1>*, float const *, kernel_conv_params, int, float, float, int, float const *, float const *, int*) [2073]"
3.880128,0.008320,128,1,1,256,1,1,18,0.000000,0,,,"Tesla K40c (0)","1","7","void cudnn::detail::bn_fw_inf_1C11_kernel_new<float, float, bool=1, int=1>(float, cudnn::detail::bn_fw_inf_1C11_kernel_new<float, float, bool=1, int=1>, cudnnTensorStruct, float const *, float, cudnnTensorStruct*, float, cudnn::detail::bn_fw_inf_1C11_kernel_new<float, float, bool=1, int=1> const *, cudnn::detail::bn_fw_inf_1C11_kernel_new<float, float, bool=1, int=1> const , cudnn::detail::bn_fw_inf_1C11_kernel_new<float, float, bool=1, int=1> const , cudnn::detail::bn_fw_inf_1C11_kernel_new<float, float, bool=1, int=1> const , cudnn::detail::bn_fw_inf_1C11_kernel_new<float, float, bool=1, int=1>) [2105]"
3.880139,0.006368,60,1,1,512,1,1,10,0.000000,0,,,"Tesla K40c (0)","1","7","void kernelPointwiseApply2<TensorAddOp<float>, float, float, unsigned int, int=-2, int=-2>(TensorInfo<TensorAddOp<float>, float>, TensorInfo<float, float>, float, float) [2117]"
3.880149,0.004128,60,1,1,512,1,1,8,0.000000,0,,,"Tesla K40c (0)","1","7","void kernelPointwiseApply1<ThresholdUpdateOutputIP<float>, float, unsigned int, int=-2>(TensorInfo<ThresholdUpdateOutputIP<float>, float>, float, float) [2129]"
3.880157,0.163584,2,5,1,512,1,1,29,0.000000,0,,,"Tesla K40c (0)","1","7","void im2col4d_kernel<float, int>(im2col4d_params, cudnnConvolutionStruct, cudnnTensor4dStruct, float const *, float*, int) [2149]"
3.880323,0.190240,13,2,1,16,16,1,79,8.269531,0,,,"Tesla K40c (0)","1","7","cudnn_convolve_sgemm_sm35_ldg_nn_64x16x64x16x16 [2170]"
3.880516,0.008736,128,1,1,256,1,1,18,0.000000,0,,,"Tesla K40c (0)","1","7","void cudnn::detail::bn_fw_inf_1C11_kernel_new<float, float, bool=1, int=1>(float, cudnn::detail::bn_fw_inf_1C11_kernel_new<float, float, bool=1, int=1>, cudnnTensorStruct, float const *, float, cudnnTensorStruct*, float, cudnn::detail::bn_fw_inf_1C11_kernel_new<float, float, bool=1, int=1> const *, cudnn::detail::bn_fw_inf_1C11_kernel_new<float, float, bool=1, int=1> const , cudnn::detail::bn_fw_inf_1C11_kernel_new<float, float, bool=1, int=1> const , cudnn::detail::bn_fw_inf_1C11_kernel_new<float, float, bool=1, int=1> const , cudnn::detail::bn_fw_inf_1C11_kernel_new<float, float, bool=1, int=1>) [2203]"
3.880528,0.004192,60,1,1,512,1,1,8,0.000000,0,,,"Tesla K40c (0)","1","7","void kernelPointwiseApply1<ThresholdUpdateOutputIP<float>, float, unsigned int, int=-2>(TensorInfo<ThresholdUpdateOutputIP<float>, float>, float, float) [2214]"
3.880535,0.163904,2,5,1,512,1,1,29,0.000000,0,,,"Tesla K40c (0)","1","7","void im2col4d_kernel<float, int>(im2col4d_params, cudnnConvolutionStruct, cudnnTensor4dStruct, float const *, float*, int) [2234]"
3.880702,0.191521,13,2,1,16,16,1,79,8.269531,0,,,"Tesla K40c (0)","1","7","cudnn_convolve_sgemm_sm35_ldg_nn_64x16x64x16x16 [2255]"
3.880897,0.008448,128,1,1,256,1,1,18,0.000000,0,,,"Tesla K40c (0)","1","7","void cudnn::detail::bn_fw_inf_1C11_kernel_new<float, float, bool=1, int=1>(float, cudnn::detail::bn_fw_inf_1C11_kernel_new<float, float, bool=1, int=1>, cudnnTensorStruct, float const *, float, cudnnTensorStruct*, float, cudnn::detail::bn_fw_inf_1C11_kernel_new<float, float, bool=1, int=1> const *, cudnn::detail::bn_fw_inf_1C11_kernel_new<float, float, bool=1, int=1> const , cudnn::detail::bn_fw_inf_1C11_kernel_new<float, float, bool=1, int=1> const , cudnn::detail::bn_fw_inf_1C11_kernel_new<float, float, bool=1, int=1> const , cudnn::detail::bn_fw_inf_1C11_kernel_new<float, float, bool=1, int=1>) [2288]"
3.880908,0.006464,60,1,1,512,1,1,10,0.000000,0,,,"Tesla K40c (0)","1","7","void kernelPointwiseApply2<TensorAddOp<float>, float, float, unsigned int, int=-2, int=-2>(TensorInfo<TensorAddOp<float>, float>, TensorInfo<float, float>, float, float) [2300]"
3.880918,0.004128,60,1,1,512,1,1,8,0.000000,0,,,"Tesla K40c (0)","1","7","void kernelPointwiseApply1<ThresholdUpdateOutputIP<float>, float, unsigned int, int=-2>(TensorInfo<ThresholdUpdateOutputIP<float>, float>, float, float) [2312]"
3.880925,0.163392,2,5,1,512,1,1,29,0.000000,0,,,"Tesla K40c (0)","1","7","void im2col4d_kernel<float, int>(im2col4d_params, cudnnConvolutionStruct, cudnnTensor4dStruct, float const *, float*, int) [2332]"
3.881092,0.191456,13,2,1,16,16,1,79,8.269531,0,,,"Tesla K40c (0)","1","7","cudnn_convolve_sgemm_sm35_ldg_nn_64x16x64x16x16 [2353]"
3.881286,0.008736,128,1,1,256,1,1,18,0.000000,0,,,"Tesla K40c (0)","1","7","void cudnn::detail::bn_fw_inf_1C11_kernel_new<float, float, bool=1, int=1>(float, cudnn::detail::bn_fw_inf_1C11_kernel_new<float, float, bool=1, int=1>, cudnnTensorStruct, float const *, float, cudnnTensorStruct*, float, cudnn::detail::bn_fw_inf_1C11_kernel_new<float, float, bool=1, int=1> const *, cudnn::detail::bn_fw_inf_1C11_kernel_new<float, float, bool=1, int=1> const , cudnn::detail::bn_fw_inf_1C11_kernel_new<float, float, bool=1, int=1> const , cudnn::detail::bn_fw_inf_1C11_kernel_new<float, float, bool=1, int=1> const , cudnn::detail::bn_fw_inf_1C11_kernel_new<float, float, bool=1, int=1>) [2386]"
3.881298,0.004128,60,1,1,512,1,1,8,0.000000,0,,,"Tesla K40c (0)","1","7","void kernelPointwiseApply1<ThresholdUpdateOutputIP<float>, float, unsigned int, int=-2>(TensorInfo<ThresholdUpdateOutputIP<float>, float>, float, float) [2397]"
3.881306,0.163232,2,5,1,512,1,1,29,0.000000,0,,,"Tesla K40c (0)","1","7","void im2col4d_kernel<float, int>(im2col4d_params, cudnnConvolutionStruct, cudnnTensor4dStruct, float const *, float*, int) [2417]"
3.881472,0.190400,13,2,1,16,16,1,79,8.269531,0,,,"Tesla K40c (0)","1","7","cudnn_convolve_sgemm_sm35_ldg_nn_64x16x64x16x16 [2438]"
3.881665,0.008544,128,1,1,256,1,1,18,0.000000,0,,,"Tesla K40c (0)","1","7","void cudnn::detail::bn_fw_inf_1C11_kernel_new<float, float, bool=1, int=1>(float, cudnn::detail::bn_fw_inf_1C11_kernel_new<float, float, bool=1, int=1>, cudnnTensorStruct, float const *, float, cudnnTensorStruct*, float, cudnn::detail::bn_fw_inf_1C11_kernel_new<float, float, bool=1, int=1> const *, cudnn::detail::bn_fw_inf_1C11_kernel_new<float, float, bool=1, int=1> const , cudnn::detail::bn_fw_inf_1C11_kernel_new<float, float, bool=1, int=1> const , cudnn::detail::bn_fw_inf_1C11_kernel_new<float, float, bool=1, int=1> const , cudnn::detail::bn_fw_inf_1C11_kernel_new<float, float, bool=1, int=1>) [2471]"
3.881677,0.006208,60,1,1,512,1,1,10,0.000000,0,,,"Tesla K40c (0)","1","7","void kernelPointwiseApply2<TensorAddOp<float>, float, float, unsigned int, int=-2, int=-2>(TensorInfo<TensorAddOp<float>, float>, TensorInfo<float, float>, float, float) [2483]"
3.881687,0.004128,60,1,1,512,1,1,8,0.000000,0,,,"Tesla K40c (0)","1","7","void kernelPointwiseApply1<ThresholdUpdateOutputIP<float>, float, unsigned int, int=-2>(TensorInfo<ThresholdUpdateOutputIP<float>, float>, float, float) [2495]"
3.881694,0.163360,2,5,1,512,1,1,29,0.000000,0,,,"Tesla K40c (0)","1","7","void im2col4d_kernel<float, int>(im2col4d_params, cudnnConvolutionStruct, cudnnTensor4dStruct, float const *, float*, int) [2515]"
3.881860,0.191649,13,2,1,16,16,1,79,8.269531,0,,,"Tesla K40c (0)","1","7","cudnn_convolve_sgemm_sm35_ldg_nn_64x16x64x16x16 [2536]"
3.882055,0.008608,128,1,1,256,1,1,18,0.000000,0,,,"Tesla K40c (0)","1","7","void cudnn::detail::bn_fw_inf_1C11_kernel_new<float, float, bool=1, int=1>(float, cudnn::detail::bn_fw_inf_1C11_kernel_new<float, float, bool=1, int=1>, cudnnTensorStruct, float const *, float, cudnnTensorStruct*, float, cudnn::detail::bn_fw_inf_1C11_kernel_new<float, float, bool=1, int=1> const *, cudnn::detail::bn_fw_inf_1C11_kernel_new<float, float, bool=1, int=1> const , cudnn::detail::bn_fw_inf_1C11_kernel_new<float, float, bool=1, int=1> const , cudnn::detail::bn_fw_inf_1C11_kernel_new<float, float, bool=1, int=1> const , cudnn::detail::bn_fw_inf_1C11_kernel_new<float, float, bool=1, int=1>) [2569]"
3.882066,0.004128,60,1,1,512,1,1,8,0.000000,0,,,"Tesla K40c (0)","1","7","void kernelPointwiseApply1<ThresholdUpdateOutputIP<float>, float, unsigned int, int=-2>(TensorInfo<ThresholdUpdateOutputIP<float>, float>, float, float) [2580]"
3.882074,0.164896,2,5,1,512,1,1,29,0.000000,0,,,"Tesla K40c (0)","1","7","void im2col4d_kernel<float, int>(im2col4d_params, cudnnConvolutionStruct, cudnnTensor4dStruct, float const *, float*, int) [2600]"
3.882242,0.190400,13,2,1,16,16,1,79,8.269531,0,,,"Tesla K40c (0)","1","7","cudnn_convolve_sgemm_sm35_ldg_nn_64x16x64x16x16 [2621]"
3.882435,0.008416,128,1,1,256,1,1,18,0.000000,0,,,"Tesla K40c (0)","1","7","void cudnn::detail::bn_fw_inf_1C11_kernel_new<float, float, bool=1, int=1>(float, cudnn::detail::bn_fw_inf_1C11_kernel_new<float, float, bool=1, int=1>, cudnnTensorStruct, float const *, float, cudnnTensorStruct*, float, cudnn::detail::bn_fw_inf_1C11_kernel_new<float, float, bool=1, int=1> const *, cudnn::detail::bn_fw_inf_1C11_kernel_new<float, float, bool=1, int=1> const , cudnn::detail::bn_fw_inf_1C11_kernel_new<float, float, bool=1, int=1> const , cudnn::detail::bn_fw_inf_1C11_kernel_new<float, float, bool=1, int=1> const , cudnn::detail::bn_fw_inf_1C11_kernel_new<float, float, bool=1, int=1>) [2654]"
3.882446,0.006432,60,1,1,512,1,1,10,0.000000,0,,,"Tesla K40c (0)","1","7","void kernelPointwiseApply2<TensorAddOp<float>, float, float, unsigned int, int=-2, int=-2>(TensorInfo<TensorAddOp<float>, float>, TensorInfo<float, float>, float, float) [2666]"
3.882456,0.004128,60,1,1,512,1,1,8,0.000000,0,,,"Tesla K40c (0)","1","7","void kernelPointwiseApply1<ThresholdUpdateOutputIP<float>, float, unsigned int, int=-2>(TensorInfo<ThresholdUpdateOutputIP<float>, float>, float, float) [2678]"
3.882463,0.214976,7,8,1,8,8,1,104,2.250000,0,,,"Tesla K40c (0)","1","7","void cudnn::detail::implicit_convolve_sgemm<float, int=128, int=5, int=5, int=3, int=3, int=3, int=1, bool=1, bool=0, bool=1>(int, int, int, float const *, int, cudnn::detail::implicit_convolve_sgemm<float, int=128, int=5, int=5, int=3, int=3, int=3, int=1, bool=1, bool=0, bool=1>*, float const *, kernel_conv_params, int, float, float, int, float const *, float const *, int, int) [2709]"
3.882681,0.008896,256,1,1,64,1,1,18,0.000000,0,,,"Tesla K40c (0)","1","7","void cudnn::detail::bn_fw_inf_1C11_kernel_new<float, float, bool=1, int=1>(float, cudnn::detail::bn_fw_inf_1C11_kernel_new<float, float, bool=1, int=1>, cudnnTensorStruct, float const *, float, cudnnTensorStruct*, float, cudnn::detail::bn_fw_inf_1C11_kernel_new<float, float, bool=1, int=1> const *, cudnn::detail::bn_fw_inf_1C11_kernel_new<float, float, bool=1, int=1> const , cudnn::detail::bn_fw_inf_1C11_kernel_new<float, float, bool=1, int=1> const , cudnn::detail::bn_fw_inf_1C11_kernel_new<float, float, bool=1, int=1> const , cudnn::detail::bn_fw_inf_1C11_kernel_new<float, float, bool=1, int=1>) [2741]"
3.882693,0.003840,60,1,1,512,1,1,8,0.000000,0,,,"Tesla K40c (0)","1","7","void kernelPointwiseApply1<ThresholdUpdateOutputIP<float>, float, unsigned int, int=-2>(TensorInfo<ThresholdUpdateOutputIP<float>, float>, float, float) [2752]"
3.882699,0.161056,1,10,1,512,1,1,29,0.000000,0,,,"Tesla K40c (0)","1","7","void im2col4d_kernel<float, int>(im2col4d_params, cudnnConvolutionStruct, cudnnTensor4dStruct, float const *, float*, int) [2772]"
3.882864,0.309344,7,4,1,8,16,1,83,6.269531,0,,,"Tesla K40c (0)","1","7","cudnn_convolve_sgemm_sm35_ldg_nn_32x16x64x8x16 [2793]"
3.883176,0.008192,256,1,1,64,1,1,18,0.000000,0,,,"Tesla K40c (0)","1","7","void cudnn::detail::bn_fw_inf_1C11_kernel_new<float, float, bool=1, int=1>(float, cudnn::detail::bn_fw_inf_1C11_kernel_new<float, float, bool=1, int=1>, cudnnTensorStruct, float const *, float, cudnnTensorStruct*, float, cudnn::detail::bn_fw_inf_1C11_kernel_new<float, float, bool=1, int=1> const *, cudnn::detail::bn_fw_inf_1C11_kernel_new<float, float, bool=1, int=1> const , cudnn::detail::bn_fw_inf_1C11_kernel_new<float, float, bool=1, int=1> const , cudnn::detail::bn_fw_inf_1C11_kernel_new<float, float, bool=1, int=1> const , cudnn::detail::bn_fw_inf_1C11_kernel_new<float, float, bool=1, int=1>) [2826]"
3.883188,0.002592,128,1,1,1,1,1,19,0.000000,0,,,"Tesla K40c (0)","1","7","void kern_precompute_indices<bool=0>(int*, int, int, int, int, int, int) [2846]"
3.883193,0.038400,7,8,1,8,8,1,68,4.519531,0,,,"Tesla K40c (0)","1","7","cudnn_convolve_precomputed_sgemm_sm35_ldg_nn_32x16x32x8x8 [2865]"
3.883234,0.007296,256,1,1,64,1,1,18,0.000000,0,,,"Tesla K40c (0)","1","7","void cudnn::detail::bn_fw_inf_1C11_kernel_new<float, float, bool=1, int=1>(float, cudnn::detail::bn_fw_inf_1C11_kernel_new<float, float, bool=1, int=1>, cudnnTensorStruct, float const *, float, cudnnTensorStruct*, float, cudnn::detail::bn_fw_inf_1C11_kernel_new<float, float, bool=1, int=1> const *, cudnn::detail::bn_fw_inf_1C11_kernel_new<float, float, bool=1, int=1> const , cudnn::detail::bn_fw_inf_1C11_kernel_new<float, float, bool=1, int=1> const , cudnn::detail::bn_fw_inf_1C11_kernel_new<float, float, bool=1, int=1> const , cudnn::detail::bn_fw_inf_1C11_kernel_new<float, float, bool=1, int=1>) [2897]"
3.883245,0.003872,60,1,1,512,1,1,10,0.000000,0,,,"Tesla K40c (0)","1","7","void kernelPointwiseApply2<TensorAddOp<float>, float, float, unsigned int, int=-2, int=-2>(TensorInfo<TensorAddOp<float>, float>, TensorInfo<float, float>, float, float) [2909]"
3.883252,0.003456,60,1,1,512,1,1,8,0.000000,0,,,"Tesla K40c (0)","1","7","void kernelPointwiseApply1<ThresholdUpdateOutputIP<float>, float, unsigned int, int=-2>(TensorInfo<ThresholdUpdateOutputIP<float>, float>, float, float) [2921]"
3.883258,0.160801,1,10,1,512,1,1,29,0.000000,0,,,"Tesla K40c (0)","1","7","void im2col4d_kernel<float, int>(im2col4d_params, cudnnConvolutionStruct, cudnnTensor4dStruct, float const *, float*, int) [2941]"
3.883422,0.308704,7,4,1,8,16,1,83,6.269531,0,,,"Tesla K40c (0)","1","7","cudnn_convolve_sgemm_sm35_ldg_nn_32x16x64x8x16 [2962]"
3.883734,0.008192,256,1,1,64,1,1,18,0.000000,0,,,"Tesla K40c (0)","1","7","void cudnn::detail::bn_fw_inf_1C11_kernel_new<float, float, bool=1, int=1>(float, cudnn::detail::bn_fw_inf_1C11_kernel_new<float, float, bool=1, int=1>, cudnnTensorStruct, float const *, float, cudnnTensorStruct*, float, cudnn::detail::bn_fw_inf_1C11_kernel_new<float, float, bool=1, int=1> const *, cudnn::detail::bn_fw_inf_1C11_kernel_new<float, float, bool=1, int=1> const , cudnn::detail::bn_fw_inf_1C11_kernel_new<float, float, bool=1, int=1> const , cudnn::detail::bn_fw_inf_1C11_kernel_new<float, float, bool=1, int=1> const , cudnn::detail::bn_fw_inf_1C11_kernel_new<float, float, bool=1, int=1>) [2995]"
3.883745,0.003808,60,1,1,512,1,1,8,0.000000,0,,,"Tesla K40c (0)","1","7","void kernelPointwiseApply1<ThresholdUpdateOutputIP<float>, float, unsigned int, int=-2>(TensorInfo<ThresholdUpdateOutputIP<float>, float>, float, float) [3006]"
3.883752,0.160576,1,10,1,512,1,1,29,0.000000,0,,,"Tesla K40c (0)","1","7","void im2col4d_kernel<float, int>(im2col4d_params, cudnnConvolutionStruct, cudnnTensor4dStruct, float const *, float*, int) [3026]"
3.883915,0.309888,7,4,1,8,16,1,83,6.269531,0,,,"Tesla K40c (0)","1","7","cudnn_convolve_sgemm_sm35_ldg_nn_32x16x64x8x16 [3047]"
3.884228,0.008160,256,1,1,64,1,1,18,0.000000,0,,,"Tesla K40c (0)","1","7","void cudnn::detail::bn_fw_inf_1C11_kernel_new<float, float, bool=1, int=1>(float, cudnn::detail::bn_fw_inf_1C11_kernel_new<float, float, bool=1, int=1>, cudnnTensorStruct, float const *, float, cudnnTensorStruct*, float, cudnn::detail::bn_fw_inf_1C11_kernel_new<float, float, bool=1, int=1> const *, cudnn::detail::bn_fw_inf_1C11_kernel_new<float, float, bool=1, int=1> const , cudnn::detail::bn_fw_inf_1C11_kernel_new<float, float, bool=1, int=1> const , cudnn::detail::bn_fw_inf_1C11_kernel_new<float, float, bool=1, int=1> const , cudnn::detail::bn_fw_inf_1C11_kernel_new<float, float, bool=1, int=1>) [3080]"
3.884239,0.004416,60,1,1,512,1,1,10,0.000000,0,,,"Tesla K40c (0)","1","7","void kernelPointwiseApply2<TensorAddOp<float>, float, float, unsigned int, int=-2, int=-2>(TensorInfo<TensorAddOp<float>, float>, TensorInfo<float, float>, float, float) [3092]"
3.884247,0.003392,60,1,1,512,1,1,8,0.000000,0,,,"Tesla K40c (0)","1","7","void kernelPointwiseApply1<ThresholdUpdateOutputIP<float>, float, unsigned int, int=-2>(TensorInfo<ThresholdUpdateOutputIP<float>, float>, float, float) [3104]"
3.884253,0.161184,1,10,1,512,1,1,29,0.000000,0,,,"Tesla K40c (0)","1","7","void im2col4d_kernel<float, int>(im2col4d_params, cudnnConvolutionStruct, cudnnTensor4dStruct, float const *, float*, int) [3124]"
3.884417,0.311521,7,4,1,8,16,1,83,6.269531,0,,,"Tesla K40c (0)","1","7","cudnn_convolve_sgemm_sm35_ldg_nn_32x16x64x8x16 [3145]"
3.884732,0.008256,256,1,1,64,1,1,18,0.000000,0,,,"Tesla K40c (0)","1","7","void cudnn::detail::bn_fw_inf_1C11_kernel_new<float, float, bool=1, int=1>(float, cudnn::detail::bn_fw_inf_1C11_kernel_new<float, float, bool=1, int=1>, cudnnTensorStruct, float const *, float, cudnnTensorStruct*, float, cudnn::detail::bn_fw_inf_1C11_kernel_new<float, float, bool=1, int=1> const *, cudnn::detail::bn_fw_inf_1C11_kernel_new<float, float, bool=1, int=1> const , cudnn::detail::bn_fw_inf_1C11_kernel_new<float, float, bool=1, int=1> const , cudnn::detail::bn_fw_inf_1C11_kernel_new<float, float, bool=1, int=1> const , cudnn::detail::bn_fw_inf_1C11_kernel_new<float, float, bool=1, int=1>) [3178]"
3.884743,0.003872,60,1,1,512,1,1,8,0.000000,0,,,"Tesla K40c (0)","1","7","void kernelPointwiseApply1<ThresholdUpdateOutputIP<float>, float, unsigned int, int=-2>(TensorInfo<ThresholdUpdateOutputIP<float>, float>, float, float) [3189]"
3.884750,0.161248,1,10,1,512,1,1,29,0.000000,0,,,"Tesla K40c (0)","1","7","void im2col4d_kernel<float, int>(im2col4d_params, cudnnConvolutionStruct, cudnnTensor4dStruct, float const *, float*, int) [3209]"
3.884914,0.307808,7,4,1,8,16,1,83,6.269531,0,,,"Tesla K40c (0)","1","7","cudnn_convolve_sgemm_sm35_ldg_nn_32x16x64x8x16 [3230]"
3.885225,0.008160,256,1,1,64,1,1,18,0.000000,0,,,"Tesla K40c (0)","1","7","void cudnn::detail::bn_fw_inf_1C11_kernel_new<float, float, bool=1, int=1>(float, cudnn::detail::bn_fw_inf_1C11_kernel_new<float, float, bool=1, int=1>, cudnnTensorStruct, float const *, float, cudnnTensorStruct*, float, cudnn::detail::bn_fw_inf_1C11_kernel_new<float, float, bool=1, int=1> const *, cudnn::detail::bn_fw_inf_1C11_kernel_new<float, float, bool=1, int=1> const , cudnn::detail::bn_fw_inf_1C11_kernel_new<float, float, bool=1, int=1> const , cudnn::detail::bn_fw_inf_1C11_kernel_new<float, float, bool=1, int=1> const , cudnn::detail::bn_fw_inf_1C11_kernel_new<float, float, bool=1, int=1>) [3263]"
3.885236,0.004640,60,1,1,512,1,1,10,0.000000,0,,,"Tesla K40c (0)","1","7","void kernelPointwiseApply2<TensorAddOp<float>, float, float, unsigned int, int=-2, int=-2>(TensorInfo<TensorAddOp<float>, float>, TensorInfo<float, float>, float, float) [3275]"
3.885243,0.003360,60,1,1,512,1,1,8,0.000000,0,,,"Tesla K40c (0)","1","7","void kernelPointwiseApply1<ThresholdUpdateOutputIP<float>, float, unsigned int, int=-2>(TensorInfo<ThresholdUpdateOutputIP<float>, float>, float, float) [3287]"
3.885250,0.160992,1,10,1,512,1,1,29,0.000000,0,,,"Tesla K40c (0)","1","7","void im2col4d_kernel<float, int>(im2col4d_params, cudnnConvolutionStruct, cudnnTensor4dStruct, float const *, float*, int) [3307]"
3.885414,0.308640,7,4,1,8,16,1,83,6.269531,0,,,"Tesla K40c (0)","1","7","cudnn_convolve_sgemm_sm35_ldg_nn_32x16x64x8x16 [3328]"
3.885725,0.008064,256,1,1,64,1,1,18,0.000000,0,,,"Tesla K40c (0)","1","7","void cudnn::detail::bn_fw_inf_1C11_kernel_new<float, float, bool=1, int=1>(float, cudnn::detail::bn_fw_inf_1C11_kernel_new<float, float, bool=1, int=1>, cudnnTensorStruct, float const *, float, cudnnTensorStruct*, float, cudnn::detail::bn_fw_inf_1C11_kernel_new<float, float, bool=1, int=1> const *, cudnn::detail::bn_fw_inf_1C11_kernel_new<float, float, bool=1, int=1> const , cudnn::detail::bn_fw_inf_1C11_kernel_new<float, float, bool=1, int=1> const , cudnn::detail::bn_fw_inf_1C11_kernel_new<float, float, bool=1, int=1> const , cudnn::detail::bn_fw_inf_1C11_kernel_new<float, float, bool=1, int=1>) [3361]"
3.885737,0.003712,60,1,1,512,1,1,8,0.000000,0,,,"Tesla K40c (0)","1","7","void kernelPointwiseApply1<ThresholdUpdateOutputIP<float>, float, unsigned int, int=-2>(TensorInfo<ThresholdUpdateOutputIP<float>, float>, float, float) [3372]"
3.885743,0.161024,1,10,1,512,1,1,29,0.000000,0,,,"Tesla K40c (0)","1","7","void im2col4d_kernel<float, int>(im2col4d_params, cudnnConvolutionStruct, cudnnTensor4dStruct, float const *, float*, int) [3392]"
3.885907,0.309281,7,4,1,8,16,1,83,6.269531,0,,,"Tesla K40c (0)","1","7","cudnn_convolve_sgemm_sm35_ldg_nn_32x16x64x8x16 [3413]"
3.886220,0.008160,256,1,1,64,1,1,18,0.000000,0,,,"Tesla K40c (0)","1","7","void cudnn::detail::bn_fw_inf_1C11_kernel_new<float, float, bool=1, int=1>(float, cudnn::detail::bn_fw_inf_1C11_kernel_new<float, float, bool=1, int=1>, cudnnTensorStruct, float const *, float, cudnnTensorStruct*, float, cudnn::detail::bn_fw_inf_1C11_kernel_new<float, float, bool=1, int=1> const *, cudnn::detail::bn_fw_inf_1C11_kernel_new<float, float, bool=1, int=1> const , cudnn::detail::bn_fw_inf_1C11_kernel_new<float, float, bool=1, int=1> const , cudnn::detail::bn_fw_inf_1C11_kernel_new<float, float, bool=1, int=1> const , cudnn::detail::bn_fw_inf_1C11_kernel_new<float, float, bool=1, int=1>) [3446]"
3.886231,0.004672,60,1,1,512,1,1,10,0.000000,0,,,"Tesla K40c (0)","1","7","void kernelPointwiseApply2<TensorAddOp<float>, float, float, unsigned int, int=-2, int=-2>(TensorInfo<TensorAddOp<float>, float>, TensorInfo<float, float>, float, float) [3458]"
3.886239,0.003392,60,1,1,512,1,1,8,0.000000,0,,,"Tesla K40c (0)","1","7","void kernelPointwiseApply1<ThresholdUpdateOutputIP<float>, float, unsigned int, int=-2>(TensorInfo<ThresholdUpdateOutputIP<float>, float>, float, float) [3470]"
3.886245,0.160832,1,10,1,512,1,1,29,0.000000,0,,,"Tesla K40c (0)","1","7","void im2col4d_kernel<float, int>(im2col4d_params, cudnnConvolutionStruct, cudnnTensor4dStruct, float const *, float*, int) [3490]"
3.886409,0.310560,7,4,1,8,16,1,83,6.269531,0,,,"Tesla K40c (0)","1","7","cudnn_convolve_sgemm_sm35_ldg_nn_32x16x64x8x16 [3511]"
3.886723,0.008160,256,1,1,64,1,1,18,0.000000,0,,,"Tesla K40c (0)","1","7","void cudnn::detail::bn_fw_inf_1C11_kernel_new<float, float, bool=1, int=1>(float, cudnn::detail::bn_fw_inf_1C11_kernel_new<float, float, bool=1, int=1>, cudnnTensorStruct, float const *, float, cudnnTensorStruct*, float, cudnn::detail::bn_fw_inf_1C11_kernel_new<float, float, bool=1, int=1> const *, cudnn::detail::bn_fw_inf_1C11_kernel_new<float, float, bool=1, int=1> const , cudnn::detail::bn_fw_inf_1C11_kernel_new<float, float, bool=1, int=1> const , cudnn::detail::bn_fw_inf_1C11_kernel_new<float, float, bool=1, int=1> const , cudnn::detail::bn_fw_inf_1C11_kernel_new<float, float, bool=1, int=1>) [3544]"
3.886735,0.003840,60,1,1,512,1,1,8,0.000000,0,,,"Tesla K40c (0)","1","7","void kernelPointwiseApply1<ThresholdUpdateOutputIP<float>, float, unsigned int, int=-2>(TensorInfo<ThresholdUpdateOutputIP<float>, float>, float, float) [3555]"
3.886741,0.161504,1,10,1,512,1,1,29,0.000000,0,,,"Tesla K40c (0)","1","7","void im2col4d_kernel<float, int>(im2col4d_params, cudnnConvolutionStruct, cudnnTensor4dStruct, float const *, float*, int) [3575]"
3.886906,0.308800,7,4,1,8,16,1,83,6.269531,0,,,"Tesla K40c (0)","1","7","cudnn_convolve_sgemm_sm35_ldg_nn_32x16x64x8x16 [3596]"
3.887218,0.008096,256,1,1,64,1,1,18,0.000000,0,,,"Tesla K40c (0)","1","7","void cudnn::detail::bn_fw_inf_1C11_kernel_new<float, float, bool=1, int=1>(float, cudnn::detail::bn_fw_inf_1C11_kernel_new<float, float, bool=1, int=1>, cudnnTensorStruct, float const *, float, cudnnTensorStruct*, float, cudnn::detail::bn_fw_inf_1C11_kernel_new<float, float, bool=1, int=1> const *, cudnn::detail::bn_fw_inf_1C11_kernel_new<float, float, bool=1, int=1> const , cudnn::detail::bn_fw_inf_1C11_kernel_new<float, float, bool=1, int=1> const , cudnn::detail::bn_fw_inf_1C11_kernel_new<float, float, bool=1, int=1> const , cudnn::detail::bn_fw_inf_1C11_kernel_new<float, float, bool=1, int=1>) [3629]"
3.887229,0.004416,60,1,1,512,1,1,10,0.000000,0,,,"Tesla K40c (0)","1","7","void kernelPointwiseApply2<TensorAddOp<float>, float, float, unsigned int, int=-2, int=-2>(TensorInfo<TensorAddOp<float>, float>, TensorInfo<float, float>, float, float) [3641]"
3.887237,0.003456,60,1,1,512,1,1,8,0.000000,0,,,"Tesla K40c (0)","1","7","void kernelPointwiseApply1<ThresholdUpdateOutputIP<float>, float, unsigned int, int=-2>(TensorInfo<ThresholdUpdateOutputIP<float>, float>, float, float) [3653]"
3.887243,0.160417,1,10,1,512,1,1,29,0.000000,0,,,"Tesla K40c (0)","1","7","void im2col4d_kernel<float, int>(im2col4d_params, cudnnConvolutionStruct, cudnnTensor4dStruct, float const *, float*, int) [3673]"
3.887407,0.311040,7,4,1,8,16,1,83,6.269531,0,,,"Tesla K40c (0)","1","7","cudnn_convolve_sgemm_sm35_ldg_nn_32x16x64x8x16 [3694]"
3.887721,0.008256,256,1,1,64,1,1,18,0.000000,0,,,"Tesla K40c (0)","1","7","void cudnn::detail::bn_fw_inf_1C11_kernel_new<float, float, bool=1, int=1>(float, cudnn::detail::bn_fw_inf_1C11_kernel_new<float, float, bool=1, int=1>, cudnnTensorStruct, float const *, float, cudnnTensorStruct*, float, cudnn::detail::bn_fw_inf_1C11_kernel_new<float, float, bool=1, int=1> const *, cudnn::detail::bn_fw_inf_1C11_kernel_new<float, float, bool=1, int=1> const , cudnn::detail::bn_fw_inf_1C11_kernel_new<float, float, bool=1, int=1> const , cudnn::detail::bn_fw_inf_1C11_kernel_new<float, float, bool=1, int=1> const , cudnn::detail::bn_fw_inf_1C11_kernel_new<float, float, bool=1, int=1>) [3727]"
3.887733,0.003712,60,1,1,512,1,1,8,0.000000,0,,,"Tesla K40c (0)","1","7","void kernelPointwiseApply1<ThresholdUpdateOutputIP<float>, float, unsigned int, int=-2>(TensorInfo<ThresholdUpdateOutputIP<float>, float>, float, float) [3738]"
3.887739,0.161216,1,10,1,512,1,1,29,0.000000,0,,,"Tesla K40c (0)","1","7","void im2col4d_kernel<float, int>(im2col4d_params, cudnnConvolutionStruct, cudnnTensor4dStruct, float const *, float*, int) [3758]"
3.887904,0.307552,7,4,1,8,16,1,83,6.269531,0,,,"Tesla K40c (0)","1","7","cudnn_convolve_sgemm_sm35_ldg_nn_32x16x64x8x16 [3779]"
3.888214,0.008192,256,1,1,64,1,1,18,0.000000,0,,,"Tesla K40c (0)","1","7","void cudnn::detail::bn_fw_inf_1C11_kernel_new<float, float, bool=1, int=1>(float, cudnn::detail::bn_fw_inf_1C11_kernel_new<float, float, bool=1, int=1>, cudnnTensorStruct, float const *, float, cudnnTensorStruct*, float, cudnn::detail::bn_fw_inf_1C11_kernel_new<float, float, bool=1, int=1> const *, cudnn::detail::bn_fw_inf_1C11_kernel_new<float, float, bool=1, int=1> const , cudnn::detail::bn_fw_inf_1C11_kernel_new<float, float, bool=1, int=1> const , cudnn::detail::bn_fw_inf_1C11_kernel_new<float, float, bool=1, int=1> const , cudnn::detail::bn_fw_inf_1C11_kernel_new<float, float, bool=1, int=1>) [3812]"
3.888225,0.004512,60,1,1,512,1,1,10,0.000000,0,,,"Tesla K40c (0)","1","7","void kernelPointwiseApply2<TensorAddOp<float>, float, float, unsigned int, int=-2, int=-2>(TensorInfo<TensorAddOp<float>, float>, TensorInfo<float, float>, float, float) [3824]"
3.888232,0.003424,60,1,1,512,1,1,8,0.000000,0,,,"Tesla K40c (0)","1","7","void kernelPointwiseApply1<ThresholdUpdateOutputIP<float>, float, unsigned int, int=-2>(TensorInfo<ThresholdUpdateOutputIP<float>, float>, float, float) [3836]"
3.888239,0.167872,1,10,1,512,1,1,29,0.000000,0,,,"Tesla K40c (0)","1","7","void im2col4d_kernel<float, int>(im2col4d_params, cudnnConvolutionStruct, cudnnTensor4dStruct, float const *, float*, int) [3856]"
3.888410,0.247265,1,8,1,16,16,1,79,8.269531,0,,,"Tesla K40c (0)","1","7","cudnn_convolve_sgemm_sm35_ldg_nn_64x16x64x16x16 [3877]"
3.888660,0.006016,512,1,1,64,1,1,18,0.000000,0,,,"Tesla K40c (0)","1","7","void cudnn::detail::bn_fw_inf_1C11_kernel_new<float, float, bool=1, int=1>(float, cudnn::detail::bn_fw_inf_1C11_kernel_new<float, float, bool=1, int=1>, cudnnTensorStruct, float const *, float, cudnnTensorStruct*, float, cudnn::detail::bn_fw_inf_1C11_kernel_new<float, float, bool=1, int=1> const *, cudnn::detail::bn_fw_inf_1C11_kernel_new<float, float, bool=1, int=1> const , cudnn::detail::bn_fw_inf_1C11_kernel_new<float, float, bool=1, int=1> const , cudnn::detail::bn_fw_inf_1C11_kernel_new<float, float, bool=1, int=1> const , cudnn::detail::bn_fw_inf_1C11_kernel_new<float, float, bool=1, int=1>) [3910]"
3.888669,0.002400,49,1,1,512,1,1,8,0.000000,0,,,"Tesla K40c (0)","1","7","void kernelPointwiseApply1<ThresholdUpdateOutputIP<float>, float, unsigned int, int=-2>(TensorInfo<ThresholdUpdateOutputIP<float>, float>, float, float) [3921]"
3.888675,0.158400,1,19,1,512,1,1,29,0.000000,0,,,"Tesla K40c (0)","1","7","void im2col4d_kernel<float, int>(im2col4d_params, cudnnConvolutionStruct, cudnnTensor4dStruct, float const *, float*, int) [3941]"
3.888836,0.474400,1,8,1,16,16,1,79,8.269531,0,,,"Tesla K40c (0)","1","7","cudnn_convolve_sgemm_sm35_ldg_nn_64x16x64x16x16 [3962]"
3.889313,0.006240,512,1,1,64,1,1,18,0.000000,0,,,"Tesla K40c (0)","1","7","void cudnn::detail::bn_fw_inf_1C11_kernel_new<float, float, bool=1, int=1>(float, cudnn::detail::bn_fw_inf_1C11_kernel_new<float, float, bool=1, int=1>, cudnnTensorStruct, float const *, float, cudnnTensorStruct*, float, cudnn::detail::bn_fw_inf_1C11_kernel_new<float, float, bool=1, int=1> const *, cudnn::detail::bn_fw_inf_1C11_kernel_new<float, float, bool=1, int=1> const , cudnn::detail::bn_fw_inf_1C11_kernel_new<float, float, bool=1, int=1> const , cudnn::detail::bn_fw_inf_1C11_kernel_new<float, float, bool=1, int=1> const , cudnn::detail::bn_fw_inf_1C11_kernel_new<float, float, bool=1, int=1>) [3995]"
3.889323,0.003136,256,1,1,1,1,1,19,0.000000,0,,,"Tesla K40c (0)","1","7","void kern_precompute_indices<bool=0>(int*, int, int, int, int, int, int) [4015]"
3.889330,0.081440,1,4,1,8,32,1,79,12.519531,0,,,"Tesla K40c (0)","1","7","cudnn_convolve_precomputed_sgemm_sm35_ldg_nn_64x16x128x8x32 [4034]"
3.889414,0.005760,512,1,1,64,1,1,18,0.000000,0,,,"Tesla K40c (0)","1","7","void cudnn::detail::bn_fw_inf_1C11_kernel_new<float, float, bool=1, int=1>(float, cudnn::detail::bn_fw_inf_1C11_kernel_new<float, float, bool=1, int=1>, cudnnTensorStruct, float const *, float, cudnnTensorStruct*, float, cudnn::detail::bn_fw_inf_1C11_kernel_new<float, float, bool=1, int=1> const *, cudnn::detail::bn_fw_inf_1C11_kernel_new<float, float, bool=1, int=1> const , cudnn::detail::bn_fw_inf_1C11_kernel_new<float, float, bool=1, int=1> const , cudnn::detail::bn_fw_inf_1C11_kernel_new<float, float, bool=1, int=1> const , cudnn::detail::bn_fw_inf_1C11_kernel_new<float, float, bool=1, int=1>) [4066]"
3.889423,0.002912,49,1,1,512,1,1,10,0.000000,0,,,"Tesla K40c (0)","1","7","void kernelPointwiseApply2<TensorAddOp<float>, float, float, unsigned int, int=-2, int=-2>(TensorInfo<TensorAddOp<float>, float>, TensorInfo<float, float>, float, float) [4078]"
3.889429,0.002432,49,1,1,512,1,1,8,0.000000,0,,,"Tesla K40c (0)","1","7","void kernelPointwiseApply1<ThresholdUpdateOutputIP<float>, float, unsigned int, int=-2>(TensorInfo<ThresholdUpdateOutputIP<float>, float>, float, float) [4090]"
3.889435,0.158208,1,19,1,512,1,1,29,0.000000,0,,,"Tesla K40c (0)","1","7","void im2col4d_kernel<float, int>(im2col4d_params, cudnnConvolutionStruct, cudnnTensor4dStruct, float const *, float*, int) [4110]"
3.889596,0.474113,1,8,1,16,16,1,79,8.269531,0,,,"Tesla K40c (0)","1","7","cudnn_convolve_sgemm_sm35_ldg_nn_64x16x64x16x16 [4131]"
3.890074,0.006016,512,1,1,64,1,1,18,0.000000,0,,,"Tesla K40c (0)","1","7","void cudnn::detail::bn_fw_inf_1C11_kernel_new<float, float, bool=1, int=1>(float, cudnn::detail::bn_fw_inf_1C11_kernel_new<float, float, bool=1, int=1>, cudnnTensorStruct, float const *, float, cudnnTensorStruct*, float, cudnn::detail::bn_fw_inf_1C11_kernel_new<float, float, bool=1, int=1> const *, cudnn::detail::bn_fw_inf_1C11_kernel_new<float, float, bool=1, int=1> const , cudnn::detail::bn_fw_inf_1C11_kernel_new<float, float, bool=1, int=1> const , cudnn::detail::bn_fw_inf_1C11_kernel_new<float, float, bool=1, int=1> const , cudnn::detail::bn_fw_inf_1C11_kernel_new<float, float, bool=1, int=1>) [4164]"
3.890083,0.002592,49,1,1,512,1,1,8,0.000000,0,,,"Tesla K40c (0)","1","7","void kernelPointwiseApply1<ThresholdUpdateOutputIP<float>, float, unsigned int, int=-2>(TensorInfo<ThresholdUpdateOutputIP<float>, float>, float, float) [4175]"
3.890088,0.158464,1,19,1,512,1,1,29,0.000000,0,,,"Tesla K40c (0)","1","7","void im2col4d_kernel<float, int>(im2col4d_params, cudnnConvolutionStruct, cudnnTensor4dStruct, float const *, float*, int) [4195]"
3.890249,0.474560,1,8,1,16,16,1,79,8.269531,0,,,"Tesla K40c (0)","1","7","cudnn_convolve_sgemm_sm35_ldg_nn_64x16x64x16x16 [4216]"
3.890727,0.005984,512,1,1,64,1,1,18,0.000000,0,,,"Tesla K40c (0)","1","7","void cudnn::detail::bn_fw_inf_1C11_kernel_new<float, float, bool=1, int=1>(float, cudnn::detail::bn_fw_inf_1C11_kernel_new<float, float, bool=1, int=1>, cudnnTensorStruct, float const *, float, cudnnTensorStruct*, float, cudnn::detail::bn_fw_inf_1C11_kernel_new<float, float, bool=1, int=1> const *, cudnn::detail::bn_fw_inf_1C11_kernel_new<float, float, bool=1, int=1> const , cudnn::detail::bn_fw_inf_1C11_kernel_new<float, float, bool=1, int=1> const , cudnn::detail::bn_fw_inf_1C11_kernel_new<float, float, bool=1, int=1> const , cudnn::detail::bn_fw_inf_1C11_kernel_new<float, float, bool=1, int=1>) [4249]"
3.890736,0.002816,49,1,1,512,1,1,10,0.000000,0,,,"Tesla K40c (0)","1","7","void kernelPointwiseApply2<TensorAddOp<float>, float, float, unsigned int, int=-2, int=-2>(TensorInfo<TensorAddOp<float>, float>, TensorInfo<float, float>, float, float) [4261]"
3.890742,0.002368,49,1,1,512,1,1,8,0.000000,0,,,"Tesla K40c (0)","1","7","void kernelPointwiseApply1<ThresholdUpdateOutputIP<float>, float, unsigned int, int=-2>(TensorInfo<ThresholdUpdateOutputIP<float>, float>, float, float) [4273]"
3.890748,0.158464,1,19,1,512,1,1,29,0.000000,0,,,"Tesla K40c (0)","1","7","void im2col4d_kernel<float, int>(im2col4d_params, cudnnConvolutionStruct, cudnnTensor4dStruct, float const *, float*, int) [4293]"
3.890910,0.474241,1,8,1,16,16,1,79,8.269531,0,,,"Tesla K40c (0)","1","7","cudnn_convolve_sgemm_sm35_ldg_nn_64x16x64x16x16 [4314]"
3.891387,0.006016,512,1,1,64,1,1,18,0.000000,0,,,"Tesla K40c (0)","1","7","void cudnn::detail::bn_fw_inf_1C11_kernel_new<float, float, bool=1, int=1>(float, cudnn::detail::bn_fw_inf_1C11_kernel_new<float, float, bool=1, int=1>, cudnnTensorStruct, float const *, float, cudnnTensorStruct*, float, cudnn::detail::bn_fw_inf_1C11_kernel_new<float, float, bool=1, int=1> const *, cudnn::detail::bn_fw_inf_1C11_kernel_new<float, float, bool=1, int=1> const , cudnn::detail::bn_fw_inf_1C11_kernel_new<float, float, bool=1, int=1> const , cudnn::detail::bn_fw_inf_1C11_kernel_new<float, float, bool=1, int=1> const , cudnn::detail::bn_fw_inf_1C11_kernel_new<float, float, bool=1, int=1>) [4347]"
3.891396,0.002432,49,1,1,512,1,1,8,0.000000,0,,,"Tesla K40c (0)","1","7","void kernelPointwiseApply1<ThresholdUpdateOutputIP<float>, float, unsigned int, int=-2>(TensorInfo<ThresholdUpdateOutputIP<float>, float>, float, float) [4358]"
3.891402,0.158656,1,19,1,512,1,1,29,0.000000,0,,,"Tesla K40c (0)","1","7","void im2col4d_kernel<float, int>(im2col4d_params, cudnnConvolutionStruct, cudnnTensor4dStruct, float const *, float*, int) [4378]"
3.891564,0.473504,1,8,1,16,16,1,79,8.269531,0,,,"Tesla K40c (0)","1","7","cudnn_convolve_sgemm_sm35_ldg_nn_64x16x64x16x16 [4399]"
3.892040,0.006048,512,1,1,64,1,1,18,0.000000,0,,,"Tesla K40c (0)","1","7","void cudnn::detail::bn_fw_inf_1C11_kernel_new<float, float, bool=1, int=1>(float, cudnn::detail::bn_fw_inf_1C11_kernel_new<float, float, bool=1, int=1>, cudnnTensorStruct, float const *, float, cudnnTensorStruct*, float, cudnn::detail::bn_fw_inf_1C11_kernel_new<float, float, bool=1, int=1> const *, cudnn::detail::bn_fw_inf_1C11_kernel_new<float, float, bool=1, int=1> const , cudnn::detail::bn_fw_inf_1C11_kernel_new<float, float, bool=1, int=1> const , cudnn::detail::bn_fw_inf_1C11_kernel_new<float, float, bool=1, int=1> const , cudnn::detail::bn_fw_inf_1C11_kernel_new<float, float, bool=1, int=1>) [4432]"
3.892049,0.002816,49,1,1,512,1,1,10,0.000000,0,,,"Tesla K40c (0)","1","7","void kernelPointwiseApply2<TensorAddOp<float>, float, float, unsigned int, int=-2, int=-2>(TensorInfo<TensorAddOp<float>, float>, TensorInfo<float, float>, float, float) [4444]"
3.892055,0.002368,49,1,1,512,1,1,8,0.000000,0,,,"Tesla K40c (0)","1","7","void kernelPointwiseApply1<ThresholdUpdateOutputIP<float>, float, unsigned int, int=-2>(TensorInfo<ThresholdUpdateOutputIP<float>, float>, float, float) [4456]"
3.892061,0.074624,1,1,1,1024,1,1,32,0.000000,0,,,"Tesla K40c (0)","1","7","void AvePoolForward<float, float, bool=1>(int, float const *, int, int, int, int, int, int, int, int, int, int, int, int, float*) [4484]"
3.892139,0.002272,,,,,,,,,,0.003815,1.639652,"Tesla K40c (0)","1","7","[CUDA memcpy DtoD]"
4.040140,0.001184,,,,,,,,,,0.000107,0.088098,"Tesla K40c (0)","1","7","[CUDA memcpy HtoD]"
4.040202,0.018656,125,1,1,128,1,1,31,1.500000,0,,,"Tesla K40c (0)","1","7","void gemv2T_kernel_val<float, float, float, int=128, int=16, int=2, int=4, bool=0>(int, int, float, float const *, int, float const *, int, float, float*, int) [4642]"
