==12487== NVPROF is profiling process 12487, command: python resnet.py resnet34
==12487== Some kernel(s) will be replayed on device 0 in order to collect all events/metrics.
==12487== Profiling application: python resnet.py resnet34
==12487== Profiling result:
"Device","Context","Stream","Kernel","dram_write_transactions","dram_read_transactions"
,,,,,
"Tesla K40c (0)","1","7","void im2col4d_kernel<float, int>(im2col4d_params, cudnnConvolutionStruct, cudnnTensor4dStruct, float const *, float*, int)",230496,18882
"Tesla K40c (0)","1","7","cudnn_convolve_sgemm_sm35_ldg_nn_64x16x64x16x16",100352,232196
"Tesla K40c (0)","1","7","void cudnn::detail::bn_fw_inf_1C11_kernel_new<float, float, bool=1, int=1>(float, cudnn::detail::bn_fw_inf_1C11_kernel_new<float, float, bool=1, int=1>, cudnnTensorStruct, float const *, float, cudnnTensorStruct*, float, cudnn::detail::bn_fw_inf_1C11_kernel_new<float, float, bool=1, int=1> const *, cudnn::detail::bn_fw_inf_1C11_kernel_new<float, float, bool=1, int=1> const , cudnn::detail::bn_fw_inf_1C11_kernel_new<float, float, bool=1, int=1> const , cudnn::detail::bn_fw_inf_1C11_kernel_new<float, float, bool=1, int=1> const , cudnn::detail::bn_fw_inf_1C11_kernel_new<float, float, bool=1, int=1>)",100354,100425
"Tesla K40c (0)","1","7","void kernelPointwiseApply1<ThresholdUpdateOutputIP<float>, float, unsigned int, int=-2>(TensorInfo<ThresholdUpdateOutputIP<float>, float>, float, float)",100353,100380
"Tesla K40c (0)","1","7","void MaxPoolForward<float, float>(int, float const *, int, int, int, int, int, int, int, int, int, int, int, int, int, int, float*, long*)",75266,100434
"Tesla K40c (0)","1","7","void cudnn::detail::implicit_convolve_sgemm<float, int=1024, int=5, int=5, int=3, int=3, int=3, int=1, bool=1, bool=0, bool=1>(int, int, int, float const *, int, cudnn::detail::implicit_convolve_sgemm<float, int=1024, int=5, int=5, int=3, int=3, int=3, int=1, bool=1, bool=0, bool=1>*, float const *, kernel_conv_params, int, float, float, int, float const *, float const *, int, int)",99628,30154
"Tesla K40c (0)","1","7","void cudnn::detail::bn_fw_inf_1C11_kernel_new<float, float, bool=1, int=1>(float, cudnn::detail::bn_fw_inf_1C11_kernel_new<float, float, bool=1, int=1>, cudnnTensorStruct, float const *, float, cudnnTensorStruct*, float, cudnn::detail::bn_fw_inf_1C11_kernel_new<float, float, bool=1, int=1> const *, cudnn::detail::bn_fw_inf_1C11_kernel_new<float, float, bool=1, int=1> const , cudnn::detail::bn_fw_inf_1C11_kernel_new<float, float, bool=1, int=1> const , cudnn::detail::bn_fw_inf_1C11_kernel_new<float, float, bool=1, int=1> const , cudnn::detail::bn_fw_inf_1C11_kernel_new<float, float, bool=1, int=1>)",25089,25157
"Tesla K40c (0)","1","7","void kernelPointwiseApply1<ThresholdUpdateOutputIP<float>, float, unsigned int, int=-2>(TensorInfo<ThresholdUpdateOutputIP<float>, float>, float, float)",25088,25116
"Tesla K40c (0)","1","7","void cudnn::detail::implicit_convolve_sgemm<float, int=1024, int=5, int=5, int=3, int=3, int=3, int=1, bool=1, bool=0, bool=1>(int, int, int, float const *, int, cudnn::detail::implicit_convolve_sgemm<float, int=1024, int=5, int=5, int=3, int=3, int=3, int=1, bool=1, bool=0, bool=1>*, float const *, kernel_conv_params, int, float, float, int, float const *, float const *, int, int)",99760,30203
"Tesla K40c (0)","1","7","void cudnn::detail::bn_fw_inf_1C11_kernel_new<float, float, bool=1, int=1>(float, cudnn::detail::bn_fw_inf_1C11_kernel_new<float, float, bool=1, int=1>, cudnnTensorStruct, float const *, float, cudnnTensorStruct*, float, cudnn::detail::bn_fw_inf_1C11_kernel_new<float, float, bool=1, int=1> const *, cudnn::detail::bn_fw_inf_1C11_kernel_new<float, float, bool=1, int=1> const , cudnn::detail::bn_fw_inf_1C11_kernel_new<float, float, bool=1, int=1> const , cudnn::detail::bn_fw_inf_1C11_kernel_new<float, float, bool=1, int=1> const , cudnn::detail::bn_fw_inf_1C11_kernel_new<float, float, bool=1, int=1>)",25089,25141
"Tesla K40c (0)","1","7","void kernelPointwiseApply2<TensorAddOp<float>, float, float, unsigned int, int=-2, int=-2>(TensorInfo<TensorAddOp<float>, float>, TensorInfo<float, float>, float, float)",25088,50186
"Tesla K40c (0)","1","7","void kernelPointwiseApply1<ThresholdUpdateOutputIP<float>, float, unsigned int, int=-2>(TensorInfo<ThresholdUpdateOutputIP<float>, float>, float, float)",25088,25108
"Tesla K40c (0)","1","7","void cudnn::detail::implicit_convolve_sgemm<float, int=1024, int=5, int=5, int=3, int=3, int=3, int=1, bool=1, bool=0, bool=1>(int, int, int, float const *, int, cudnn::detail::implicit_convolve_sgemm<float, int=1024, int=5, int=5, int=3, int=3, int=3, int=1, bool=1, bool=0, bool=1>*, float const *, kernel_conv_params, int, float, float, int, float const *, float const *, int, int)",99505,30075
"Tesla K40c (0)","1","7","void cudnn::detail::bn_fw_inf_1C11_kernel_new<float, float, bool=1, int=1>(float, cudnn::detail::bn_fw_inf_1C11_kernel_new<float, float, bool=1, int=1>, cudnnTensorStruct, float const *, float, cudnnTensorStruct*, float, cudnn::detail::bn_fw_inf_1C11_kernel_new<float, float, bool=1, int=1> const *, cudnn::detail::bn_fw_inf_1C11_kernel_new<float, float, bool=1, int=1> const , cudnn::detail::bn_fw_inf_1C11_kernel_new<float, float, bool=1, int=1> const , cudnn::detail::bn_fw_inf_1C11_kernel_new<float, float, bool=1, int=1> const , cudnn::detail::bn_fw_inf_1C11_kernel_new<float, float, bool=1, int=1>)",25089,25141
"Tesla K40c (0)","1","7","void kernelPointwiseApply1<ThresholdUpdateOutputIP<float>, float, unsigned int, int=-2>(TensorInfo<ThresholdUpdateOutputIP<float>, float>, float, float)",25090,25109
"Tesla K40c (0)","1","7","void cudnn::detail::implicit_convolve_sgemm<float, int=1024, int=5, int=5, int=3, int=3, int=3, int=1, bool=1, bool=0, bool=1>(int, int, int, float const *, int, cudnn::detail::implicit_convolve_sgemm<float, int=1024, int=5, int=5, int=3, int=3, int=3, int=1, bool=1, bool=0, bool=1>*, float const *, kernel_conv_params, int, float, float, int, float const *, float const *, int, int)",99595,30091
"Tesla K40c (0)","1","7","void cudnn::detail::bn_fw_inf_1C11_kernel_new<float, float, bool=1, int=1>(float, cudnn::detail::bn_fw_inf_1C11_kernel_new<float, float, bool=1, int=1>, cudnnTensorStruct, float const *, float, cudnnTensorStruct*, float, cudnn::detail::bn_fw_inf_1C11_kernel_new<float, float, bool=1, int=1> const *, cudnn::detail::bn_fw_inf_1C11_kernel_new<float, float, bool=1, int=1> const , cudnn::detail::bn_fw_inf_1C11_kernel_new<float, float, bool=1, int=1> const , cudnn::detail::bn_fw_inf_1C11_kernel_new<float, float, bool=1, int=1> const , cudnn::detail::bn_fw_inf_1C11_kernel_new<float, float, bool=1, int=1>)",25089,25157
"Tesla K40c (0)","1","7","void kernelPointwiseApply2<TensorAddOp<float>, float, float, unsigned int, int=-2, int=-2>(TensorInfo<TensorAddOp<float>, float>, TensorInfo<float, float>, float, float)",25089,50235
"Tesla K40c (0)","1","7","void kernelPointwiseApply1<ThresholdUpdateOutputIP<float>, float, unsigned int, int=-2>(TensorInfo<ThresholdUpdateOutputIP<float>, float>, float, float)",25090,25108
"Tesla K40c (0)","1","7","void cudnn::detail::implicit_convolve_sgemm<float, int=1024, int=5, int=5, int=3, int=3, int=3, int=1, bool=1, bool=0, bool=1>(int, int, int, float const *, int, cudnn::detail::implicit_convolve_sgemm<float, int=1024, int=5, int=5, int=3, int=3, int=3, int=1, bool=1, bool=0, bool=1>*, float const *, kernel_conv_params, int, float, float, int, float const *, float const *, int, int)",99879,30075
"Tesla K40c (0)","1","7","void cudnn::detail::bn_fw_inf_1C11_kernel_new<float, float, bool=1, int=1>(float, cudnn::detail::bn_fw_inf_1C11_kernel_new<float, float, bool=1, int=1>, cudnnTensorStruct, float const *, float, cudnnTensorStruct*, float, cudnn::detail::bn_fw_inf_1C11_kernel_new<float, float, bool=1, int=1> const *, cudnn::detail::bn_fw_inf_1C11_kernel_new<float, float, bool=1, int=1> const , cudnn::detail::bn_fw_inf_1C11_kernel_new<float, float, bool=1, int=1> const , cudnn::detail::bn_fw_inf_1C11_kernel_new<float, float, bool=1, int=1> const , cudnn::detail::bn_fw_inf_1C11_kernel_new<float, float, bool=1, int=1>)",25089,25157
"Tesla K40c (0)","1","7","void kernelPointwiseApply1<ThresholdUpdateOutputIP<float>, float, unsigned int, int=-2>(TensorInfo<ThresholdUpdateOutputIP<float>, float>, float, float)",25090,25109
"Tesla K40c (0)","1","7","void cudnn::detail::implicit_convolve_sgemm<float, int=1024, int=5, int=5, int=3, int=3, int=3, int=1, bool=1, bool=0, bool=1>(int, int, int, float const *, int, cudnn::detail::implicit_convolve_sgemm<float, int=1024, int=5, int=5, int=3, int=3, int=3, int=1, bool=1, bool=0, bool=1>*, float const *, kernel_conv_params, int, float, float, int, float const *, float const *, int, int)",99592,30075
"Tesla K40c (0)","1","7","void cudnn::detail::bn_fw_inf_1C11_kernel_new<float, float, bool=1, int=1>(float, cudnn::detail::bn_fw_inf_1C11_kernel_new<float, float, bool=1, int=1>, cudnnTensorStruct, float const *, float, cudnnTensorStruct*, float, cudnn::detail::bn_fw_inf_1C11_kernel_new<float, float, bool=1, int=1> const *, cudnn::detail::bn_fw_inf_1C11_kernel_new<float, float, bool=1, int=1> const , cudnn::detail::bn_fw_inf_1C11_kernel_new<float, float, bool=1, int=1> const , cudnn::detail::bn_fw_inf_1C11_kernel_new<float, float, bool=1, int=1> const , cudnn::detail::bn_fw_inf_1C11_kernel_new<float, float, bool=1, int=1>)",25090,25137
"Tesla K40c (0)","1","7","void kernelPointwiseApply2<TensorAddOp<float>, float, float, unsigned int, int=-2, int=-2>(TensorInfo<TensorAddOp<float>, float>, TensorInfo<float, float>, float, float)",25089,50195
"Tesla K40c (0)","1","7","void kernelPointwiseApply1<ThresholdUpdateOutputIP<float>, float, unsigned int, int=-2>(TensorInfo<ThresholdUpdateOutputIP<float>, float>, float, float)",25090,25116
"Tesla K40c (0)","1","7","void kern_precompute_indices<bool=0>(int*, int, int, int, int, int, int)",86,30
"Tesla K40c (0)","1","7","cudnn_convolve_precomputed_sgemm_sm35_ldg_nn_32x16x32x8x8",52411,34376
"Tesla K40c (0)","1","13","void cudnn::detail::implicit_convolve_sgemm<float, int=128, int=5, int=5, int=3, int=3, int=3, int=1, bool=1, bool=0, bool=1>(int, int, int, float const *, int, cudnn::detail::implicit_convolve_sgemm<float, int=128, int=5, int=5, int=3, int=3, int=3, int=1, bool=1, bool=0, bool=1>*, float const *, kernel_conv_params, int, float, float, int, float const *, float const *, int, int)",2048,10498
"Tesla K40c (0)","1","15","void cudnn::detail::implicit_convolve_sgemm<float, int=128, int=5, int=5, int=3, int=3, int=3, int=1, bool=1, bool=0, bool=1>(int, int, int, float const *, int, cudnn::detail::implicit_convolve_sgemm<float, int=128, int=5, int=5, int=3, int=3, int=3, int=1, bool=1, bool=0, bool=1>*, float const *, kernel_conv_params, int, float, float, int, float const *, float const *, int, int)",3457,13122
"Tesla K40c (0)","1","7","void cudnn::detail::bn_fw_inf_1C11_kernel_new<float, float, bool=1, int=1>(float, cudnn::detail::bn_fw_inf_1C11_kernel_new<float, float, bool=1, int=1>, cudnnTensorStruct, float const *, float, cudnnTensorStruct*, float, cudnn::detail::bn_fw_inf_1C11_kernel_new<float, float, bool=1, int=1> const *, cudnn::detail::bn_fw_inf_1C11_kernel_new<float, float, bool=1, int=1> const , cudnn::detail::bn_fw_inf_1C11_kernel_new<float, float, bool=1, int=1> const , cudnn::detail::bn_fw_inf_1C11_kernel_new<float, float, bool=1, int=1> const , cudnn::detail::bn_fw_inf_1C11_kernel_new<float, float, bool=1, int=1>)",12544,12645
"Tesla K40c (0)","1","7","void kernelPointwiseApply1<ThresholdUpdateOutputIP<float>, float, unsigned int, int=-2>(TensorInfo<ThresholdUpdateOutputIP<float>, float>, float, float)",12545,12565
"Tesla K40c (0)","1","7","void im2col4d_kernel<float, int>(im2col4d_params, cudnnConvolutionStruct, cudnnTensor4dStruct, float const *, float*, int)",112897,12591
"Tesla K40c (0)","1","7","cudnn_convolve_sgemm_sm35_ldg_nn_64x16x64x16x16",12546,137321
"Tesla K40c (0)","1","7","void cudnn::detail::bn_fw_inf_1C11_kernel_new<float, float, bool=1, int=1>(float, cudnn::detail::bn_fw_inf_1C11_kernel_new<float, float, bool=1, int=1>, cudnnTensorStruct, float const *, float, cudnnTensorStruct*, float, cudnn::detail::bn_fw_inf_1C11_kernel_new<float, float, bool=1, int=1> const *, cudnn::detail::bn_fw_inf_1C11_kernel_new<float, float, bool=1, int=1> const , cudnn::detail::bn_fw_inf_1C11_kernel_new<float, float, bool=1, int=1> const , cudnn::detail::bn_fw_inf_1C11_kernel_new<float, float, bool=1, int=1> const , cudnn::detail::bn_fw_inf_1C11_kernel_new<float, float, bool=1, int=1>)",12546,12645
"Tesla K40c (0)","1","7","void kern_precompute_indices<bool=0>(int*, int, int, int, int, int, int)",16,39
"Tesla K40c (0)","1","7","void cudnn::detail::precomputed_convolve_sgemm<float, int=128, int=5, int=5, int=3, int=3, int=3, int=1, bool=1>(int, int, int, float const *, int, cudnn::detail::precomputed_convolve_sgemm<float, int=128, int=5, int=5, int=3, int=3, int=3, int=1, bool=1>*, float const *, kernel_conv_params, int, float, float, int, float const *, float const *, int*)",50102,13995
"Tesla K40c (0)","1","7","void cudnn::detail::bn_fw_inf_1C11_kernel_new<float, float, bool=1, int=1>(float, cudnn::detail::bn_fw_inf_1C11_kernel_new<float, float, bool=1, int=1>, cudnnTensorStruct, float const *, float, cudnnTensorStruct*, float, cudnn::detail::bn_fw_inf_1C11_kernel_new<float, float, bool=1, int=1> const *, cudnn::detail::bn_fw_inf_1C11_kernel_new<float, float, bool=1, int=1> const , cudnn::detail::bn_fw_inf_1C11_kernel_new<float, float, bool=1, int=1> const , cudnn::detail::bn_fw_inf_1C11_kernel_new<float, float, bool=1, int=1> const , cudnn::detail::bn_fw_inf_1C11_kernel_new<float, float, bool=1, int=1>)",12544,12625
"Tesla K40c (0)","1","7","void kernelPointwiseApply2<TensorAddOp<float>, float, float, unsigned int, int=-2, int=-2>(TensorInfo<TensorAddOp<float>, float>, TensorInfo<float, float>, float, float)",12545,25103
"Tesla K40c (0)","1","7","void kernelPointwiseApply1<ThresholdUpdateOutputIP<float>, float, unsigned int, int=-2>(TensorInfo<ThresholdUpdateOutputIP<float>, float>, float, float)",12545,12564
"Tesla K40c (0)","1","7","void im2col4d_kernel<float, int>(im2col4d_params, cudnnConvolutionStruct, cudnnTensor4dStruct, float const *, float*, int)",112898,12582
"Tesla K40c (0)","1","7","cudnn_convolve_sgemm_sm35_ldg_nn_64x16x64x16x16",12544,137533
"Tesla K40c (0)","1","7","void cudnn::detail::bn_fw_inf_1C11_kernel_new<float, float, bool=1, int=1>(float, cudnn::detail::bn_fw_inf_1C11_kernel_new<float, float, bool=1, int=1>, cudnnTensorStruct, float const *, float, cudnnTensorStruct*, float, cudnn::detail::bn_fw_inf_1C11_kernel_new<float, float, bool=1, int=1> const *, cudnn::detail::bn_fw_inf_1C11_kernel_new<float, float, bool=1, int=1> const , cudnn::detail::bn_fw_inf_1C11_kernel_new<float, float, bool=1, int=1> const , cudnn::detail::bn_fw_inf_1C11_kernel_new<float, float, bool=1, int=1> const , cudnn::detail::bn_fw_inf_1C11_kernel_new<float, float, bool=1, int=1>)",12545,12629
"Tesla K40c (0)","1","7","void kernelPointwiseApply1<ThresholdUpdateOutputIP<float>, float, unsigned int, int=-2>(TensorInfo<ThresholdUpdateOutputIP<float>, float>, float, float)",12546,12565
"Tesla K40c (0)","1","7","void im2col4d_kernel<float, int>(im2col4d_params, cudnnConvolutionStruct, cudnnTensor4dStruct, float const *, float*, int)",112897,12582
"Tesla K40c (0)","1","7","cudnn_convolve_sgemm_sm35_ldg_nn_64x16x64x16x16",12545,138723
"Tesla K40c (0)","1","7","void cudnn::detail::bn_fw_inf_1C11_kernel_new<float, float, bool=1, int=1>(float, cudnn::detail::bn_fw_inf_1C11_kernel_new<float, float, bool=1, int=1>, cudnnTensorStruct, float const *, float, cudnnTensorStruct*, float, cudnn::detail::bn_fw_inf_1C11_kernel_new<float, float, bool=1, int=1> const *, cudnn::detail::bn_fw_inf_1C11_kernel_new<float, float, bool=1, int=1> const , cudnn::detail::bn_fw_inf_1C11_kernel_new<float, float, bool=1, int=1> const , cudnn::detail::bn_fw_inf_1C11_kernel_new<float, float, bool=1, int=1> const , cudnn::detail::bn_fw_inf_1C11_kernel_new<float, float, bool=1, int=1>)",12544,12645
"Tesla K40c (0)","1","7","void kernelPointwiseApply2<TensorAddOp<float>, float, float, unsigned int, int=-2, int=-2>(TensorInfo<TensorAddOp<float>, float>, TensorInfo<float, float>, float, float)",12545,25107
"Tesla K40c (0)","1","7","void kernelPointwiseApply1<ThresholdUpdateOutputIP<float>, float, unsigned int, int=-2>(TensorInfo<ThresholdUpdateOutputIP<float>, float>, float, float)",12545,12564
"Tesla K40c (0)","1","7","void im2col4d_kernel<float, int>(im2col4d_params, cudnnConvolutionStruct, cudnnTensor4dStruct, float const *, float*, int)",112897,12711
"Tesla K40c (0)","1","7","cudnn_convolve_sgemm_sm35_ldg_nn_64x16x64x16x16",12544,136687
"Tesla K40c (0)","1","7","void cudnn::detail::bn_fw_inf_1C11_kernel_new<float, float, bool=1, int=1>(float, cudnn::detail::bn_fw_inf_1C11_kernel_new<float, float, bool=1, int=1>, cudnnTensorStruct, float const *, float, cudnnTensorStruct*, float, cudnn::detail::bn_fw_inf_1C11_kernel_new<float, float, bool=1, int=1> const *, cudnn::detail::bn_fw_inf_1C11_kernel_new<float, float, bool=1, int=1> const , cudnn::detail::bn_fw_inf_1C11_kernel_new<float, float, bool=1, int=1> const , cudnn::detail::bn_fw_inf_1C11_kernel_new<float, float, bool=1, int=1> const , cudnn::detail::bn_fw_inf_1C11_kernel_new<float, float, bool=1, int=1>)",12546,12645
"Tesla K40c (0)","1","7","void kernelPointwiseApply1<ThresholdUpdateOutputIP<float>, float, unsigned int, int=-2>(TensorInfo<ThresholdUpdateOutputIP<float>, float>, float, float)",12546,12565
"Tesla K40c (0)","1","7","void im2col4d_kernel<float, int>(im2col4d_params, cudnnConvolutionStruct, cudnnTensor4dStruct, float const *, float*, int)",112897,12591
"Tesla K40c (0)","1","7","cudnn_convolve_sgemm_sm35_ldg_nn_64x16x64x16x16",12545,138001
"Tesla K40c (0)","1","7","void cudnn::detail::bn_fw_inf_1C11_kernel_new<float, float, bool=1, int=1>(float, cudnn::detail::bn_fw_inf_1C11_kernel_new<float, float, bool=1, int=1>, cudnnTensorStruct, float const *, float, cudnnTensorStruct*, float, cudnn::detail::bn_fw_inf_1C11_kernel_new<float, float, bool=1, int=1> const *, cudnn::detail::bn_fw_inf_1C11_kernel_new<float, float, bool=1, int=1> const , cudnn::detail::bn_fw_inf_1C11_kernel_new<float, float, bool=1, int=1> const , cudnn::detail::bn_fw_inf_1C11_kernel_new<float, float, bool=1, int=1> const , cudnn::detail::bn_fw_inf_1C11_kernel_new<float, float, bool=1, int=1>)",12544,12645
"Tesla K40c (0)","1","7","void kernelPointwiseApply2<TensorAddOp<float>, float, float, unsigned int, int=-2, int=-2>(TensorInfo<TensorAddOp<float>, float>, TensorInfo<float, float>, float, float)",12544,25107
"Tesla K40c (0)","1","7","void kernelPointwiseApply1<ThresholdUpdateOutputIP<float>, float, unsigned int, int=-2>(TensorInfo<ThresholdUpdateOutputIP<float>, float>, float, float)",12545,12564
"Tesla K40c (0)","1","7","void im2col4d_kernel<float, int>(im2col4d_params, cudnnConvolutionStruct, cudnnTensor4dStruct, float const *, float*, int)",112897,12623
"Tesla K40c (0)","1","7","cudnn_convolve_sgemm_sm35_ldg_nn_64x16x64x16x16",12546,138923
"Tesla K40c (0)","1","7","void cudnn::detail::bn_fw_inf_1C11_kernel_new<float, float, bool=1, int=1>(float, cudnn::detail::bn_fw_inf_1C11_kernel_new<float, float, bool=1, int=1>, cudnnTensorStruct, float const *, float, cudnnTensorStruct*, float, cudnn::detail::bn_fw_inf_1C11_kernel_new<float, float, bool=1, int=1> const *, cudnn::detail::bn_fw_inf_1C11_kernel_new<float, float, bool=1, int=1> const , cudnn::detail::bn_fw_inf_1C11_kernel_new<float, float, bool=1, int=1> const , cudnn::detail::bn_fw_inf_1C11_kernel_new<float, float, bool=1, int=1> const , cudnn::detail::bn_fw_inf_1C11_kernel_new<float, float, bool=1, int=1>)",12544,12645
"Tesla K40c (0)","1","7","void kernelPointwiseApply1<ThresholdUpdateOutputIP<float>, float, unsigned int, int=-2>(TensorInfo<ThresholdUpdateOutputIP<float>, float>, float, float)",12546,12581
"Tesla K40c (0)","1","7","void im2col4d_kernel<float, int>(im2col4d_params, cudnnConvolutionStruct, cudnnTensor4dStruct, float const *, float*, int)",112897,12582
"Tesla K40c (0)","1","7","cudnn_convolve_sgemm_sm35_ldg_nn_64x16x64x16x16",12545,137355
"Tesla K40c (0)","1","7","void cudnn::detail::bn_fw_inf_1C11_kernel_new<float, float, bool=1, int=1>(float, cudnn::detail::bn_fw_inf_1C11_kernel_new<float, float, bool=1, int=1>, cudnnTensorStruct, float const *, float, cudnnTensorStruct*, float, cudnn::detail::bn_fw_inf_1C11_kernel_new<float, float, bool=1, int=1> const *, cudnn::detail::bn_fw_inf_1C11_kernel_new<float, float, bool=1, int=1> const , cudnn::detail::bn_fw_inf_1C11_kernel_new<float, float, bool=1, int=1> const , cudnn::detail::bn_fw_inf_1C11_kernel_new<float, float, bool=1, int=1> const , cudnn::detail::bn_fw_inf_1C11_kernel_new<float, float, bool=1, int=1>)",12546,12637
"Tesla K40c (0)","1","7","void kernelPointwiseApply2<TensorAddOp<float>, float, float, unsigned int, int=-2, int=-2>(TensorInfo<TensorAddOp<float>, float>, TensorInfo<float, float>, float, float)",12544,25098
"Tesla K40c (0)","1","7","void kernelPointwiseApply1<ThresholdUpdateOutputIP<float>, float, unsigned int, int=-2>(TensorInfo<ThresholdUpdateOutputIP<float>, float>, float, float)",12544,12564
"Tesla K40c (0)","1","7","void cudnn::detail::implicit_convolve_sgemm<float, int=128, int=5, int=5, int=3, int=3, int=3, int=1, bool=1, bool=0, bool=1>(int, int, int, float const *, int, cudnn::detail::implicit_convolve_sgemm<float, int=128, int=5, int=5, int=3, int=3, int=3, int=1, bool=1, bool=0, bool=1>*, float const *, kernel_conv_params, int, float, float, int, float const *, float const *, int, int)",27575,49939
"Tesla K40c (0)","1","7","void cudnn::detail::bn_fw_inf_1C11_kernel_new<float, float, bool=1, int=1>(float, cudnn::detail::bn_fw_inf_1C11_kernel_new<float, float, bool=1, int=1>, cudnnTensorStruct, float const *, float, cudnnTensorStruct*, float, cudnn::detail::bn_fw_inf_1C11_kernel_new<float, float, bool=1, int=1> const *, cudnn::detail::bn_fw_inf_1C11_kernel_new<float, float, bool=1, int=1> const , cudnn::detail::bn_fw_inf_1C11_kernel_new<float, float, bool=1, int=1> const , cudnn::detail::bn_fw_inf_1C11_kernel_new<float, float, bool=1, int=1> const , cudnn::detail::bn_fw_inf_1C11_kernel_new<float, float, bool=1, int=1>)",6774,6417
"Tesla K40c (0)","1","7","void kernelPointwiseApply1<ThresholdUpdateOutputIP<float>, float, unsigned int, int=-2>(TensorInfo<ThresholdUpdateOutputIP<float>, float>, float, float)",6273,6289
"Tesla K40c (0)","1","7","void im2col4d_kernel<float, int>(im2col4d_params, cudnnConvolutionStruct, cudnnTensor4dStruct, float const *, float*, int)",63448,6323
"Tesla K40c (0)","1","7","cudnn_convolve_sgemm_sm35_ldg_nn_32x16x64x8x16",9354,130709
"Tesla K40c (0)","1","7","void cudnn::detail::bn_fw_inf_1C11_kernel_new<float, float, bool=1, int=1>(float, cudnn::detail::bn_fw_inf_1C11_kernel_new<float, float, bool=1, int=1>, cudnnTensorStruct, float const *, float, cudnnTensorStruct*, float, cudnn::detail::bn_fw_inf_1C11_kernel_new<float, float, bool=1, int=1> const *, cudnn::detail::bn_fw_inf_1C11_kernel_new<float, float, bool=1, int=1> const , cudnn::detail::bn_fw_inf_1C11_kernel_new<float, float, bool=1, int=1> const , cudnn::detail::bn_fw_inf_1C11_kernel_new<float, float, bool=1, int=1> const , cudnn::detail::bn_fw_inf_1C11_kernel_new<float, float, bool=1, int=1>)",6773,6437
"Tesla K40c (0)","1","7","void kern_precompute_indices<bool=0>(int*, int, int, int, int, int, int)",25,22
"Tesla K40c (0)","1","7","cudnn_convolve_precomputed_sgemm_sm35_ldg_nn_32x16x32x8x8",26306,11713
"Tesla K40c (0)","1","7","void cudnn::detail::bn_fw_inf_1C11_kernel_new<float, float, bool=1, int=1>(float, cudnn::detail::bn_fw_inf_1C11_kernel_new<float, float, bool=1, int=1>, cudnnTensorStruct, float const *, float, cudnnTensorStruct*, float, cudnn::detail::bn_fw_inf_1C11_kernel_new<float, float, bool=1, int=1> const *, cudnn::detail::bn_fw_inf_1C11_kernel_new<float, float, bool=1, int=1> const , cudnn::detail::bn_fw_inf_1C11_kernel_new<float, float, bool=1, int=1> const , cudnn::detail::bn_fw_inf_1C11_kernel_new<float, float, bool=1, int=1> const , cudnn::detail::bn_fw_inf_1C11_kernel_new<float, float, bool=1, int=1>)",6770,6417
"Tesla K40c (0)","1","7","void kernelPointwiseApply2<TensorAddOp<float>, float, float, unsigned int, int=-2, int=-2>(TensorInfo<TensorAddOp<float>, float>, TensorInfo<float, float>, float, float)",6272,12554
"Tesla K40c (0)","1","7","void kernelPointwiseApply1<ThresholdUpdateOutputIP<float>, float, unsigned int, int=-2>(TensorInfo<ThresholdUpdateOutputIP<float>, float>, float, float)",6273,6300
"Tesla K40c (0)","1","7","void im2col4d_kernel<float, int>(im2col4d_params, cudnnConvolutionStruct, cudnnTensor4dStruct, float const *, float*, int)",63261,6306
"Tesla K40c (0)","1","7","cudnn_convolve_sgemm_sm35_ldg_nn_32x16x64x8x16",9390,131037
"Tesla K40c (0)","1","7","void cudnn::detail::bn_fw_inf_1C11_kernel_new<float, float, bool=1, int=1>(float, cudnn::detail::bn_fw_inf_1C11_kernel_new<float, float, bool=1, int=1>, cudnnTensorStruct, float const *, float, cudnnTensorStruct*, float, cudnn::detail::bn_fw_inf_1C11_kernel_new<float, float, bool=1, int=1> const *, cudnn::detail::bn_fw_inf_1C11_kernel_new<float, float, bool=1, int=1> const , cudnn::detail::bn_fw_inf_1C11_kernel_new<float, float, bool=1, int=1> const , cudnn::detail::bn_fw_inf_1C11_kernel_new<float, float, bool=1, int=1> const , cudnn::detail::bn_fw_inf_1C11_kernel_new<float, float, bool=1, int=1>)",6771,6437
"Tesla K40c (0)","1","7","void kernelPointwiseApply1<ThresholdUpdateOutputIP<float>, float, unsigned int, int=-2>(TensorInfo<ThresholdUpdateOutputIP<float>, float>, float, float)",6272,6293
"Tesla K40c (0)","1","7","void im2col4d_kernel<float, int>(im2col4d_params, cudnnConvolutionStruct, cudnnTensor4dStruct, float const *, float*, int)",63224,6310
"Tesla K40c (0)","1","7","cudnn_convolve_sgemm_sm35_ldg_nn_32x16x64x8x16",9316,130805
"Tesla K40c (0)","1","7","void cudnn::detail::bn_fw_inf_1C11_kernel_new<float, float, bool=1, int=1>(float, cudnn::detail::bn_fw_inf_1C11_kernel_new<float, float, bool=1, int=1>, cudnnTensorStruct, float const *, float, cudnnTensorStruct*, float, cudnn::detail::bn_fw_inf_1C11_kernel_new<float, float, bool=1, int=1> const *, cudnn::detail::bn_fw_inf_1C11_kernel_new<float, float, bool=1, int=1> const , cudnn::detail::bn_fw_inf_1C11_kernel_new<float, float, bool=1, int=1> const , cudnn::detail::bn_fw_inf_1C11_kernel_new<float, float, bool=1, int=1> const , cudnn::detail::bn_fw_inf_1C11_kernel_new<float, float, bool=1, int=1>)",6795,6421
"Tesla K40c (0)","1","7","void kernelPointwiseApply2<TensorAddOp<float>, float, float, unsigned int, int=-2, int=-2>(TensorInfo<TensorAddOp<float>, float>, TensorInfo<float, float>, float, float)",6272,12579
"Tesla K40c (0)","1","7","void kernelPointwiseApply1<ThresholdUpdateOutputIP<float>, float, unsigned int, int=-2>(TensorInfo<ThresholdUpdateOutputIP<float>, float>, float, float)",6273,6300
"Tesla K40c (0)","1","7","void im2col4d_kernel<float, int>(im2col4d_params, cudnnConvolutionStruct, cudnnTensor4dStruct, float const *, float*, int)",63412,6323
"Tesla K40c (0)","1","7","cudnn_convolve_sgemm_sm35_ldg_nn_32x16x64x8x16",9355,130661
"Tesla K40c (0)","1","7","void cudnn::detail::bn_fw_inf_1C11_kernel_new<float, float, bool=1, int=1>(float, cudnn::detail::bn_fw_inf_1C11_kernel_new<float, float, bool=1, int=1>, cudnnTensorStruct, float const *, float, cudnnTensorStruct*, float, cudnn::detail::bn_fw_inf_1C11_kernel_new<float, float, bool=1, int=1> const *, cudnn::detail::bn_fw_inf_1C11_kernel_new<float, float, bool=1, int=1> const , cudnn::detail::bn_fw_inf_1C11_kernel_new<float, float, bool=1, int=1> const , cudnn::detail::bn_fw_inf_1C11_kernel_new<float, float, bool=1, int=1> const , cudnn::detail::bn_fw_inf_1C11_kernel_new<float, float, bool=1, int=1>)",6752,6421
"Tesla K40c (0)","1","7","void kernelPointwiseApply1<ThresholdUpdateOutputIP<float>, float, unsigned int, int=-2>(TensorInfo<ThresholdUpdateOutputIP<float>, float>, float, float)",6272,6300
"Tesla K40c (0)","1","7","void im2col4d_kernel<float, int>(im2col4d_params, cudnnConvolutionStruct, cudnnTensor4dStruct, float const *, float*, int)",63417,6319
"Tesla K40c (0)","1","7","cudnn_convolve_sgemm_sm35_ldg_nn_32x16x64x8x16",9400,131221
"Tesla K40c (0)","1","7","void cudnn::detail::bn_fw_inf_1C11_kernel_new<float, float, bool=1, int=1>(float, cudnn::detail::bn_fw_inf_1C11_kernel_new<float, float, bool=1, int=1>, cudnnTensorStruct, float const *, float, cudnnTensorStruct*, float, cudnn::detail::bn_fw_inf_1C11_kernel_new<float, float, bool=1, int=1> const *, cudnn::detail::bn_fw_inf_1C11_kernel_new<float, float, bool=1, int=1> const , cudnn::detail::bn_fw_inf_1C11_kernel_new<float, float, bool=1, int=1> const , cudnn::detail::bn_fw_inf_1C11_kernel_new<float, float, bool=1, int=1> const , cudnn::detail::bn_fw_inf_1C11_kernel_new<float, float, bool=1, int=1>)",6742,6421
"Tesla K40c (0)","1","7","void kernelPointwiseApply2<TensorAddOp<float>, float, float, unsigned int, int=-2, int=-2>(TensorInfo<TensorAddOp<float>, float>, TensorInfo<float, float>, float, float)",6272,12554
"Tesla K40c (0)","1","7","void kernelPointwiseApply1<ThresholdUpdateOutputIP<float>, float, unsigned int, int=-2>(TensorInfo<ThresholdUpdateOutputIP<float>, float>, float, float)",6272,6292
"Tesla K40c (0)","1","7","void im2col4d_kernel<float, int>(im2col4d_params, cudnnConvolutionStruct, cudnnTensor4dStruct, float const *, float*, int)",63249,6310
"Tesla K40c (0)","1","7","cudnn_convolve_sgemm_sm35_ldg_nn_32x16x64x8x16",9412,130645
"Tesla K40c (0)","1","7","void cudnn::detail::bn_fw_inf_1C11_kernel_new<float, float, bool=1, int=1>(float, cudnn::detail::bn_fw_inf_1C11_kernel_new<float, float, bool=1, int=1>, cudnnTensorStruct, float const *, float, cudnnTensorStruct*, float, cudnn::detail::bn_fw_inf_1C11_kernel_new<float, float, bool=1, int=1> const *, cudnn::detail::bn_fw_inf_1C11_kernel_new<float, float, bool=1, int=1> const , cudnn::detail::bn_fw_inf_1C11_kernel_new<float, float, bool=1, int=1> const , cudnn::detail::bn_fw_inf_1C11_kernel_new<float, float, bool=1, int=1> const , cudnn::detail::bn_fw_inf_1C11_kernel_new<float, float, bool=1, int=1>)",6803,6429
"Tesla K40c (0)","1","7","void kernelPointwiseApply1<ThresholdUpdateOutputIP<float>, float, unsigned int, int=-2>(TensorInfo<ThresholdUpdateOutputIP<float>, float>, float, float)",6273,6293
"Tesla K40c (0)","1","7","void im2col4d_kernel<float, int>(im2col4d_params, cudnnConvolutionStruct, cudnnTensor4dStruct, float const *, float*, int)",63311,6323
"Tesla K40c (0)","1","7","cudnn_convolve_sgemm_sm35_ldg_nn_32x16x64x8x16",9382,130805
"Tesla K40c (0)","1","7","void cudnn::detail::bn_fw_inf_1C11_kernel_new<float, float, bool=1, int=1>(float, cudnn::detail::bn_fw_inf_1C11_kernel_new<float, float, bool=1, int=1>, cudnnTensorStruct, float const *, float, cudnnTensorStruct*, float, cudnn::detail::bn_fw_inf_1C11_kernel_new<float, float, bool=1, int=1> const *, cudnn::detail::bn_fw_inf_1C11_kernel_new<float, float, bool=1, int=1> const , cudnn::detail::bn_fw_inf_1C11_kernel_new<float, float, bool=1, int=1> const , cudnn::detail::bn_fw_inf_1C11_kernel_new<float, float, bool=1, int=1> const , cudnn::detail::bn_fw_inf_1C11_kernel_new<float, float, bool=1, int=1>)",6775,6437
"Tesla K40c (0)","1","7","void kernelPointwiseApply2<TensorAddOp<float>, float, float, unsigned int, int=-2, int=-2>(TensorInfo<TensorAddOp<float>, float>, TensorInfo<float, float>, float, float)",6273,12554
"Tesla K40c (0)","1","7","void kernelPointwiseApply1<ThresholdUpdateOutputIP<float>, float, unsigned int, int=-2>(TensorInfo<ThresholdUpdateOutputIP<float>, float>, float, float)",6272,6300
"Tesla K40c (0)","1","7","void im2col4d_kernel<float, int>(im2col4d_params, cudnnConvolutionStruct, cudnnTensor4dStruct, float const *, float*, int)",63138,6319
"Tesla K40c (0)","1","7","cudnn_convolve_sgemm_sm35_ldg_nn_32x16x64x8x16",9372,130637
"Tesla K40c (0)","1","7","void cudnn::detail::bn_fw_inf_1C11_kernel_new<float, float, bool=1, int=1>(float, cudnn::detail::bn_fw_inf_1C11_kernel_new<float, float, bool=1, int=1>, cudnnTensorStruct, float const *, float, cudnnTensorStruct*, float, cudnn::detail::bn_fw_inf_1C11_kernel_new<float, float, bool=1, int=1> const *, cudnn::detail::bn_fw_inf_1C11_kernel_new<float, float, bool=1, int=1> const , cudnn::detail::bn_fw_inf_1C11_kernel_new<float, float, bool=1, int=1> const , cudnn::detail::bn_fw_inf_1C11_kernel_new<float, float, bool=1, int=1> const , cudnn::detail::bn_fw_inf_1C11_kernel_new<float, float, bool=1, int=1>)",6740,6437
"Tesla K40c (0)","1","7","void kernelPointwiseApply1<ThresholdUpdateOutputIP<float>, float, unsigned int, int=-2>(TensorInfo<ThresholdUpdateOutputIP<float>, float>, float, float)",6272,6300
"Tesla K40c (0)","1","7","void im2col4d_kernel<float, int>(im2col4d_params, cudnnConvolutionStruct, cudnnTensor4dStruct, float const *, float*, int)",63294,6310
"Tesla K40c (0)","1","7","cudnn_convolve_sgemm_sm35_ldg_nn_32x16x64x8x16",9380,130829
"Tesla K40c (0)","1","7","void cudnn::detail::bn_fw_inf_1C11_kernel_new<float, float, bool=1, int=1>(float, cudnn::detail::bn_fw_inf_1C11_kernel_new<float, float, bool=1, int=1>, cudnnTensorStruct, float const *, float, cudnnTensorStruct*, float, cudnn::detail::bn_fw_inf_1C11_kernel_new<float, float, bool=1, int=1> const *, cudnn::detail::bn_fw_inf_1C11_kernel_new<float, float, bool=1, int=1> const , cudnn::detail::bn_fw_inf_1C11_kernel_new<float, float, bool=1, int=1> const , cudnn::detail::bn_fw_inf_1C11_kernel_new<float, float, bool=1, int=1> const , cudnn::detail::bn_fw_inf_1C11_kernel_new<float, float, bool=1, int=1>)",6744,6433
"Tesla K40c (0)","1","7","void kernelPointwiseApply2<TensorAddOp<float>, float, float, unsigned int, int=-2, int=-2>(TensorInfo<TensorAddOp<float>, float>, TensorInfo<float, float>, float, float)",6273,12563
"Tesla K40c (0)","1","7","void kernelPointwiseApply1<ThresholdUpdateOutputIP<float>, float, unsigned int, int=-2>(TensorInfo<ThresholdUpdateOutputIP<float>, float>, float, float)",6272,6292
"Tesla K40c (0)","1","7","void im2col4d_kernel<float, int>(im2col4d_params, cudnnConvolutionStruct, cudnnTensor4dStruct, float const *, float*, int)",63396,6318
"Tesla K40c (0)","1","7","cudnn_convolve_sgemm_sm35_ldg_nn_32x16x64x8x16",9381,130637
"Tesla K40c (0)","1","7","void cudnn::detail::bn_fw_inf_1C11_kernel_new<float, float, bool=1, int=1>(float, cudnn::detail::bn_fw_inf_1C11_kernel_new<float, float, bool=1, int=1>, cudnnTensorStruct, float const *, float, cudnnTensorStruct*, float, cudnn::detail::bn_fw_inf_1C11_kernel_new<float, float, bool=1, int=1> const *, cudnn::detail::bn_fw_inf_1C11_kernel_new<float, float, bool=1, int=1> const , cudnn::detail::bn_fw_inf_1C11_kernel_new<float, float, bool=1, int=1> const , cudnn::detail::bn_fw_inf_1C11_kernel_new<float, float, bool=1, int=1> const , cudnn::detail::bn_fw_inf_1C11_kernel_new<float, float, bool=1, int=1>)",6764,6421
"Tesla K40c (0)","1","7","void kernelPointwiseApply1<ThresholdUpdateOutputIP<float>, float, unsigned int, int=-2>(TensorInfo<ThresholdUpdateOutputIP<float>, float>, float, float)",6273,6293
"Tesla K40c (0)","1","7","void im2col4d_kernel<float, int>(im2col4d_params, cudnnConvolutionStruct, cudnnTensor4dStruct, float const *, float*, int)",63177,6310
"Tesla K40c (0)","1","7","cudnn_convolve_sgemm_sm35_ldg_nn_32x16x64x8x16",9430,130677
"Tesla K40c (0)","1","7","void cudnn::detail::bn_fw_inf_1C11_kernel_new<float, float, bool=1, int=1>(float, cudnn::detail::bn_fw_inf_1C11_kernel_new<float, float, bool=1, int=1>, cudnnTensorStruct, float const *, float, cudnnTensorStruct*, float, cudnn::detail::bn_fw_inf_1C11_kernel_new<float, float, bool=1, int=1> const *, cudnn::detail::bn_fw_inf_1C11_kernel_new<float, float, bool=1, int=1> const , cudnn::detail::bn_fw_inf_1C11_kernel_new<float, float, bool=1, int=1> const , cudnn::detail::bn_fw_inf_1C11_kernel_new<float, float, bool=1, int=1> const , cudnn::detail::bn_fw_inf_1C11_kernel_new<float, float, bool=1, int=1>)",6801,6437
"Tesla K40c (0)","1","7","void kernelPointwiseApply2<TensorAddOp<float>, float, float, unsigned int, int=-2, int=-2>(TensorInfo<TensorAddOp<float>, float>, TensorInfo<float, float>, float, float)",6273,12563
"Tesla K40c (0)","1","7","void kernelPointwiseApply1<ThresholdUpdateOutputIP<float>, float, unsigned int, int=-2>(TensorInfo<ThresholdUpdateOutputIP<float>, float>, float, float)",6273,6300
"Tesla K40c (0)","1","7","void im2col4d_kernel<float, int>(im2col4d_params, cudnnConvolutionStruct, cudnnTensor4dStruct, float const *, float*, int)",18126,6490
"Tesla K40c (0)","1","7","cudnn_convolve_sgemm_sm35_ldg_nn_64x16x64x16x16",4930,162017
"Tesla K40c (0)","1","7","void cudnn::detail::bn_fw_inf_1C11_kernel_new<float, float, bool=1, int=1>(float, cudnn::detail::bn_fw_inf_1C11_kernel_new<float, float, bool=1, int=1>, cudnnTensorStruct, float const *, float, cudnnTensorStruct*, float, cudnn::detail::bn_fw_inf_1C11_kernel_new<float, float, bool=1, int=1> const *, cudnn::detail::bn_fw_inf_1C11_kernel_new<float, float, bool=1, int=1> const , cudnn::detail::bn_fw_inf_1C11_kernel_new<float, float, bool=1, int=1> const , cudnn::detail::bn_fw_inf_1C11_kernel_new<float, float, bool=1, int=1> const , cudnn::detail::bn_fw_inf_1C11_kernel_new<float, float, bool=1, int=1>)",3221,3421
"Tesla K40c (0)","1","7","void kernelPointwiseApply1<ThresholdUpdateOutputIP<float>, float, unsigned int, int=-2>(TensorInfo<ThresholdUpdateOutputIP<float>, float>, float, float)",3136,3157
"Tesla K40c (0)","1","7","void im2col4d_kernel<float, int>(im2col4d_params, cudnnConvolutionStruct, cudnnTensor4dStruct, float const *, float*, int)",36156,3351
"Tesla K40c (0)","1","7","cudnn_convolve_sgemm_sm35_ldg_nn_64x16x64x16x16",4909,323585
"Tesla K40c (0)","1","7","void cudnn::detail::bn_fw_inf_1C11_kernel_new<float, float, bool=1, int=1>(float, cudnn::detail::bn_fw_inf_1C11_kernel_new<float, float, bool=1, int=1>, cudnnTensorStruct, float const *, float, cudnnTensorStruct*, float, cudnn::detail::bn_fw_inf_1C11_kernel_new<float, float, bool=1, int=1> const *, cudnn::detail::bn_fw_inf_1C11_kernel_new<float, float, bool=1, int=1> const , cudnn::detail::bn_fw_inf_1C11_kernel_new<float, float, bool=1, int=1> const , cudnn::detail::bn_fw_inf_1C11_kernel_new<float, float, bool=1, int=1> const , cudnn::detail::bn_fw_inf_1C11_kernel_new<float, float, bool=1, int=1>)",3232,3429
"Tesla K40c (0)","1","7","void kern_precompute_indices<bool=0>(int*, int, int, int, int, int, int)",47,22
"Tesla K40c (0)","1","7","cudnn_convolve_precomputed_sgemm_sm35_ldg_nn_64x16x128x8x32",14593,21628
"Tesla K40c (0)","1","7","void cudnn::detail::bn_fw_inf_1C11_kernel_new<float, float, bool=1, int=1>(float, cudnn::detail::bn_fw_inf_1C11_kernel_new<float, float, bool=1, int=1>, cudnnTensorStruct, float const *, float, cudnnTensorStruct*, float, cudnn::detail::bn_fw_inf_1C11_kernel_new<float, float, bool=1, int=1> const *, cudnn::detail::bn_fw_inf_1C11_kernel_new<float, float, bool=1, int=1> const , cudnn::detail::bn_fw_inf_1C11_kernel_new<float, float, bool=1, int=1> const , cudnn::detail::bn_fw_inf_1C11_kernel_new<float, float, bool=1, int=1> const , cudnn::detail::bn_fw_inf_1C11_kernel_new<float, float, bool=1, int=1>)",3210,3429
"Tesla K40c (0)","1","7","void kernelPointwiseApply2<TensorAddOp<float>, float, float, unsigned int, int=-2, int=-2>(TensorInfo<TensorAddOp<float>, float>, TensorInfo<float, float>, float, float)",3137,6287
"Tesla K40c (0)","1","7","void kernelPointwiseApply1<ThresholdUpdateOutputIP<float>, float, unsigned int, int=-2>(TensorInfo<ThresholdUpdateOutputIP<float>, float>, float, float)",3137,3164
"Tesla K40c (0)","1","7","void im2col4d_kernel<float, int>(im2col4d_params, cudnnConvolutionStruct, cudnnTensor4dStruct, float const *, float*, int)",36185,3174
"Tesla K40c (0)","1","7","cudnn_convolve_sgemm_sm35_ldg_nn_64x16x64x16x16",4918,323769
"Tesla K40c (0)","1","7","void cudnn::detail::bn_fw_inf_1C11_kernel_new<float, float, bool=1, int=1>(float, cudnn::detail::bn_fw_inf_1C11_kernel_new<float, float, bool=1, int=1>, cudnnTensorStruct, float const *, float, cudnnTensorStruct*, float, cudnn::detail::bn_fw_inf_1C11_kernel_new<float, float, bool=1, int=1> const *, cudnn::detail::bn_fw_inf_1C11_kernel_new<float, float, bool=1, int=1> const , cudnn::detail::bn_fw_inf_1C11_kernel_new<float, float, bool=1, int=1> const , cudnn::detail::bn_fw_inf_1C11_kernel_new<float, float, bool=1, int=1> const , cudnn::detail::bn_fw_inf_1C11_kernel_new<float, float, bool=1, int=1>)",3233,3429
"Tesla K40c (0)","1","7","void kernelPointwiseApply1<ThresholdUpdateOutputIP<float>, float, unsigned int, int=-2>(TensorInfo<ThresholdUpdateOutputIP<float>, float>, float, float)",3136,3157
"Tesla K40c (0)","1","7","void im2col4d_kernel<float, int>(im2col4d_params, cudnnConvolutionStruct, cudnnTensor4dStruct, float const *, float*, int)",36164,3174
"Tesla K40c (0)","1","7","cudnn_convolve_sgemm_sm35_ldg_nn_64x16x64x16x16",4924,323665
"Tesla K40c (0)","1","7","void cudnn::detail::bn_fw_inf_1C11_kernel_new<float, float, bool=1, int=1>(float, cudnn::detail::bn_fw_inf_1C11_kernel_new<float, float, bool=1, int=1>, cudnnTensorStruct, float const *, float, cudnnTensorStruct*, float, cudnn::detail::bn_fw_inf_1C11_kernel_new<float, float, bool=1, int=1> const *, cudnn::detail::bn_fw_inf_1C11_kernel_new<float, float, bool=1, int=1> const , cudnn::detail::bn_fw_inf_1C11_kernel_new<float, float, bool=1, int=1> const , cudnn::detail::bn_fw_inf_1C11_kernel_new<float, float, bool=1, int=1> const , cudnn::detail::bn_fw_inf_1C11_kernel_new<float, float, bool=1, int=1>)",3208,3429
"Tesla K40c (0)","1","7","void kernelPointwiseApply2<TensorAddOp<float>, float, float, unsigned int, int=-2, int=-2>(TensorInfo<TensorAddOp<float>, float>, TensorInfo<float, float>, float, float)",3137,6282
"Tesla K40c (0)","1","7","void kernelPointwiseApply1<ThresholdUpdateOutputIP<float>, float, unsigned int, int=-2>(TensorInfo<ThresholdUpdateOutputIP<float>, float>, float, float)",3137,3152
"Tesla K40c (0)","1","7","void im2col4d_kernel<float, int>(im2col4d_params, cudnnConvolutionStruct, cudnnTensor4dStruct, float const *, float*, int)",36152,3182
"Tesla K40c (0)","1","7","cudnn_convolve_sgemm_sm35_ldg_nn_64x16x64x16x16",4917,323585
"Tesla K40c (0)","1","7","void cudnn::detail::bn_fw_inf_1C11_kernel_new<float, float, bool=1, int=1>(float, cudnn::detail::bn_fw_inf_1C11_kernel_new<float, float, bool=1, int=1>, cudnnTensorStruct, float const *, float, cudnnTensorStruct*, float, cudnn::detail::bn_fw_inf_1C11_kernel_new<float, float, bool=1, int=1> const *, cudnn::detail::bn_fw_inf_1C11_kernel_new<float, float, bool=1, int=1> const , cudnn::detail::bn_fw_inf_1C11_kernel_new<float, float, bool=1, int=1> const , cudnn::detail::bn_fw_inf_1C11_kernel_new<float, float, bool=1, int=1> const , cudnn::detail::bn_fw_inf_1C11_kernel_new<float, float, bool=1, int=1>)",3210,3413
"Tesla K40c (0)","1","7","void kernelPointwiseApply1<ThresholdUpdateOutputIP<float>, float, unsigned int, int=-2>(TensorInfo<ThresholdUpdateOutputIP<float>, float>, float, float)",3137,3157
"Tesla K40c (0)","1","7","void im2col4d_kernel<float, int>(im2col4d_params, cudnnConvolutionStruct, cudnnTensor4dStruct, float const *, float*, int)",36147,3175
"Tesla K40c (0)","1","7","cudnn_convolve_sgemm_sm35_ldg_nn_64x16x64x16x16",4923,323689
"Tesla K40c (0)","1","7","void cudnn::detail::bn_fw_inf_1C11_kernel_new<float, float, bool=1, int=1>(float, cudnn::detail::bn_fw_inf_1C11_kernel_new<float, float, bool=1, int=1>, cudnnTensorStruct, float const *, float, cudnnTensorStruct*, float, cudnn::detail::bn_fw_inf_1C11_kernel_new<float, float, bool=1, int=1> const *, cudnn::detail::bn_fw_inf_1C11_kernel_new<float, float, bool=1, int=1> const , cudnn::detail::bn_fw_inf_1C11_kernel_new<float, float, bool=1, int=1> const , cudnn::detail::bn_fw_inf_1C11_kernel_new<float, float, bool=1, int=1> const , cudnn::detail::bn_fw_inf_1C11_kernel_new<float, float, bool=1, int=1>)",3198,3413
"Tesla K40c (0)","1","7","void kernelPointwiseApply2<TensorAddOp<float>, float, float, unsigned int, int=-2, int=-2>(TensorInfo<TensorAddOp<float>, float>, TensorInfo<float, float>, float, float)",3136,6291
"Tesla K40c (0)","1","7","void kernelPointwiseApply1<ThresholdUpdateOutputIP<float>, float, unsigned int, int=-2>(TensorInfo<ThresholdUpdateOutputIP<float>, float>, float, float)",3136,3156
"Tesla K40c (0)","1","7","void AvePoolForward<float, float, bool=1>(int, float const *, int, int, int, int, int, int, int, int, int, int, int, int, float*)",65,3194
"Tesla K40c (0)","1","7","void gemv2T_kernel_val<float, float, float, int=128, int=16, int=2, int=4, bool=0>(int, int, float, float const *, int, float const *, int, float, float*, int)",126,64287
