==12452== NVPROF is profiling process 12452, command: python resnet.py resnet18
==12452== Some kernel(s) will be replayed on device 0 in order to collect all events/metrics.
==12452== Profiling application: python resnet.py resnet18
==12452== Profiling result:
"Device","Context","Stream","Kernel","dram_write_transactions","dram_read_transactions"
,,,,,
"Tesla K40c (0)","1","7","void im2col4d_kernel<float, int>(im2col4d_params, cudnnConvolutionStruct, cudnnTensor4dStruct, float const *, float*, int)",230497,18866
"Tesla K40c (0)","1","7","cudnn_convolve_sgemm_sm35_ldg_nn_64x16x64x16x16",100354,232127
"Tesla K40c (0)","1","7","void cudnn::detail::bn_fw_inf_1C11_kernel_new<float, float, bool=1, int=1>(float, cudnn::detail::bn_fw_inf_1C11_kernel_new<float, float, bool=1, int=1>, cudnnTensorStruct, float const *, float, cudnnTensorStruct*, float, cudnn::detail::bn_fw_inf_1C11_kernel_new<float, float, bool=1, int=1> const *, cudnn::detail::bn_fw_inf_1C11_kernel_new<float, float, bool=1, int=1> const , cudnn::detail::bn_fw_inf_1C11_kernel_new<float, float, bool=1, int=1> const , cudnn::detail::bn_fw_inf_1C11_kernel_new<float, float, bool=1, int=1> const , cudnn::detail::bn_fw_inf_1C11_kernel_new<float, float, bool=1, int=1>)",100354,100505
"Tesla K40c (0)","1","7","void kernelPointwiseApply1<ThresholdUpdateOutputIP<float>, float, unsigned int, int=-2>(TensorInfo<ThresholdUpdateOutputIP<float>, float>, float, float)",100352,100376
"Tesla K40c (0)","1","7","void MaxPoolForward<float, float>(int, float const *, int, int, int, int, int, int, int, int, int, int, int, int, int, int, float*, long*)",75264,100486
"Tesla K40c (0)","1","7","void cudnn::detail::implicit_convolve_sgemm<float, int=1024, int=5, int=5, int=3, int=3, int=3, int=1, bool=1, bool=0, bool=1>(int, int, int, float const *, int, cudnn::detail::implicit_convolve_sgemm<float, int=1024, int=5, int=5, int=3, int=3, int=3, int=1, bool=1, bool=0, bool=1>*, float const *, kernel_conv_params, int, float, float, int, float const *, float const *, int, int)",99363,30086
"Tesla K40c (0)","1","7","void cudnn::detail::bn_fw_inf_1C11_kernel_new<float, float, bool=1, int=1>(float, cudnn::detail::bn_fw_inf_1C11_kernel_new<float, float, bool=1, int=1>, cudnnTensorStruct, float const *, float, cudnnTensorStruct*, float, cudnn::detail::bn_fw_inf_1C11_kernel_new<float, float, bool=1, int=1> const *, cudnn::detail::bn_fw_inf_1C11_kernel_new<float, float, bool=1, int=1> const , cudnn::detail::bn_fw_inf_1C11_kernel_new<float, float, bool=1, int=1> const , cudnn::detail::bn_fw_inf_1C11_kernel_new<float, float, bool=1, int=1> const , cudnn::detail::bn_fw_inf_1C11_kernel_new<float, float, bool=1, int=1>)",25089,25173
"Tesla K40c (0)","1","7","void kernelPointwiseApply1<ThresholdUpdateOutputIP<float>, float, unsigned int, int=-2>(TensorInfo<ThresholdUpdateOutputIP<float>, float>, float, float)",25089,25121
"Tesla K40c (0)","1","7","void cudnn::detail::implicit_convolve_sgemm<float, int=1024, int=5, int=5, int=3, int=3, int=3, int=1, bool=1, bool=0, bool=1>(int, int, int, float const *, int, cudnn::detail::implicit_convolve_sgemm<float, int=1024, int=5, int=5, int=3, int=3, int=3, int=1, bool=1, bool=0, bool=1>*, float const *, kernel_conv_params, int, float, float, int, float const *, float const *, int, int)",99571,30655
"Tesla K40c (0)","1","7","void cudnn::detail::bn_fw_inf_1C11_kernel_new<float, float, bool=1, int=1>(float, cudnn::detail::bn_fw_inf_1C11_kernel_new<float, float, bool=1, int=1>, cudnnTensorStruct, float const *, float, cudnnTensorStruct*, float, cudnn::detail::bn_fw_inf_1C11_kernel_new<float, float, bool=1, int=1> const *, cudnn::detail::bn_fw_inf_1C11_kernel_new<float, float, bool=1, int=1> const , cudnn::detail::bn_fw_inf_1C11_kernel_new<float, float, bool=1, int=1> const , cudnn::detail::bn_fw_inf_1C11_kernel_new<float, float, bool=1, int=1> const , cudnn::detail::bn_fw_inf_1C11_kernel_new<float, float, bool=1, int=1>)",25090,25141
"Tesla K40c (0)","1","7","void kernelPointwiseApply2<TensorAddOp<float>, float, float, unsigned int, int=-2, int=-2>(TensorInfo<TensorAddOp<float>, float>, TensorInfo<float, float>, float, float)",25089,50186
"Tesla K40c (0)","1","7","void kernelPointwiseApply1<ThresholdUpdateOutputIP<float>, float, unsigned int, int=-2>(TensorInfo<ThresholdUpdateOutputIP<float>, float>, float, float)",25088,25121
"Tesla K40c (0)","1","7","void cudnn::detail::implicit_convolve_sgemm<float, int=1024, int=5, int=5, int=3, int=3, int=3, int=1, bool=1, bool=0, bool=1>(int, int, int, float const *, int, cudnn::detail::implicit_convolve_sgemm<float, int=1024, int=5, int=5, int=3, int=3, int=3, int=1, bool=1, bool=0, bool=1>*, float const *, kernel_conv_params, int, float, float, int, float const *, float const *, int, int)",99071,30263
"Tesla K40c (0)","1","7","void cudnn::detail::bn_fw_inf_1C11_kernel_new<float, float, bool=1, int=1>(float, cudnn::detail::bn_fw_inf_1C11_kernel_new<float, float, bool=1, int=1>, cudnnTensorStruct, float const *, float, cudnnTensorStruct*, float, cudnn::detail::bn_fw_inf_1C11_kernel_new<float, float, bool=1, int=1> const *, cudnn::detail::bn_fw_inf_1C11_kernel_new<float, float, bool=1, int=1> const , cudnn::detail::bn_fw_inf_1C11_kernel_new<float, float, bool=1, int=1> const , cudnn::detail::bn_fw_inf_1C11_kernel_new<float, float, bool=1, int=1> const , cudnn::detail::bn_fw_inf_1C11_kernel_new<float, float, bool=1, int=1>)",25089,25157
"Tesla K40c (0)","1","7","void kernelPointwiseApply1<ThresholdUpdateOutputIP<float>, float, unsigned int, int=-2>(TensorInfo<ThresholdUpdateOutputIP<float>, float>, float, float)",25089,25121
"Tesla K40c (0)","1","7","void cudnn::detail::implicit_convolve_sgemm<float, int=1024, int=5, int=5, int=3, int=3, int=3, int=1, bool=1, bool=0, bool=1>(int, int, int, float const *, int, cudnn::detail::implicit_convolve_sgemm<float, int=1024, int=5, int=5, int=3, int=3, int=3, int=1, bool=1, bool=0, bool=1>*, float const *, kernel_conv_params, int, float, float, int, float const *, float const *, int, int)",98862,30079
"Tesla K40c (0)","1","7","void cudnn::detail::bn_fw_inf_1C11_kernel_new<float, float, bool=1, int=1>(float, cudnn::detail::bn_fw_inf_1C11_kernel_new<float, float, bool=1, int=1>, cudnnTensorStruct, float const *, float, cudnnTensorStruct*, float, cudnn::detail::bn_fw_inf_1C11_kernel_new<float, float, bool=1, int=1> const *, cudnn::detail::bn_fw_inf_1C11_kernel_new<float, float, bool=1, int=1> const , cudnn::detail::bn_fw_inf_1C11_kernel_new<float, float, bool=1, int=1> const , cudnn::detail::bn_fw_inf_1C11_kernel_new<float, float, bool=1, int=1> const , cudnn::detail::bn_fw_inf_1C11_kernel_new<float, float, bool=1, int=1>)",25089,25189
"Tesla K40c (0)","1","7","void kernelPointwiseApply2<TensorAddOp<float>, float, float, unsigned int, int=-2, int=-2>(TensorInfo<TensorAddOp<float>, float>, TensorInfo<float, float>, float, float)",25089,50203
"Tesla K40c (0)","1","7","void kernelPointwiseApply1<ThresholdUpdateOutputIP<float>, float, unsigned int, int=-2>(TensorInfo<ThresholdUpdateOutputIP<float>, float>, float, float)",25089,25121
"Tesla K40c (0)","1","7","void kern_precompute_indices<bool=0>(int*, int, int, int, int, int, int)",86,43
"Tesla K40c (0)","1","7","cudnn_convolve_precomputed_sgemm_sm35_ldg_nn_32x16x32x8x8",52731,34765
"Tesla K40c (0)","1","13","void cudnn::detail::implicit_convolve_sgemm<float, int=128, int=5, int=5, int=3, int=3, int=3, int=1, bool=1, bool=0, bool=1>(int, int, int, float const *, int, cudnn::detail::implicit_convolve_sgemm<float, int=128, int=5, int=5, int=3, int=3, int=3, int=1, bool=1, bool=0, bool=1>*, float const *, kernel_conv_params, int, float, float, int, float const *, float const *, int, int)",2049,10487
"Tesla K40c (0)","1","15","void cudnn::detail::implicit_convolve_sgemm<float, int=128, int=5, int=5, int=3, int=3, int=3, int=1, bool=1, bool=0, bool=1>(int, int, int, float const *, int, cudnn::detail::implicit_convolve_sgemm<float, int=128, int=5, int=5, int=3, int=3, int=3, int=1, bool=1, bool=0, bool=1>*, float const *, kernel_conv_params, int, float, float, int, float const *, float const *, int, int)",3458,13142
"Tesla K40c (0)","1","7","void cudnn::detail::bn_fw_inf_1C11_kernel_new<float, float, bool=1, int=1>(float, cudnn::detail::bn_fw_inf_1C11_kernel_new<float, float, bool=1, int=1>, cudnnTensorStruct, float const *, float, cudnnTensorStruct*, float, cudnn::detail::bn_fw_inf_1C11_kernel_new<float, float, bool=1, int=1> const *, cudnn::detail::bn_fw_inf_1C11_kernel_new<float, float, bool=1, int=1> const , cudnn::detail::bn_fw_inf_1C11_kernel_new<float, float, bool=1, int=1> const , cudnn::detail::bn_fw_inf_1C11_kernel_new<float, float, bool=1, int=1> const , cudnn::detail::bn_fw_inf_1C11_kernel_new<float, float, bool=1, int=1>)",12545,12645
"Tesla K40c (0)","1","7","void kernelPointwiseApply1<ThresholdUpdateOutputIP<float>, float, unsigned int, int=-2>(TensorInfo<ThresholdUpdateOutputIP<float>, float>, float, float)",12546,12577
"Tesla K40c (0)","1","7","void im2col4d_kernel<float, int>(im2col4d_params, cudnnConvolutionStruct, cudnnTensor4dStruct, float const *, float*, int)",112897,12582
"Tesla K40c (0)","1","7","cudnn_convolve_sgemm_sm35_ldg_nn_64x16x64x16x16",12546,138263
"Tesla K40c (0)","1","7","void cudnn::detail::bn_fw_inf_1C11_kernel_new<float, float, bool=1, int=1>(float, cudnn::detail::bn_fw_inf_1C11_kernel_new<float, float, bool=1, int=1>, cudnnTensorStruct, float const *, float, cudnnTensorStruct*, float, cudnn::detail::bn_fw_inf_1C11_kernel_new<float, float, bool=1, int=1> const *, cudnn::detail::bn_fw_inf_1C11_kernel_new<float, float, bool=1, int=1> const , cudnn::detail::bn_fw_inf_1C11_kernel_new<float, float, bool=1, int=1> const , cudnn::detail::bn_fw_inf_1C11_kernel_new<float, float, bool=1, int=1> const , cudnn::detail::bn_fw_inf_1C11_kernel_new<float, float, bool=1, int=1>)",12544,12625
"Tesla K40c (0)","1","7","void kern_precompute_indices<bool=0>(int*, int, int, int, int, int, int)",12,26
"Tesla K40c (0)","1","7","void cudnn::detail::precomputed_convolve_sgemm<float, int=128, int=5, int=5, int=3, int=3, int=3, int=1, bool=1>(int, int, int, float const *, int, cudnn::detail::precomputed_convolve_sgemm<float, int=128, int=5, int=5, int=3, int=3, int=3, int=1, bool=1>*, float const *, kernel_conv_params, int, float, float, int, float const *, float const *, int*)",50092,13903
"Tesla K40c (0)","1","7","void cudnn::detail::bn_fw_inf_1C11_kernel_new<float, float, bool=1, int=1>(float, cudnn::detail::bn_fw_inf_1C11_kernel_new<float, float, bool=1, int=1>, cudnnTensorStruct, float const *, float, cudnnTensorStruct*, float, cudnn::detail::bn_fw_inf_1C11_kernel_new<float, float, bool=1, int=1> const *, cudnn::detail::bn_fw_inf_1C11_kernel_new<float, float, bool=1, int=1> const , cudnn::detail::bn_fw_inf_1C11_kernel_new<float, float, bool=1, int=1> const , cudnn::detail::bn_fw_inf_1C11_kernel_new<float, float, bool=1, int=1> const , cudnn::detail::bn_fw_inf_1C11_kernel_new<float, float, bool=1, int=1>)",12544,12629
"Tesla K40c (0)","1","7","void kernelPointwiseApply2<TensorAddOp<float>, float, float, unsigned int, int=-2, int=-2>(TensorInfo<TensorAddOp<float>, float>, TensorInfo<float, float>, float, float)",12545,25098
"Tesla K40c (0)","1","7","void kernelPointwiseApply1<ThresholdUpdateOutputIP<float>, float, unsigned int, int=-2>(TensorInfo<ThresholdUpdateOutputIP<float>, float>, float, float)",12545,12568
"Tesla K40c (0)","1","7","void im2col4d_kernel<float, int>(im2col4d_params, cudnnConvolutionStruct, cudnnTensor4dStruct, float const *, float*, int)",112896,12582
"Tesla K40c (0)","1","7","cudnn_convolve_sgemm_sm35_ldg_nn_64x16x64x16x16",12546,136823
"Tesla K40c (0)","1","7","void cudnn::detail::bn_fw_inf_1C11_kernel_new<float, float, bool=1, int=1>(float, cudnn::detail::bn_fw_inf_1C11_kernel_new<float, float, bool=1, int=1>, cudnnTensorStruct, float const *, float, cudnnTensorStruct*, float, cudnn::detail::bn_fw_inf_1C11_kernel_new<float, float, bool=1, int=1> const *, cudnn::detail::bn_fw_inf_1C11_kernel_new<float, float, bool=1, int=1> const , cudnn::detail::bn_fw_inf_1C11_kernel_new<float, float, bool=1, int=1> const , cudnn::detail::bn_fw_inf_1C11_kernel_new<float, float, bool=1, int=1> const , cudnn::detail::bn_fw_inf_1C11_kernel_new<float, float, bool=1, int=1>)",12546,12629
"Tesla K40c (0)","1","7","void kernelPointwiseApply1<ThresholdUpdateOutputIP<float>, float, unsigned int, int=-2>(TensorInfo<ThresholdUpdateOutputIP<float>, float>, float, float)",12546,12568
"Tesla K40c (0)","1","7","void im2col4d_kernel<float, int>(im2col4d_params, cudnnConvolutionStruct, cudnnTensor4dStruct, float const *, float*, int)",112898,12710
"Tesla K40c (0)","1","7","cudnn_convolve_sgemm_sm35_ldg_nn_64x16x64x16x16",12546,135815
"Tesla K40c (0)","1","7","void cudnn::detail::bn_fw_inf_1C11_kernel_new<float, float, bool=1, int=1>(float, cudnn::detail::bn_fw_inf_1C11_kernel_new<float, float, bool=1, int=1>, cudnnTensorStruct, float const *, float, cudnnTensorStruct*, float, cudnn::detail::bn_fw_inf_1C11_kernel_new<float, float, bool=1, int=1> const *, cudnn::detail::bn_fw_inf_1C11_kernel_new<float, float, bool=1, int=1> const , cudnn::detail::bn_fw_inf_1C11_kernel_new<float, float, bool=1, int=1> const , cudnn::detail::bn_fw_inf_1C11_kernel_new<float, float, bool=1, int=1> const , cudnn::detail::bn_fw_inf_1C11_kernel_new<float, float, bool=1, int=1>)",12546,12629
"Tesla K40c (0)","1","7","void kernelPointwiseApply2<TensorAddOp<float>, float, float, unsigned int, int=-2, int=-2>(TensorInfo<TensorAddOp<float>, float>, TensorInfo<float, float>, float, float)",12544,25098
"Tesla K40c (0)","1","7","void kernelPointwiseApply1<ThresholdUpdateOutputIP<float>, float, unsigned int, int=-2>(TensorInfo<ThresholdUpdateOutputIP<float>, float>, float, float)",12544,12577
"Tesla K40c (0)","1","7","void cudnn::detail::implicit_convolve_sgemm<float, int=128, int=5, int=5, int=3, int=3, int=3, int=1, bool=1, bool=0, bool=1>(int, int, int, float const *, int, cudnn::detail::implicit_convolve_sgemm<float, int=128, int=5, int=5, int=3, int=3, int=3, int=1, bool=1, bool=0, bool=1>*, float const *, kernel_conv_params, int, float, float, int, float const *, float const *, int, int)",27766,49783
"Tesla K40c (0)","1","7","void cudnn::detail::bn_fw_inf_1C11_kernel_new<float, float, bool=1, int=1>(float, cudnn::detail::bn_fw_inf_1C11_kernel_new<float, float, bool=1, int=1>, cudnnTensorStruct, float const *, float, cudnnTensorStruct*, float, cudnn::detail::bn_fw_inf_1C11_kernel_new<float, float, bool=1, int=1> const *, cudnn::detail::bn_fw_inf_1C11_kernel_new<float, float, bool=1, int=1> const , cudnn::detail::bn_fw_inf_1C11_kernel_new<float, float, bool=1, int=1> const , cudnn::detail::bn_fw_inf_1C11_kernel_new<float, float, bool=1, int=1> const , cudnn::detail::bn_fw_inf_1C11_kernel_new<float, float, bool=1, int=1>)",6790,6437
"Tesla K40c (0)","1","7","void kernelPointwiseApply1<ThresholdUpdateOutputIP<float>, float, unsigned int, int=-2>(TensorInfo<ThresholdUpdateOutputIP<float>, float>, float, float)",6273,6296
"Tesla K40c (0)","1","7","void im2col4d_kernel<float, int>(im2col4d_params, cudnnConvolutionStruct, cudnnTensor4dStruct, float const *, float*, int)",63261,6318
"Tesla K40c (0)","1","7","cudnn_convolve_sgemm_sm35_ldg_nn_32x16x64x8x16",9407,130637
"Tesla K40c (0)","1","7","void cudnn::detail::bn_fw_inf_1C11_kernel_new<float, float, bool=1, int=1>(float, cudnn::detail::bn_fw_inf_1C11_kernel_new<float, float, bool=1, int=1>, cudnnTensorStruct, float const *, float, cudnnTensorStruct*, float, cudnn::detail::bn_fw_inf_1C11_kernel_new<float, float, bool=1, int=1> const *, cudnn::detail::bn_fw_inf_1C11_kernel_new<float, float, bool=1, int=1> const , cudnn::detail::bn_fw_inf_1C11_kernel_new<float, float, bool=1, int=1> const , cudnn::detail::bn_fw_inf_1C11_kernel_new<float, float, bool=1, int=1> const , cudnn::detail::bn_fw_inf_1C11_kernel_new<float, float, bool=1, int=1>)",6769,6437
"Tesla K40c (0)","1","7","void kern_precompute_indices<bool=0>(int*, int, int, int, int, int, int)",26,26
"Tesla K40c (0)","1","7","cudnn_convolve_precomputed_sgemm_sm35_ldg_nn_32x16x32x8x8",26629,11704
"Tesla K40c (0)","1","7","void cudnn::detail::bn_fw_inf_1C11_kernel_new<float, float, bool=1, int=1>(float, cudnn::detail::bn_fw_inf_1C11_kernel_new<float, float, bool=1, int=1>, cudnnTensorStruct, float const *, float, cudnnTensorStruct*, float, cudnn::detail::bn_fw_inf_1C11_kernel_new<float, float, bool=1, int=1> const *, cudnn::detail::bn_fw_inf_1C11_kernel_new<float, float, bool=1, int=1> const , cudnn::detail::bn_fw_inf_1C11_kernel_new<float, float, bool=1, int=1> const , cudnn::detail::bn_fw_inf_1C11_kernel_new<float, float, bool=1, int=1> const , cudnn::detail::bn_fw_inf_1C11_kernel_new<float, float, bool=1, int=1>)",6794,6437
"Tesla K40c (0)","1","7","void kernelPointwiseApply2<TensorAddOp<float>, float, float, unsigned int, int=-2, int=-2>(TensorInfo<TensorAddOp<float>, float>, TensorInfo<float, float>, float, float)",6274,12554
"Tesla K40c (0)","1","7","void kernelPointwiseApply1<ThresholdUpdateOutputIP<float>, float, unsigned int, int=-2>(TensorInfo<ThresholdUpdateOutputIP<float>, float>, float, float)",6273,6305
"Tesla K40c (0)","1","7","void im2col4d_kernel<float, int>(im2col4d_params, cudnnConvolutionStruct, cudnnTensor4dStruct, float const *, float*, int)",63386,6335
"Tesla K40c (0)","1","7","cudnn_convolve_sgemm_sm35_ldg_nn_32x16x64x8x16",9441,130637
"Tesla K40c (0)","1","7","void cudnn::detail::bn_fw_inf_1C11_kernel_new<float, float, bool=1, int=1>(float, cudnn::detail::bn_fw_inf_1C11_kernel_new<float, float, bool=1, int=1>, cudnnTensorStruct, float const *, float, cudnnTensorStruct*, float, cudnn::detail::bn_fw_inf_1C11_kernel_new<float, float, bool=1, int=1> const *, cudnn::detail::bn_fw_inf_1C11_kernel_new<float, float, bool=1, int=1> const , cudnn::detail::bn_fw_inf_1C11_kernel_new<float, float, bool=1, int=1> const , cudnn::detail::bn_fw_inf_1C11_kernel_new<float, float, bool=1, int=1> const , cudnn::detail::bn_fw_inf_1C11_kernel_new<float, float, bool=1, int=1>)",6773,6437
"Tesla K40c (0)","1","7","void kernelPointwiseApply1<ThresholdUpdateOutputIP<float>, float, unsigned int, int=-2>(TensorInfo<ThresholdUpdateOutputIP<float>, float>, float, float)",6274,6296
"Tesla K40c (0)","1","7","void im2col4d_kernel<float, int>(im2col4d_params, cudnnConvolutionStruct, cudnnTensor4dStruct, float const *, float*, int)",63275,6343
"Tesla K40c (0)","1","7","cudnn_convolve_sgemm_sm35_ldg_nn_32x16x64x8x16",9397,130989
"Tesla K40c (0)","1","7","void cudnn::detail::bn_fw_inf_1C11_kernel_new<float, float, bool=1, int=1>(float, cudnn::detail::bn_fw_inf_1C11_kernel_new<float, float, bool=1, int=1>, cudnnTensorStruct, float const *, float, cudnnTensorStruct*, float, cudnn::detail::bn_fw_inf_1C11_kernel_new<float, float, bool=1, int=1> const *, cudnn::detail::bn_fw_inf_1C11_kernel_new<float, float, bool=1, int=1> const , cudnn::detail::bn_fw_inf_1C11_kernel_new<float, float, bool=1, int=1> const , cudnn::detail::bn_fw_inf_1C11_kernel_new<float, float, bool=1, int=1> const , cudnn::detail::bn_fw_inf_1C11_kernel_new<float, float, bool=1, int=1>)",6762,6421
"Tesla K40c (0)","1","7","void kernelPointwiseApply2<TensorAddOp<float>, float, float, unsigned int, int=-2, int=-2>(TensorInfo<TensorAddOp<float>, float>, TensorInfo<float, float>, float, float)",6274,12554
"Tesla K40c (0)","1","7","void kernelPointwiseApply1<ThresholdUpdateOutputIP<float>, float, unsigned int, int=-2>(TensorInfo<ThresholdUpdateOutputIP<float>, float>, float, float)",6273,6296
"Tesla K40c (0)","1","7","void im2col4d_kernel<float, int>(im2col4d_params, cudnnConvolutionStruct, cudnnTensor4dStruct, float const *, float*, int)",18126,6310
"Tesla K40c (0)","1","7","cudnn_convolve_sgemm_sm35_ldg_nn_64x16x64x16x16",4925,162013
"Tesla K40c (0)","1","7","void cudnn::detail::bn_fw_inf_1C11_kernel_new<float, float, bool=1, int=1>(float, cudnn::detail::bn_fw_inf_1C11_kernel_new<float, float, bool=1, int=1>, cudnnTensorStruct, float const *, float, cudnnTensorStruct*, float, cudnn::detail::bn_fw_inf_1C11_kernel_new<float, float, bool=1, int=1> const *, cudnn::detail::bn_fw_inf_1C11_kernel_new<float, float, bool=1, int=1> const , cudnn::detail::bn_fw_inf_1C11_kernel_new<float, float, bool=1, int=1> const , cudnn::detail::bn_fw_inf_1C11_kernel_new<float, float, bool=1, int=1> const , cudnn::detail::bn_fw_inf_1C11_kernel_new<float, float, bool=1, int=1>)",3223,3433
"Tesla K40c (0)","1","7","void kernelPointwiseApply1<ThresholdUpdateOutputIP<float>, float, unsigned int, int=-2>(TensorInfo<ThresholdUpdateOutputIP<float>, float>, float, float)",3138,3169
"Tesla K40c (0)","1","7","void im2col4d_kernel<float, int>(im2col4d_params, cudnnConvolutionStruct, cudnnTensor4dStruct, float const *, float*, int)",36138,3270
"Tesla K40c (0)","1","7","cudnn_convolve_sgemm_sm35_ldg_nn_64x16x64x16x16",4926,323581
"Tesla K40c (0)","1","7","void cudnn::detail::bn_fw_inf_1C11_kernel_new<float, float, bool=1, int=1>(float, cudnn::detail::bn_fw_inf_1C11_kernel_new<float, float, bool=1, int=1>, cudnnTensorStruct, float const *, float, cudnnTensorStruct*, float, cudnn::detail::bn_fw_inf_1C11_kernel_new<float, float, bool=1, int=1> const *, cudnn::detail::bn_fw_inf_1C11_kernel_new<float, float, bool=1, int=1> const , cudnn::detail::bn_fw_inf_1C11_kernel_new<float, float, bool=1, int=1> const , cudnn::detail::bn_fw_inf_1C11_kernel_new<float, float, bool=1, int=1> const , cudnn::detail::bn_fw_inf_1C11_kernel_new<float, float, bool=1, int=1>)",3203,3409
"Tesla K40c (0)","1","7","void kern_precompute_indices<bool=0>(int*, int, int, int, int, int, int)",44,34
"Tesla K40c (0)","1","7","cudnn_convolve_precomputed_sgemm_sm35_ldg_nn_64x16x128x8x32",14593,21633
"Tesla K40c (0)","1","7","void cudnn::detail::bn_fw_inf_1C11_kernel_new<float, float, bool=1, int=1>(float, cudnn::detail::bn_fw_inf_1C11_kernel_new<float, float, bool=1, int=1>, cudnnTensorStruct, float const *, float, cudnnTensorStruct*, float, cudnn::detail::bn_fw_inf_1C11_kernel_new<float, float, bool=1, int=1> const *, cudnn::detail::bn_fw_inf_1C11_kernel_new<float, float, bool=1, int=1> const , cudnn::detail::bn_fw_inf_1C11_kernel_new<float, float, bool=1, int=1> const , cudnn::detail::bn_fw_inf_1C11_kernel_new<float, float, bool=1, int=1> const , cudnn::detail::bn_fw_inf_1C11_kernel_new<float, float, bool=1, int=1>)",3211,3413
"Tesla K40c (0)","1","7","void kernelPointwiseApply2<TensorAddOp<float>, float, float, unsigned int, int=-2, int=-2>(TensorInfo<TensorAddOp<float>, float>, TensorInfo<float, float>, float, float)",3137,6282
"Tesla K40c (0)","1","7","void kernelPointwiseApply1<ThresholdUpdateOutputIP<float>, float, unsigned int, int=-2>(TensorInfo<ThresholdUpdateOutputIP<float>, float>, float, float)",3138,3160
"Tesla K40c (0)","1","7","void im2col4d_kernel<float, int>(im2col4d_params, cudnnConvolutionStruct, cudnnTensor4dStruct, float const *, float*, int)",36153,3174
"Tesla K40c (0)","1","7","cudnn_convolve_sgemm_sm35_ldg_nn_64x16x64x16x16",4920,323581
"Tesla K40c (0)","1","7","void cudnn::detail::bn_fw_inf_1C11_kernel_new<float, float, bool=1, int=1>(float, cudnn::detail::bn_fw_inf_1C11_kernel_new<float, float, bool=1, int=1>, cudnnTensorStruct, float const *, float, cudnnTensorStruct*, float, cudnn::detail::bn_fw_inf_1C11_kernel_new<float, float, bool=1, int=1> const *, cudnn::detail::bn_fw_inf_1C11_kernel_new<float, float, bool=1, int=1> const , cudnn::detail::bn_fw_inf_1C11_kernel_new<float, float, bool=1, int=1> const , cudnn::detail::bn_fw_inf_1C11_kernel_new<float, float, bool=1, int=1> const , cudnn::detail::bn_fw_inf_1C11_kernel_new<float, float, bool=1, int=1>)",3202,3405
"Tesla K40c (0)","1","7","void kernelPointwiseApply1<ThresholdUpdateOutputIP<float>, float, unsigned int, int=-2>(TensorInfo<ThresholdUpdateOutputIP<float>, float>, float, float)",3138,3160
"Tesla K40c (0)","1","7","void im2col4d_kernel<float, int>(im2col4d_params, cudnnConvolutionStruct, cudnnTensor4dStruct, float const *, float*, int)",36133,3350
"Tesla K40c (0)","1","7","cudnn_convolve_sgemm_sm35_ldg_nn_64x16x64x16x16",4918,323581
"Tesla K40c (0)","1","7","void cudnn::detail::bn_fw_inf_1C11_kernel_new<float, float, bool=1, int=1>(float, cudnn::detail::bn_fw_inf_1C11_kernel_new<float, float, bool=1, int=1>, cudnnTensorStruct, float const *, float, cudnnTensorStruct*, float, cudnn::detail::bn_fw_inf_1C11_kernel_new<float, float, bool=1, int=1> const *, cudnn::detail::bn_fw_inf_1C11_kernel_new<float, float, bool=1, int=1> const , cudnn::detail::bn_fw_inf_1C11_kernel_new<float, float, bool=1, int=1> const , cudnn::detail::bn_fw_inf_1C11_kernel_new<float, float, bool=1, int=1> const , cudnn::detail::bn_fw_inf_1C11_kernel_new<float, float, bool=1, int=1>)",3186,3413
"Tesla K40c (0)","1","7","void kernelPointwiseApply2<TensorAddOp<float>, float, float, unsigned int, int=-2, int=-2>(TensorInfo<TensorAddOp<float>, float>, TensorInfo<float, float>, float, float)",3137,6282
"Tesla K40c (0)","1","7","void kernelPointwiseApply1<ThresholdUpdateOutputIP<float>, float, unsigned int, int=-2>(TensorInfo<ThresholdUpdateOutputIP<float>, float>, float, float)",3137,3160
"Tesla K40c (0)","1","7","void AvePoolForward<float, float, bool=1>(int, float const *, int, int, int, int, int, int, int, int, int, int, int, int, float*)",65,3313
"Tesla K40c (0)","1","7","void gemv2T_kernel_val<float, float, float, int=128, int=16, int=2, int=4, bool=0>(int, int, float, float const *, int, float const *, int, float, float*, int)",130,64223
