==12437== NVPROF is profiling process 12437, command: python resnet.py resnet18
==12437== Profiling application: python resnet.py resnet18
==12437== Profiling result:
"Start","Duration","Grid X","Grid Y","Grid Z","Block X","Block Y","Block Z","Registers Per Thread","Static SMem","Dynamic SMem","Size","Throughput","Device","Context","Stream","Name"
s,ms,,,,,,,,KB,B,MB,GB/s,,,,
2.131862,0.095041,,,,,,,,,,0.574219,5.900196,"Tesla K40c (0)","1","7","[CUDA memcpy HtoD]"
2.816075,0.007168,,,,,,,,,,0.035889,4.889444,"Tesla K40c (0)","1","7","[CUDA memcpy HtoD]"
2.816105,0.000832,,,,,,,,,,0.000244,0.286561,"Tesla K40c (0)","1","7","[CUDA memcpy HtoD]"
2.816120,0.000832,,,,,,,,,,0.000244,0.286561,"Tesla K40c (0)","1","7","[CUDA memcpy HtoD]"
2.816133,0.000832,,,,,,,,,,0.000244,0.286561,"Tesla K40c (0)","1","7","[CUDA memcpy HtoD]"
2.816146,0.000832,,,,,,,,,,0.000244,0.286561,"Tesla K40c (0)","1","7","[CUDA memcpy HtoD]"
2.816202,0.025120,,,,,,,,,,0.140625,5.466923,"Tesla K40c (0)","1","7","[CUDA memcpy HtoD]"
2.816234,0.000832,,,,,,,,,,0.000244,0.286561,"Tesla K40c (0)","1","7","[CUDA memcpy HtoD]"
2.816259,0.000832,,,,,,,,,,0.000244,0.286561,"Tesla K40c (0)","1","7","[CUDA memcpy HtoD]"
2.816273,0.000800,,,,,,,,,,0.000244,0.298023,"Tesla K40c (0)","1","7","[CUDA memcpy HtoD]"
2.816287,0.000800,,,,,,,,,,0.000244,0.298023,"Tesla K40c (0)","1","7","[CUDA memcpy HtoD]"
2.816335,0.024576,,,,,,,,,,0.140625,5.587935,"Tesla K40c (0)","1","7","[CUDA memcpy HtoD]"
2.816367,0.000832,,,,,,,,,,0.000244,0.286561,"Tesla K40c (0)","1","7","[CUDA memcpy HtoD]"
2.816380,0.000864,,,,,,,,,,0.000244,0.275947,"Tesla K40c (0)","1","7","[CUDA memcpy HtoD]"
2.816393,0.000832,,,,,,,,,,0.000244,0.286561,"Tesla K40c (0)","1","7","[CUDA memcpy HtoD]"
2.816406,0.000832,,,,,,,,,,0.000244,0.286561,"Tesla K40c (0)","1","7","[CUDA memcpy HtoD]"
2.816932,0.025056,,,,,,,,,,0.140625,5.480887,"Tesla K40c (0)","1","7","[CUDA memcpy HtoD]"
2.816964,0.000832,,,,,,,,,,0.000244,0.286561,"Tesla K40c (0)","1","7","[CUDA memcpy HtoD]"
2.816978,0.000832,,,,,,,,,,0.000244,0.286561,"Tesla K40c (0)","1","7","[CUDA memcpy HtoD]"
2.816992,0.000832,,,,,,,,,,0.000244,0.286561,"Tesla K40c (0)","1","7","[CUDA memcpy HtoD]"
2.817004,0.000864,,,,,,,,,,0.000244,0.275947,"Tesla K40c (0)","1","7","[CUDA memcpy HtoD]"
2.817049,0.024928,,,,,,,,,,0.140625,5.509030,"Tesla K40c (0)","1","7","[CUDA memcpy HtoD]"
2.817080,0.000832,,,,,,,,,,0.000244,0.286561,"Tesla K40c (0)","1","7","[CUDA memcpy HtoD]"
2.817094,0.000832,,,,,,,,,,0.000244,0.286561,"Tesla K40c (0)","1","7","[CUDA memcpy HtoD]"
2.817107,0.000832,,,,,,,,,,0.000244,0.286561,"Tesla K40c (0)","1","7","[CUDA memcpy HtoD]"
2.817120,0.000800,,,,,,,,,,0.000244,0.298023,"Tesla K40c (0)","1","7","[CUDA memcpy HtoD]"
2.817189,0.047200,,,,,,,,,,0.281250,5.819030,"Tesla K40c (0)","1","7","[CUDA memcpy HtoD]"
2.817292,0.000864,,,,,,,,,,0.000488,0.551895,"Tesla K40c (0)","1","7","[CUDA memcpy HtoD]"
2.817309,0.000864,,,,,,,,,,0.000488,0.551895,"Tesla K40c (0)","1","7","[CUDA memcpy HtoD]"
2.817322,0.000864,,,,,,,,,,0.000488,0.551895,"Tesla K40c (0)","1","7","[CUDA memcpy HtoD]"
2.817334,0.000864,,,,,,,,,,0.000488,0.551895,"Tesla K40c (0)","1","7","[CUDA memcpy HtoD]"
2.817828,0.092832,,,,,,,,,,0.562500,5.917317,"Tesla K40c (0)","1","7","[CUDA memcpy HtoD]"
2.817928,0.000896,,,,,,,,,,0.000488,0.532184,"Tesla K40c (0)","1","7","[CUDA memcpy HtoD]"
2.817941,0.000864,,,,,,,,,,0.000488,0.551895,"Tesla K40c (0)","1","7","[CUDA memcpy HtoD]"
2.817953,0.000864,,,,,,,,,,0.000488,0.551895,"Tesla K40c (0)","1","7","[CUDA memcpy HtoD]"
2.817966,0.000896,,,,,,,,,,0.000488,0.532184,"Tesla K40c (0)","1","7","[CUDA memcpy HtoD]"
2.817989,0.006272,,,,,,,,,,0.031250,4.865685,"Tesla K40c (0)","1","7","[CUDA memcpy HtoD]"
2.818004,0.000896,,,,,,,,,,0.000488,0.532184,"Tesla K40c (0)","1","7","[CUDA memcpy HtoD]"
2.818016,0.000864,,,,,,,,,,0.000488,0.551895,"Tesla K40c (0)","1","7","[CUDA memcpy HtoD]"
2.818029,0.000896,,,,,,,,,,0.000488,0.532184,"Tesla K40c (0)","1","7","[CUDA memcpy HtoD]"
2.818040,0.000832,,,,,,,,,,0.000488,0.573122,"Tesla K40c (0)","1","7","[CUDA memcpy HtoD]"
2.818534,0.092704,,,,,,,,,,0.562500,5.925488,"Tesla K40c (0)","1","7","[CUDA memcpy HtoD]"
2.818634,0.001184,,,,,,,,,,0.000488,0.402734,"Tesla K40c (0)","1","7","[CUDA memcpy HtoD]"
2.818647,0.000864,,,,,,,,,,0.000488,0.551895,"Tesla K40c (0)","1","7","[CUDA memcpy HtoD]"
2.818660,0.000864,,,,,,,,,,0.000488,0.551895,"Tesla K40c (0)","1","7","[CUDA memcpy HtoD]"
2.818672,0.000896,,,,,,,,,,0.000488,0.532184,"Tesla K40c (0)","1","7","[CUDA memcpy HtoD]"
2.819136,0.092736,,,,,,,,,,0.562500,5.923443,"Tesla K40c (0)","1","7","[CUDA memcpy HtoD]"
2.819236,0.001056,,,,,,,,,,0.000488,0.451550,"Tesla K40c (0)","1","7","[CUDA memcpy HtoD]"
2.819262,0.001856,,,,,,,,,,0.000488,0.256917,"Tesla K40c (0)","1","7","[CUDA memcpy HtoD]"
2.819269,0.000864,,,,,,,,,,0.000488,0.551895,"Tesla K40c (0)","1","7","[CUDA memcpy HtoD]"
2.819281,0.000832,,,,,,,,,,0.000488,0.573122,"Tesla K40c (0)","1","7","[CUDA memcpy HtoD]"
2.819818,0.187808,,,,,,,,,,1.125000,5.849766,"Tesla K40c (0)","1","7","[CUDA memcpy HtoD]"
2.820014,0.001216,,,,,,,,,,0.000977,0.784272,"Tesla K40c (0)","1","7","[CUDA memcpy HtoD]"
2.820026,0.000960,,,,,,,,,,0.000977,0.993411,"Tesla K40c (0)","1","7","[CUDA memcpy HtoD]"
2.820040,0.000960,,,,,,,,,,0.000977,0.993411,"Tesla K40c (0)","1","7","[CUDA memcpy HtoD]"
2.820052,0.000960,,,,,,,,,,0.000977,0.993411,"Tesla K40c (0)","1","7","[CUDA memcpy HtoD]"
2.820581,0.441312,,,,,,,,,,2.250000,4.978939,"Tesla K40c (0)","1","7","[CUDA memcpy HtoD]"
2.821030,0.001248,,,,,,,,,,0.000977,0.764162,"Tesla K40c (0)","1","7","[CUDA memcpy HtoD]"
2.821043,0.000928,,,,,,,,,,0.000977,1.027666,"Tesla K40c (0)","1","7","[CUDA memcpy HtoD]"
2.821056,0.000960,,,,,,,,,,0.000977,0.993411,"Tesla K40c (0)","1","7","[CUDA memcpy HtoD]"
2.821068,0.000960,,,,,,,,,,0.000977,0.993411,"Tesla K40c (0)","1","7","[CUDA memcpy HtoD]"
2.821105,0.022336,,,,,,,,,,0.125000,5.465182,"Tesla K40c (0)","1","7","[CUDA memcpy HtoD]"
2.821134,0.000992,,,,,,,,,,0.000977,0.961365,"Tesla K40c (0)","1","7","[CUDA memcpy HtoD]"
2.821146,0.000960,,,,,,,,,,0.000977,0.993411,"Tesla K40c (0)","1","7","[CUDA memcpy HtoD]"
2.821159,0.000960,,,,,,,,,,0.000977,0.993411,"Tesla K40c (0)","1","7","[CUDA memcpy HtoD]"
2.821171,0.000960,,,,,,,,,,0.000977,0.993411,"Tesla K40c (0)","1","7","[CUDA memcpy HtoD]"
2.821726,0.420704,,,,,,,,,,2.250000,5.222830,"Tesla K40c (0)","1","7","[CUDA memcpy HtoD]"
2.822154,0.001280,,,,,,,,,,0.000977,0.745058,"Tesla K40c (0)","1","7","[CUDA memcpy HtoD]"
2.822167,0.001216,,,,,,,,,,0.000977,0.784272,"Tesla K40c (0)","1","7","[CUDA memcpy HtoD]"
2.822190,0.001664,,,,,,,,,,0.000977,0.573122,"Tesla K40c (0)","1","7","[CUDA memcpy HtoD]"
2.822198,0.000960,,,,,,,,,,0.000977,0.993411,"Tesla K40c (0)","1","7","[CUDA memcpy HtoD]"
2.822730,0.416032,,,,,,,,,,2.250000,5.281482,"Tesla K40c (0)","1","7","[CUDA memcpy HtoD]"
2.823153,0.001248,,,,,,,,,,0.000977,0.764162,"Tesla K40c (0)","1","7","[CUDA memcpy HtoD]"
2.823165,0.000960,,,,,,,,,,0.000977,0.993411,"Tesla K40c (0)","1","7","[CUDA memcpy HtoD]"
2.823178,0.000960,,,,,,,,,,0.000977,0.993411,"Tesla K40c (0)","1","7","[CUDA memcpy HtoD]"
2.823190,0.000960,,,,,,,,,,0.000977,0.993411,"Tesla K40c (0)","1","7","[CUDA memcpy HtoD]"
2.823770,0.915552,,,,,,,,,,4.500000,4.799871,"Tesla K40c (0)","1","7","[CUDA memcpy HtoD]"
2.824693,0.001344,,,,,,,,,,0.001953,1.419158,"Tesla K40c (0)","1","7","[CUDA memcpy HtoD]"
2.824706,0.001120,,,,,,,,,,0.001953,1.702990,"Tesla K40c (0)","1","7","[CUDA memcpy HtoD]"
2.824720,0.001152,,,,,,,,,,0.001953,1.655685,"Tesla K40c (0)","1","7","[CUDA memcpy HtoD]"
2.824732,0.001120,,,,,,,,,,0.001953,1.702990,"Tesla K40c (0)","1","7","[CUDA memcpy HtoD]"
2.825287,1.840257,,,,,,,,,,9.000000,4.775997,"Tesla K40c (0)","1","7","[CUDA memcpy HtoD]"
2.827135,0.001344,,,,,,,,,,0.001953,1.419158,"Tesla K40c (0)","1","7","[CUDA memcpy HtoD]"
2.827148,0.001184,,,,,,,,,,0.001953,1.610936,"Tesla K40c (0)","1","7","[CUDA memcpy HtoD]"
2.827162,0.001120,,,,,,,,,,0.001953,1.702990,"Tesla K40c (0)","1","7","[CUDA memcpy HtoD]"
2.827196,0.001120,,,,,,,,,,0.001953,1.702990,"Tesla K40c (0)","1","7","[CUDA memcpy HtoD]"
2.827652,0.083040,,,,,,,,,,0.500000,5.880073,"Tesla K40c (0)","1","7","[CUDA memcpy HtoD]"
2.827743,0.001248,,,,,,,,,,0.001953,1.528324,"Tesla K40c (0)","1","7","[CUDA memcpy HtoD]"
2.827756,0.001120,,,,,,,,,,0.001953,1.702990,"Tesla K40c (0)","1","7","[CUDA memcpy HtoD]"
2.827770,0.001120,,,,,,,,,,0.001953,1.702990,"Tesla K40c (0)","1","7","[CUDA memcpy HtoD]"
2.827782,0.001120,,,,,,,,,,0.001953,1.702990,"Tesla K40c (0)","1","7","[CUDA memcpy HtoD]"
2.828267,1.851329,,,,,,,,,,9.000000,4.747434,"Tesla K40c (0)","1","7","[CUDA memcpy HtoD]"
2.830126,0.001376,,,,,,,,,,0.001953,1.386155,"Tesla K40c (0)","1","7","[CUDA memcpy HtoD]"
2.830140,0.001120,,,,,,,,,,0.001953,1.702990,"Tesla K40c (0)","1","7","[CUDA memcpy HtoD]"
2.830154,0.001120,,,,,,,,,,0.001953,1.702990,"Tesla K40c (0)","1","7","[CUDA memcpy HtoD]"
2.830166,0.001152,,,,,,,,,,0.001953,1.655685,"Tesla K40c (0)","1","7","[CUDA memcpy HtoD]"
2.830720,1.824897,,,,,,,,,,9.000000,4.816196,"Tesla K40c (0)","1","7","[CUDA memcpy HtoD]"
2.832553,0.001344,,,,,,,,,,0.001953,1.419158,"Tesla K40c (0)","1","7","[CUDA memcpy HtoD]"
2.832568,0.001120,,,,,,,,,,0.001953,1.702990,"Tesla K40c (0)","1","7","[CUDA memcpy HtoD]"
2.832582,0.001152,,,,,,,,,,0.001953,1.655685,"Tesla K40c (0)","1","7","[CUDA memcpy HtoD]"
2.832595,0.001152,,,,,,,,,,0.001953,1.655685,"Tesla K40c (0)","1","7","[CUDA memcpy HtoD]"
2.833128,0.368353,,,,,,,,,,1.953125,5.178046,"Tesla K40c (0)","1","7","[CUDA memcpy HtoD]"
2.833504,0.001568,,,,,,,,,,0.003815,2.375823,"Tesla K40c (0)","1","7","[CUDA memcpy HtoD]"
3.245259,0.001472,,,,,,,,,,0.000107,0.070861,"Tesla K40c (0)","1","7","[CUDA memcpy HtoD]"
3.246072,0.094432,25,1,1,512,1,1,29,0.000000,0,,,"Tesla K40c (0)","1","7","void im2col4d_kernel<float, int>(im2col4d_params, cudnnConvolutionStruct, cudnnTensor4dStruct, float const *, float*, int) [815]"
3.246170,0.254304,196,1,1,16,16,1,79,8.269531,0,,,"Tesla K40c (0)","1","7","cudnn_convolve_sgemm_sm35_ldg_nn_64x16x64x16x16 [836]"
3.246427,0.046912,64,1,1,512,1,1,18,0.000000,0,,,"Tesla K40c (0)","1","7","void cudnn::detail::bn_fw_inf_1C11_kernel_new<float, float, bool=1, int=1>(float, cudnn::detail::bn_fw_inf_1C11_kernel_new<float, float, bool=1, int=1>, cudnnTensorStruct, float const *, float, cudnnTensorStruct*, float, cudnn::detail::bn_fw_inf_1C11_kernel_new<float, float, bool=1, int=1> const *, cudnn::detail::bn_fw_inf_1C11_kernel_new<float, float, bool=1, int=1> const , cudnn::detail::bn_fw_inf_1C11_kernel_new<float, float, bool=1, int=1> const , cudnn::detail::bn_fw_inf_1C11_kernel_new<float, float, bool=1, int=1> const , cudnn::detail::bn_fw_inf_1C11_kernel_new<float, float, bool=1, int=1>) [869]"
3.247886,0.033888,60,1,1,512,1,1,8,0.000000,0,,,"Tesla K40c (0)","1","7","void kernelPointwiseApply1<ThresholdUpdateOutputIP<float>, float, unsigned int, int=-2>(TensorInfo<ThresholdUpdateOutputIP<float>, float>, float, float) [880]"
3.248536,0.074272,196,1,1,1024,1,1,31,0.000000,0,,,"Tesla K40c (0)","1","7","void MaxPoolForward<float, float>(int, float const *, int, int, int, int, int, int, int, int, int, int, int, int, int, int, float*, long*) [922]"
3.248976,0.243040,98,2,1,8,8,1,63,2.250000,0,,,"Tesla K40c (0)","1","7","void cudnn::detail::implicit_convolve_sgemm<float, int=1024, int=5, int=5, int=3, int=3, int=3, int=1, bool=1, bool=0, bool=1>(int, int, int, float const *, int, cudnn::detail::implicit_convolve_sgemm<float, int=1024, int=5, int=5, int=3, int=3, int=3, int=1, bool=1, bool=0, bool=1>*, float const *, kernel_conv_params, int, float, float, int, float const *, float const *, int, int) [954]"
3.249387,0.016384,64,1,1,512,1,1,18,0.000000,0,,,"Tesla K40c (0)","1","7","void cudnn::detail::bn_fw_inf_1C11_kernel_new<float, float, bool=1, int=1>(float, cudnn::detail::bn_fw_inf_1C11_kernel_new<float, float, bool=1, int=1>, cudnnTensorStruct, float const *, float, cudnnTensorStruct*, float, cudnn::detail::bn_fw_inf_1C11_kernel_new<float, float, bool=1, int=1> const *, cudnn::detail::bn_fw_inf_1C11_kernel_new<float, float, bool=1, int=1> const , cudnn::detail::bn_fw_inf_1C11_kernel_new<float, float, bool=1, int=1> const , cudnn::detail::bn_fw_inf_1C11_kernel_new<float, float, bool=1, int=1> const , cudnn::detail::bn_fw_inf_1C11_kernel_new<float, float, bool=1, int=1>) [987]"
3.249437,0.006016,60,1,1,512,1,1,8,0.000000,0,,,"Tesla K40c (0)","1","7","void kernelPointwiseApply1<ThresholdUpdateOutputIP<float>, float, unsigned int, int=-2>(TensorInfo<ThresholdUpdateOutputIP<float>, float>, float, float) [998]"
3.249501,0.244352,98,2,1,8,8,1,63,2.250000,0,,,"Tesla K40c (0)","1","7","void cudnn::detail::implicit_convolve_sgemm<float, int=1024, int=5, int=5, int=3, int=3, int=3, int=1, bool=1, bool=0, bool=1>(int, int, int, float const *, int, cudnn::detail::implicit_convolve_sgemm<float, int=1024, int=5, int=5, int=3, int=3, int=3, int=1, bool=1, bool=0, bool=1>*, float const *, kernel_conv_params, int, float, float, int, float const *, float const *, int, int) [1029]"
3.249749,0.012160,64,1,1,512,1,1,18,0.000000,0,,,"Tesla K40c (0)","1","7","void cudnn::detail::bn_fw_inf_1C11_kernel_new<float, float, bool=1, int=1>(float, cudnn::detail::bn_fw_inf_1C11_kernel_new<float, float, bool=1, int=1>, cudnnTensorStruct, float const *, float, cudnnTensorStruct*, float, cudnn::detail::bn_fw_inf_1C11_kernel_new<float, float, bool=1, int=1> const *, cudnn::detail::bn_fw_inf_1C11_kernel_new<float, float, bool=1, int=1> const , cudnn::detail::bn_fw_inf_1C11_kernel_new<float, float, bool=1, int=1> const , cudnn::detail::bn_fw_inf_1C11_kernel_new<float, float, bool=1, int=1> const , cudnn::detail::bn_fw_inf_1C11_kernel_new<float, float, bool=1, int=1>) [1061]"
3.249765,0.012800,60,1,1,512,1,1,10,0.000000,0,,,"Tesla K40c (0)","1","7","void kernelPointwiseApply2<TensorAddOp<float>, float, float, unsigned int, int=-2, int=-2>(TensorInfo<TensorAddOp<float>, float>, TensorInfo<float, float>, float, float) [1073]"
3.249780,0.006048,60,1,1,512,1,1,8,0.000000,0,,,"Tesla K40c (0)","1","7","void kernelPointwiseApply1<ThresholdUpdateOutputIP<float>, float, unsigned int, int=-2>(TensorInfo<ThresholdUpdateOutputIP<float>, float>, float, float) [1085]"
3.249790,0.242880,98,2,1,8,8,1,63,2.250000,0,,,"Tesla K40c (0)","1","7","void cudnn::detail::implicit_convolve_sgemm<float, int=1024, int=5, int=5, int=3, int=3, int=3, int=1, bool=1, bool=0, bool=1>(int, int, int, float const *, int, cudnn::detail::implicit_convolve_sgemm<float, int=1024, int=5, int=5, int=3, int=3, int=3, int=1, bool=1, bool=0, bool=1>*, float const *, kernel_conv_params, int, float, float, int, float const *, float const *, int, int) [1116]"
3.250098,0.016448,64,1,1,512,1,1,18,0.000000,0,,,"Tesla K40c (0)","1","7","void cudnn::detail::bn_fw_inf_1C11_kernel_new<float, float, bool=1, int=1>(float, cudnn::detail::bn_fw_inf_1C11_kernel_new<float, float, bool=1, int=1>, cudnnTensorStruct, float const *, float, cudnnTensorStruct*, float, cudnn::detail::bn_fw_inf_1C11_kernel_new<float, float, bool=1, int=1> const *, cudnn::detail::bn_fw_inf_1C11_kernel_new<float, float, bool=1, int=1> const , cudnn::detail::bn_fw_inf_1C11_kernel_new<float, float, bool=1, int=1> const , cudnn::detail::bn_fw_inf_1C11_kernel_new<float, float, bool=1, int=1> const , cudnn::detail::bn_fw_inf_1C11_kernel_new<float, float, bool=1, int=1>) [1149]"
3.250138,0.006272,60,1,1,512,1,1,8,0.000000,0,,,"Tesla K40c (0)","1","7","void kernelPointwiseApply1<ThresholdUpdateOutputIP<float>, float, unsigned int, int=-2>(TensorInfo<ThresholdUpdateOutputIP<float>, float>, float, float) [1160]"
3.250197,0.242113,98,2,1,8,8,1,63,2.250000,0,,,"Tesla K40c (0)","1","7","void cudnn::detail::implicit_convolve_sgemm<float, int=1024, int=5, int=5, int=3, int=3, int=3, int=1, bool=1, bool=0, bool=1>(int, int, int, float const *, int, cudnn::detail::implicit_convolve_sgemm<float, int=1024, int=5, int=5, int=3, int=3, int=3, int=1, bool=1, bool=0, bool=1>*, float const *, kernel_conv_params, int, float, float, int, float const *, float const *, int, int) [1191]"
3.250450,0.012320,64,1,1,512,1,1,18,0.000000,0,,,"Tesla K40c (0)","1","7","void cudnn::detail::bn_fw_inf_1C11_kernel_new<float, float, bool=1, int=1>(float, cudnn::detail::bn_fw_inf_1C11_kernel_new<float, float, bool=1, int=1>, cudnnTensorStruct, float const *, float, cudnnTensorStruct*, float, cudnn::detail::bn_fw_inf_1C11_kernel_new<float, float, bool=1, int=1> const *, cudnn::detail::bn_fw_inf_1C11_kernel_new<float, float, bool=1, int=1> const , cudnn::detail::bn_fw_inf_1C11_kernel_new<float, float, bool=1, int=1> const , cudnn::detail::bn_fw_inf_1C11_kernel_new<float, float, bool=1, int=1> const , cudnn::detail::bn_fw_inf_1C11_kernel_new<float, float, bool=1, int=1>) [1223]"
3.250472,0.012640,60,1,1,512,1,1,10,0.000000,0,,,"Tesla K40c (0)","1","7","void kernelPointwiseApply2<TensorAddOp<float>, float, float, unsigned int, int=-2, int=-2>(TensorInfo<TensorAddOp<float>, float>, TensorInfo<float, float>, float, float) [1235]"
3.250493,0.006016,60,1,1,512,1,1,8,0.000000,0,,,"Tesla K40c (0)","1","7","void kernelPointwiseApply1<ThresholdUpdateOutputIP<float>, float, unsigned int, int=-2>(TensorInfo<ThresholdUpdateOutputIP<float>, float>, float, float) [1247]"
3.250505,0.002496,64,1,1,9,1,1,19,0.000000,0,,,"Tesla K40c (0)","1","7","void kern_precompute_indices<bool=0>(int*, int, int, int, int, int, int) [1273]"
3.250509,0.187968,1,4,1,8,8,1,104,2.250000,0,,,"Tesla K40c (0)","1","13","void cudnn::detail::implicit_convolve_sgemm<float, int=128, int=5, int=5, int=3, int=3, int=3, int=1, bool=1, bool=0, bool=1>(int, int, int, float const *, int, cudnn::detail::implicit_convolve_sgemm<float, int=128, int=5, int=5, int=3, int=3, int=3, int=1, bool=1, bool=0, bool=1>*, float const *, kernel_conv_params, int, float, float, int, float const *, float const *, int, int) [1313]"
3.250513,0.192480,1,4,1,8,8,1,104,2.250000,0,,,"Tesla K40c (0)","1","15","void cudnn::detail::implicit_convolve_sgemm<float, int=128, int=5, int=5, int=3, int=3, int=3, int=1, bool=1, bool=0, bool=1>(int, int, int, float const *, int, cudnn::detail::implicit_convolve_sgemm<float, int=128, int=5, int=5, int=3, int=3, int=3, int=1, bool=1, bool=0, bool=1>*, float const *, kernel_conv_params, int, float, float, int, float const *, float const *, int, int) [1334]"
3.250517,0.151840,23,4,1,8,8,1,68,4.519531,0,,,"Tesla K40c (0)","1","7","cudnn_convolve_precomputed_sgemm_sm35_ldg_nn_32x16x32x8x8 [1292]"
3.250709,0.009728,128,1,1,256,1,1,18,0.000000,0,,,"Tesla K40c (0)","1","7","void cudnn::detail::bn_fw_inf_1C11_kernel_new<float, float, bool=1, int=1>(float, cudnn::detail::bn_fw_inf_1C11_kernel_new<float, float, bool=1, int=1>, cudnnTensorStruct, float const *, float, cudnnTensorStruct*, float, cudnn::detail::bn_fw_inf_1C11_kernel_new<float, float, bool=1, int=1> const *, cudnn::detail::bn_fw_inf_1C11_kernel_new<float, float, bool=1, int=1> const , cudnn::detail::bn_fw_inf_1C11_kernel_new<float, float, bool=1, int=1> const , cudnn::detail::bn_fw_inf_1C11_kernel_new<float, float, bool=1, int=1> const , cudnn::detail::bn_fw_inf_1C11_kernel_new<float, float, bool=1, int=1>) [1374]"
3.250721,0.004096,60,1,1,512,1,1,8,0.000000,0,,,"Tesla K40c (0)","1","7","void kernelPointwiseApply1<ThresholdUpdateOutputIP<float>, float, unsigned int, int=-2>(TensorInfo<ThresholdUpdateOutputIP<float>, float>, float, float) [1385]"
3.250729,0.164224,2,5,1,512,1,1,29,0.000000,0,,,"Tesla K40c (0)","1","7","void im2col4d_kernel<float, int>(im2col4d_params, cudnnConvolutionStruct, cudnnTensor4dStruct, float const *, float*, int) [1405]"
3.250897,0.190720,13,2,1,16,16,1,79,8.269531,0,,,"Tesla K40c (0)","1","7","cudnn_convolve_sgemm_sm35_ldg_nn_64x16x64x16x16 [1426]"
3.251091,0.008448,128,1,1,256,1,1,18,0.000000,0,,,"Tesla K40c (0)","1","7","void cudnn::detail::bn_fw_inf_1C11_kernel_new<float, float, bool=1, int=1>(float, cudnn::detail::bn_fw_inf_1C11_kernel_new<float, float, bool=1, int=1>, cudnnTensorStruct, float const *, float, cudnnTensorStruct*, float, cudnn::detail::bn_fw_inf_1C11_kernel_new<float, float, bool=1, int=1> const *, cudnn::detail::bn_fw_inf_1C11_kernel_new<float, float, bool=1, int=1> const , cudnn::detail::bn_fw_inf_1C11_kernel_new<float, float, bool=1, int=1> const , cudnn::detail::bn_fw_inf_1C11_kernel_new<float, float, bool=1, int=1> const , cudnn::detail::bn_fw_inf_1C11_kernel_new<float, float, bool=1, int=1>) [1459]"
3.251102,0.002496,64,1,1,1,1,1,19,0.000000,0,,,"Tesla K40c (0)","1","7","void kern_precompute_indices<bool=0>(int*, int, int, int, int, int, int) [1479]"
3.251108,0.028320,25,4,1,8,8,1,102,2.250000,0,,,"Tesla K40c (0)","1","7","void cudnn::detail::precomputed_convolve_sgemm<float, int=128, int=5, int=5, int=3, int=3, int=3, int=1, bool=1>(int, int, int, float const *, int, cudnn::detail::precomputed_convolve_sgemm<float, int=128, int=5, int=5, int=3, int=3, int=3, int=1, bool=1>*, float const *, kernel_conv_params, int, float, float, int, float const *, float const *, int*) [1498]"
3.251139,0.007936,128,1,1,256,1,1,18,0.000000,0,,,"Tesla K40c (0)","1","7","void cudnn::detail::bn_fw_inf_1C11_kernel_new<float, float, bool=1, int=1>(float, cudnn::detail::bn_fw_inf_1C11_kernel_new<float, float, bool=1, int=1>, cudnnTensorStruct, float const *, float, cudnnTensorStruct*, float, cudnn::detail::bn_fw_inf_1C11_kernel_new<float, float, bool=1, int=1> const *, cudnn::detail::bn_fw_inf_1C11_kernel_new<float, float, bool=1, int=1> const , cudnn::detail::bn_fw_inf_1C11_kernel_new<float, float, bool=1, int=1> const , cudnn::detail::bn_fw_inf_1C11_kernel_new<float, float, bool=1, int=1> const , cudnn::detail::bn_fw_inf_1C11_kernel_new<float, float, bool=1, int=1>) [1530]"
3.251151,0.006112,60,1,1,512,1,1,10,0.000000,0,,,"Tesla K40c (0)","1","7","void kernelPointwiseApply2<TensorAddOp<float>, float, float, unsigned int, int=-2, int=-2>(TensorInfo<TensorAddOp<float>, float>, TensorInfo<float, float>, float, float) [1542]"
3.251160,0.004288,60,1,1,512,1,1,8,0.000000,0,,,"Tesla K40c (0)","1","7","void kernelPointwiseApply1<ThresholdUpdateOutputIP<float>, float, unsigned int, int=-2>(TensorInfo<ThresholdUpdateOutputIP<float>, float>, float, float) [1554]"
3.251167,0.163712,2,5,1,512,1,1,29,0.000000,0,,,"Tesla K40c (0)","1","7","void im2col4d_kernel<float, int>(im2col4d_params, cudnnConvolutionStruct, cudnnTensor4dStruct, float const *, float*, int) [1574]"
3.251334,0.200384,13,2,1,16,16,1,79,8.269531,0,,,"Tesla K40c (0)","1","7","cudnn_convolve_sgemm_sm35_ldg_nn_64x16x64x16x16 [1595]"
3.251538,0.008320,128,1,1,256,1,1,18,0.000000,0,,,"Tesla K40c (0)","1","7","void cudnn::detail::bn_fw_inf_1C11_kernel_new<float, float, bool=1, int=1>(float, cudnn::detail::bn_fw_inf_1C11_kernel_new<float, float, bool=1, int=1>, cudnnTensorStruct, float const *, float, cudnnTensorStruct*, float, cudnn::detail::bn_fw_inf_1C11_kernel_new<float, float, bool=1, int=1> const *, cudnn::detail::bn_fw_inf_1C11_kernel_new<float, float, bool=1, int=1> const , cudnn::detail::bn_fw_inf_1C11_kernel_new<float, float, bool=1, int=1> const , cudnn::detail::bn_fw_inf_1C11_kernel_new<float, float, bool=1, int=1> const , cudnn::detail::bn_fw_inf_1C11_kernel_new<float, float, bool=1, int=1>) [1628]"
3.251549,0.004192,60,1,1,512,1,1,8,0.000000,0,,,"Tesla K40c (0)","1","7","void kernelPointwiseApply1<ThresholdUpdateOutputIP<float>, float, unsigned int, int=-2>(TensorInfo<ThresholdUpdateOutputIP<float>, float>, float, float) [1639]"
3.251556,0.163680,2,5,1,512,1,1,29,0.000000,0,,,"Tesla K40c (0)","1","7","void im2col4d_kernel<float, int>(im2col4d_params, cudnnConvolutionStruct, cudnnTensor4dStruct, float const *, float*, int) [1659]"
3.251724,0.191904,13,2,1,16,16,1,79,8.269531,0,,,"Tesla K40c (0)","1","7","cudnn_convolve_sgemm_sm35_ldg_nn_64x16x64x16x16 [1680]"
3.251919,0.008224,128,1,1,256,1,1,18,0.000000,0,,,"Tesla K40c (0)","1","7","void cudnn::detail::bn_fw_inf_1C11_kernel_new<float, float, bool=1, int=1>(float, cudnn::detail::bn_fw_inf_1C11_kernel_new<float, float, bool=1, int=1>, cudnnTensorStruct, float const *, float, cudnnTensorStruct*, float, cudnn::detail::bn_fw_inf_1C11_kernel_new<float, float, bool=1, int=1> const *, cudnn::detail::bn_fw_inf_1C11_kernel_new<float, float, bool=1, int=1> const , cudnn::detail::bn_fw_inf_1C11_kernel_new<float, float, bool=1, int=1> const , cudnn::detail::bn_fw_inf_1C11_kernel_new<float, float, bool=1, int=1> const , cudnn::detail::bn_fw_inf_1C11_kernel_new<float, float, bool=1, int=1>) [1713]"
3.251930,0.006368,60,1,1,512,1,1,10,0.000000,0,,,"Tesla K40c (0)","1","7","void kernelPointwiseApply2<TensorAddOp<float>, float, float, unsigned int, int=-2, int=-2>(TensorInfo<TensorAddOp<float>, float>, TensorInfo<float, float>, float, float) [1725]"
3.251939,0.004224,60,1,1,512,1,1,8,0.000000,0,,,"Tesla K40c (0)","1","7","void kernelPointwiseApply1<ThresholdUpdateOutputIP<float>, float, unsigned int, int=-2>(TensorInfo<ThresholdUpdateOutputIP<float>, float>, float, float) [1737]"
3.251947,0.214176,7,8,1,8,8,1,104,2.250000,0,,,"Tesla K40c (0)","1","7","void cudnn::detail::implicit_convolve_sgemm<float, int=128, int=5, int=5, int=3, int=3, int=3, int=1, bool=1, bool=0, bool=1>(int, int, int, float const *, int, cudnn::detail::implicit_convolve_sgemm<float, int=128, int=5, int=5, int=3, int=3, int=3, int=1, bool=1, bool=0, bool=1>*, float const *, kernel_conv_params, int, float, float, int, float const *, float const *, int, int) [1768]"
3.252164,0.008928,256,1,1,64,1,1,18,0.000000,0,,,"Tesla K40c (0)","1","7","void cudnn::detail::bn_fw_inf_1C11_kernel_new<float, float, bool=1, int=1>(float, cudnn::detail::bn_fw_inf_1C11_kernel_new<float, float, bool=1, int=1>, cudnnTensorStruct, float const *, float, cudnnTensorStruct*, float, cudnn::detail::bn_fw_inf_1C11_kernel_new<float, float, bool=1, int=1> const *, cudnn::detail::bn_fw_inf_1C11_kernel_new<float, float, bool=1, int=1> const , cudnn::detail::bn_fw_inf_1C11_kernel_new<float, float, bool=1, int=1> const , cudnn::detail::bn_fw_inf_1C11_kernel_new<float, float, bool=1, int=1> const , cudnn::detail::bn_fw_inf_1C11_kernel_new<float, float, bool=1, int=1>) [1800]"
3.252176,0.003552,60,1,1,512,1,1,8,0.000000,0,,,"Tesla K40c (0)","1","7","void kernelPointwiseApply1<ThresholdUpdateOutputIP<float>, float, unsigned int, int=-2>(TensorInfo<ThresholdUpdateOutputIP<float>, float>, float, float) [1811]"
3.252182,0.160736,1,10,1,512,1,1,29,0.000000,0,,,"Tesla K40c (0)","1","7","void im2col4d_kernel<float, int>(im2col4d_params, cudnnConvolutionStruct, cudnnTensor4dStruct, float const *, float*, int) [1831]"
3.252346,0.309088,7,4,1,8,16,1,83,6.269531,0,,,"Tesla K40c (0)","1","7","cudnn_convolve_sgemm_sm35_ldg_nn_32x16x64x8x16 [1852]"
3.252658,0.008160,256,1,1,64,1,1,18,0.000000,0,,,"Tesla K40c (0)","1","7","void cudnn::detail::bn_fw_inf_1C11_kernel_new<float, float, bool=1, int=1>(float, cudnn::detail::bn_fw_inf_1C11_kernel_new<float, float, bool=1, int=1>, cudnnTensorStruct, float const *, float, cudnnTensorStruct*, float, cudnn::detail::bn_fw_inf_1C11_kernel_new<float, float, bool=1, int=1> const *, cudnn::detail::bn_fw_inf_1C11_kernel_new<float, float, bool=1, int=1> const , cudnn::detail::bn_fw_inf_1C11_kernel_new<float, float, bool=1, int=1> const , cudnn::detail::bn_fw_inf_1C11_kernel_new<float, float, bool=1, int=1> const , cudnn::detail::bn_fw_inf_1C11_kernel_new<float, float, bool=1, int=1>) [1885]"
3.252669,0.002624,128,1,1,1,1,1,19,0.000000,0,,,"Tesla K40c (0)","1","7","void kern_precompute_indices<bool=0>(int*, int, int, int, int, int, int) [1905]"
3.252675,0.038848,7,8,1,8,8,1,68,4.519531,0,,,"Tesla K40c (0)","1","7","cudnn_convolve_precomputed_sgemm_sm35_ldg_nn_32x16x32x8x8 [1924]"
3.252717,0.007360,256,1,1,64,1,1,18,0.000000,0,,,"Tesla K40c (0)","1","7","void cudnn::detail::bn_fw_inf_1C11_kernel_new<float, float, bool=1, int=1>(float, cudnn::detail::bn_fw_inf_1C11_kernel_new<float, float, bool=1, int=1>, cudnnTensorStruct, float const *, float, cudnnTensorStruct*, float, cudnn::detail::bn_fw_inf_1C11_kernel_new<float, float, bool=1, int=1> const *, cudnn::detail::bn_fw_inf_1C11_kernel_new<float, float, bool=1, int=1> const , cudnn::detail::bn_fw_inf_1C11_kernel_new<float, float, bool=1, int=1> const , cudnn::detail::bn_fw_inf_1C11_kernel_new<float, float, bool=1, int=1> const , cudnn::detail::bn_fw_inf_1C11_kernel_new<float, float, bool=1, int=1>) [1956]"
3.252728,0.003808,60,1,1,512,1,1,10,0.000000,0,,,"Tesla K40c (0)","1","7","void kernelPointwiseApply2<TensorAddOp<float>, float, float, unsigned int, int=-2, int=-2>(TensorInfo<TensorAddOp<float>, float>, TensorInfo<float, float>, float, float) [1968]"
3.252735,0.003360,60,1,1,512,1,1,8,0.000000,0,,,"Tesla K40c (0)","1","7","void kernelPointwiseApply1<ThresholdUpdateOutputIP<float>, float, unsigned int, int=-2>(TensorInfo<ThresholdUpdateOutputIP<float>, float>, float, float) [1980]"
3.252741,0.160576,1,10,1,512,1,1,29,0.000000,0,,,"Tesla K40c (0)","1","7","void im2col4d_kernel<float, int>(im2col4d_params, cudnnConvolutionStruct, cudnnTensor4dStruct, float const *, float*, int) [2000]"
3.252905,0.308288,7,4,1,8,16,1,83,6.269531,0,,,"Tesla K40c (0)","1","7","cudnn_convolve_sgemm_sm35_ldg_nn_32x16x64x8x16 [2021]"
3.253217,0.008256,256,1,1,64,1,1,18,0.000000,0,,,"Tesla K40c (0)","1","7","void cudnn::detail::bn_fw_inf_1C11_kernel_new<float, float, bool=1, int=1>(float, cudnn::detail::bn_fw_inf_1C11_kernel_new<float, float, bool=1, int=1>, cudnnTensorStruct, float const *, float, cudnnTensorStruct*, float, cudnn::detail::bn_fw_inf_1C11_kernel_new<float, float, bool=1, int=1> const *, cudnn::detail::bn_fw_inf_1C11_kernel_new<float, float, bool=1, int=1> const , cudnn::detail::bn_fw_inf_1C11_kernel_new<float, float, bool=1, int=1> const , cudnn::detail::bn_fw_inf_1C11_kernel_new<float, float, bool=1, int=1> const , cudnn::detail::bn_fw_inf_1C11_kernel_new<float, float, bool=1, int=1>) [2054]"
3.253228,0.003808,60,1,1,512,1,1,8,0.000000,0,,,"Tesla K40c (0)","1","7","void kernelPointwiseApply1<ThresholdUpdateOutputIP<float>, float, unsigned int, int=-2>(TensorInfo<ThresholdUpdateOutputIP<float>, float>, float, float) [2065]"
3.253235,0.161344,1,10,1,512,1,1,29,0.000000,0,,,"Tesla K40c (0)","1","7","void im2col4d_kernel<float, int>(im2col4d_params, cudnnConvolutionStruct, cudnnTensor4dStruct, float const *, float*, int) [2085]"
3.253399,0.309121,7,4,1,8,16,1,83,6.269531,0,,,"Tesla K40c (0)","1","7","cudnn_convolve_sgemm_sm35_ldg_nn_32x16x64x8x16 [2106]"
3.253711,0.008256,256,1,1,64,1,1,18,0.000000,0,,,"Tesla K40c (0)","1","7","void cudnn::detail::bn_fw_inf_1C11_kernel_new<float, float, bool=1, int=1>(float, cudnn::detail::bn_fw_inf_1C11_kernel_new<float, float, bool=1, int=1>, cudnnTensorStruct, float const *, float, cudnnTensorStruct*, float, cudnn::detail::bn_fw_inf_1C11_kernel_new<float, float, bool=1, int=1> const *, cudnn::detail::bn_fw_inf_1C11_kernel_new<float, float, bool=1, int=1> const , cudnn::detail::bn_fw_inf_1C11_kernel_new<float, float, bool=1, int=1> const , cudnn::detail::bn_fw_inf_1C11_kernel_new<float, float, bool=1, int=1> const , cudnn::detail::bn_fw_inf_1C11_kernel_new<float, float, bool=1, int=1>) [2139]"
3.253722,0.004544,60,1,1,512,1,1,10,0.000000,0,,,"Tesla K40c (0)","1","7","void kernelPointwiseApply2<TensorAddOp<float>, float, float, unsigned int, int=-2, int=-2>(TensorInfo<TensorAddOp<float>, float>, TensorInfo<float, float>, float, float) [2151]"
3.253730,0.003392,60,1,1,512,1,1,8,0.000000,0,,,"Tesla K40c (0)","1","7","void kernelPointwiseApply1<ThresholdUpdateOutputIP<float>, float, unsigned int, int=-2>(TensorInfo<ThresholdUpdateOutputIP<float>, float>, float, float) [2163]"
3.253736,0.167936,1,10,1,512,1,1,29,0.000000,0,,,"Tesla K40c (0)","1","7","void im2col4d_kernel<float, int>(im2col4d_params, cudnnConvolutionStruct, cudnnTensor4dStruct, float const *, float*, int) [2183]"
3.253907,0.247840,1,8,1,16,16,1,79,8.269531,0,,,"Tesla K40c (0)","1","7","cudnn_convolve_sgemm_sm35_ldg_nn_64x16x64x16x16 [2204]"
3.254158,0.006144,512,1,1,64,1,1,18,0.000000,0,,,"Tesla K40c (0)","1","7","void cudnn::detail::bn_fw_inf_1C11_kernel_new<float, float, bool=1, int=1>(float, cudnn::detail::bn_fw_inf_1C11_kernel_new<float, float, bool=1, int=1>, cudnnTensorStruct, float const *, float, cudnnTensorStruct*, float, cudnn::detail::bn_fw_inf_1C11_kernel_new<float, float, bool=1, int=1> const *, cudnn::detail::bn_fw_inf_1C11_kernel_new<float, float, bool=1, int=1> const , cudnn::detail::bn_fw_inf_1C11_kernel_new<float, float, bool=1, int=1> const , cudnn::detail::bn_fw_inf_1C11_kernel_new<float, float, bool=1, int=1> const , cudnn::detail::bn_fw_inf_1C11_kernel_new<float, float, bool=1, int=1>) [2237]"
3.254167,0.002560,49,1,1,512,1,1,8,0.000000,0,,,"Tesla K40c (0)","1","7","void kernelPointwiseApply1<ThresholdUpdateOutputIP<float>, float, unsigned int, int=-2>(TensorInfo<ThresholdUpdateOutputIP<float>, float>, float, float) [2248]"
3.254172,0.158368,1,19,1,512,1,1,29,0.000000,0,,,"Tesla K40c (0)","1","7","void im2col4d_kernel<float, int>(im2col4d_params, cudnnConvolutionStruct, cudnnTensor4dStruct, float const *, float*, int) [2268]"
3.254337,0.473920,1,8,1,16,16,1,79,8.269531,0,,,"Tesla K40c (0)","1","7","cudnn_convolve_sgemm_sm35_ldg_nn_64x16x64x16x16 [2289]"
3.254814,0.006080,512,1,1,64,1,1,18,0.000000,0,,,"Tesla K40c (0)","1","7","void cudnn::detail::bn_fw_inf_1C11_kernel_new<float, float, bool=1, int=1>(float, cudnn::detail::bn_fw_inf_1C11_kernel_new<float, float, bool=1, int=1>, cudnnTensorStruct, float const *, float, cudnnTensorStruct*, float, cudnn::detail::bn_fw_inf_1C11_kernel_new<float, float, bool=1, int=1> const *, cudnn::detail::bn_fw_inf_1C11_kernel_new<float, float, bool=1, int=1> const , cudnn::detail::bn_fw_inf_1C11_kernel_new<float, float, bool=1, int=1> const , cudnn::detail::bn_fw_inf_1C11_kernel_new<float, float, bool=1, int=1> const , cudnn::detail::bn_fw_inf_1C11_kernel_new<float, float, bool=1, int=1>) [2322]"
3.254823,0.003168,256,1,1,1,1,1,19,0.000000,0,,,"Tesla K40c (0)","1","7","void kern_precompute_indices<bool=0>(int*, int, int, int, int, int, int) [2342]"
3.254830,0.082048,1,4,1,8,32,1,79,12.519531,0,,,"Tesla K40c (0)","1","7","cudnn_convolve_precomputed_sgemm_sm35_ldg_nn_64x16x128x8x32 [2361]"
3.254915,0.005760,512,1,1,64,1,1,18,0.000000,0,,,"Tesla K40c (0)","1","7","void cudnn::detail::bn_fw_inf_1C11_kernel_new<float, float, bool=1, int=1>(float, cudnn::detail::bn_fw_inf_1C11_kernel_new<float, float, bool=1, int=1>, cudnnTensorStruct, float const *, float, cudnnTensorStruct*, float, cudnn::detail::bn_fw_inf_1C11_kernel_new<float, float, bool=1, int=1> const *, cudnn::detail::bn_fw_inf_1C11_kernel_new<float, float, bool=1, int=1> const , cudnn::detail::bn_fw_inf_1C11_kernel_new<float, float, bool=1, int=1> const , cudnn::detail::bn_fw_inf_1C11_kernel_new<float, float, bool=1, int=1> const , cudnn::detail::bn_fw_inf_1C11_kernel_new<float, float, bool=1, int=1>) [2393]"
3.254925,0.002912,49,1,1,512,1,1,10,0.000000,0,,,"Tesla K40c (0)","1","7","void kernelPointwiseApply2<TensorAddOp<float>, float, float, unsigned int, int=-2, int=-2>(TensorInfo<TensorAddOp<float>, float>, TensorInfo<float, float>, float, float) [2405]"
3.254930,0.002432,49,1,1,512,1,1,8,0.000000,0,,,"Tesla K40c (0)","1","7","void kernelPointwiseApply1<ThresholdUpdateOutputIP<float>, float, unsigned int, int=-2>(TensorInfo<ThresholdUpdateOutputIP<float>, float>, float, float) [2417]"
3.254936,0.158144,1,19,1,512,1,1,29,0.000000,0,,,"Tesla K40c (0)","1","7","void im2col4d_kernel<float, int>(im2col4d_params, cudnnConvolutionStruct, cudnnTensor4dStruct, float const *, float*, int) [2437]"
3.255098,0.474945,1,8,1,16,16,1,79,8.269531,0,,,"Tesla K40c (0)","1","7","cudnn_convolve_sgemm_sm35_ldg_nn_64x16x64x16x16 [2458]"
3.255576,0.005920,512,1,1,64,1,1,18,0.000000,0,,,"Tesla K40c (0)","1","7","void cudnn::detail::bn_fw_inf_1C11_kernel_new<float, float, bool=1, int=1>(float, cudnn::detail::bn_fw_inf_1C11_kernel_new<float, float, bool=1, int=1>, cudnnTensorStruct, float const *, float, cudnnTensorStruct*, float, cudnn::detail::bn_fw_inf_1C11_kernel_new<float, float, bool=1, int=1> const *, cudnn::detail::bn_fw_inf_1C11_kernel_new<float, float, bool=1, int=1> const , cudnn::detail::bn_fw_inf_1C11_kernel_new<float, float, bool=1, int=1> const , cudnn::detail::bn_fw_inf_1C11_kernel_new<float, float, bool=1, int=1> const , cudnn::detail::bn_fw_inf_1C11_kernel_new<float, float, bool=1, int=1>) [2491]"
3.255585,0.002400,49,1,1,512,1,1,8,0.000000,0,,,"Tesla K40c (0)","1","7","void kernelPointwiseApply1<ThresholdUpdateOutputIP<float>, float, unsigned int, int=-2>(TensorInfo<ThresholdUpdateOutputIP<float>, float>, float, float) [2502]"
3.255591,0.158240,1,19,1,512,1,1,29,0.000000,0,,,"Tesla K40c (0)","1","7","void im2col4d_kernel<float, int>(im2col4d_params, cudnnConvolutionStruct, cudnnTensor4dStruct, float const *, float*, int) [2522]"
3.255752,0.473888,1,8,1,16,16,1,79,8.269531,0,,,"Tesla K40c (0)","1","7","cudnn_convolve_sgemm_sm35_ldg_nn_64x16x64x16x16 [2543]"
3.256229,0.005920,512,1,1,64,1,1,18,0.000000,0,,,"Tesla K40c (0)","1","7","void cudnn::detail::bn_fw_inf_1C11_kernel_new<float, float, bool=1, int=1>(float, cudnn::detail::bn_fw_inf_1C11_kernel_new<float, float, bool=1, int=1>, cudnnTensorStruct, float const *, float, cudnnTensorStruct*, float, cudnn::detail::bn_fw_inf_1C11_kernel_new<float, float, bool=1, int=1> const *, cudnn::detail::bn_fw_inf_1C11_kernel_new<float, float, bool=1, int=1> const , cudnn::detail::bn_fw_inf_1C11_kernel_new<float, float, bool=1, int=1> const , cudnn::detail::bn_fw_inf_1C11_kernel_new<float, float, bool=1, int=1> const , cudnn::detail::bn_fw_inf_1C11_kernel_new<float, float, bool=1, int=1>) [2576]"
3.256238,0.002912,49,1,1,512,1,1,10,0.000000,0,,,"Tesla K40c (0)","1","7","void kernelPointwiseApply2<TensorAddOp<float>, float, float, unsigned int, int=-2, int=-2>(TensorInfo<TensorAddOp<float>, float>, TensorInfo<float, float>, float, float) [2588]"
3.256244,0.002400,49,1,1,512,1,1,8,0.000000,0,,,"Tesla K40c (0)","1","7","void kernelPointwiseApply1<ThresholdUpdateOutputIP<float>, float, unsigned int, int=-2>(TensorInfo<ThresholdUpdateOutputIP<float>, float>, float, float) [2600]"
3.256251,0.075232,1,1,1,1024,1,1,32,0.000000,0,,,"Tesla K40c (0)","1","7","void AvePoolForward<float, float, bool=1>(int, float const *, int, int, int, int, int, int, int, int, int, int, int, int, float*) [2628]"
3.256329,0.002368,,,,,,,,,,0.003815,1.573180,"Tesla K40c (0)","1","7","[CUDA memcpy DtoD]"
3.403798,0.001184,,,,,,,,,,0.000107,0.088098,"Tesla K40c (0)","1","7","[CUDA memcpy HtoD]"
3.403868,0.018176,125,1,1,128,1,1,31,1.500000,0,,,"Tesla K40c (0)","1","7","void gemv2T_kernel_val<float, float, float, int=128, int=16, int=2, int=4, bool=0>(int, int, float, float const *, int, float const *, int, float, float*, int) [2786]"
