



void im2col4d_kernel<float, int>(im2col4d_params, cudnnConvolutionStruct, cudnnTensor4dStruct, float const *, float*, int)	230498	18866	0.094112	
cudnn_convolve_sgemm_sm35_ldg_nn_64x16x64x16x16	100353	232144	0.254112	
void cudnn::detail::bn_fw_inf_1C11_kernel_new<float, float, bool=1, int=1>(float, cudnn::detail::bn_fw_inf_1C11_kernel_new<float, float, bool=1, int=1>, cudnnTensorStruct, float const *, float, cudnnTensorStruct*, float, cudnn::detail::bn_fw_inf_1C11_kernel_new<float, float, bool=1, int=1> const *, cudnn::detail::bn_fw_inf_1C11_kernel_new<float, float, bool=1, int=1> const , cudnn::detail::bn_fw_inf_1C11_kernel_new<float, float, bool=1, int=1> const , cudnn::detail::bn_fw_inf_1C11_kernel_new<float, float, bool=1, int=1> const , cudnn::detail::bn_fw_inf_1C11_kernel_new<float, float, bool=1, int=1>)	100353	100565	0.047296	
void kernelPointwiseApply1<ThresholdUpdateOutputIP<float>, float, unsigned int, int=-2>(TensorInfo<ThresholdUpdateOutputIP<float>, float>, float, float)	100352	100376	0.033952	
void MaxPoolForward<float, float>(int, float const *, int, int, int, int, int, int, int, int, int, int, int, int, int, int, float*, long*)	75265	100470	0.072864	
void kern_precompute_indices<bool=0>(int*, int, int, int, int, int, int)	10	26	0.002816	
cudnn_convolve_precomputed_sgemm_sm35_ldg_nn_32x16x32x8x8	96405	26049	0.055264	
void cudnn::detail::bn_fw_inf_1C11_kernel_new<float, float, bool=1, int=1>(float, cudnn::detail::bn_fw_inf_1C11_kernel_new<float, float, bool=1, int=1>, cudnnTensorStruct, float const *, float, cudnnTensorStruct*, float, cudnn::detail::bn_fw_inf_1C11_kernel_new<float, float, bool=1, int=1> const *, cudnn::detail::bn_fw_inf_1C11_kernel_new<float, float, bool=1, int=1> const , cudnn::detail::bn_fw_inf_1C11_kernel_new<float, float, bool=1, int=1> const , cudnn::detail::bn_fw_inf_1C11_kernel_new<float, float, bool=1, int=1> const , cudnn::detail::bn_fw_inf_1C11_kernel_new<float, float, bool=1, int=1>)	25089	25145	0.047296	
void kernelPointwiseApply1<ThresholdUpdateOutputIP<float>, float, unsigned int, int=-2>(TensorInfo<ThresholdUpdateOutputIP<float>, float>, float, float)	25089	25121	0.033952	
void cudnn::detail::implicit_convolve_sgemm<float, int=1024, int=5, int=5, int=3, int=3, int=3, int=1, bool=1, bool=0, bool=1>(int, int, int, float const *, int, cudnn::detail::implicit_convolve_sgemm<float, int=1024, int=5, int=5, int=3, int=3, int=3, int=1, bool=1, bool=0, bool=1>*, float const *, kernel_conv_params, int, float, float, int, float const *, float const *, int, int)	99650	30087	0.238753	
void cudnn::detail::bn_fw_inf_1C11_kernel_new<float, float, bool=1, int=1>(float, cudnn::detail::bn_fw_inf_1C11_kernel_new<float, float, bool=1, int=1>, cudnnTensorStruct, float const *, float, cudnnTensorStruct*, float, cudnn::detail::bn_fw_inf_1C11_kernel_new<float, float, bool=1, int=1> const *, cudnn::detail::bn_fw_inf_1C11_kernel_new<float, float, bool=1, int=1> const , cudnn::detail::bn_fw_inf_1C11_kernel_new<float, float, bool=1, int=1> const , cudnn::detail::bn_fw_inf_1C11_kernel_new<float, float, bool=1, int=1> const , cudnn::detail::bn_fw_inf_1C11_kernel_new<float, float, bool=1, int=1>)	25090	25145	0.016064	
void kernelPointwiseApply1<ThresholdUpdateOutputIP<float>, float, unsigned int, int=-2>(TensorInfo<ThresholdUpdateOutputIP<float>, float>, float, float)	25089	25112	0.006240	
void im2col4d_kernel<float, int>(im2col4d_params, cudnnConvolutionStruct, cudnnTensor4dStruct, float const *, float*, int)	25090	25130	0.094112	
cudnn_convolve_sgemm_sm35_ldg_nn_64x16x64x16x16	100353	61332	0.254112	
void cudnn::detail::bn_fw_inf_1C11_kernel_new<float, float, bool=1, int=1>(float, cudnn::detail::bn_fw_inf_1C11_kernel_new<float, float, bool=1, int=1>, cudnnTensorStruct, float const *, float, cudnnTensorStruct*, float, cudnn::detail::bn_fw_inf_1C11_kernel_new<float, float, bool=1, int=1> const *, cudnn::detail::bn_fw_inf_1C11_kernel_new<float, float, bool=1, int=1> const , cudnn::detail::bn_fw_inf_1C11_kernel_new<float, float, bool=1, int=1> const , cudnn::detail::bn_fw_inf_1C11_kernel_new<float, float, bool=1, int=1> const , cudnn::detail::bn_fw_inf_1C11_kernel_new<float, float, bool=1, int=1>)	100352	100505	0.013216	
void im2col4d_kernel<float, int>(im2col4d_params, cudnnConvolutionStruct, cudnnTensor4dStruct, float const *, float*, int)	25088	25179	0.058720	
cudnn_convolve_sgemm_sm35_ldg_nn_64x16x64x16x16	100352	60793	0.165216	
void cudnn::detail::bn_fw_inf_1C11_kernel_new<float, float, bool=1, int=1>(float, cudnn::detail::bn_fw_inf_1C11_kernel_new<float, float, bool=1, int=1>, cudnnTensorStruct, float const *, float, cudnnTensorStruct*, float, cudnn::detail::bn_fw_inf_1C11_kernel_new<float, float, bool=1, int=1> const *, cudnn::detail::bn_fw_inf_1C11_kernel_new<float, float, bool=1, int=1> const , cudnn::detail::bn_fw_inf_1C11_kernel_new<float, float, bool=1, int=1> const , cudnn::detail::bn_fw_inf_1C11_kernel_new<float, float, bool=1, int=1> const , cudnn::detail::bn_fw_inf_1C11_kernel_new<float, float, bool=1, int=1>)	100354	100602	0.039744	
void kernelPointwiseApply2<TensorAddOp<float>, float, float, unsigned int, int=-2, int=-2>(TensorInfo<TensorAddOp<float>, float>, TensorInfo<float, float>, float, float)	100354	200718	0.048704	
void kernelPointwiseApply1<ThresholdUpdateOutputIP<float>, float, unsigned int, int=-2>(TensorInfo<ThresholdUpdateOutputIP<float>, float>, float, float)	100353	100384	0.006080	
void kern_precompute_indices<bool=0>(int*, int, int, int, int, int, int)	45	26	0.002816	
void cudnn::detail::precomputed_convolve_sgemm<float, int=128, int=5, int=5, int=3, int=3, int=3, int=1, bool=1>(int, int, int, float const *, int, cudnn::detail::precomputed_convolve_sgemm<float, int=128, int=5, int=5, int=3, int=3, int=3, int=1, bool=1>*, float const *, kernel_conv_params, int, float, float, int, float const *, float const *, int*)	98300	181142	0.118944	
void cudnn::detail::bn_fw_inf_1C11_kernel_new<float, float, bool=1, int=1>(float, cudnn::detail::bn_fw_inf_1C11_kernel_new<float, float, bool=1, int=1>, cudnnTensorStruct, float const *, float, cudnnTensorStruct*, float, cudnn::detail::bn_fw_inf_1C11_kernel_new<float, float, bool=1, int=1> const *, cudnn::detail::bn_fw_inf_1C11_kernel_new<float, float, bool=1, int=1> const , cudnn::detail::bn_fw_inf_1C11_kernel_new<float, float, bool=1, int=1> const , cudnn::detail::bn_fw_inf_1C11_kernel_new<float, float, bool=1, int=1> const , cudnn::detail::bn_fw_inf_1C11_kernel_new<float, float, bool=1, int=1>)	25090	25153	0.039520	
void kernelPointwiseApply1<ThresholdUpdateOutputIP<float>, float, unsigned int, int=-2>(TensorInfo<ThresholdUpdateOutputIP<float>, float>, float, float)	25088	25112	0.033984	
void cudnn::detail::implicit_convolve_sgemm<float, int=1024, int=5, int=5, int=3, int=3, int=3, int=1, bool=1, bool=0, bool=1>(int, int, int, float const *, int, cudnn::detail::implicit_convolve_sgemm<float, int=1024, int=5, int=5, int=3, int=3, int=3, int=1, bool=1, bool=0, bool=1>*, float const *, kernel_conv_params, int, float, float, int, float const *, float const *, int, int)	99628	30079	0.238753	
void cudnn::detail::bn_fw_inf_1C11_kernel_new<float, float, bool=1, int=1>(float, cudnn::detail::bn_fw_inf_1C11_kernel_new<float, float, bool=1, int=1>, cudnnTensorStruct, float const *, float, cudnnTensorStruct*, float, cudnn::detail::bn_fw_inf_1C11_kernel_new<float, float, bool=1, int=1> const *, cudnn::detail::bn_fw_inf_1C11_kernel_new<float, float, bool=1, int=1> const , cudnn::detail::bn_fw_inf_1C11_kernel_new<float, float, bool=1, int=1> const , cudnn::detail::bn_fw_inf_1C11_kernel_new<float, float, bool=1, int=1> const , cudnn::detail::bn_fw_inf_1C11_kernel_new<float, float, bool=1, int=1>)	25089	25145	0.015168	
void kernelPointwiseApply1<ThresholdUpdateOutputIP<float>, float, unsigned int, int=-2>(TensorInfo<ThresholdUpdateOutputIP<float>, float>, float, float)	25088	25121	0.006176	
void im2col4d_kernel<float, int>(im2col4d_params, cudnnConvolutionStruct, cudnnTensor4dStruct, float const *, float*, int)	25089	25130	0.068032	
cudnn_convolve_sgemm_sm35_ldg_nn_64x16x64x16x16	100354	62064	0.169184	
void cudnn::detail::bn_fw_inf_1C11_kernel_new<float, float, bool=1, int=1>(float, cudnn::detail::bn_fw_inf_1C11_kernel_new<float, float, bool=1, int=1>, cudnnTensorStruct, float const *, float, cudnnTensorStruct*, float, cudnn::detail::bn_fw_inf_1C11_kernel_new<float, float, bool=1, int=1> const *, cudnn::detail::bn_fw_inf_1C11_kernel_new<float, float, bool=1, int=1> const , cudnn::detail::bn_fw_inf_1C11_kernel_new<float, float, bool=1, int=1> const , cudnn::detail::bn_fw_inf_1C11_kernel_new<float, float, bool=1, int=1> const , cudnn::detail::bn_fw_inf_1C11_kernel_new<float, float, bool=1, int=1>)	100352	100513	0.012384	
void kernelPointwiseApply2<TensorAddOp<float>, float, float, unsigned int, int=-2, int=-2>(TensorInfo<TensorAddOp<float>, float>, TensorInfo<float, float>, float, float)	100353	200718	0.048704	
void kernelPointwiseApply1<ThresholdUpdateOutputIP<float>, float, unsigned int, int=-2>(TensorInfo<ThresholdUpdateOutputIP<float>, float>, float, float)	100353	100393	0.006240	
void kern_precompute_indices<bool=0>(int*, int, int, int, int, int, int)	39	34	0.003360	
void cudnn::detail::precomputed_convolve_sgemm<float, int=128, int=5, int=5, int=3, int=3, int=3, int=1, bool=1>(int, int, int, float const *, int, cudnn::detail::precomputed_convolve_sgemm<float, int=128, int=5, int=5, int=3, int=3, int=3, int=1, bool=1>*, float const *, kernel_conv_params, int, float, float, int, float const *, float const *, int*)	99119	181435	0.118944	
void cudnn::detail::bn_fw_inf_1C11_kernel_new<float, float, bool=1, int=1>(float, cudnn::detail::bn_fw_inf_1C11_kernel_new<float, float, bool=1, int=1>, cudnnTensorStruct, float const *, float, cudnnTensorStruct*, float, cudnn::detail::bn_fw_inf_1C11_kernel_new<float, float, bool=1, int=1> const *, cudnn::detail::bn_fw_inf_1C11_kernel_new<float, float, bool=1, int=1> const , cudnn::detail::bn_fw_inf_1C11_kernel_new<float, float, bool=1, int=1> const , cudnn::detail::bn_fw_inf_1C11_kernel_new<float, float, bool=1, int=1> const , cudnn::detail::bn_fw_inf_1C11_kernel_new<float, float, bool=1, int=1>)	25090	25153	0.039392	
void kernelPointwiseApply1<ThresholdUpdateOutputIP<float>, float, unsigned int, int=-2>(TensorInfo<ThresholdUpdateOutputIP<float>, float>, float, float)	25089	25112	0.034592	
void cudnn::detail::implicit_convolve_sgemm<float, int=1024, int=5, int=5, int=3, int=3, int=3, int=1, bool=1, bool=0, bool=1>(int, int, int, float const *, int, cudnn::detail::implicit_convolve_sgemm<float, int=1024, int=5, int=5, int=3, int=3, int=3, int=1, bool=1, bool=0, bool=1>*, float const *, kernel_conv_params, int, float, float, int, float const *, float const *, int, int)	99461	30239	0.242560	
void cudnn::detail::bn_fw_inf_1C11_kernel_new<float, float, bool=1, int=1>(float, cudnn::detail::bn_fw_inf_1C11_kernel_new<float, float, bool=1, int=1>, cudnnTensorStruct, float const *, float, cudnnTensorStruct*, float, cudnn::detail::bn_fw_inf_1C11_kernel_new<float, float, bool=1, int=1> const *, cudnn::detail::bn_fw_inf_1C11_kernel_new<float, float, bool=1, int=1> const , cudnn::detail::bn_fw_inf_1C11_kernel_new<float, float, bool=1, int=1> const , cudnn::detail::bn_fw_inf_1C11_kernel_new<float, float, bool=1, int=1> const , cudnn::detail::bn_fw_inf_1C11_kernel_new<float, float, bool=1, int=1>)	25088	25153	0.015136	
void kernelPointwiseApply1<ThresholdUpdateOutputIP<float>, float, unsigned int, int=-2>(TensorInfo<ThresholdUpdateOutputIP<float>, float>, float, float)	25089	25121	0.006048	
void im2col4d_kernel<float, int>(im2col4d_params, cudnnConvolutionStruct, cudnnTensor4dStruct, float const *, float*, int)	25090	25139	0.058528	
cudnn_convolve_sgemm_sm35_ldg_nn_64x16x64x16x16	100353	61244	0.168865	
void cudnn::detail::bn_fw_inf_1C11_kernel_new<float, float, bool=1, int=1>(float, cudnn::detail::bn_fw_inf_1C11_kernel_new<float, float, bool=1, int=1>, cudnnTensorStruct, float const *, float, cudnnTensorStruct*, float, cudnn::detail::bn_fw_inf_1C11_kernel_new<float, float, bool=1, int=1> const *, cudnn::detail::bn_fw_inf_1C11_kernel_new<float, float, bool=1, int=1> const , cudnn::detail::bn_fw_inf_1C11_kernel_new<float, float, bool=1, int=1> const , cudnn::detail::bn_fw_inf_1C11_kernel_new<float, float, bool=1, int=1> const , cudnn::detail::bn_fw_inf_1C11_kernel_new<float, float, bool=1, int=1>)	100354	100505	0.012256	
void kernelPointwiseApply2<TensorAddOp<float>, float, float, unsigned int, int=-2, int=-2>(TensorInfo<TensorAddOp<float>, float>, TensorInfo<float, float>, float, float)	100352	200718	0.048800	
void kernelPointwiseApply1<ThresholdUpdateOutputIP<float>, float, unsigned int, int=-2>(TensorInfo<ThresholdUpdateOutputIP<float>, float>, float, float)	100353	100384	0.006304	
void kern_precompute_indices<bool=0>(int*, int, int, int, int, int, int)	43	26	0.003360	
cudnn_convolve_precomputed_sgemm_sm35_ldg_nn_64x16x128x8x32	189544	106984	0.181280	
void cudnn::detail::bn_fw_inf_1C11_kernel_new<float, float, bool=1, int=1>(float, cudnn::detail::bn_fw_inf_1C11_kernel_new<float, float, bool=1, int=1>, cudnnTensorStruct, float const *, float, cudnnTensorStruct*, float, cudnn::detail::bn_fw_inf_1C11_kernel_new<float, float, bool=1, int=1> const *, cudnn::detail::bn_fw_inf_1C11_kernel_new<float, float, bool=1, int=1> const , cudnn::detail::bn_fw_inf_1C11_kernel_new<float, float, bool=1, int=1> const , cudnn::detail::bn_fw_inf_1C11_kernel_new<float, float, bool=1, int=1> const , cudnn::detail::bn_fw_inf_1C11_kernel_new<float, float, bool=1, int=1>)	50176	50299	0.040928	
void kernelPointwiseApply1<ThresholdUpdateOutputIP<float>, float, unsigned int, int=-2>(TensorInfo<ThresholdUpdateOutputIP<float>, float>, float, float)	50178	50200	0.034336	
void cudnn::detail::implicit_convolve_sgemm<float, int=128, int=5, int=5, int=3, int=3, int=3, int=1, bool=1, bool=0, bool=1>(int, int, int, float const *, int, cudnn::detail::implicit_convolve_sgemm<float, int=128, int=5, int=5, int=3, int=3, int=3, int=1, bool=1, bool=0, bool=1>*, float const *, kernel_conv_params, int, float, float, int, float const *, float const *, int, int)	49985	68991	0.283104	
void cudnn::detail::bn_fw_inf_1C11_kernel_new<float, float, bool=1, int=1>(float, cudnn::detail::bn_fw_inf_1C11_kernel_new<float, float, bool=1, int=1>, cudnnTensorStruct, float const *, float, cudnnTensorStruct*, float, cudnn::detail::bn_fw_inf_1C11_kernel_new<float, float, bool=1, int=1> const *, cudnn::detail::bn_fw_inf_1C11_kernel_new<float, float, bool=1, int=1> const , cudnn::detail::bn_fw_inf_1C11_kernel_new<float, float, bool=1, int=1> const , cudnn::detail::bn_fw_inf_1C11_kernel_new<float, float, bool=1, int=1> const , cudnn::detail::bn_fw_inf_1C11_kernel_new<float, float, bool=1, int=1>)	12544	12633	0.023328	
void kernelPointwiseApply1<ThresholdUpdateOutputIP<float>, float, unsigned int, int=-2>(TensorInfo<ThresholdUpdateOutputIP<float>, float>, float, float)	12544	12577	0.018272	
void kern_precompute_indices<bool=0>(int*, int, int, int, int, int, int)	28	27	0.003360	
cudnn_convolve_precomputed_sgemm_sm35_ldg_nn_64x16x128x8x32	187320	22736	0.181280	
void cudnn::detail::bn_fw_inf_1C11_kernel_new<float, float, bool=1, int=1>(float, cudnn::detail::bn_fw_inf_1C11_kernel_new<float, float, bool=1, int=1>, cudnnTensorStruct, float const *, float, cudnnTensorStruct*, float, cudnn::detail::bn_fw_inf_1C11_kernel_new<float, float, bool=1, int=1> const *, cudnn::detail::bn_fw_inf_1C11_kernel_new<float, float, bool=1, int=1> const , cudnn::detail::bn_fw_inf_1C11_kernel_new<float, float, bool=1, int=1> const , cudnn::detail::bn_fw_inf_1C11_kernel_new<float, float, bool=1, int=1> const , cudnn::detail::bn_fw_inf_1C11_kernel_new<float, float, bool=1, int=1>)	50177	50457	0.010080	
void kern_precompute_indices<bool=0>(int*, int, int, int, int, int, int)	40	26	0.002624	
cudnn_convolve_precomputed_sgemm_sm35_ldg_nn_64x8x256x8x32	200685	67837	0.155968	
void cudnn::detail::bn_fw_inf_1C11_kernel_new<float, float, bool=1, int=1>(float, cudnn::detail::bn_fw_inf_1C11_kernel_new<float, float, bool=1, int=1>, cudnnTensorStruct, float const *, float, cudnnTensorStruct*, float, cudnn::detail::bn_fw_inf_1C11_kernel_new<float, float, bool=1, int=1> const *, cudnn::detail::bn_fw_inf_1C11_kernel_new<float, float, bool=1, int=1> const , cudnn::detail::bn_fw_inf_1C11_kernel_new<float, float, bool=1, int=1> const , cudnn::detail::bn_fw_inf_1C11_kernel_new<float, float, bool=1, int=1> const , cudnn::detail::bn_fw_inf_1C11_kernel_new<float, float, bool=1, int=1>)	50177	50465	0.024448	
void kernelPointwiseApply2<TensorAddOp<float>, float, float, unsigned int, int=-2, int=-2>(TensorInfo<TensorAddOp<float>, float>, TensorInfo<float, float>, float, float)	50177	100366	0.048928	
void kernelPointwiseApply1<ThresholdUpdateOutputIP<float>, float, unsigned int, int=-2>(TensorInfo<ThresholdUpdateOutputIP<float>, float>, float, float)	50178	50200	0.004192	
void kern_precompute_indices<bool=0>(int*, int, int, int, int, int, int)	98	26	0.003360	
cudnn_convolve_precomputed_sgemm_sm35_ldg_nn_64x16x128x8x32	50178	59160	0.118048	
void cudnn::detail::bn_fw_inf_1C11_kernel_new<float, float, bool=1, int=1>(float, cudnn::detail::bn_fw_inf_1C11_kernel_new<float, float, bool=1, int=1>, cudnnTensorStruct, float const *, float, cudnnTensorStruct*, float, cudnn::detail::bn_fw_inf_1C11_kernel_new<float, float, bool=1, int=1> const *, cudnn::detail::bn_fw_inf_1C11_kernel_new<float, float, bool=1, int=1> const , cudnn::detail::bn_fw_inf_1C11_kernel_new<float, float, bool=1, int=1> const , cudnn::detail::bn_fw_inf_1C11_kernel_new<float, float, bool=1, int=1> const , cudnn::detail::bn_fw_inf_1C11_kernel_new<float, float, bool=1, int=1>)	12544	12641	0.023904	
void kernelPointwiseApply1<ThresholdUpdateOutputIP<float>, float, unsigned int, int=-2>(TensorInfo<ThresholdUpdateOutputIP<float>, float>, float, float)	12545	12577	0.018400	
void im2col4d_kernel<float, int>(im2col4d_params, cudnnConvolutionStruct, cudnnTensor4dStruct, float const *, float*, int)	112896	12587	0.058368	
cudnn_convolve_sgemm_sm35_ldg_nn_64x16x64x16x16	12546	140885	0.168384	
void cudnn::detail::bn_fw_inf_1C11_kernel_new<float, float, bool=1, int=1>(float, cudnn::detail::bn_fw_inf_1C11_kernel_new<float, float, bool=1, int=1>, cudnnTensorStruct, float const *, float, cudnnTensorStruct*, float, cudnn::detail::bn_fw_inf_1C11_kernel_new<float, float, bool=1, int=1> const *, cudnn::detail::bn_fw_inf_1C11_kernel_new<float, float, bool=1, int=1> const , cudnn::detail::bn_fw_inf_1C11_kernel_new<float, float, bool=1, int=1> const , cudnn::detail::bn_fw_inf_1C11_kernel_new<float, float, bool=1, int=1> const , cudnn::detail::bn_fw_inf_1C11_kernel_new<float, float, bool=1, int=1>)	12546	12633	0.009472	
void kernelPointwiseApply1<ThresholdUpdateOutputIP<float>, float, unsigned int, int=-2>(TensorInfo<ThresholdUpdateOutputIP<float>, float>, float, float)	12546	12577	0.004160	
void kern_precompute_indices<bool=0>(int*, int, int, int, int, int, int)	19	26	0.004256	
cudnn_convolve_precomputed_sgemm_sm35_ldg_nn_64x16x128x8x32	189802	22426	0.125984	
void cudnn::detail::bn_fw_inf_1C11_kernel_new<float, float, bool=1, int=1>(float, cudnn::detail::bn_fw_inf_1C11_kernel_new<float, float, bool=1, int=1>, cudnnTensorStruct, float const *, float, cudnnTensorStruct*, float, cudnn::detail::bn_fw_inf_1C11_kernel_new<float, float, bool=1, int=1> const *, cudnn::detail::bn_fw_inf_1C11_kernel_new<float, float, bool=1, int=1> const , cudnn::detail::bn_fw_inf_1C11_kernel_new<float, float, bool=1, int=1> const , cudnn::detail::bn_fw_inf_1C11_kernel_new<float, float, bool=1, int=1> const , cudnn::detail::bn_fw_inf_1C11_kernel_new<float, float, bool=1, int=1>)	50177	50465	0.008449	
void kernelPointwiseApply2<TensorAddOp<float>, float, float, unsigned int, int=-2, int=-2>(TensorInfo<TensorAddOp<float>, float>, TensorInfo<float, float>, float, float)	50176	100366	0.025344	
void kernelPointwiseApply1<ThresholdUpdateOutputIP<float>, float, unsigned int, int=-2>(TensorInfo<ThresholdUpdateOutputIP<float>, float>, float, float)	50177	50209	0.004192	
void kern_precompute_indices<bool=0>(int*, int, int, int, int, int, int)	90	27	0.002624	
cudnn_convolve_precomputed_sgemm_sm35_ldg_nn_64x16x128x8x32	50177	59636	0.119296	
void cudnn::detail::bn_fw_inf_1C11_kernel_new<float, float, bool=1, int=1>(float, cudnn::detail::bn_fw_inf_1C11_kernel_new<float, float, bool=1, int=1>, cudnnTensorStruct, float const *, float, cudnnTensorStruct*, float, cudnn::detail::bn_fw_inf_1C11_kernel_new<float, float, bool=1, int=1> const *, cudnn::detail::bn_fw_inf_1C11_kernel_new<float, float, bool=1, int=1> const , cudnn::detail::bn_fw_inf_1C11_kernel_new<float, float, bool=1, int=1> const , cudnn::detail::bn_fw_inf_1C11_kernel_new<float, float, bool=1, int=1> const , cudnn::detail::bn_fw_inf_1C11_kernel_new<float, float, bool=1, int=1>)	12545	12641	0.024128	
void kernelPointwiseApply1<ThresholdUpdateOutputIP<float>, float, unsigned int, int=-2>(TensorInfo<ThresholdUpdateOutputIP<float>, float>, float, float)	12545	12585	0.017504	
void im2col4d_kernel<float, int>(im2col4d_params, cudnnConvolutionStruct, cudnnTensor4dStruct, float const *, float*, int)	112898	12587	0.163776	
cudnn_convolve_sgemm_sm35_ldg_nn_64x16x64x16x16	12544	138611	0.190880	
void cudnn::detail::bn_fw_inf_1C11_kernel_new<float, float, bool=1, int=1>(float, cudnn::detail::bn_fw_inf_1C11_kernel_new<float, float, bool=1, int=1>, cudnnTensorStruct, float const *, float, cudnnTensorStruct*, float, cudnn::detail::bn_fw_inf_1C11_kernel_new<float, float, bool=1, int=1> const *, cudnn::detail::bn_fw_inf_1C11_kernel_new<float, float, bool=1, int=1> const , cudnn::detail::bn_fw_inf_1C11_kernel_new<float, float, bool=1, int=1> const , cudnn::detail::bn_fw_inf_1C11_kernel_new<float, float, bool=1, int=1> const , cudnn::detail::bn_fw_inf_1C11_kernel_new<float, float, bool=1, int=1>)	12544	12641	0.009728	
void kernelPointwiseApply1<ThresholdUpdateOutputIP<float>, float, unsigned int, int=-2>(TensorInfo<ThresholdUpdateOutputIP<float>, float>, float, float)	12545	12577	0.004096	
void kern_precompute_indices<bool=0>(int*, int, int, int, int, int, int)	22	27	0.004224	
cudnn_convolve_precomputed_sgemm_sm35_ldg_nn_64x16x128x8x32	187552	22674	0.126080	
void cudnn::detail::bn_fw_inf_1C11_kernel_new<float, float, bool=1, int=1>(float, cudnn::detail::bn_fw_inf_1C11_kernel_new<float, float, bool=1, int=1>, cudnnTensorStruct, float const *, float, cudnnTensorStruct*, float, cudnn::detail::bn_fw_inf_1C11_kernel_new<float, float, bool=1, int=1> const *, cudnn::detail::bn_fw_inf_1C11_kernel_new<float, float, bool=1, int=1> const , cudnn::detail::bn_fw_inf_1C11_kernel_new<float, float, bool=1, int=1> const , cudnn::detail::bn_fw_inf_1C11_kernel_new<float, float, bool=1, int=1> const , cudnn::detail::bn_fw_inf_1C11_kernel_new<float, float, bool=1, int=1>)	50176	50457	0.008512	
void kernelPointwiseApply2<TensorAddOp<float>, float, float, unsigned int, int=-2, int=-2>(TensorInfo<TensorAddOp<float>, float>, TensorInfo<float, float>, float, float)	50177	100367	0.025792	
void kernelPointwiseApply1<ThresholdUpdateOutputIP<float>, float, unsigned int, int=-2>(TensorInfo<ThresholdUpdateOutputIP<float>, float>, float, float)	50178	50209	0.004128	
void kern_precompute_indices<bool=0>(int*, int, int, int, int, int, int)	86	27	0.002624	
cudnn_convolve_precomputed_sgemm_sm35_ldg_nn_64x16x128x8x32	50177	59176	0.118016	
void cudnn::detail::bn_fw_inf_1C11_kernel_new<float, float, bool=1, int=1>(float, cudnn::detail::bn_fw_inf_1C11_kernel_new<float, float, bool=1, int=1>, cudnnTensorStruct, float const *, float, cudnnTensorStruct*, float, cudnn::detail::bn_fw_inf_1C11_kernel_new<float, float, bool=1, int=1> const *, cudnn::detail::bn_fw_inf_1C11_kernel_new<float, float, bool=1, int=1> const , cudnn::detail::bn_fw_inf_1C11_kernel_new<float, float, bool=1, int=1> const , cudnn::detail::bn_fw_inf_1C11_kernel_new<float, float, bool=1, int=1> const , cudnn::detail::bn_fw_inf_1C11_kernel_new<float, float, bool=1, int=1>)	12546	12641	0.023968	
void kernelPointwiseApply1<ThresholdUpdateOutputIP<float>, float, unsigned int, int=-2>(TensorInfo<ThresholdUpdateOutputIP<float>, float>, float, float)	12545	12568	0.017952	
void im2col4d_kernel<float, int>(im2col4d_params, cudnnConvolutionStruct, cudnnTensor4dStruct, float const *, float*, int)	112897	12942	0.163232	
cudnn_convolve_sgemm_sm35_ldg_nn_64x16x64x16x16	12545	139807	0.191296	
void cudnn::detail::bn_fw_inf_1C11_kernel_new<float, float, bool=1, int=1>(float, cudnn::detail::bn_fw_inf_1C11_kernel_new<float, float, bool=1, int=1>, cudnnTensorStruct, float const *, float, cudnnTensorStruct*, float, cudnn::detail::bn_fw_inf_1C11_kernel_new<float, float, bool=1, int=1> const *, cudnn::detail::bn_fw_inf_1C11_kernel_new<float, float, bool=1, int=1> const , cudnn::detail::bn_fw_inf_1C11_kernel_new<float, float, bool=1, int=1> const , cudnn::detail::bn_fw_inf_1C11_kernel_new<float, float, bool=1, int=1> const , cudnn::detail::bn_fw_inf_1C11_kernel_new<float, float, bool=1, int=1>)	12545	12633	0.009440	
void kernelPointwiseApply1<ThresholdUpdateOutputIP<float>, float, unsigned int, int=-2>(TensorInfo<ThresholdUpdateOutputIP<float>, float>, float, float)	12545	12568	0.004096	
void kern_precompute_indices<bool=0>(int*, int, int, int, int, int, int)	23	27	0.004224	
cudnn_convolve_precomputed_sgemm_sm35_ldg_nn_64x16x128x8x32	187571	22398	0.126016	
void cudnn::detail::bn_fw_inf_1C11_kernel_new<float, float, bool=1, int=1>(float, cudnn::detail::bn_fw_inf_1C11_kernel_new<float, float, bool=1, int=1>, cudnnTensorStruct, float const *, float, cudnnTensorStruct*, float, cudnn::detail::bn_fw_inf_1C11_kernel_new<float, float, bool=1, int=1> const *, cudnn::detail::bn_fw_inf_1C11_kernel_new<float, float, bool=1, int=1> const , cudnn::detail::bn_fw_inf_1C11_kernel_new<float, float, bool=1, int=1> const , cudnn::detail::bn_fw_inf_1C11_kernel_new<float, float, bool=1, int=1> const , cudnn::detail::bn_fw_inf_1C11_kernel_new<float, float, bool=1, int=1>)	50178	50457	0.008544	
void kernelPointwiseApply2<TensorAddOp<float>, float, float, unsigned int, int=-2, int=-2>(TensorInfo<TensorAddOp<float>, float>, TensorInfo<float, float>, float, float)	50178	100367	0.025472	
void kernelPointwiseApply1<ThresholdUpdateOutputIP<float>, float, unsigned int, int=-2>(TensorInfo<ThresholdUpdateOutputIP<float>, float>, float, float)	50177	50209	0.004384	
void kern_precompute_indices<bool=0>(int*, int, int, int, int, int, int)	88	27	0.002592	
cudnn_convolve_precomputed_sgemm_sm35_ldg_nn_64x16x128x8x32	99370	67376	0.132288	
void cudnn::detail::bn_fw_inf_1C11_kernel_new<float, float, bool=1, int=1>(float, cudnn::detail::bn_fw_inf_1C11_kernel_new<float, float, bool=1, int=1>, cudnnTensorStruct, float const *, float, cudnnTensorStruct*, float, cudnn::detail::bn_fw_inf_1C11_kernel_new<float, float, bool=1, int=1> const *, cudnn::detail::bn_fw_inf_1C11_kernel_new<float, float, bool=1, int=1> const , cudnn::detail::bn_fw_inf_1C11_kernel_new<float, float, bool=1, int=1> const , cudnn::detail::bn_fw_inf_1C11_kernel_new<float, float, bool=1, int=1> const , cudnn::detail::bn_fw_inf_1C11_kernel_new<float, float, bool=1, int=1>)	25089	25249	0.024064	
void kernelPointwiseApply1<ThresholdUpdateOutputIP<float>, float, unsigned int, int=-2>(TensorInfo<ThresholdUpdateOutputIP<float>, float>, float, float)	25090	25121	0.017824	
void cudnn::detail::implicit_convolve_sgemm<float, int=128, int=5, int=5, int=3, int=3, int=3, int=1, bool=1, bool=0, bool=1>(int, int, int, float const *, int, cudnn::detail::implicit_convolve_sgemm<float, int=128, int=5, int=5, int=3, int=3, int=3, int=1, bool=1, bool=0, bool=1>*, float const *, kernel_conv_params, int, float, float, int, float const *, float const *, int, int)	28040	99199	0.283104	
void cudnn::detail::bn_fw_inf_1C11_kernel_new<float, float, bool=1, int=1>(float, cudnn::detail::bn_fw_inf_1C11_kernel_new<float, float, bool=1, int=1>, cudnnTensorStruct, float const *, float, cudnnTensorStruct*, float, cudnn::detail::bn_fw_inf_1C11_kernel_new<float, float, bool=1, int=1> const *, cudnn::detail::bn_fw_inf_1C11_kernel_new<float, float, bool=1, int=1> const , cudnn::detail::bn_fw_inf_1C11_kernel_new<float, float, bool=1, int=1> const , cudnn::detail::bn_fw_inf_1C11_kernel_new<float, float, bool=1, int=1> const , cudnn::detail::bn_fw_inf_1C11_kernel_new<float, float, bool=1, int=1>)	6777	6425	0.014848	
void kernelPointwiseApply1<ThresholdUpdateOutputIP<float>, float, unsigned int, int=-2>(TensorInfo<ThresholdUpdateOutputIP<float>, float>, float, float)	6273	6296	0.006144	
void kern_precompute_indices<bool=0>(int*, int, int, int, int, int, int)	40	26	0.004352	
cudnn_convolve_precomputed_sgemm_sm35_ldg_nn_64x16x128x8x32	113020	39808	0.155520	
void cudnn::detail::bn_fw_inf_1C11_kernel_new<float, float, bool=1, int=1>(float, cudnn::detail::bn_fw_inf_1C11_kernel_new<float, float, bool=1, int=1>, cudnnTensorStruct, float const *, float, cudnnTensorStruct*, float, cudnn::detail::bn_fw_inf_1C11_kernel_new<float, float, bool=1, int=1> const *, cudnn::detail::bn_fw_inf_1C11_kernel_new<float, float, bool=1, int=1> const , cudnn::detail::bn_fw_inf_1C11_kernel_new<float, float, bool=1, int=1> const , cudnn::detail::bn_fw_inf_1C11_kernel_new<float, float, bool=1, int=1> const , cudnn::detail::bn_fw_inf_1C11_kernel_new<float, float, bool=1, int=1>)	26984	25625	0.008672	
void kern_precompute_indices<bool=0>(int*, int, int, int, int, int, int)	91	27	0.003200	
cudnn_convolve_precomputed_sgemm_sm35_ldg_nn_64x16x128x8x32	113220	98525	0.123552	
void cudnn::detail::bn_fw_inf_1C11_kernel_new<float, float, bool=1, int=1>(float, cudnn::detail::bn_fw_inf_1C11_kernel_new<float, float, bool=1, int=1>, cudnnTensorStruct, float const *, float, cudnnTensorStruct*, float, cudnn::detail::bn_fw_inf_1C11_kernel_new<float, float, bool=1, int=1> const *, cudnn::detail::bn_fw_inf_1C11_kernel_new<float, float, bool=1, int=1> const , cudnn::detail::bn_fw_inf_1C11_kernel_new<float, float, bool=1, int=1> const , cudnn::detail::bn_fw_inf_1C11_kernel_new<float, float, bool=1, int=1> const , cudnn::detail::bn_fw_inf_1C11_kernel_new<float, float, bool=1, int=1>)	27005	25625	0.019872	
void kernelPointwiseApply2<TensorAddOp<float>, float, float, unsigned int, int=-2, int=-2>(TensorInfo<TensorAddOp<float>, float>, TensorInfo<float, float>, float, float)	25090	50191	0.025888	
void kernelPointwiseApply1<ThresholdUpdateOutputIP<float>, float, unsigned int, int=-2>(TensorInfo<ThresholdUpdateOutputIP<float>, float>, float, float)	25089	25121	0.003808	
void kern_precompute_indices<bool=0>(int*, int, int, int, int, int, int)	165	26	0.004256	
cudnn_convolve_precomputed_sgemm_sm35_ldg_nn_32x16x32x8x8	27563	58508	0.055264	
void cudnn::detail::bn_fw_inf_1C11_kernel_new<float, float, bool=1, int=1>(float, cudnn::detail::bn_fw_inf_1C11_kernel_new<float, float, bool=1, int=1>, cudnnTensorStruct, float const *, float, cudnnTensorStruct*, float, cudnn::detail::bn_fw_inf_1C11_kernel_new<float, float, bool=1, int=1> const *, cudnn::detail::bn_fw_inf_1C11_kernel_new<float, float, bool=1, int=1> const , cudnn::detail::bn_fw_inf_1C11_kernel_new<float, float, bool=1, int=1> const , cudnn::detail::bn_fw_inf_1C11_kernel_new<float, float, bool=1, int=1> const , cudnn::detail::bn_fw_inf_1C11_kernel_new<float, float, bool=1, int=1>)	6774	6433	0.019968	
void kernelPointwiseApply1<ThresholdUpdateOutputIP<float>, float, unsigned int, int=-2>(TensorInfo<ThresholdUpdateOutputIP<float>, float>, float, float)	6273	6305	0.005952	
void im2col4d_kernel<float, int>(im2col4d_params, cudnnConvolutionStruct, cudnnTensor4dStruct, float const *, float*, int)	63283	6314	0.163585	
cudnn_convolve_sgemm_sm35_ldg_nn_32x16x64x8x16	9400	130733	0.308704	
void cudnn::detail::bn_fw_inf_1C11_kernel_new<float, float, bool=1, int=1>(float, cudnn::detail::bn_fw_inf_1C11_kernel_new<float, float, bool=1, int=1>, cudnnTensorStruct, float const *, float, cudnnTensorStruct*, float, cudnn::detail::bn_fw_inf_1C11_kernel_new<float, float, bool=1, int=1> const *, cudnn::detail::bn_fw_inf_1C11_kernel_new<float, float, bool=1, int=1> const , cudnn::detail::bn_fw_inf_1C11_kernel_new<float, float, bool=1, int=1> const , cudnn::detail::bn_fw_inf_1C11_kernel_new<float, float, bool=1, int=1> const , cudnn::detail::bn_fw_inf_1C11_kernel_new<float, float, bool=1, int=1>)	6759	6425	0.008768	
void kernelPointwiseApply1<ThresholdUpdateOutputIP<float>, float, unsigned int, int=-2>(TensorInfo<ThresholdUpdateOutputIP<float>, float>, float, float)	6273	6296	0.003616	
void kern_precompute_indices<bool=0>(int*, int, int, int, int, int, int)	41	26	0.005920	
cudnn_convolve_precomputed_sgemm_sm35_ldg_nn_64x16x128x8x32	112953	39800	0.204865	
void cudnn::detail::bn_fw_inf_1C11_kernel_new<float, float, bool=1, int=1>(float, cudnn::detail::bn_fw_inf_1C11_kernel_new<float, float, bool=1, int=1>, cudnnTensorStruct, float const *, float, cudnnTensorStruct*, float, cudnn::detail::bn_fw_inf_1C11_kernel_new<float, float, bool=1, int=1> const *, cudnn::detail::bn_fw_inf_1C11_kernel_new<float, float, bool=1, int=1> const , cudnn::detail::bn_fw_inf_1C11_kernel_new<float, float, bool=1, int=1> const , cudnn::detail::bn_fw_inf_1C11_kernel_new<float, float, bool=1, int=1> const , cudnn::detail::bn_fw_inf_1C11_kernel_new<float, float, bool=1, int=1>)	27021	25625	0.008160	
void kernelPointwiseApply2<TensorAddOp<float>, float, float, unsigned int, int=-2, int=-2>(TensorInfo<TensorAddOp<float>, float>, TensorInfo<float, float>, float, float)	25088	50206	0.012128	
void kernelPointwiseApply1<ThresholdUpdateOutputIP<float>, float, unsigned int, int=-2>(TensorInfo<ThresholdUpdateOutputIP<float>, float>, float, float)	25090	25112	0.003680	
void kern_precompute_indices<bool=0>(int*, int, int, int, int, int, int)	164	26	0.003232	
cudnn_convolve_precomputed_sgemm_sm35_ldg_nn_32x16x32x8x8	27326	58412	0.162656	
void cudnn::detail::bn_fw_inf_1C11_kernel_new<float, float, bool=1, int=1>(float, cudnn::detail::bn_fw_inf_1C11_kernel_new<float, float, bool=1, int=1>, cudnnTensorStruct, float const *, float, cudnnTensorStruct*, float, cudnn::detail::bn_fw_inf_1C11_kernel_new<float, float, bool=1, int=1> const *, cudnn::detail::bn_fw_inf_1C11_kernel_new<float, float, bool=1, int=1> const , cudnn::detail::bn_fw_inf_1C11_kernel_new<float, float, bool=1, int=1> const , cudnn::detail::bn_fw_inf_1C11_kernel_new<float, float, bool=1, int=1> const , cudnn::detail::bn_fw_inf_1C11_kernel_new<float, float, bool=1, int=1>)	6787	6433	0.020064	
void kernelPointwiseApply1<ThresholdUpdateOutputIP<float>, float, unsigned int, int=-2>(TensorInfo<ThresholdUpdateOutputIP<float>, float>, float, float)	6274	6296	0.005952	
void im2col4d_kernel<float, int>(im2col4d_params, cudnnConvolutionStruct, cudnnTensor4dStruct, float const *, float*, int)	63337	6315	0.160960	
cudnn_convolve_sgemm_sm35_ldg_nn_32x16x64x8x16	9365	130637	0.308704	
void cudnn::detail::bn_fw_inf_1C11_kernel_new<float, float, bool=1, int=1>(float, cudnn::detail::bn_fw_inf_1C11_kernel_new<float, float, bool=1, int=1>, cudnnTensorStruct, float const *, float, cudnnTensorStruct*, float, cudnn::detail::bn_fw_inf_1C11_kernel_new<float, float, bool=1, int=1> const *, cudnn::detail::bn_fw_inf_1C11_kernel_new<float, float, bool=1, int=1> const , cudnn::detail::bn_fw_inf_1C11_kernel_new<float, float, bool=1, int=1> const , cudnn::detail::bn_fw_inf_1C11_kernel_new<float, float, bool=1, int=1> const , cudnn::detail::bn_fw_inf_1C11_kernel_new<float, float, bool=1, int=1>)	6750	6425	0.008928	
void kernelPointwiseApply1<ThresholdUpdateOutputIP<float>, float, unsigned int, int=-2>(TensorInfo<ThresholdUpdateOutputIP<float>, float>, float, float)	6272	6305	0.003744	
void kern_precompute_indices<bool=0>(int*, int, int, int, int, int, int)	43	27	0.005952	
cudnn_convolve_precomputed_sgemm_sm35_ldg_nn_64x16x128x8x32	113107	39800	0.124320	
void cudnn::detail::bn_fw_inf_1C11_kernel_new<float, float, bool=1, int=1>(float, cudnn::detail::bn_fw_inf_1C11_kernel_new<float, float, bool=1, int=1>, cudnnTensorStruct, float const *, float, cudnnTensorStruct*, float, cudnn::detail::bn_fw_inf_1C11_kernel_new<float, float, bool=1, int=1> const *, cudnn::detail::bn_fw_inf_1C11_kernel_new<float, float, bool=1, int=1> const , cudnn::detail::bn_fw_inf_1C11_kernel_new<float, float, bool=1, int=1> const , cudnn::detail::bn_fw_inf_1C11_kernel_new<float, float, bool=1, int=1> const , cudnn::detail::bn_fw_inf_1C11_kernel_new<float, float, bool=1, int=1>)	26973	25625	0.008320	
void kernelPointwiseApply2<TensorAddOp<float>, float, float, unsigned int, int=-2, int=-2>(TensorInfo<TensorAddOp<float>, float>, TensorInfo<float, float>, float, float)	25090	50191	0.012096	
void kernelPointwiseApply1<ThresholdUpdateOutputIP<float>, float, unsigned int, int=-2>(TensorInfo<ThresholdUpdateOutputIP<float>, float>, float, float)	25089	25121	0.003680	
void kern_precompute_indices<bool=0>(int*, int, int, int, int, int, int)	167	27	0.003200	
cudnn_convolve_precomputed_sgemm_sm35_ldg_nn_32x16x32x8x8	27365	58412	0.162880	
void cudnn::detail::bn_fw_inf_1C11_kernel_new<float, float, bool=1, int=1>(float, cudnn::detail::bn_fw_inf_1C11_kernel_new<float, float, bool=1, int=1>, cudnnTensorStruct, float const *, float, cudnnTensorStruct*, float, cudnn::detail::bn_fw_inf_1C11_kernel_new<float, float, bool=1, int=1> const *, cudnn::detail::bn_fw_inf_1C11_kernel_new<float, float, bool=1, int=1> const , cudnn::detail::bn_fw_inf_1C11_kernel_new<float, float, bool=1, int=1> const , cudnn::detail::bn_fw_inf_1C11_kernel_new<float, float, bool=1, int=1> const , cudnn::detail::bn_fw_inf_1C11_kernel_new<float, float, bool=1, int=1>)	6782	6489	0.020160	
void kernelPointwiseApply1<ThresholdUpdateOutputIP<float>, float, unsigned int, int=-2>(TensorInfo<ThresholdUpdateOutputIP<float>, float>, float, float)	6273	6305	0.006048	
void im2col4d_kernel<float, int>(im2col4d_params, cudnnConvolutionStruct, cudnnTensor4dStruct, float const *, float*, int)	63328	6315	0.160449	
cudnn_convolve_sgemm_sm35_ldg_nn_32x16x64x8x16	9427	130773	0.309920	
void cudnn::detail::bn_fw_inf_1C11_kernel_new<float, float, bool=1, int=1>(float, cudnn::detail::bn_fw_inf_1C11_kernel_new<float, float, bool=1, int=1>, cudnnTensorStruct, float const *, float, cudnnTensorStruct*, float, cudnn::detail::bn_fw_inf_1C11_kernel_new<float, float, bool=1, int=1> const *, cudnn::detail::bn_fw_inf_1C11_kernel_new<float, float, bool=1, int=1> const , cudnn::detail::bn_fw_inf_1C11_kernel_new<float, float, bool=1, int=1> const , cudnn::detail::bn_fw_inf_1C11_kernel_new<float, float, bool=1, int=1> const , cudnn::detail::bn_fw_inf_1C11_kernel_new<float, float, bool=1, int=1>)	6767	6429	0.008704	
void kernelPointwiseApply1<ThresholdUpdateOutputIP<float>, float, unsigned int, int=-2>(TensorInfo<ThresholdUpdateOutputIP<float>, float>, float, float)	6272	6296	0.003744	
void kern_precompute_indices<bool=0>(int*, int, int, int, int, int, int)	40	27	0.005920	
cudnn_convolve_precomputed_sgemm_sm35_ldg_nn_64x16x128x8x32	112928	40052	0.121664	
void cudnn::detail::bn_fw_inf_1C11_kernel_new<float, float, bool=1, int=1>(float, cudnn::detail::bn_fw_inf_1C11_kernel_new<float, float, bool=1, int=1>, cudnnTensorStruct, float const *, float, cudnnTensorStruct*, float, cudnn::detail::bn_fw_inf_1C11_kernel_new<float, float, bool=1, int=1> const *, cudnn::detail::bn_fw_inf_1C11_kernel_new<float, float, bool=1, int=1> const , cudnn::detail::bn_fw_inf_1C11_kernel_new<float, float, bool=1, int=1> const , cudnn::detail::bn_fw_inf_1C11_kernel_new<float, float, bool=1, int=1> const , cudnn::detail::bn_fw_inf_1C11_kernel_new<float, float, bool=1, int=1>)	26980	25633	0.008096	
void kernelPointwiseApply2<TensorAddOp<float>, float, float, unsigned int, int=-2, int=-2>(TensorInfo<TensorAddOp<float>, float>, TensorInfo<float, float>, float, float)	25090	50190	0.012192	
void kernelPointwiseApply1<ThresholdUpdateOutputIP<float>, float, unsigned int, int=-2>(TensorInfo<ThresholdUpdateOutputIP<float>, float>, float, float)	25088	25112	0.003808	
void kern_precompute_indices<bool=0>(int*, int, int, int, int, int, int)	176	27	0.003168	
cudnn_convolve_precomputed_sgemm_sm35_ldg_nn_32x16x32x8x8	27184	58412	0.162752	
void cudnn::detail::bn_fw_inf_1C11_kernel_new<float, float, bool=1, int=1>(float, cudnn::detail::bn_fw_inf_1C11_kernel_new<float, float, bool=1, int=1>, cudnnTensorStruct, float const *, float, cudnnTensorStruct*, float, cudnn::detail::bn_fw_inf_1C11_kernel_new<float, float, bool=1, int=1> const *, cudnn::detail::bn_fw_inf_1C11_kernel_new<float, float, bool=1, int=1> const , cudnn::detail::bn_fw_inf_1C11_kernel_new<float, float, bool=1, int=1> const , cudnn::detail::bn_fw_inf_1C11_kernel_new<float, float, bool=1, int=1> const , cudnn::detail::bn_fw_inf_1C11_kernel_new<float, float, bool=1, int=1>)	6790	6433	0.019936	
void kernelPointwiseApply1<ThresholdUpdateOutputIP<float>, float, unsigned int, int=-2>(TensorInfo<ThresholdUpdateOutputIP<float>, float>, float, float)	6273	6305	0.006176	
void im2col4d_kernel<float, int>(im2col4d_params, cudnnConvolutionStruct, cudnnTensor4dStruct, float const *, float*, int)	63229	6322	0.160000	
cudnn_convolve_sgemm_sm35_ldg_nn_32x16x64x8x16	9395	130637	0.310081	
void cudnn::detail::bn_fw_inf_1C11_kernel_new<float, float, bool=1, int=1>(float, cudnn::detail::bn_fw_inf_1C11_kernel_new<float, float, bool=1, int=1>, cudnnTensorStruct, float const *, float, cudnnTensorStruct*, float, cudnn::detail::bn_fw_inf_1C11_kernel_new<float, float, bool=1, int=1> const *, cudnn::detail::bn_fw_inf_1C11_kernel_new<float, float, bool=1, int=1> const , cudnn::detail::bn_fw_inf_1C11_kernel_new<float, float, bool=1, int=1> const , cudnn::detail::bn_fw_inf_1C11_kernel_new<float, float, bool=1, int=1> const , cudnn::detail::bn_fw_inf_1C11_kernel_new<float, float, bool=1, int=1>)	6776	6425	0.008736	
void kernelPointwiseApply1<ThresholdUpdateOutputIP<float>, float, unsigned int, int=-2>(TensorInfo<ThresholdUpdateOutputIP<float>, float>, float, float)	6273	6296	0.003872	
void kern_precompute_indices<bool=0>(int*, int, int, int, int, int, int)	49	27	0.005920	
cudnn_convolve_precomputed_sgemm_sm35_ldg_nn_64x16x128x8x32	112962	39808	0.120928	
void cudnn::detail::bn_fw_inf_1C11_kernel_new<float, float, bool=1, int=1>(float, cudnn::detail::bn_fw_inf_1C11_kernel_new<float, float, bool=1, int=1>, cudnnTensorStruct, float const *, float, cudnnTensorStruct*, float, cudnn::detail::bn_fw_inf_1C11_kernel_new<float, float, bool=1, int=1> const *, cudnn::detail::bn_fw_inf_1C11_kernel_new<float, float, bool=1, int=1> const , cudnn::detail::bn_fw_inf_1C11_kernel_new<float, float, bool=1, int=1> const , cudnn::detail::bn_fw_inf_1C11_kernel_new<float, float, bool=1, int=1> const , cudnn::detail::bn_fw_inf_1C11_kernel_new<float, float, bool=1, int=1>)	27006	25665	0.008224	
void kernelPointwiseApply2<TensorAddOp<float>, float, float, unsigned int, int=-2, int=-2>(TensorInfo<TensorAddOp<float>, float>, TensorInfo<float, float>, float, float)	25090	50190	0.012384	
void kernelPointwiseApply1<ThresholdUpdateOutputIP<float>, float, unsigned int, int=-2>(TensorInfo<ThresholdUpdateOutputIP<float>, float>, float, float)	25090	25112	0.003776	
void kern_precompute_indices<bool=0>(int*, int, int, int, int, int, int)	160	27	0.003168	
cudnn_convolve_precomputed_sgemm_sm35_ldg_nn_32x16x32x8x8	27461	58692	0.162720	
void cudnn::detail::bn_fw_inf_1C11_kernel_new<float, float, bool=1, int=1>(float, cudnn::detail::bn_fw_inf_1C11_kernel_new<float, float, bool=1, int=1>, cudnnTensorStruct, float const *, float, cudnnTensorStruct*, float, cudnn::detail::bn_fw_inf_1C11_kernel_new<float, float, bool=1, int=1> const *, cudnn::detail::bn_fw_inf_1C11_kernel_new<float, float, bool=1, int=1> const , cudnn::detail::bn_fw_inf_1C11_kernel_new<float, float, bool=1, int=1> const , cudnn::detail::bn_fw_inf_1C11_kernel_new<float, float, bool=1, int=1> const , cudnn::detail::bn_fw_inf_1C11_kernel_new<float, float, bool=1, int=1>)	6788	6433	0.020032	
void kernelPointwiseApply1<ThresholdUpdateOutputIP<float>, float, unsigned int, int=-2>(TensorInfo<ThresholdUpdateOutputIP<float>, float>, float, float)	6274	6305	0.006176	
void im2col4d_kernel<float, int>(im2col4d_params, cudnnConvolutionStruct, cudnnTensor4dStruct, float const *, float*, int)	63301	6490	0.160672	
cudnn_convolve_sgemm_sm35_ldg_nn_32x16x64x8x16	9371	130805	0.309920	
void cudnn::detail::bn_fw_inf_1C11_kernel_new<float, float, bool=1, int=1>(float, cudnn::detail::bn_fw_inf_1C11_kernel_new<float, float, bool=1, int=1>, cudnnTensorStruct, float const *, float, cudnnTensorStruct*, float, cudnn::detail::bn_fw_inf_1C11_kernel_new<float, float, bool=1, int=1> const *, cudnn::detail::bn_fw_inf_1C11_kernel_new<float, float, bool=1, int=1> const , cudnn::detail::bn_fw_inf_1C11_kernel_new<float, float, bool=1, int=1> const , cudnn::detail::bn_fw_inf_1C11_kernel_new<float, float, bool=1, int=1> const , cudnn::detail::bn_fw_inf_1C11_kernel_new<float, float, bool=1, int=1>)	6764	6433	0.008800	
void kernelPointwiseApply1<ThresholdUpdateOutputIP<float>, float, unsigned int, int=-2>(TensorInfo<ThresholdUpdateOutputIP<float>, float>, float, float)	6273	6305	0.003776	
void kern_precompute_indices<bool=0>(int*, int, int, int, int, int, int)	42	27	0.005920	
cudnn_convolve_precomputed_sgemm_sm35_ldg_nn_64x16x128x8x32	112873	39800	0.124224	
void cudnn::detail::bn_fw_inf_1C11_kernel_new<float, float, bool=1, int=1>(float, cudnn::detail::bn_fw_inf_1C11_kernel_new<float, float, bool=1, int=1>, cudnnTensorStruct, float const *, float, cudnnTensorStruct*, float, cudnn::detail::bn_fw_inf_1C11_kernel_new<float, float, bool=1, int=1> const *, cudnn::detail::bn_fw_inf_1C11_kernel_new<float, float, bool=1, int=1> const , cudnn::detail::bn_fw_inf_1C11_kernel_new<float, float, bool=1, int=1> const , cudnn::detail::bn_fw_inf_1C11_kernel_new<float, float, bool=1, int=1> const , cudnn::detail::bn_fw_inf_1C11_kernel_new<float, float, bool=1, int=1>)	26989	25625	0.008096	
void kernelPointwiseApply2<TensorAddOp<float>, float, float, unsigned int, int=-2, int=-2>(TensorInfo<TensorAddOp<float>, float>, TensorInfo<float, float>, float, float)	25090	50190	0.012128	
void kernelPointwiseApply1<ThresholdUpdateOutputIP<float>, float, unsigned int, int=-2>(TensorInfo<ThresholdUpdateOutputIP<float>, float>, float, float)	25089	25112	0.003744	
void kern_precompute_indices<bool=0>(int*, int, int, int, int, int, int)	170	27	0.003232	
cudnn_convolve_precomputed_sgemm_sm35_ldg_nn_32x16x32x8x8	55596	91180	0.162945	
void cudnn::detail::bn_fw_inf_1C11_kernel_new<float, float, bool=1, int=1>(float, cudnn::detail::bn_fw_inf_1C11_kernel_new<float, float, bool=1, int=1>, cudnnTensorStruct, float const *, float, cudnnTensorStruct*, float, cudnn::detail::bn_fw_inf_1C11_kernel_new<float, float, bool=1, int=1> const *, cudnn::detail::bn_fw_inf_1C11_kernel_new<float, float, bool=1, int=1> const , cudnn::detail::bn_fw_inf_1C11_kernel_new<float, float, bool=1, int=1> const , cudnn::detail::bn_fw_inf_1C11_kernel_new<float, float, bool=1, int=1> const , cudnn::detail::bn_fw_inf_1C11_kernel_new<float, float, bool=1, int=1>)	13507	12833	0.020320	
void kernelPointwiseApply1<ThresholdUpdateOutputIP<float>, float, unsigned int, int=-2>(TensorInfo<ThresholdUpdateOutputIP<float>, float>, float, float)	12546	12577	0.005952	
void im2col4d_kernel<float, int>(im2col4d_params, cudnnConvolutionStruct, cudnnTensor4dStruct, float const *, float*, int)	36231	12586	0.160576	
cudnn_convolve_sgemm_sm35_ldg_nn_64x16x64x16x16	4925	323757	0.191776	
void cudnn::detail::bn_fw_inf_1C11_kernel_new<float, float, bool=1, int=1>(float, cudnn::detail::bn_fw_inf_1C11_kernel_new<float, float, bool=1, int=1>, cudnnTensorStruct, float const *, float, cudnnTensorStruct*, float, cudnn::detail::bn_fw_inf_1C11_kernel_new<float, float, bool=1, int=1> const *, cudnn::detail::bn_fw_inf_1C11_kernel_new<float, float, bool=1, int=1> const , cudnn::detail::bn_fw_inf_1C11_kernel_new<float, float, bool=1, int=1> const , cudnn::detail::bn_fw_inf_1C11_kernel_new<float, float, bool=1, int=1> const , cudnn::detail::bn_fw_inf_1C11_kernel_new<float, float, bool=1, int=1>)	3261	3405	0.012512	
void kernelPointwiseApply1<ThresholdUpdateOutputIP<float>, float, unsigned int, int=-2>(TensorInfo<ThresholdUpdateOutputIP<float>, float>, float, float)	3137	3160	0.004576	
void kern_precompute_indices<bool=0>(int*, int, int, int, int, int, int)	84	26	0.005920	
cudnn_convolve_precomputed_sgemm_sm35_ldg_nn_64x16x128x8x32	58268	135000	0.121376	
void cudnn::detail::bn_fw_inf_1C11_kernel_new<float, float, bool=1, int=1>(float, cudnn::detail::bn_fw_inf_1C11_kernel_new<float, float, bool=1, int=1>, cudnnTensorStruct, float const *, float, cudnnTensorStruct*, float, cudnn::detail::bn_fw_inf_1C11_kernel_new<float, float, bool=1, int=1> const *, cudnn::detail::bn_fw_inf_1C11_kernel_new<float, float, bool=1, int=1> const , cudnn::detail::bn_fw_inf_1C11_kernel_new<float, float, bool=1, int=1> const , cudnn::detail::bn_fw_inf_1C11_kernel_new<float, float, bool=1, int=1> const , cudnn::detail::bn_fw_inf_1C11_kernel_new<float, float, bool=1, int=1>)	12707	13621	0.006048	
void kern_precompute_indices<bool=0>(int*, int, int, int, int, int, int)	167	26	0.004064	
cudnn_convolve_precomputed_sgemm_sm35_ldg_nn_64x16x128x8x32	58280	287130	0.155808	
void cudnn::detail::bn_fw_inf_1C11_kernel_new<float, float, bool=1, int=1>(float, cudnn::detail::bn_fw_inf_1C11_kernel_new<float, float, bool=1, int=1>, cudnnTensorStruct, float const *, float, cudnnTensorStruct*, float, cudnn::detail::bn_fw_inf_1C11_kernel_new<float, float, bool=1, int=1> const *, cudnn::detail::bn_fw_inf_1C11_kernel_new<float, float, bool=1, int=1> const , cudnn::detail::bn_fw_inf_1C11_kernel_new<float, float, bool=1, int=1> const , cudnn::detail::bn_fw_inf_1C11_kernel_new<float, float, bool=1, int=1> const , cudnn::detail::bn_fw_inf_1C11_kernel_new<float, float, bool=1, int=1>)	12717	13601	0.018176	
void kernelPointwiseApply2<TensorAddOp<float>, float, float, unsigned int, int=-2, int=-2>(TensorInfo<TensorAddOp<float>, float>, TensorInfo<float, float>, float, float)	12544	25166	0.012576	
void kernelPointwiseApply1<ThresholdUpdateOutputIP<float>, float, unsigned int, int=-2>(TensorInfo<ThresholdUpdateOutputIP<float>, float>, float, float)	12545	12568	0.002528	
void kern_precompute_indices<bool=0>(int*, int, int, int, int, int, int)	298	26	0.005920	
cudnn_convolve_precomputed_sgemm_sm35_ldg_nn_32x16x32x8x8	14225	144708	0.250848	
void cudnn::detail::bn_fw_inf_1C11_kernel_new<float, float, bool=1, int=1>(float, cudnn::detail::bn_fw_inf_1C11_kernel_new<float, float, bool=1, int=1>, cudnnTensorStruct, float const *, float, cudnnTensorStruct*, float, cudnn::detail::bn_fw_inf_1C11_kernel_new<float, float, bool=1, int=1> const *, cudnn::detail::bn_fw_inf_1C11_kernel_new<float, float, bool=1, int=1> const , cudnn::detail::bn_fw_inf_1C11_kernel_new<float, float, bool=1, int=1> const , cudnn::detail::bn_fw_inf_1C11_kernel_new<float, float, bool=1, int=1> const , cudnn::detail::bn_fw_inf_1C11_kernel_new<float, float, bool=1, int=1>)	3251	3425	0.018304	
void kernelPointwiseApply1<ThresholdUpdateOutputIP<float>, float, unsigned int, int=-2>(TensorInfo<ThresholdUpdateOutputIP<float>, float>, float, float)	3138	3160	0.004224	
void im2col4d_kernel<float, int>(im2col4d_params, cudnnConvolutionStruct, cudnnTensor4dStruct, float const *, float*, int)	36177	3178	0.169600	
cudnn_convolve_sgemm_sm35_ldg_nn_64x16x64x16x16	4926	323885	0.474465	
void cudnn::detail::bn_fw_inf_1C11_kernel_new<float, float, bool=1, int=1>(float, cudnn::detail::bn_fw_inf_1C11_kernel_new<float, float, bool=1, int=1>, cudnnTensorStruct, float const *, float, cudnnTensorStruct*, float, cudnn::detail::bn_fw_inf_1C11_kernel_new<float, float, bool=1, int=1> const *, cudnn::detail::bn_fw_inf_1C11_kernel_new<float, float, bool=1, int=1> const , cudnn::detail::bn_fw_inf_1C11_kernel_new<float, float, bool=1, int=1> const , cudnn::detail::bn_fw_inf_1C11_kernel_new<float, float, bool=1, int=1> const , cudnn::detail::bn_fw_inf_1C11_kernel_new<float, float, bool=1, int=1>)	3215	3413	0.007136	
void kernelPointwiseApply1<ThresholdUpdateOutputIP<float>, float, unsigned int, int=-2>(TensorInfo<ThresholdUpdateOutputIP<float>, float>, float, float)	3137	3169	0.002912	
void kern_precompute_indices<bool=0>(int*, int, int, int, int, int, int)	83	27	0.009600	
cudnn_convolve_precomputed_sgemm_sm35_ldg_nn_64x16x128x8x32	58291	135004	0.275136	
void cudnn::detail::bn_fw_inf_1C11_kernel_new<float, float, bool=1, int=1>(float, cudnn::detail::bn_fw_inf_1C11_kernel_new<float, float, bool=1, int=1>, cudnnTensorStruct, float const *, float, cudnnTensorStruct*, float, cudnn::detail::bn_fw_inf_1C11_kernel_new<float, float, bool=1, int=1> const *, cudnn::detail::bn_fw_inf_1C11_kernel_new<float, float, bool=1, int=1> const , cudnn::detail::bn_fw_inf_1C11_kernel_new<float, float, bool=1, int=1> const , cudnn::detail::bn_fw_inf_1C11_kernel_new<float, float, bool=1, int=1> const , cudnn::detail::bn_fw_inf_1C11_kernel_new<float, float, bool=1, int=1>)	12728	13641	0.005920	
void kernelPointwiseApply2<TensorAddOp<float>, float, float, unsigned int, int=-2, int=-2>(TensorInfo<TensorAddOp<float>, float>, TensorInfo<float, float>, float, float)	12544	25103	0.006464	
void kernelPointwiseApply1<ThresholdUpdateOutputIP<float>, float, unsigned int, int=-2>(TensorInfo<ThresholdUpdateOutputIP<float>, float>, float, float)	12545	12568	0.002688	
void kern_precompute_indices<bool=0>(int*, int, int, int, int, int, int)	305	26	0.004064	
cudnn_convolve_precomputed_sgemm_sm35_ldg_nn_32x16x32x8x8	14218	144300	0.300512	
void cudnn::detail::bn_fw_inf_1C11_kernel_new<float, float, bool=1, int=1>(float, cudnn::detail::bn_fw_inf_1C11_kernel_new<float, float, bool=1, int=1>, cudnnTensorStruct, float const *, float, cudnnTensorStruct*, float, cudnn::detail::bn_fw_inf_1C11_kernel_new<float, float, bool=1, int=1> const *, cudnn::detail::bn_fw_inf_1C11_kernel_new<float, float, bool=1, int=1> const , cudnn::detail::bn_fw_inf_1C11_kernel_new<float, float, bool=1, int=1> const , cudnn::detail::bn_fw_inf_1C11_kernel_new<float, float, bool=1, int=1> const , cudnn::detail::bn_fw_inf_1C11_kernel_new<float, float, bool=1, int=1>)	3254	3425	0.018208	
void kernelPointwiseApply1<ThresholdUpdateOutputIP<float>, float, unsigned int, int=-2>(TensorInfo<ThresholdUpdateOutputIP<float>, float>, float, float)	3136	3160	0.004064	
void im2col4d_kernel<float, int>(im2col4d_params, cudnnConvolutionStruct, cudnnTensor4dStruct, float const *, float*, int)	36151	3178	0.158145	
cudnn_convolve_sgemm_sm35_ldg_nn_64x16x64x16x16	4927	323613	0.473984	
void cudnn::detail::bn_fw_inf_1C11_kernel_new<float, float, bool=1, int=1>(float, cudnn::detail::bn_fw_inf_1C11_kernel_new<float, float, bool=1, int=1>, cudnnTensorStruct, float const *, float, cudnnTensorStruct*, float, cudnn::detail::bn_fw_inf_1C11_kernel_new<float, float, bool=1, int=1> const *, cudnn::detail::bn_fw_inf_1C11_kernel_new<float, float, bool=1, int=1> const , cudnn::detail::bn_fw_inf_1C11_kernel_new<float, float, bool=1, int=1> const , cudnn::detail::bn_fw_inf_1C11_kernel_new<float, float, bool=1, int=1> const , cudnn::detail::bn_fw_inf_1C11_kernel_new<float, float, bool=1, int=1>)	3232	3425	0.007296	
void kernelPointwiseApply1<ThresholdUpdateOutputIP<float>, float, unsigned int, int=-2>(TensorInfo<ThresholdUpdateOutputIP<float>, float>, float, float)	3136	3169	0.005664	
void kern_precompute_indices<bool=0>(int*, int, int, int, int, int, int)	83	27	0.009504	
cudnn_convolve_precomputed_sgemm_sm35_ldg_nn_64x16x128x8x32	58350	135256	0.155200	
void cudnn::detail::bn_fw_inf_1C11_kernel_new<float, float, bool=1, int=1>(float, cudnn::detail::bn_fw_inf_1C11_kernel_new<float, float, bool=1, int=1>, cudnnTensorStruct, float const *, float, cudnnTensorStruct*, float, cudnn::detail::bn_fw_inf_1C11_kernel_new<float, float, bool=1, int=1> const *, cudnn::detail::bn_fw_inf_1C11_kernel_new<float, float, bool=1, int=1> const , cudnn::detail::bn_fw_inf_1C11_kernel_new<float, float, bool=1, int=1> const , cudnn::detail::bn_fw_inf_1C11_kernel_new<float, float, bool=1, int=1> const , cudnn::detail::bn_fw_inf_1C11_kernel_new<float, float, bool=1, int=1>)	12736	13593	0.005984	
void kernelPointwiseApply2<TensorAddOp<float>, float, float, unsigned int, int=-2, int=-2>(TensorInfo<TensorAddOp<float>, float>, TensorInfo<float, float>, float, float)	12544	25102	0.006592	
void kernelPointwiseApply1<ThresholdUpdateOutputIP<float>, float, unsigned int, int=-2>(TensorInfo<ThresholdUpdateOutputIP<float>, float>, float, float)	12544	12577	0.002400	
void AvePoolForward<float, float, bool=1>(int, float const *, int, int, int, int, int, int, int, int, int, int, int, int, float*)	257	12609	0.142976	
void gemv2T_kernel_val<float, float, float, int=128, int=16, int=2, int=4, bool=0>(int, int, float, float const *, int, float const *, int, float, float*, int)	128	256535	0.055040	
