==12358== NVPROF is profiling process 12358, command: python resnet.py resnet50
==12358== Profiling application: python resnet.py resnet50
==12358== Profiling result:
"Start","Duration","Grid X","Grid Y","Grid Z","Block X","Block Y","Block Z","Registers Per Thread","Static SMem","Dynamic SMem","Size","Throughput","Device","Context","Stream","Name"
s,ms,,,,,,,,KB,B,MB,GB/s,,,,
2.128027,0.095712,,,,,,,,,,0.574219,5.858832,"Tesla K40c (0)","1","7","[CUDA memcpy HtoD]"
3.562775,0.007104,,,,,,,,,,0.035889,4.933493,"Tesla K40c (0)","1","7","[CUDA memcpy HtoD]"
3.562807,0.000864,,,,,,,,,,0.000244,0.275947,"Tesla K40c (0)","1","7","[CUDA memcpy HtoD]"
3.562822,0.000832,,,,,,,,,,0.000244,0.286561,"Tesla K40c (0)","1","7","[CUDA memcpy HtoD]"
3.562837,0.000832,,,,,,,,,,0.000244,0.286561,"Tesla K40c (0)","1","7","[CUDA memcpy HtoD]"
3.562850,0.000800,,,,,,,,,,0.000244,0.298023,"Tesla K40c (0)","1","7","[CUDA memcpy HtoD]"
3.562881,0.003520,,,,,,,,,,0.015625,4.334883,"Tesla K40c (0)","1","7","[CUDA memcpy HtoD]"
3.562898,0.000800,,,,,,,,,,0.000244,0.298023,"Tesla K40c (0)","1","7","[CUDA memcpy HtoD]"
3.562911,0.000832,,,,,,,,,,0.000244,0.286561,"Tesla K40c (0)","1","7","[CUDA memcpy HtoD]"
3.562925,0.000800,,,,,,,,,,0.000244,0.298023,"Tesla K40c (0)","1","7","[CUDA memcpy HtoD]"
3.562939,0.000832,,,,,,,,,,0.000244,0.286561,"Tesla K40c (0)","1","7","[CUDA memcpy HtoD]"
3.563013,0.024992,,,,,,,,,,0.140625,5.494922,"Tesla K40c (0)","1","7","[CUDA memcpy HtoD]"
3.563045,0.000832,,,,,,,,,,0.000244,0.286561,"Tesla K40c (0)","1","7","[CUDA memcpy HtoD]"
3.563058,0.000928,,,,,,,,,,0.000244,0.256917,"Tesla K40c (0)","1","7","[CUDA memcpy HtoD]"
3.563071,0.000832,,,,,,,,,,0.000244,0.286561,"Tesla K40c (0)","1","7","[CUDA memcpy HtoD]"
3.563083,0.000832,,,,,,,,,,0.000244,0.286561,"Tesla K40c (0)","1","7","[CUDA memcpy HtoD]"
3.563112,0.011776,,,,,,,,,,0.062500,5.183013,"Tesla K40c (0)","1","7","[CUDA memcpy HtoD]"
3.563129,0.000960,,,,,,,,,,0.000977,0.993411,"Tesla K40c (0)","1","7","[CUDA memcpy HtoD]"
3.563143,0.000960,,,,,,,,,,0.000977,0.993411,"Tesla K40c (0)","1","7","[CUDA memcpy HtoD]"
3.563157,0.000960,,,,,,,,,,0.000977,0.993411,"Tesla K40c (0)","1","7","[CUDA memcpy HtoD]"
3.563169,0.000960,,,,,,,,,,0.000977,0.993411,"Tesla K40c (0)","1","7","[CUDA memcpy HtoD]"
3.563202,0.011808,,,,,,,,,,0.062500,5.168966,"Tesla K40c (0)","1","7","[CUDA memcpy HtoD]"
3.563220,0.000928,,,,,,,,,,0.000977,1.027666,"Tesla K40c (0)","1","7","[CUDA memcpy HtoD]"
3.563234,0.000992,,,,,,,,,,0.000977,0.961365,"Tesla K40c (0)","1","7","[CUDA memcpy HtoD]"
3.563248,0.000960,,,,,,,,,,0.000977,0.993411,"Tesla K40c (0)","1","7","[CUDA memcpy HtoD]"
3.563260,0.000928,,,,,,,,,,0.000977,1.027666,"Tesla K40c (0)","1","7","[CUDA memcpy HtoD]"
3.563292,0.011808,,,,,,,,,,0.062500,5.168966,"Tesla K40c (0)","1","7","[CUDA memcpy HtoD]"
3.563309,0.000832,,,,,,,,,,0.000244,0.286561,"Tesla K40c (0)","1","7","[CUDA memcpy HtoD]"
3.563322,0.000832,,,,,,,,,,0.000244,0.286561,"Tesla K40c (0)","1","7","[CUDA memcpy HtoD]"
3.563335,0.000832,,,,,,,,,,0.000244,0.286561,"Tesla K40c (0)","1","7","[CUDA memcpy HtoD]"
3.563347,0.000832,,,,,,,,,,0.000244,0.286561,"Tesla K40c (0)","1","7","[CUDA memcpy HtoD]"
3.563878,0.025216,,,,,,,,,,0.140625,5.446110,"Tesla K40c (0)","1","7","[CUDA memcpy HtoD]"
3.563910,0.000832,,,,,,,,,,0.000244,0.286561,"Tesla K40c (0)","1","7","[CUDA memcpy HtoD]"
3.563923,0.000800,,,,,,,,,,0.000244,0.298023,"Tesla K40c (0)","1","7","[CUDA memcpy HtoD]"
3.563937,0.000832,,,,,,,,,,0.000244,0.286561,"Tesla K40c (0)","1","7","[CUDA memcpy HtoD]"
3.563950,0.000832,,,,,,,,,,0.000244,0.286561,"Tesla K40c (0)","1","7","[CUDA memcpy HtoD]"
3.563976,0.011776,,,,,,,,,,0.062500,5.183013,"Tesla K40c (0)","1","7","[CUDA memcpy HtoD]"
3.563994,0.000960,,,,,,,,,,0.000977,0.993411,"Tesla K40c (0)","1","7","[CUDA memcpy HtoD]"
3.564007,0.000960,,,,,,,,,,0.000977,0.993411,"Tesla K40c (0)","1","7","[CUDA memcpy HtoD]"
3.564020,0.000960,,,,,,,,,,0.000977,0.993411,"Tesla K40c (0)","1","7","[CUDA memcpy HtoD]"
3.564032,0.000960,,,,,,,,,,0.000977,0.993411,"Tesla K40c (0)","1","7","[CUDA memcpy HtoD]"
3.564069,0.011808,,,,,,,,,,0.062500,5.168966,"Tesla K40c (0)","1","7","[CUDA memcpy HtoD]"
3.564086,0.000800,,,,,,,,,,0.000244,0.298023,"Tesla K40c (0)","1","7","[CUDA memcpy HtoD]"
3.564099,0.000832,,,,,,,,,,0.000244,0.286561,"Tesla K40c (0)","1","7","[CUDA memcpy HtoD]"
3.564112,0.000832,,,,,,,,,,0.000244,0.286561,"Tesla K40c (0)","1","7","[CUDA memcpy HtoD]"
3.564124,0.000832,,,,,,,,,,0.000244,0.286561,"Tesla K40c (0)","1","7","[CUDA memcpy HtoD]"
3.564168,0.024832,,,,,,,,,,0.140625,5.530328,"Tesla K40c (0)","1","7","[CUDA memcpy HtoD]"
3.564200,0.000800,,,,,,,,,,0.000244,0.298023,"Tesla K40c (0)","1","7","[CUDA memcpy HtoD]"
3.564212,0.000832,,,,,,,,,,0.000244,0.286561,"Tesla K40c (0)","1","7","[CUDA memcpy HtoD]"
3.564225,0.000832,,,,,,,,,,0.000244,0.286561,"Tesla K40c (0)","1","7","[CUDA memcpy HtoD]"
3.564238,0.000800,,,,,,,,,,0.000244,0.298023,"Tesla K40c (0)","1","7","[CUDA memcpy HtoD]"
3.564265,0.011776,,,,,,,,,,0.062500,5.183013,"Tesla K40c (0)","1","7","[CUDA memcpy HtoD]"
3.564283,0.000960,,,,,,,,,,0.000977,0.993411,"Tesla K40c (0)","1","7","[CUDA memcpy HtoD]"
3.564296,0.000960,,,,,,,,,,0.000977,0.993411,"Tesla K40c (0)","1","7","[CUDA memcpy HtoD]"
3.564310,0.000960,,,,,,,,,,0.000977,0.993411,"Tesla K40c (0)","1","7","[CUDA memcpy HtoD]"
3.564324,0.000960,,,,,,,,,,0.000977,0.993411,"Tesla K40c (0)","1","7","[CUDA memcpy HtoD]"
3.564369,0.022080,,,,,,,,,,0.125000,5.528547,"Tesla K40c (0)","1","7","[CUDA memcpy HtoD]"
3.564398,0.000864,,,,,,,,,,0.000488,0.551895,"Tesla K40c (0)","1","7","[CUDA memcpy HtoD]"
3.564411,0.000864,,,,,,,,,,0.000488,0.551895,"Tesla K40c (0)","1","7","[CUDA memcpy HtoD]"
3.564424,0.000864,,,,,,,,,,0.000488,0.551895,"Tesla K40c (0)","1","7","[CUDA memcpy HtoD]"
3.564436,0.000896,,,,,,,,,,0.000488,0.532184,"Tesla K40c (0)","1","7","[CUDA memcpy HtoD]"
3.564934,0.092704,,,,,,,,,,0.562500,5.925488,"Tesla K40c (0)","1","7","[CUDA memcpy HtoD]"
3.565034,0.000864,,,,,,,,,,0.000488,0.551895,"Tesla K40c (0)","1","7","[CUDA memcpy HtoD]"
3.565047,0.000896,,,,,,,,,,0.000488,0.532184,"Tesla K40c (0)","1","7","[CUDA memcpy HtoD]"
3.565060,0.000896,,,,,,,,,,0.000488,0.532184,"Tesla K40c (0)","1","7","[CUDA memcpy HtoD]"
3.565073,0.000864,,,,,,,,,,0.000488,0.551895,"Tesla K40c (0)","1","7","[CUDA memcpy HtoD]"
3.565130,0.042432,,,,,,,,,,0.250000,5.753691,"Tesla K40c (0)","1","7","[CUDA memcpy HtoD]"
3.565179,0.001120,,,,,,,,,,0.001953,1.702990,"Tesla K40c (0)","1","7","[CUDA memcpy HtoD]"
3.565193,0.001120,,,,,,,,,,0.001953,1.702990,"Tesla K40c (0)","1","7","[CUDA memcpy HtoD]"
3.565206,0.001120,,,,,,,,,,0.001953,1.702990,"Tesla K40c (0)","1","7","[CUDA memcpy HtoD]"
3.565218,0.001120,,,,,,,,,,0.001953,1.702990,"Tesla K40c (0)","1","7","[CUDA memcpy HtoD]"
3.565713,0.082752,,,,,,,,,,0.500000,5.900537,"Tesla K40c (0)","1","7","[CUDA memcpy HtoD]"
3.565803,0.001344,,,,,,,,,,0.001953,1.419158,"Tesla K40c (0)","1","7","[CUDA memcpy HtoD]"
3.565817,0.001120,,,,,,,,,,0.001953,1.702990,"Tesla K40c (0)","1","7","[CUDA memcpy HtoD]"
3.565830,0.001120,,,,,,,,,,0.001953,1.702990,"Tesla K40c (0)","1","7","[CUDA memcpy HtoD]"
3.565855,0.001152,,,,,,,,,,0.001953,1.655685,"Tesla K40c (0)","1","7","[CUDA memcpy HtoD]"
3.565913,0.042400,,,,,,,,,,0.250000,5.758034,"Tesla K40c (0)","1","7","[CUDA memcpy HtoD]"
3.565963,0.000864,,,,,,,,,,0.000488,0.551895,"Tesla K40c (0)","1","7","[CUDA memcpy HtoD]"
3.565975,0.000864,,,,,,,,,,0.000488,0.551895,"Tesla K40c (0)","1","7","[CUDA memcpy HtoD]"
3.565989,0.000864,,,,,,,,,,0.000488,0.551895,"Tesla K40c (0)","1","7","[CUDA memcpy HtoD]"
3.566001,0.000864,,,,,,,,,,0.000488,0.551895,"Tesla K40c (0)","1","7","[CUDA memcpy HtoD]"
3.566485,0.092768,,,,,,,,,,0.562500,5.921400,"Tesla K40c (0)","1","7","[CUDA memcpy HtoD]"
3.566585,0.001184,,,,,,,,,,0.000488,0.402734,"Tesla K40c (0)","1","7","[CUDA memcpy HtoD]"
3.566598,0.000864,,,,,,,,,,0.000488,0.551895,"Tesla K40c (0)","1","7","[CUDA memcpy HtoD]"
3.566611,0.000864,,,,,,,,,,0.000488,0.551895,"Tesla K40c (0)","1","7","[CUDA memcpy HtoD]"
3.566623,0.000864,,,,,,,,,,0.000488,0.551895,"Tesla K40c (0)","1","7","[CUDA memcpy HtoD]"
3.566676,0.042400,,,,,,,,,,0.250000,5.758034,"Tesla K40c (0)","1","7","[CUDA memcpy HtoD]"
3.566725,0.001152,,,,,,,,,,0.001953,1.655685,"Tesla K40c (0)","1","7","[CUDA memcpy HtoD]"
3.566738,0.001152,,,,,,,,,,0.001953,1.655685,"Tesla K40c (0)","1","7","[CUDA memcpy HtoD]"
3.566751,0.001152,,,,,,,,,,0.001953,1.655685,"Tesla K40c (0)","1","7","[CUDA memcpy HtoD]"
3.566764,0.001120,,,,,,,,,,0.001953,1.702990,"Tesla K40c (0)","1","7","[CUDA memcpy HtoD]"
3.566824,0.042400,,,,,,,,,,0.250000,5.758034,"Tesla K40c (0)","1","7","[CUDA memcpy HtoD]"
3.566873,0.000864,,,,,,,,,,0.000488,0.551895,"Tesla K40c (0)","1","7","[CUDA memcpy HtoD]"
3.566885,0.000896,,,,,,,,,,0.000488,0.532184,"Tesla K40c (0)","1","7","[CUDA memcpy HtoD]"
3.566898,0.000864,,,,,,,,,,0.000488,0.551895,"Tesla K40c (0)","1","7","[CUDA memcpy HtoD]"
3.566911,0.000864,,,,,,,,,,0.000488,0.551895,"Tesla K40c (0)","1","7","[CUDA memcpy HtoD]"
3.567404,0.092736,,,,,,,,,,0.562500,5.923443,"Tesla K40c (0)","1","7","[CUDA memcpy HtoD]"
3.567504,0.001184,,,,,,,,,,0.000488,0.402734,"Tesla K40c (0)","1","7","[CUDA memcpy HtoD]"
3.567517,0.000896,,,,,,,,,,0.000488,0.532184,"Tesla K40c (0)","1","7","[CUDA memcpy HtoD]"
3.567529,0.000864,,,,,,,,,,0.000488,0.551895,"Tesla K40c (0)","1","7","[CUDA memcpy HtoD]"
3.567542,0.000864,,,,,,,,,,0.000488,0.551895,"Tesla K40c (0)","1","7","[CUDA memcpy HtoD]"
3.567594,0.042400,,,,,,,,,,0.250000,5.758034,"Tesla K40c (0)","1","7","[CUDA memcpy HtoD]"
3.567643,0.001152,,,,,,,,,,0.001953,1.655685,"Tesla K40c (0)","1","7","[CUDA memcpy HtoD]"
3.567656,0.001152,,,,,,,,,,0.001953,1.655685,"Tesla K40c (0)","1","7","[CUDA memcpy HtoD]"
3.567669,0.001120,,,,,,,,,,0.001953,1.702990,"Tesla K40c (0)","1","7","[CUDA memcpy HtoD]"
3.567682,0.001152,,,,,,,,,,0.001953,1.655685,"Tesla K40c (0)","1","7","[CUDA memcpy HtoD]"
3.567739,0.042400,,,,,,,,,,0.250000,5.758034,"Tesla K40c (0)","1","7","[CUDA memcpy HtoD]"
3.567789,0.000864,,,,,,,,,,0.000488,0.551895,"Tesla K40c (0)","1","7","[CUDA memcpy HtoD]"
3.567801,0.000864,,,,,,,,,,0.000488,0.551895,"Tesla K40c (0)","1","7","[CUDA memcpy HtoD]"
3.567813,0.000864,,,,,,,,,,0.000488,0.551895,"Tesla K40c (0)","1","7","[CUDA memcpy HtoD]"
3.567826,0.000864,,,,,,,,,,0.000488,0.551895,"Tesla K40c (0)","1","7","[CUDA memcpy HtoD]"
3.568319,0.092736,,,,,,,,,,0.562500,5.923443,"Tesla K40c (0)","1","7","[CUDA memcpy HtoD]"
3.568419,0.001056,,,,,,,,,,0.000488,0.451550,"Tesla K40c (0)","1","7","[CUDA memcpy HtoD]"
3.568432,0.000864,,,,,,,,,,0.000488,0.551895,"Tesla K40c (0)","1","7","[CUDA memcpy HtoD]"
3.568445,0.000864,,,,,,,,,,0.000488,0.551895,"Tesla K40c (0)","1","7","[CUDA memcpy HtoD]"
3.568457,0.000896,,,,,,,,,,0.000488,0.532184,"Tesla K40c (0)","1","7","[CUDA memcpy HtoD]"
3.568510,0.042368,,,,,,,,,,0.250000,5.762383,"Tesla K40c (0)","1","7","[CUDA memcpy HtoD]"
3.568560,0.001120,,,,,,,,,,0.001953,1.702990,"Tesla K40c (0)","1","7","[CUDA memcpy HtoD]"
3.568572,0.001120,,,,,,,,,,0.001953,1.702990,"Tesla K40c (0)","1","7","[CUDA memcpy HtoD]"
3.568586,0.001152,,,,,,,,,,0.001953,1.655685,"Tesla K40c (0)","1","7","[CUDA memcpy HtoD]"
3.568598,0.001152,,,,,,,,,,0.001953,1.655685,"Tesla K40c (0)","1","7","[CUDA memcpy HtoD]"
3.569075,0.107104,,,,,,,,,,0.500000,4.558945,"Tesla K40c (0)","1","7","[CUDA memcpy HtoD]"
3.569190,0.001280,,,,,,,,,,0.000977,0.745058,"Tesla K40c (0)","1","7","[CUDA memcpy HtoD]"
3.569203,0.000928,,,,,,,,,,0.000977,1.027666,"Tesla K40c (0)","1","7","[CUDA memcpy HtoD]"
3.569216,0.000960,,,,,,,,,,0.000977,0.993411,"Tesla K40c (0)","1","7","[CUDA memcpy HtoD]"
3.569229,0.000992,,,,,,,,,,0.000977,0.961365,"Tesla K40c (0)","1","7","[CUDA memcpy HtoD]"
3.569758,0.449504,,,,,,,,,,2.250000,4.888200,"Tesla K40c (0)","1","7","[CUDA memcpy HtoD]"
3.570215,0.001280,,,,,,,,,,0.000977,0.745058,"Tesla K40c (0)","1","7","[CUDA memcpy HtoD]"
3.570228,0.000960,,,,,,,,,,0.000977,0.993411,"Tesla K40c (0)","1","7","[CUDA memcpy HtoD]"
3.570241,0.000960,,,,,,,,,,0.000977,0.993411,"Tesla K40c (0)","1","7","[CUDA memcpy HtoD]"
3.570253,0.000960,,,,,,,,,,0.000977,0.993411,"Tesla K40c (0)","1","7","[CUDA memcpy HtoD]"
3.570726,0.195040,,,,,,,,,,1.000000,5.006986,"Tesla K40c (0)","1","7","[CUDA memcpy HtoD]"
3.570929,0.001472,,,,,,,,,,0.003906,2.591506,"Tesla K40c (0)","1","7","[CUDA memcpy HtoD]"
3.570943,0.001472,,,,,,,,,,0.003906,2.591506,"Tesla K40c (0)","1","7","[CUDA memcpy HtoD]"
3.570957,0.001472,,,,,,,,,,0.003906,2.591506,"Tesla K40c (0)","1","7","[CUDA memcpy HtoD]"
3.570970,0.001472,,,,,,,,,,0.003906,2.591506,"Tesla K40c (0)","1","7","[CUDA memcpy HtoD]"
3.571451,0.389728,,,,,,,,,,2.000000,5.011508,"Tesla K40c (0)","1","7","[CUDA memcpy HtoD]"
3.571848,0.001760,,,,,,,,,,0.003906,2.167442,"Tesla K40c (0)","1","7","[CUDA memcpy HtoD]"
3.571862,0.001472,,,,,,,,,,0.003906,2.591506,"Tesla K40c (0)","1","7","[CUDA memcpy HtoD]"
3.571876,0.001472,,,,,,,,,,0.003906,2.591506,"Tesla K40c (0)","1","7","[CUDA memcpy HtoD]"
3.571889,0.001472,,,,,,,,,,0.003906,2.591506,"Tesla K40c (0)","1","7","[CUDA memcpy HtoD]"
3.572373,0.163072,,,,,,,,,,1.000000,5.988536,"Tesla K40c (0)","1","7","[CUDA memcpy HtoD]"
3.572544,0.001152,,,,,,,,,,0.000977,0.827842,"Tesla K40c (0)","1","7","[CUDA memcpy HtoD]"
3.572557,0.000960,,,,,,,,,,0.000977,0.993411,"Tesla K40c (0)","1","7","[CUDA memcpy HtoD]"
3.572570,0.000928,,,,,,,,,,0.000977,1.027666,"Tesla K40c (0)","1","7","[CUDA memcpy HtoD]"
3.572588,0.000960,,,,,,,,,,0.000977,0.993411,"Tesla K40c (0)","1","7","[CUDA memcpy HtoD]"
3.573113,0.410497,,,,,,,,,,2.250000,5.352696,"Tesla K40c (0)","1","7","[CUDA memcpy HtoD]"
3.573531,0.001248,,,,,,,,,,0.000977,0.764162,"Tesla K40c (0)","1","7","[CUDA memcpy HtoD]"
3.573544,0.000960,,,,,,,,,,0.000977,0.993411,"Tesla K40c (0)","1","7","[CUDA memcpy HtoD]"
3.573558,0.000960,,,,,,,,,,0.000977,0.993411,"Tesla K40c (0)","1","7","[CUDA memcpy HtoD]"
3.573570,0.000960,,,,,,,,,,0.000977,0.993411,"Tesla K40c (0)","1","7","[CUDA memcpy HtoD]"
3.574061,0.162944,,,,,,,,,,1.000000,5.993240,"Tesla K40c (0)","1","7","[CUDA memcpy HtoD]"
3.574232,0.001600,,,,,,,,,,0.003906,2.384186,"Tesla K40c (0)","1","7","[CUDA memcpy HtoD]"
3.574245,0.001472,,,,,,,,,,0.003906,2.591506,"Tesla K40c (0)","1","7","[CUDA memcpy HtoD]"
3.574259,0.001472,,,,,,,,,,0.003906,2.591506,"Tesla K40c (0)","1","7","[CUDA memcpy HtoD]"
3.574271,0.001472,,,,,,,,,,0.003906,2.591506,"Tesla K40c (0)","1","7","[CUDA memcpy HtoD]"
3.574742,0.162912,,,,,,,,,,1.000000,5.994417,"Tesla K40c (0)","1","7","[CUDA memcpy HtoD]"
3.574913,0.001280,,,,,,,,,,0.000977,0.745058,"Tesla K40c (0)","1","7","[CUDA memcpy HtoD]"
3.574926,0.000960,,,,,,,,,,0.000977,0.993411,"Tesla K40c (0)","1","7","[CUDA memcpy HtoD]"
3.574939,0.000960,,,,,,,,,,0.000977,0.993411,"Tesla K40c (0)","1","7","[CUDA memcpy HtoD]"
3.574951,0.001152,,,,,,,,,,0.000977,0.827842,"Tesla K40c (0)","1","7","[CUDA memcpy HtoD]"
3.575451,0.416161,,,,,,,,,,2.250000,5.279845,"Tesla K40c (0)","1","7","[CUDA memcpy HtoD]"
3.575874,0.001248,,,,,,,,,,0.000977,0.764162,"Tesla K40c (0)","1","7","[CUDA memcpy HtoD]"
3.575887,0.000928,,,,,,,,,,0.000977,1.027666,"Tesla K40c (0)","1","7","[CUDA memcpy HtoD]"
3.575900,0.000960,,,,,,,,,,0.000977,0.993411,"Tesla K40c (0)","1","7","[CUDA memcpy HtoD]"
3.575913,0.000960,,,,,,,,,,0.000977,0.993411,"Tesla K40c (0)","1","7","[CUDA memcpy HtoD]"
3.576441,0.162912,,,,,,,,,,1.000000,5.994417,"Tesla K40c (0)","1","7","[CUDA memcpy HtoD]"
3.576612,0.001472,,,,,,,,,,0.003906,2.591506,"Tesla K40c (0)","1","7","[CUDA memcpy HtoD]"
3.576626,0.001504,,,,,,,,,,0.003906,2.536368,"Tesla K40c (0)","1","7","[CUDA memcpy HtoD]"
3.576639,0.001472,,,,,,,,,,0.003906,2.591506,"Tesla K40c (0)","1","7","[CUDA memcpy HtoD]"
3.576652,0.001472,,,,,,,,,,0.003906,2.591506,"Tesla K40c (0)","1","7","[CUDA memcpy HtoD]"
3.577202,0.162880,,,,,,,,,,1.000000,5.995595,"Tesla K40c (0)","1","7","[CUDA memcpy HtoD]"
3.577372,0.001120,,,,,,,,,,0.000977,0.851495,"Tesla K40c (0)","1","7","[CUDA memcpy HtoD]"
3.577386,0.000960,,,,,,,,,,0.000977,0.993411,"Tesla K40c (0)","1","7","[CUDA memcpy HtoD]"
3.577399,0.000960,,,,,,,,,,0.000977,0.993411,"Tesla K40c (0)","1","7","[CUDA memcpy HtoD]"
3.577412,0.000928,,,,,,,,,,0.000977,1.027666,"Tesla K40c (0)","1","7","[CUDA memcpy HtoD]"
3.577979,0.412033,,,,,,,,,,2.250000,5.332742,"Tesla K40c (0)","1","7","[CUDA memcpy HtoD]"
3.578398,0.001248,,,,,,,,,,0.000977,0.764162,"Tesla K40c (0)","1","7","[CUDA memcpy HtoD]"
3.578411,0.000960,,,,,,,,,,0.000977,0.993411,"Tesla K40c (0)","1","7","[CUDA memcpy HtoD]"
3.578424,0.000960,,,,,,,,,,0.000977,0.993411,"Tesla K40c (0)","1","7","[CUDA memcpy HtoD]"
3.578436,0.000960,,,,,,,,,,0.000977,0.993411,"Tesla K40c (0)","1","7","[CUDA memcpy HtoD]"
3.578974,0.162912,,,,,,,,,,1.000000,5.994417,"Tesla K40c (0)","1","7","[CUDA memcpy HtoD]"
3.579145,0.001504,,,,,,,,,,0.003906,2.536368,"Tesla K40c (0)","1","7","[CUDA memcpy HtoD]"
3.579158,0.001472,,,,,,,,,,0.003906,2.591506,"Tesla K40c (0)","1","7","[CUDA memcpy HtoD]"
3.579172,0.001472,,,,,,,,,,0.003906,2.591506,"Tesla K40c (0)","1","7","[CUDA memcpy HtoD]"
3.579185,0.001472,,,,,,,,,,0.003906,2.591506,"Tesla K40c (0)","1","7","[CUDA memcpy HtoD]"
3.579749,0.171360,,,,,,,,,,1.000000,5.698894,"Tesla K40c (0)","1","7","[CUDA memcpy HtoD]"
3.579928,0.001152,,,,,,,,,,0.000977,0.827842,"Tesla K40c (0)","1","7","[CUDA memcpy HtoD]"
3.579941,0.000960,,,,,,,,,,0.000977,0.993411,"Tesla K40c (0)","1","7","[CUDA memcpy HtoD]"
3.579954,0.000992,,,,,,,,,,0.000977,0.961365,"Tesla K40c (0)","1","7","[CUDA memcpy HtoD]"
3.579967,0.000960,,,,,,,,,,0.000977,0.993411,"Tesla K40c (0)","1","7","[CUDA memcpy HtoD]"
3.580493,0.446017,,,,,,,,,,2.250000,4.926417,"Tesla K40c (0)","1","7","[CUDA memcpy HtoD]"
3.580946,0.001280,,,,,,,,,,0.000977,0.745058,"Tesla K40c (0)","1","7","[CUDA memcpy HtoD]"
3.580959,0.000928,,,,,,,,,,0.000977,1.027666,"Tesla K40c (0)","1","7","[CUDA memcpy HtoD]"
3.580972,0.000960,,,,,,,,,,0.000977,0.993411,"Tesla K40c (0)","1","7","[CUDA memcpy HtoD]"
3.580984,0.000960,,,,,,,,,,0.000977,0.993411,"Tesla K40c (0)","1","7","[CUDA memcpy HtoD]"
3.581487,0.162912,,,,,,,,,,1.000000,5.994417,"Tesla K40c (0)","1","7","[CUDA memcpy HtoD]"
3.581657,0.001536,,,,,,,,,,0.003906,2.483527,"Tesla K40c (0)","1","7","[CUDA memcpy HtoD]"
3.581676,0.001472,,,,,,,,,,0.003906,2.591506,"Tesla K40c (0)","1","7","[CUDA memcpy HtoD]"
3.581690,0.001472,,,,,,,,,,0.003906,2.591506,"Tesla K40c (0)","1","7","[CUDA memcpy HtoD]"
3.581704,0.001472,,,,,,,,,,0.003906,2.591506,"Tesla K40c (0)","1","7","[CUDA memcpy HtoD]"
3.582200,0.186752,,,,,,,,,,1.000000,5.229194,"Tesla K40c (0)","1","7","[CUDA memcpy HtoD]"
3.582395,0.001248,,,,,,,,,,0.000977,0.764162,"Tesla K40c (0)","1","7","[CUDA memcpy HtoD]"
3.582409,0.001120,,,,,,,,,,0.000977,0.851495,"Tesla K40c (0)","1","7","[CUDA memcpy HtoD]"
3.582422,0.000960,,,,,,,,,,0.000977,0.993411,"Tesla K40c (0)","1","7","[CUDA memcpy HtoD]"
3.582435,0.000960,,,,,,,,,,0.000977,0.993411,"Tesla K40c (0)","1","7","[CUDA memcpy HtoD]"
3.582969,0.443169,,,,,,,,,,2.250000,4.958076,"Tesla K40c (0)","1","7","[CUDA memcpy HtoD]"
3.583420,0.001280,,,,,,,,,,0.000977,0.745058,"Tesla K40c (0)","1","7","[CUDA memcpy HtoD]"
3.583432,0.001024,,,,,,,,,,0.000977,0.931323,"Tesla K40c (0)","1","7","[CUDA memcpy HtoD]"
3.583445,0.000960,,,,,,,,,,0.000977,0.993411,"Tesla K40c (0)","1","7","[CUDA memcpy HtoD]"
3.583457,0.000960,,,,,,,,,,0.000977,0.993411,"Tesla K40c (0)","1","7","[CUDA memcpy HtoD]"
3.583981,0.187200,,,,,,,,,,1.000000,5.216680,"Tesla K40c (0)","1","7","[CUDA memcpy HtoD]"
3.584176,0.001472,,,,,,,,,,0.003906,2.591506,"Tesla K40c (0)","1","7","[CUDA memcpy HtoD]"
3.584191,0.001440,,,,,,,,,,0.003906,2.649095,"Tesla K40c (0)","1","7","[CUDA memcpy HtoD]"
3.584205,0.001472,,,,,,,,,,0.003906,2.591506,"Tesla K40c (0)","1","7","[CUDA memcpy HtoD]"
3.584218,0.001440,,,,,,,,,,0.003906,2.649095,"Tesla K40c (0)","1","7","[CUDA memcpy HtoD]"
3.584750,0.400608,,,,,,,,,,2.000000,4.875402,"Tesla K40c (0)","1","7","[CUDA memcpy HtoD]"
3.585158,0.001344,,,,,,,,,,0.001953,1.419158,"Tesla K40c (0)","1","7","[CUDA memcpy HtoD]"
3.585170,0.001088,,,,,,,,,,0.001953,1.753078,"Tesla K40c (0)","1","7","[CUDA memcpy HtoD]"
3.585183,0.001152,,,,,,,,,,0.001953,1.655685,"Tesla K40c (0)","1","7","[CUDA memcpy HtoD]"
3.585195,0.001120,,,,,,,,,,0.001953,1.702990,"Tesla K40c (0)","1","7","[CUDA memcpy HtoD]"
3.585705,1.866242,,,,,,,,,,9.000000,4.709498,"Tesla K40c (0)","1","7","[CUDA memcpy HtoD]"
3.587579,0.001376,,,,,,,,,,0.001953,1.386155,"Tesla K40c (0)","1","7","[CUDA memcpy HtoD]"
3.587592,0.001120,,,,,,,,,,0.001953,1.702990,"Tesla K40c (0)","1","7","[CUDA memcpy HtoD]"
3.587606,0.001120,,,,,,,,,,0.001953,1.702990,"Tesla K40c (0)","1","7","[CUDA memcpy HtoD]"
3.587618,0.001120,,,,,,,,,,0.001953,1.702990,"Tesla K40c (0)","1","7","[CUDA memcpy HtoD]"
3.588158,0.806625,,,,,,,,,,4.000000,4.842709,"Tesla K40c (0)","1","7","[CUDA memcpy HtoD]"
3.588974,0.002176,,,,,,,,,,0.007812,3.506156,"Tesla K40c (0)","1","7","[CUDA memcpy HtoD]"
3.588988,0.002144,,,,,,,,,,0.007812,3.558486,"Tesla K40c (0)","1","7","[CUDA memcpy HtoD]"
3.589003,0.002176,,,,,,,,,,0.007812,3.506156,"Tesla K40c (0)","1","7","[CUDA memcpy HtoD]"
3.589016,0.002144,,,,,,,,,,0.007812,3.558486,"Tesla K40c (0)","1","7","[CUDA memcpy HtoD]"
3.589563,1.626690,,,,,,,,,,8.000000,4.802698,"Tesla K40c (0)","1","7","[CUDA memcpy HtoD]"
3.591198,0.002208,,,,,,,,,,0.007812,3.455342,"Tesla K40c (0)","1","7","[CUDA memcpy HtoD]"
3.591213,0.002176,,,,,,,,,,0.007812,3.506156,"Tesla K40c (0)","1","7","[CUDA memcpy HtoD]"
3.591228,0.002144,,,,,,,,,,0.007812,3.558486,"Tesla K40c (0)","1","7","[CUDA memcpy HtoD]"
3.591241,0.002144,,,,,,,,,,0.007812,3.558486,"Tesla K40c (0)","1","7","[CUDA memcpy HtoD]"
3.591778,0.795521,,,,,,,,,,4.000000,4.910304,"Tesla K40c (0)","1","7","[CUDA memcpy HtoD]"
3.592581,0.001376,,,,,,,,,,0.001953,1.386155,"Tesla K40c (0)","1","7","[CUDA memcpy HtoD]"
3.592595,0.001120,,,,,,,,,,0.001953,1.702990,"Tesla K40c (0)","1","7","[CUDA memcpy HtoD]"
3.592609,0.001120,,,,,,,,,,0.001953,1.702990,"Tesla K40c (0)","1","7","[CUDA memcpy HtoD]"
3.592622,0.001152,,,,,,,,,,0.001953,1.655685,"Tesla K40c (0)","1","7","[CUDA memcpy HtoD]"
3.593166,1.836226,,,,,,,,,,9.000000,4.786482,"Tesla K40c (0)","1","7","[CUDA memcpy HtoD]"
3.595010,0.001408,,,,,,,,,,0.001953,1.354651,"Tesla K40c (0)","1","7","[CUDA memcpy HtoD]"
3.595023,0.001120,,,,,,,,,,0.001953,1.702990,"Tesla K40c (0)","1","7","[CUDA memcpy HtoD]"
3.595037,0.001120,,,,,,,,,,0.001953,1.702990,"Tesla K40c (0)","1","7","[CUDA memcpy HtoD]"
3.595049,0.001120,,,,,,,,,,0.001953,1.702990,"Tesla K40c (0)","1","7","[CUDA memcpy HtoD]"
3.595539,0.791969,,,,,,,,,,4.000000,4.932327,"Tesla K40c (0)","1","7","[CUDA memcpy HtoD]"
3.596340,0.002144,,,,,,,,,,0.007812,3.558486,"Tesla K40c (0)","1","7","[CUDA memcpy HtoD]"
3.596354,0.002176,,,,,,,,,,0.007812,3.506156,"Tesla K40c (0)","1","7","[CUDA memcpy HtoD]"
3.596369,0.002144,,,,,,,,,,0.007812,3.558486,"Tesla K40c (0)","1","7","[CUDA memcpy HtoD]"
3.596382,0.002144,,,,,,,,,,0.007812,3.558486,"Tesla K40c (0)","1","7","[CUDA memcpy HtoD]"
3.596910,0.796129,,,,,,,,,,4.000000,4.906554,"Tesla K40c (0)","1","7","[CUDA memcpy HtoD]"
3.597714,0.001344,,,,,,,,,,0.001953,1.419158,"Tesla K40c (0)","1","7","[CUDA memcpy HtoD]"
3.597727,0.001120,,,,,,,,,,0.001953,1.702990,"Tesla K40c (0)","1","7","[CUDA memcpy HtoD]"
3.597741,0.001120,,,,,,,,,,0.001953,1.702990,"Tesla K40c (0)","1","7","[CUDA memcpy HtoD]"
3.597753,0.001120,,,,,,,,,,0.001953,1.702990,"Tesla K40c (0)","1","7","[CUDA memcpy HtoD]"
3.598228,1.822466,,,,,,,,,,9.000000,4.822621,"Tesla K40c (0)","1","7","[CUDA memcpy HtoD]"
3.600059,0.001408,,,,,,,,,,0.001953,1.354651,"Tesla K40c (0)","1","7","[CUDA memcpy HtoD]"
3.600073,0.001120,,,,,,,,,,0.001953,1.702990,"Tesla K40c (0)","1","7","[CUDA memcpy HtoD]"
3.600087,0.001120,,,,,,,,,,0.001953,1.702990,"Tesla K40c (0)","1","7","[CUDA memcpy HtoD]"
3.600099,0.001152,,,,,,,,,,0.001953,1.655685,"Tesla K40c (0)","1","7","[CUDA memcpy HtoD]"
3.600569,0.788481,,,,,,,,,,4.000000,4.954146,"Tesla K40c (0)","1","7","[CUDA memcpy HtoD]"
3.601366,0.002176,,,,,,,,,,0.007812,3.506156,"Tesla K40c (0)","1","7","[CUDA memcpy HtoD]"
3.601380,0.002176,,,,,,,,,,0.007812,3.506156,"Tesla K40c (0)","1","7","[CUDA memcpy HtoD]"
3.601394,0.002368,,,,,,,,,,0.007812,3.221873,"Tesla K40c (0)","1","7","[CUDA memcpy HtoD]"
3.601407,0.002176,,,,,,,,,,0.007812,3.506156,"Tesla K40c (0)","1","7","[CUDA memcpy HtoD]"
3.601881,1.599297,,,,,,,,,,7.812500,4.770468,"Tesla K40c (0)","1","7","[CUDA memcpy HtoD]"
3.603488,0.001536,,,,,,,,,,0.003815,2.425319,"Tesla K40c (0)","1","7","[CUDA memcpy HtoD]"
4.006847,0.001472,,,,,,,,,,0.000107,0.070861,"Tesla K40c (0)","1","7","[CUDA memcpy HtoD]"
4.007663,0.094112,25,1,1,512,1,1,29,0.000000,0,,,"Tesla K40c (0)","1","7","void im2col4d_kernel<float, int>(im2col4d_params, cudnnConvolutionStruct, cudnnTensor4dStruct, float const *, float*, int) [1662]"
4.007761,0.254112,196,1,1,16,16,1,79,8.269531,0,,,"Tesla K40c (0)","1","7","cudnn_convolve_sgemm_sm35_ldg_nn_64x16x64x16x16 [1683]"
4.008019,0.047296,64,1,1,512,1,1,18,0.000000,0,,,"Tesla K40c (0)","1","7","void cudnn::detail::bn_fw_inf_1C11_kernel_new<float, float, bool=1, int=1>(float, cudnn::detail::bn_fw_inf_1C11_kernel_new<float, float, bool=1, int=1>, cudnnTensorStruct, float const *, float, cudnnTensorStruct*, float, cudnn::detail::bn_fw_inf_1C11_kernel_new<float, float, bool=1, int=1> const *, cudnn::detail::bn_fw_inf_1C11_kernel_new<float, float, bool=1, int=1> const , cudnn::detail::bn_fw_inf_1C11_kernel_new<float, float, bool=1, int=1> const , cudnn::detail::bn_fw_inf_1C11_kernel_new<float, float, bool=1, int=1> const , cudnn::detail::bn_fw_inf_1C11_kernel_new<float, float, bool=1, int=1>) [1716]"
4.009536,0.033952,60,1,1,512,1,1,8,0.000000,0,,,"Tesla K40c (0)","1","7","void kernelPointwiseApply1<ThresholdUpdateOutputIP<float>, float, unsigned int, int=-2>(TensorInfo<ThresholdUpdateOutputIP<float>, float>, float, float) [1727]"
4.010189,0.072864,196,1,1,1024,1,1,31,0.000000,0,,,"Tesla K40c (0)","1","7","void MaxPoolForward<float, float>(int, float const *, int, int, int, int, int, int, int, int, int, int, int, int, int, int, float*, long*) [1769]"
4.010613,0.002816,64,1,1,1,1,1,19,0.000000,0,,,"Tesla K40c (0)","1","7","void kern_precompute_indices<bool=0>(int*, int, int, int, int, int, int) [1791]"
4.010630,0.055264,98,2,1,8,8,1,68,4.519531,0,,,"Tesla K40c (0)","1","7","cudnn_convolve_precomputed_sgemm_sm35_ldg_nn_32x16x32x8x8 [1810]"
4.011063,0.016064,64,1,1,512,1,1,18,0.000000,0,,,"Tesla K40c (0)","1","7","void cudnn::detail::bn_fw_inf_1C11_kernel_new<float, float, bool=1, int=1>(float, cudnn::detail::bn_fw_inf_1C11_kernel_new<float, float, bool=1, int=1>, cudnnTensorStruct, float const *, float, cudnnTensorStruct*, float, cudnn::detail::bn_fw_inf_1C11_kernel_new<float, float, bool=1, int=1> const *, cudnn::detail::bn_fw_inf_1C11_kernel_new<float, float, bool=1, int=1> const , cudnn::detail::bn_fw_inf_1C11_kernel_new<float, float, bool=1, int=1> const , cudnn::detail::bn_fw_inf_1C11_kernel_new<float, float, bool=1, int=1> const , cudnn::detail::bn_fw_inf_1C11_kernel_new<float, float, bool=1, int=1>) [1843]"
4.011110,0.006240,60,1,1,512,1,1,8,0.000000,0,,,"Tesla K40c (0)","1","7","void kernelPointwiseApply1<ThresholdUpdateOutputIP<float>, float, unsigned int, int=-2>(TensorInfo<ThresholdUpdateOutputIP<float>, float>, float, float) [1854]"
4.011195,0.238753,98,2,1,8,8,1,63,2.250000,0,,,"Tesla K40c (0)","1","7","void cudnn::detail::implicit_convolve_sgemm<float, int=1024, int=5, int=5, int=3, int=3, int=3, int=1, bool=1, bool=0, bool=1>(int, int, int, float const *, int, cudnn::detail::implicit_convolve_sgemm<float, int=1024, int=5, int=5, int=3, int=3, int=3, int=1, bool=1, bool=0, bool=1>*, float const *, kernel_conv_params, int, float, float, int, float const *, float const *, int, int) [1885]"
4.011437,0.013216,64,1,1,512,1,1,18,0.000000,0,,,"Tesla K40c (0)","1","7","void cudnn::detail::bn_fw_inf_1C11_kernel_new<float, float, bool=1, int=1>(float, cudnn::detail::bn_fw_inf_1C11_kernel_new<float, float, bool=1, int=1>, cudnnTensorStruct, float const *, float, cudnnTensorStruct*, float, cudnn::detail::bn_fw_inf_1C11_kernel_new<float, float, bool=1, int=1> const *, cudnn::detail::bn_fw_inf_1C11_kernel_new<float, float, bool=1, int=1> const , cudnn::detail::bn_fw_inf_1C11_kernel_new<float, float, bool=1, int=1> const , cudnn::detail::bn_fw_inf_1C11_kernel_new<float, float, bool=1, int=1> const , cudnn::detail::bn_fw_inf_1C11_kernel_new<float, float, bool=1, int=1>) [1917]"
4.011453,0.006080,60,1,1,512,1,1,8,0.000000,0,,,"Tesla K40c (0)","1","7","void kernelPointwiseApply1<ThresholdUpdateOutputIP<float>, float, unsigned int, int=-2>(TensorInfo<ThresholdUpdateOutputIP<float>, float>, float, float) [1928]"
4.011463,0.058720,7,1,1,512,1,1,29,0.000000,0,,,"Tesla K40c (0)","1","7","void im2col4d_kernel<float, int>(im2col4d_params, cudnnConvolutionStruct, cudnnTensor4dStruct, float const *, float*, int) [1948]"
4.011526,0.165216,49,4,1,16,16,1,79,8.269531,0,,,"Tesla K40c (0)","1","7","cudnn_convolve_sgemm_sm35_ldg_nn_64x16x64x16x16 [1969]"
4.011694,0.039744,256,1,1,512,1,1,18,0.000000,0,,,"Tesla K40c (0)","1","7","void cudnn::detail::bn_fw_inf_1C11_kernel_new<float, float, bool=1, int=1>(float, cudnn::detail::bn_fw_inf_1C11_kernel_new<float, float, bool=1, int=1>, cudnnTensorStruct, float const *, float, cudnnTensorStruct*, float, cudnn::detail::bn_fw_inf_1C11_kernel_new<float, float, bool=1, int=1> const *, cudnn::detail::bn_fw_inf_1C11_kernel_new<float, float, bool=1, int=1> const , cudnn::detail::bn_fw_inf_1C11_kernel_new<float, float, bool=1, int=1> const , cudnn::detail::bn_fw_inf_1C11_kernel_new<float, float, bool=1, int=1> const , cudnn::detail::bn_fw_inf_1C11_kernel_new<float, float, bool=1, int=1>) [2002]"
4.011736,0.068032,7,1,1,512,1,1,29,0.000000,0,,,"Tesla K40c (0)","1","7","void im2col4d_kernel<float, int>(im2col4d_params, cudnnConvolutionStruct, cudnnTensor4dStruct, float const *, float*, int) [2021]"
4.011807,0.169184,49,4,1,16,16,1,79,8.269531,0,,,"Tesla K40c (0)","1","7","cudnn_convolve_sgemm_sm35_ldg_nn_64x16x64x16x16 [2042]"
4.011979,0.039520,256,1,1,512,1,1,18,0.000000,0,,,"Tesla K40c (0)","1","7","void cudnn::detail::bn_fw_inf_1C11_kernel_new<float, float, bool=1, int=1>(float, cudnn::detail::bn_fw_inf_1C11_kernel_new<float, float, bool=1, int=1>, cudnnTensorStruct, float const *, float, cudnnTensorStruct*, float, cudnn::detail::bn_fw_inf_1C11_kernel_new<float, float, bool=1, int=1> const *, cudnn::detail::bn_fw_inf_1C11_kernel_new<float, float, bool=1, int=1> const , cudnn::detail::bn_fw_inf_1C11_kernel_new<float, float, bool=1, int=1> const , cudnn::detail::bn_fw_inf_1C11_kernel_new<float, float, bool=1, int=1> const , cudnn::detail::bn_fw_inf_1C11_kernel_new<float, float, bool=1, int=1>) [2075]"
4.012022,0.048704,60,1,1,512,1,1,10,0.000000,0,,,"Tesla K40c (0)","1","7","void kernelPointwiseApply2<TensorAddOp<float>, float, float, unsigned int, int=-2, int=-2>(TensorInfo<TensorAddOp<float>, float>, TensorInfo<float, float>, float, float) [2087]"
4.012074,0.033984,60,1,1,512,1,1,8,0.000000,0,,,"Tesla K40c (0)","1","7","void kernelPointwiseApply1<ThresholdUpdateOutputIP<float>, float, unsigned int, int=-2>(TensorInfo<ThresholdUpdateOutputIP<float>, float>, float, float) [2099]"
4.012112,0.003360,256,1,1,1,1,1,19,0.000000,0,,,"Tesla K40c (0)","1","7","void kern_precompute_indices<bool=0>(int*, int, int, int, int, int, int) [2120]"
4.012119,0.118944,98,2,1,8,8,1,102,2.250000,0,,,"Tesla K40c (0)","1","7","void cudnn::detail::precomputed_convolve_sgemm<float, int=128, int=5, int=5, int=3, int=3, int=3, int=1, bool=1>(int, int, int, float const *, int, cudnn::detail::precomputed_convolve_sgemm<float, int=128, int=5, int=5, int=3, int=3, int=3, int=1, bool=1>*, float const *, kernel_conv_params, int, float, float, int, float const *, float const *, int*) [2139]"
4.012243,0.015168,64,1,1,512,1,1,18,0.000000,0,,,"Tesla K40c (0)","1","7","void cudnn::detail::bn_fw_inf_1C11_kernel_new<float, float, bool=1, int=1>(float, cudnn::detail::bn_fw_inf_1C11_kernel_new<float, float, bool=1, int=1>, cudnnTensorStruct, float const *, float, cudnnTensorStruct*, float, cudnn::detail::bn_fw_inf_1C11_kernel_new<float, float, bool=1, int=1> const *, cudnn::detail::bn_fw_inf_1C11_kernel_new<float, float, bool=1, int=1> const , cudnn::detail::bn_fw_inf_1C11_kernel_new<float, float, bool=1, int=1> const , cudnn::detail::bn_fw_inf_1C11_kernel_new<float, float, bool=1, int=1> const , cudnn::detail::bn_fw_inf_1C11_kernel_new<float, float, bool=1, int=1>) [2171]"
4.012261,0.006176,60,1,1,512,1,1,8,0.000000,0,,,"Tesla K40c (0)","1","7","void kernelPointwiseApply1<ThresholdUpdateOutputIP<float>, float, unsigned int, int=-2>(TensorInfo<ThresholdUpdateOutputIP<float>, float>, float, float) [2182]"
4.012270,0.242560,98,2,1,8,8,1,63,2.250000,0,,,"Tesla K40c (0)","1","7","void cudnn::detail::implicit_convolve_sgemm<float, int=1024, int=5, int=5, int=3, int=3, int=3, int=1, bool=1, bool=0, bool=1>(int, int, int, float const *, int, cudnn::detail::implicit_convolve_sgemm<float, int=1024, int=5, int=5, int=3, int=3, int=3, int=1, bool=1, bool=0, bool=1>*, float const *, kernel_conv_params, int, float, float, int, float const *, float const *, int, int) [2213]"
4.012516,0.012384,64,1,1,512,1,1,18,0.000000,0,,,"Tesla K40c (0)","1","7","void cudnn::detail::bn_fw_inf_1C11_kernel_new<float, float, bool=1, int=1>(float, cudnn::detail::bn_fw_inf_1C11_kernel_new<float, float, bool=1, int=1>, cudnnTensorStruct, float const *, float, cudnnTensorStruct*, float, cudnn::detail::bn_fw_inf_1C11_kernel_new<float, float, bool=1, int=1> const *, cudnn::detail::bn_fw_inf_1C11_kernel_new<float, float, bool=1, int=1> const , cudnn::detail::bn_fw_inf_1C11_kernel_new<float, float, bool=1, int=1> const , cudnn::detail::bn_fw_inf_1C11_kernel_new<float, float, bool=1, int=1> const , cudnn::detail::bn_fw_inf_1C11_kernel_new<float, float, bool=1, int=1>) [2245]"
4.012531,0.006240,60,1,1,512,1,1,8,0.000000,0,,,"Tesla K40c (0)","1","7","void kernelPointwiseApply1<ThresholdUpdateOutputIP<float>, float, unsigned int, int=-2>(TensorInfo<ThresholdUpdateOutputIP<float>, float>, float, float) [2256]"
4.012540,0.058528,7,1,1,512,1,1,29,0.000000,0,,,"Tesla K40c (0)","1","7","void im2col4d_kernel<float, int>(im2col4d_params, cudnnConvolutionStruct, cudnnTensor4dStruct, float const *, float*, int) [2276]"
4.012602,0.168865,49,4,1,16,16,1,79,8.269531,0,,,"Tesla K40c (0)","1","7","cudnn_convolve_sgemm_sm35_ldg_nn_64x16x64x16x16 [2297]"
4.012774,0.039392,256,1,1,512,1,1,18,0.000000,0,,,"Tesla K40c (0)","1","7","void cudnn::detail::bn_fw_inf_1C11_kernel_new<float, float, bool=1, int=1>(float, cudnn::detail::bn_fw_inf_1C11_kernel_new<float, float, bool=1, int=1>, cudnnTensorStruct, float const *, float, cudnnTensorStruct*, float, cudnn::detail::bn_fw_inf_1C11_kernel_new<float, float, bool=1, int=1> const *, cudnn::detail::bn_fw_inf_1C11_kernel_new<float, float, bool=1, int=1> const , cudnn::detail::bn_fw_inf_1C11_kernel_new<float, float, bool=1, int=1> const , cudnn::detail::bn_fw_inf_1C11_kernel_new<float, float, bool=1, int=1> const , cudnn::detail::bn_fw_inf_1C11_kernel_new<float, float, bool=1, int=1>) [2330]"
4.012816,0.048800,60,1,1,512,1,1,10,0.000000,0,,,"Tesla K40c (0)","1","7","void kernelPointwiseApply2<TensorAddOp<float>, float, float, unsigned int, int=-2, int=-2>(TensorInfo<TensorAddOp<float>, float>, TensorInfo<float, float>, float, float) [2342]"
4.012868,0.034592,60,1,1,512,1,1,8,0.000000,0,,,"Tesla K40c (0)","1","7","void kernelPointwiseApply1<ThresholdUpdateOutputIP<float>, float, unsigned int, int=-2>(TensorInfo<ThresholdUpdateOutputIP<float>, float>, float, float) [2354]"
4.012906,0.003360,256,1,1,1,1,1,19,0.000000,0,,,"Tesla K40c (0)","1","7","void kern_precompute_indices<bool=0>(int*, int, int, int, int, int, int) [2375]"
4.012912,0.121856,98,2,1,8,8,1,102,2.250000,0,,,"Tesla K40c (0)","1","7","void cudnn::detail::precomputed_convolve_sgemm<float, int=128, int=5, int=5, int=3, int=3, int=3, int=1, bool=1>(int, int, int, float const *, int, cudnn::detail::precomputed_convolve_sgemm<float, int=128, int=5, int=5, int=3, int=3, int=3, int=1, bool=1>*, float const *, kernel_conv_params, int, float, float, int, float const *, float const *, int*) [2394]"
4.013037,0.015136,64,1,1,512,1,1,18,0.000000,0,,,"Tesla K40c (0)","1","7","void cudnn::detail::bn_fw_inf_1C11_kernel_new<float, float, bool=1, int=1>(float, cudnn::detail::bn_fw_inf_1C11_kernel_new<float, float, bool=1, int=1>, cudnnTensorStruct, float const *, float, cudnnTensorStruct*, float, cudnn::detail::bn_fw_inf_1C11_kernel_new<float, float, bool=1, int=1> const *, cudnn::detail::bn_fw_inf_1C11_kernel_new<float, float, bool=1, int=1> const , cudnn::detail::bn_fw_inf_1C11_kernel_new<float, float, bool=1, int=1> const , cudnn::detail::bn_fw_inf_1C11_kernel_new<float, float, bool=1, int=1> const , cudnn::detail::bn_fw_inf_1C11_kernel_new<float, float, bool=1, int=1>) [2426]"
4.013055,0.006048,60,1,1,512,1,1,8,0.000000,0,,,"Tesla K40c (0)","1","7","void kernelPointwiseApply1<ThresholdUpdateOutputIP<float>, float, unsigned int, int=-2>(TensorInfo<ThresholdUpdateOutputIP<float>, float>, float, float) [2437]"
4.013064,0.245280,98,2,1,8,8,1,63,2.250000,0,,,"Tesla K40c (0)","1","7","void cudnn::detail::implicit_convolve_sgemm<float, int=1024, int=5, int=5, int=3, int=3, int=3, int=1, bool=1, bool=0, bool=1>(int, int, int, float const *, int, cudnn::detail::implicit_convolve_sgemm<float, int=1024, int=5, int=5, int=3, int=3, int=3, int=1, bool=1, bool=0, bool=1>*, float const *, kernel_conv_params, int, float, float, int, float const *, float const *, int, int) [2468]"
4.013313,0.012256,64,1,1,512,1,1,18,0.000000,0,,,"Tesla K40c (0)","1","7","void cudnn::detail::bn_fw_inf_1C11_kernel_new<float, float, bool=1, int=1>(float, cudnn::detail::bn_fw_inf_1C11_kernel_new<float, float, bool=1, int=1>, cudnnTensorStruct, float const *, float, cudnnTensorStruct*, float, cudnn::detail::bn_fw_inf_1C11_kernel_new<float, float, bool=1, int=1> const *, cudnn::detail::bn_fw_inf_1C11_kernel_new<float, float, bool=1, int=1> const , cudnn::detail::bn_fw_inf_1C11_kernel_new<float, float, bool=1, int=1> const , cudnn::detail::bn_fw_inf_1C11_kernel_new<float, float, bool=1, int=1> const , cudnn::detail::bn_fw_inf_1C11_kernel_new<float, float, bool=1, int=1>) [2500]"
4.013328,0.006304,60,1,1,512,1,1,8,0.000000,0,,,"Tesla K40c (0)","1","7","void kernelPointwiseApply1<ThresholdUpdateOutputIP<float>, float, unsigned int, int=-2>(TensorInfo<ThresholdUpdateOutputIP<float>, float>, float, float) [2511]"
4.013338,0.058368,7,1,1,512,1,1,29,0.000000,0,,,"Tesla K40c (0)","1","7","void im2col4d_kernel<float, int>(im2col4d_params, cudnnConvolutionStruct, cudnnTensor4dStruct, float const *, float*, int) [2531]"
4.013399,0.168384,49,4,1,16,16,1,79,8.269531,0,,,"Tesla K40c (0)","1","7","cudnn_convolve_sgemm_sm35_ldg_nn_64x16x64x16x16 [2552]"
4.013573,0.040928,256,1,1,512,1,1,18,0.000000,0,,,"Tesla K40c (0)","1","7","void cudnn::detail::bn_fw_inf_1C11_kernel_new<float, float, bool=1, int=1>(float, cudnn::detail::bn_fw_inf_1C11_kernel_new<float, float, bool=1, int=1>, cudnnTensorStruct, float const *, float, cudnnTensorStruct*, float, cudnn::detail::bn_fw_inf_1C11_kernel_new<float, float, bool=1, int=1> const *, cudnn::detail::bn_fw_inf_1C11_kernel_new<float, float, bool=1, int=1> const , cudnn::detail::bn_fw_inf_1C11_kernel_new<float, float, bool=1, int=1> const , cudnn::detail::bn_fw_inf_1C11_kernel_new<float, float, bool=1, int=1> const , cudnn::detail::bn_fw_inf_1C11_kernel_new<float, float, bool=1, int=1>) [2585]"
4.013617,0.048928,60,1,1,512,1,1,10,0.000000,0,,,"Tesla K40c (0)","1","7","void kernelPointwiseApply2<TensorAddOp<float>, float, float, unsigned int, int=-2, int=-2>(TensorInfo<TensorAddOp<float>, float>, TensorInfo<float, float>, float, float) [2597]"
4.013669,0.034336,60,1,1,512,1,1,8,0.000000,0,,,"Tesla K40c (0)","1","7","void kernelPointwiseApply1<ThresholdUpdateOutputIP<float>, float, unsigned int, int=-2>(TensorInfo<ThresholdUpdateOutputIP<float>, float>, float, float) [2609]"
4.013707,0.003360,256,1,1,1,1,1,19,0.000000,0,,,"Tesla K40c (0)","1","7","void kern_precompute_indices<bool=0>(int*, int, int, int, int, int, int) [2630]"
4.013714,0.181280,49,1,1,8,32,1,79,12.519531,0,,,"Tesla K40c (0)","1","7","cudnn_convolve_precomputed_sgemm_sm35_ldg_nn_64x16x128x8x32 [2649]"
4.013898,0.023328,128,1,1,512,1,1,18,0.000000,0,,,"Tesla K40c (0)","1","7","void cudnn::detail::bn_fw_inf_1C11_kernel_new<float, float, bool=1, int=1>(float, cudnn::detail::bn_fw_inf_1C11_kernel_new<float, float, bool=1, int=1>, cudnnTensorStruct, float const *, float, cudnnTensorStruct*, float, cudnn::detail::bn_fw_inf_1C11_kernel_new<float, float, bool=1, int=1> const *, cudnn::detail::bn_fw_inf_1C11_kernel_new<float, float, bool=1, int=1> const , cudnn::detail::bn_fw_inf_1C11_kernel_new<float, float, bool=1, int=1> const , cudnn::detail::bn_fw_inf_1C11_kernel_new<float, float, bool=1, int=1> const , cudnn::detail::bn_fw_inf_1C11_kernel_new<float, float, bool=1, int=1>) [2681]"
4.013925,0.018272,60,1,1,512,1,1,8,0.000000,0,,,"Tesla K40c (0)","1","7","void kernelPointwiseApply1<ThresholdUpdateOutputIP<float>, float, unsigned int, int=-2>(TensorInfo<ThresholdUpdateOutputIP<float>, float>, float, float) [2692]"
4.013947,0.283104,25,4,1,8,8,1,104,2.250000,0,,,"Tesla K40c (0)","1","7","void cudnn::detail::implicit_convolve_sgemm<float, int=128, int=5, int=5, int=3, int=3, int=3, int=1, bool=1, bool=0, bool=1>(int, int, int, float const *, int, cudnn::detail::implicit_convolve_sgemm<float, int=128, int=5, int=5, int=3, int=3, int=3, int=1, bool=1, bool=0, bool=1>*, float const *, kernel_conv_params, int, float, float, int, float const *, float const *, int, int) [2723]"
4.014233,0.010080,128,1,1,256,1,1,18,0.000000,0,,,"Tesla K40c (0)","1","7","void cudnn::detail::bn_fw_inf_1C11_kernel_new<float, float, bool=1, int=1>(float, cudnn::detail::bn_fw_inf_1C11_kernel_new<float, float, bool=1, int=1>, cudnnTensorStruct, float const *, float, cudnnTensorStruct*, float, cudnn::detail::bn_fw_inf_1C11_kernel_new<float, float, bool=1, int=1> const *, cudnn::detail::bn_fw_inf_1C11_kernel_new<float, float, bool=1, int=1> const , cudnn::detail::bn_fw_inf_1C11_kernel_new<float, float, bool=1, int=1> const , cudnn::detail::bn_fw_inf_1C11_kernel_new<float, float, bool=1, int=1> const , cudnn::detail::bn_fw_inf_1C11_kernel_new<float, float, bool=1, int=1>) [2755]"
4.014246,0.004192,60,1,1,512,1,1,8,0.000000,0,,,"Tesla K40c (0)","1","7","void kernelPointwiseApply1<ThresholdUpdateOutputIP<float>, float, unsigned int, int=-2>(TensorInfo<ThresholdUpdateOutputIP<float>, float>, float, float) [2766]"
4.014253,0.002624,128,1,1,1,1,1,19,0.000000,0,,,"Tesla K40c (0)","1","7","void kern_precompute_indices<bool=0>(int*, int, int, int, int, int, int) [2787]"
4.014259,0.118048,13,4,1,8,32,1,79,12.519531,0,,,"Tesla K40c (0)","1","7","cudnn_convolve_precomputed_sgemm_sm35_ldg_nn_64x16x128x8x32 [2806]"
4.014380,0.024448,512,1,1,256,1,1,18,0.000000,0,,,"Tesla K40c (0)","1","7","void cudnn::detail::bn_fw_inf_1C11_kernel_new<float, float, bool=1, int=1>(float, cudnn::detail::bn_fw_inf_1C11_kernel_new<float, float, bool=1, int=1>, cudnnTensorStruct, float const *, float, cudnnTensorStruct*, float, cudnn::detail::bn_fw_inf_1C11_kernel_new<float, float, bool=1, int=1> const *, cudnn::detail::bn_fw_inf_1C11_kernel_new<float, float, bool=1, int=1> const , cudnn::detail::bn_fw_inf_1C11_kernel_new<float, float, bool=1, int=1> const , cudnn::detail::bn_fw_inf_1C11_kernel_new<float, float, bool=1, int=1> const , cudnn::detail::bn_fw_inf_1C11_kernel_new<float, float, bool=1, int=1>) [2838]"
4.014407,0.003360,256,1,1,1,1,1,19,0.000000,0,,,"Tesla K40c (0)","1","7","void kern_precompute_indices<bool=0>(int*, int, int, int, int, int, int) [2858]"
4.014414,0.155968,13,2,1,8,32,1,125,10.269531,0,,,"Tesla K40c (0)","1","7","cudnn_convolve_precomputed_sgemm_sm35_ldg_nn_64x8x256x8x32 [2877]"
4.014574,0.023904,512,1,1,256,1,1,18,0.000000,0,,,"Tesla K40c (0)","1","7","void cudnn::detail::bn_fw_inf_1C11_kernel_new<float, float, bool=1, int=1>(float, cudnn::detail::bn_fw_inf_1C11_kernel_new<float, float, bool=1, int=1>, cudnnTensorStruct, float const *, float, cudnnTensorStruct*, float, cudnn::detail::bn_fw_inf_1C11_kernel_new<float, float, bool=1, int=1> const *, cudnn::detail::bn_fw_inf_1C11_kernel_new<float, float, bool=1, int=1> const , cudnn::detail::bn_fw_inf_1C11_kernel_new<float, float, bool=1, int=1> const , cudnn::detail::bn_fw_inf_1C11_kernel_new<float, float, bool=1, int=1> const , cudnn::detail::bn_fw_inf_1C11_kernel_new<float, float, bool=1, int=1>) [2909]"
4.014600,0.025344,60,1,1,512,1,1,10,0.000000,0,,,"Tesla K40c (0)","1","7","void kernelPointwiseApply2<TensorAddOp<float>, float, float, unsigned int, int=-2, int=-2>(TensorInfo<TensorAddOp<float>, float>, TensorInfo<float, float>, float, float) [2921]"
4.014629,0.018400,60,1,1,512,1,1,8,0.000000,0,,,"Tesla K40c (0)","1","7","void kernelPointwiseApply1<ThresholdUpdateOutputIP<float>, float, unsigned int, int=-2>(TensorInfo<ThresholdUpdateOutputIP<float>, float>, float, float) [2933]"
4.014650,0.004256,512,1,1,1,1,1,19,0.000000,0,,,"Tesla K40c (0)","1","7","void kern_precompute_indices<bool=0>(int*, int, int, int, int, int, int) [2954]"
4.014658,0.125984,13,1,1,8,32,1,79,12.519531,0,,,"Tesla K40c (0)","1","7","cudnn_convolve_precomputed_sgemm_sm35_ldg_nn_64x16x128x8x32 [2973]"
4.014787,0.009472,128,1,1,256,1,1,18,0.000000,0,,,"Tesla K40c (0)","1","7","void cudnn::detail::bn_fw_inf_1C11_kernel_new<float, float, bool=1, int=1>(float, cudnn::detail::bn_fw_inf_1C11_kernel_new<float, float, bool=1, int=1>, cudnnTensorStruct, float const *, float, cudnnTensorStruct*, float, cudnn::detail::bn_fw_inf_1C11_kernel_new<float, float, bool=1, int=1> const *, cudnn::detail::bn_fw_inf_1C11_kernel_new<float, float, bool=1, int=1> const , cudnn::detail::bn_fw_inf_1C11_kernel_new<float, float, bool=1, int=1> const , cudnn::detail::bn_fw_inf_1C11_kernel_new<float, float, bool=1, int=1> const , cudnn::detail::bn_fw_inf_1C11_kernel_new<float, float, bool=1, int=1>) [3005]"
4.014799,0.004160,60,1,1,512,1,1,8,0.000000,0,,,"Tesla K40c (0)","1","7","void kernelPointwiseApply1<ThresholdUpdateOutputIP<float>, float, unsigned int, int=-2>(TensorInfo<ThresholdUpdateOutputIP<float>, float>, float, float) [3016]"
4.014807,0.163776,2,5,1,512,1,1,29,0.000000,0,,,"Tesla K40c (0)","1","7","void im2col4d_kernel<float, int>(im2col4d_params, cudnnConvolutionStruct, cudnnTensor4dStruct, float const *, float*, int) [3037]"
4.014975,0.190880,13,2,1,16,16,1,79,8.269531,0,,,"Tesla K40c (0)","1","7","cudnn_convolve_sgemm_sm35_ldg_nn_64x16x64x16x16 [3058]"
4.015169,0.008449,128,1,1,256,1,1,18,0.000000,0,,,"Tesla K40c (0)","1","7","void cudnn::detail::bn_fw_inf_1C11_kernel_new<float, float, bool=1, int=1>(float, cudnn::detail::bn_fw_inf_1C11_kernel_new<float, float, bool=1, int=1>, cudnnTensorStruct, float const *, float, cudnnTensorStruct*, float, cudnn::detail::bn_fw_inf_1C11_kernel_new<float, float, bool=1, int=1> const *, cudnn::detail::bn_fw_inf_1C11_kernel_new<float, float, bool=1, int=1> const , cudnn::detail::bn_fw_inf_1C11_kernel_new<float, float, bool=1, int=1> const , cudnn::detail::bn_fw_inf_1C11_kernel_new<float, float, bool=1, int=1> const , cudnn::detail::bn_fw_inf_1C11_kernel_new<float, float, bool=1, int=1>) [3091]"
4.015180,0.004192,60,1,1,512,1,1,8,0.000000,0,,,"Tesla K40c (0)","1","7","void kernelPointwiseApply1<ThresholdUpdateOutputIP<float>, float, unsigned int, int=-2>(TensorInfo<ThresholdUpdateOutputIP<float>, float>, float, float) [3102]"
4.015188,0.002624,128,1,1,1,1,1,19,0.000000,0,,,"Tesla K40c (0)","1","7","void kern_precompute_indices<bool=0>(int*, int, int, int, int, int, int) [3123]"
4.015193,0.119296,13,4,1,8,32,1,79,12.519531,0,,,"Tesla K40c (0)","1","7","cudnn_convolve_precomputed_sgemm_sm35_ldg_nn_64x16x128x8x32 [3142]"
4.015316,0.024128,512,1,1,256,1,1,18,0.000000,0,,,"Tesla K40c (0)","1","7","void cudnn::detail::bn_fw_inf_1C11_kernel_new<float, float, bool=1, int=1>(float, cudnn::detail::bn_fw_inf_1C11_kernel_new<float, float, bool=1, int=1>, cudnnTensorStruct, float const *, float, cudnnTensorStruct*, float, cudnn::detail::bn_fw_inf_1C11_kernel_new<float, float, bool=1, int=1> const *, cudnn::detail::bn_fw_inf_1C11_kernel_new<float, float, bool=1, int=1> const , cudnn::detail::bn_fw_inf_1C11_kernel_new<float, float, bool=1, int=1> const , cudnn::detail::bn_fw_inf_1C11_kernel_new<float, float, bool=1, int=1> const , cudnn::detail::bn_fw_inf_1C11_kernel_new<float, float, bool=1, int=1>) [3174]"
4.015343,0.025792,60,1,1,512,1,1,10,0.000000,0,,,"Tesla K40c (0)","1","7","void kernelPointwiseApply2<TensorAddOp<float>, float, float, unsigned int, int=-2, int=-2>(TensorInfo<TensorAddOp<float>, float>, TensorInfo<float, float>, float, float) [3186]"
4.015372,0.017504,60,1,1,512,1,1,8,0.000000,0,,,"Tesla K40c (0)","1","7","void kernelPointwiseApply1<ThresholdUpdateOutputIP<float>, float, unsigned int, int=-2>(TensorInfo<ThresholdUpdateOutputIP<float>, float>, float, float) [3198]"
4.015392,0.004224,512,1,1,1,1,1,19,0.000000,0,,,"Tesla K40c (0)","1","7","void kern_precompute_indices<bool=0>(int*, int, int, int, int, int, int) [3219]"
4.015400,0.126080,13,1,1,8,32,1,79,12.519531,0,,,"Tesla K40c (0)","1","7","cudnn_convolve_precomputed_sgemm_sm35_ldg_nn_64x16x128x8x32 [3238]"
4.015529,0.009728,128,1,1,256,1,1,18,0.000000,0,,,"Tesla K40c (0)","1","7","void cudnn::detail::bn_fw_inf_1C11_kernel_new<float, float, bool=1, int=1>(float, cudnn::detail::bn_fw_inf_1C11_kernel_new<float, float, bool=1, int=1>, cudnnTensorStruct, float const *, float, cudnnTensorStruct*, float, cudnn::detail::bn_fw_inf_1C11_kernel_new<float, float, bool=1, int=1> const *, cudnn::detail::bn_fw_inf_1C11_kernel_new<float, float, bool=1, int=1> const , cudnn::detail::bn_fw_inf_1C11_kernel_new<float, float, bool=1, int=1> const , cudnn::detail::bn_fw_inf_1C11_kernel_new<float, float, bool=1, int=1> const , cudnn::detail::bn_fw_inf_1C11_kernel_new<float, float, bool=1, int=1>) [3270]"
4.015542,0.004096,60,1,1,512,1,1,8,0.000000,0,,,"Tesla K40c (0)","1","7","void kernelPointwiseApply1<ThresholdUpdateOutputIP<float>, float, unsigned int, int=-2>(TensorInfo<ThresholdUpdateOutputIP<float>, float>, float, float) [3281]"
4.015549,0.163232,2,5,1,512,1,1,29,0.000000,0,,,"Tesla K40c (0)","1","7","void im2col4d_kernel<float, int>(im2col4d_params, cudnnConvolutionStruct, cudnnTensor4dStruct, float const *, float*, int) [3301]"
4.015716,0.191296,13,2,1,16,16,1,79,8.269531,0,,,"Tesla K40c (0)","1","7","cudnn_convolve_sgemm_sm35_ldg_nn_64x16x64x16x16 [3322]"
4.015910,0.008512,128,1,1,256,1,1,18,0.000000,0,,,"Tesla K40c (0)","1","7","void cudnn::detail::bn_fw_inf_1C11_kernel_new<float, float, bool=1, int=1>(float, cudnn::detail::bn_fw_inf_1C11_kernel_new<float, float, bool=1, int=1>, cudnnTensorStruct, float const *, float, cudnnTensorStruct*, float, cudnn::detail::bn_fw_inf_1C11_kernel_new<float, float, bool=1, int=1> const *, cudnn::detail::bn_fw_inf_1C11_kernel_new<float, float, bool=1, int=1> const , cudnn::detail::bn_fw_inf_1C11_kernel_new<float, float, bool=1, int=1> const , cudnn::detail::bn_fw_inf_1C11_kernel_new<float, float, bool=1, int=1> const , cudnn::detail::bn_fw_inf_1C11_kernel_new<float, float, bool=1, int=1>) [3355]"
4.015922,0.004128,60,1,1,512,1,1,8,0.000000,0,,,"Tesla K40c (0)","1","7","void kernelPointwiseApply1<ThresholdUpdateOutputIP<float>, float, unsigned int, int=-2>(TensorInfo<ThresholdUpdateOutputIP<float>, float>, float, float) [3366]"
4.015929,0.002624,128,1,1,1,1,1,19,0.000000,0,,,"Tesla K40c (0)","1","7","void kern_precompute_indices<bool=0>(int*, int, int, int, int, int, int) [3387]"
4.015935,0.118016,13,4,1,8,32,1,79,12.519531,0,,,"Tesla K40c (0)","1","7","cudnn_convolve_precomputed_sgemm_sm35_ldg_nn_64x16x128x8x32 [3406]"
4.016056,0.023968,512,1,1,256,1,1,18,0.000000,0,,,"Tesla K40c (0)","1","7","void cudnn::detail::bn_fw_inf_1C11_kernel_new<float, float, bool=1, int=1>(float, cudnn::detail::bn_fw_inf_1C11_kernel_new<float, float, bool=1, int=1>, cudnnTensorStruct, float const *, float, cudnnTensorStruct*, float, cudnn::detail::bn_fw_inf_1C11_kernel_new<float, float, bool=1, int=1> const *, cudnn::detail::bn_fw_inf_1C11_kernel_new<float, float, bool=1, int=1> const , cudnn::detail::bn_fw_inf_1C11_kernel_new<float, float, bool=1, int=1> const , cudnn::detail::bn_fw_inf_1C11_kernel_new<float, float, bool=1, int=1> const , cudnn::detail::bn_fw_inf_1C11_kernel_new<float, float, bool=1, int=1>) [3438]"
4.016083,0.025472,60,1,1,512,1,1,10,0.000000,0,,,"Tesla K40c (0)","1","7","void kernelPointwiseApply2<TensorAddOp<float>, float, float, unsigned int, int=-2, int=-2>(TensorInfo<TensorAddOp<float>, float>, TensorInfo<float, float>, float, float) [3450]"
4.016112,0.017952,60,1,1,512,1,1,8,0.000000,0,,,"Tesla K40c (0)","1","7","void kernelPointwiseApply1<ThresholdUpdateOutputIP<float>, float, unsigned int, int=-2>(TensorInfo<ThresholdUpdateOutputIP<float>, float>, float, float) [3462]"
4.016132,0.004224,512,1,1,1,1,1,19,0.000000,0,,,"Tesla K40c (0)","1","7","void kern_precompute_indices<bool=0>(int*, int, int, int, int, int, int) [3483]"
4.016140,0.126016,13,1,1,8,32,1,79,12.519531,0,,,"Tesla K40c (0)","1","7","cudnn_convolve_precomputed_sgemm_sm35_ldg_nn_64x16x128x8x32 [3502]"
4.016268,0.009440,128,1,1,256,1,1,18,0.000000,0,,,"Tesla K40c (0)","1","7","void cudnn::detail::bn_fw_inf_1C11_kernel_new<float, float, bool=1, int=1>(float, cudnn::detail::bn_fw_inf_1C11_kernel_new<float, float, bool=1, int=1>, cudnnTensorStruct, float const *, float, cudnnTensorStruct*, float, cudnn::detail::bn_fw_inf_1C11_kernel_new<float, float, bool=1, int=1> const *, cudnn::detail::bn_fw_inf_1C11_kernel_new<float, float, bool=1, int=1> const , cudnn::detail::bn_fw_inf_1C11_kernel_new<float, float, bool=1, int=1> const , cudnn::detail::bn_fw_inf_1C11_kernel_new<float, float, bool=1, int=1> const , cudnn::detail::bn_fw_inf_1C11_kernel_new<float, float, bool=1, int=1>) [3534]"
4.016281,0.004096,60,1,1,512,1,1,8,0.000000,0,,,"Tesla K40c (0)","1","7","void kernelPointwiseApply1<ThresholdUpdateOutputIP<float>, float, unsigned int, int=-2>(TensorInfo<ThresholdUpdateOutputIP<float>, float>, float, float) [3545]"
4.016288,0.163585,2,5,1,512,1,1,29,0.000000,0,,,"Tesla K40c (0)","1","7","void im2col4d_kernel<float, int>(im2col4d_params, cudnnConvolutionStruct, cudnnTensor4dStruct, float const *, float*, int) [3565]"
4.016455,0.191776,13,2,1,16,16,1,79,8.269531,0,,,"Tesla K40c (0)","1","7","cudnn_convolve_sgemm_sm35_ldg_nn_64x16x64x16x16 [3586]"
4.016650,0.008544,128,1,1,256,1,1,18,0.000000,0,,,"Tesla K40c (0)","1","7","void cudnn::detail::bn_fw_inf_1C11_kernel_new<float, float, bool=1, int=1>(float, cudnn::detail::bn_fw_inf_1C11_kernel_new<float, float, bool=1, int=1>, cudnnTensorStruct, float const *, float, cudnnTensorStruct*, float, cudnn::detail::bn_fw_inf_1C11_kernel_new<float, float, bool=1, int=1> const *, cudnn::detail::bn_fw_inf_1C11_kernel_new<float, float, bool=1, int=1> const , cudnn::detail::bn_fw_inf_1C11_kernel_new<float, float, bool=1, int=1> const , cudnn::detail::bn_fw_inf_1C11_kernel_new<float, float, bool=1, int=1> const , cudnn::detail::bn_fw_inf_1C11_kernel_new<float, float, bool=1, int=1>) [3619]"
4.016662,0.004384,60,1,1,512,1,1,8,0.000000,0,,,"Tesla K40c (0)","1","7","void kernelPointwiseApply1<ThresholdUpdateOutputIP<float>, float, unsigned int, int=-2>(TensorInfo<ThresholdUpdateOutputIP<float>, float>, float, float) [3630]"
4.016669,0.002592,128,1,1,1,1,1,19,0.000000,0,,,"Tesla K40c (0)","1","7","void kern_precompute_indices<bool=0>(int*, int, int, int, int, int, int) [3651]"
4.016675,0.132288,13,4,1,8,32,1,79,12.519531,0,,,"Tesla K40c (0)","1","7","cudnn_convolve_precomputed_sgemm_sm35_ldg_nn_64x16x128x8x32 [3670]"
4.016810,0.024064,512,1,1,256,1,1,18,0.000000,0,,,"Tesla K40c (0)","1","7","void cudnn::detail::bn_fw_inf_1C11_kernel_new<float, float, bool=1, int=1>(float, cudnn::detail::bn_fw_inf_1C11_kernel_new<float, float, bool=1, int=1>, cudnnTensorStruct, float const *, float, cudnnTensorStruct*, float, cudnn::detail::bn_fw_inf_1C11_kernel_new<float, float, bool=1, int=1> const *, cudnn::detail::bn_fw_inf_1C11_kernel_new<float, float, bool=1, int=1> const , cudnn::detail::bn_fw_inf_1C11_kernel_new<float, float, bool=1, int=1> const , cudnn::detail::bn_fw_inf_1C11_kernel_new<float, float, bool=1, int=1> const , cudnn::detail::bn_fw_inf_1C11_kernel_new<float, float, bool=1, int=1>) [3702]"
4.016837,0.025888,60,1,1,512,1,1,10,0.000000,0,,,"Tesla K40c (0)","1","7","void kernelPointwiseApply2<TensorAddOp<float>, float, float, unsigned int, int=-2, int=-2>(TensorInfo<TensorAddOp<float>, float>, TensorInfo<float, float>, float, float) [3714]"
4.016866,0.017824,60,1,1,512,1,1,8,0.000000,0,,,"Tesla K40c (0)","1","7","void kernelPointwiseApply1<ThresholdUpdateOutputIP<float>, float, unsigned int, int=-2>(TensorInfo<ThresholdUpdateOutputIP<float>, float>, float, float) [3726]"
4.016887,0.004352,512,1,1,1,1,1,19,0.000000,0,,,"Tesla K40c (0)","1","7","void kern_precompute_indices<bool=0>(int*, int, int, int, int, int, int) [3747]"
4.016894,0.155520,13,2,1,8,32,1,79,12.519531,0,,,"Tesla K40c (0)","1","7","cudnn_convolve_precomputed_sgemm_sm35_ldg_nn_64x16x128x8x32 [3766]"
4.017053,0.014848,256,1,1,256,1,1,18,0.000000,0,,,"Tesla K40c (0)","1","7","void cudnn::detail::bn_fw_inf_1C11_kernel_new<float, float, bool=1, int=1>(float, cudnn::detail::bn_fw_inf_1C11_kernel_new<float, float, bool=1, int=1>, cudnnTensorStruct, float const *, float, cudnnTensorStruct*, float, cudnn::detail::bn_fw_inf_1C11_kernel_new<float, float, bool=1, int=1> const *, cudnn::detail::bn_fw_inf_1C11_kernel_new<float, float, bool=1, int=1> const , cudnn::detail::bn_fw_inf_1C11_kernel_new<float, float, bool=1, int=1> const , cudnn::detail::bn_fw_inf_1C11_kernel_new<float, float, bool=1, int=1> const , cudnn::detail::bn_fw_inf_1C11_kernel_new<float, float, bool=1, int=1>) [3798]"
4.017071,0.006144,60,1,1,512,1,1,8,0.000000,0,,,"Tesla K40c (0)","1","7","void kernelPointwiseApply1<ThresholdUpdateOutputIP<float>, float, unsigned int, int=-2>(TensorInfo<ThresholdUpdateOutputIP<float>, float>, float, float) [3809]"
4.017080,0.414176,7,8,1,8,8,1,104,2.250000,0,,,"Tesla K40c (0)","1","7","void cudnn::detail::implicit_convolve_sgemm<float, int=128, int=5, int=5, int=3, int=3, int=3, int=1, bool=1, bool=0, bool=1>(int, int, int, float const *, int, cudnn::detail::implicit_convolve_sgemm<float, int=128, int=5, int=5, int=3, int=3, int=3, int=1, bool=1, bool=0, bool=1>*, float const *, kernel_conv_params, int, float, float, int, float const *, float const *, int, int) [3840]"
4.017497,0.008672,256,1,1,64,1,1,18,0.000000,0,,,"Tesla K40c (0)","1","7","void cudnn::detail::bn_fw_inf_1C11_kernel_new<float, float, bool=1, int=1>(float, cudnn::detail::bn_fw_inf_1C11_kernel_new<float, float, bool=1, int=1>, cudnnTensorStruct, float const *, float, cudnnTensorStruct*, float, cudnn::detail::bn_fw_inf_1C11_kernel_new<float, float, bool=1, int=1> const *, cudnn::detail::bn_fw_inf_1C11_kernel_new<float, float, bool=1, int=1> const , cudnn::detail::bn_fw_inf_1C11_kernel_new<float, float, bool=1, int=1> const , cudnn::detail::bn_fw_inf_1C11_kernel_new<float, float, bool=1, int=1> const , cudnn::detail::bn_fw_inf_1C11_kernel_new<float, float, bool=1, int=1>) [3872]"
4.017509,0.003808,60,1,1,512,1,1,8,0.000000,0,,,"Tesla K40c (0)","1","7","void kernelPointwiseApply1<ThresholdUpdateOutputIP<float>, float, unsigned int, int=-2>(TensorInfo<ThresholdUpdateOutputIP<float>, float>, float, float) [3883]"
4.017516,0.003200,256,1,1,1,1,1,19,0.000000,0,,,"Tesla K40c (0)","1","7","void kern_precompute_indices<bool=0>(int*, int, int, int, int, int, int) [3904]"
4.017522,0.123552,4,8,1,8,32,1,79,12.519531,0,,,"Tesla K40c (0)","1","7","cudnn_convolve_precomputed_sgemm_sm35_ldg_nn_64x16x128x8x32 [3923]"
4.017648,0.019872,1024,1,1,64,1,1,18,0.000000,0,,,"Tesla K40c (0)","1","7","void cudnn::detail::bn_fw_inf_1C11_kernel_new<float, float, bool=1, int=1>(float, cudnn::detail::bn_fw_inf_1C11_kernel_new<float, float, bool=1, int=1>, cudnnTensorStruct, float const *, float, cudnnTensorStruct*, float, cudnn::detail::bn_fw_inf_1C11_kernel_new<float, float, bool=1, int=1> const *, cudnn::detail::bn_fw_inf_1C11_kernel_new<float, float, bool=1, int=1> const , cudnn::detail::bn_fw_inf_1C11_kernel_new<float, float, bool=1, int=1> const , cudnn::detail::bn_fw_inf_1C11_kernel_new<float, float, bool=1, int=1> const , cudnn::detail::bn_fw_inf_1C11_kernel_new<float, float, bool=1, int=1>) [3955]"
4.017671,0.004256,512,1,1,1,1,1,19,0.000000,0,,,"Tesla K40c (0)","1","7","void kern_precompute_indices<bool=0>(int*, int, int, int, int, int, int) [3975]"
4.017679,0.204865,4,8,1,8,32,1,79,12.519531,0,,,"Tesla K40c (0)","1","7","cudnn_convolve_precomputed_sgemm_sm35_ldg_nn_64x16x128x8x32 [3994]"
4.017887,0.019968,1024,1,1,64,1,1,18,0.000000,0,,,"Tesla K40c (0)","1","7","void cudnn::detail::bn_fw_inf_1C11_kernel_new<float, float, bool=1, int=1>(float, cudnn::detail::bn_fw_inf_1C11_kernel_new<float, float, bool=1, int=1>, cudnnTensorStruct, float const *, float, cudnnTensorStruct*, float, cudnn::detail::bn_fw_inf_1C11_kernel_new<float, float, bool=1, int=1> const *, cudnn::detail::bn_fw_inf_1C11_kernel_new<float, float, bool=1, int=1> const , cudnn::detail::bn_fw_inf_1C11_kernel_new<float, float, bool=1, int=1> const , cudnn::detail::bn_fw_inf_1C11_kernel_new<float, float, bool=1, int=1> const , cudnn::detail::bn_fw_inf_1C11_kernel_new<float, float, bool=1, int=1>) [4026]"
4.017910,0.012128,60,1,1,512,1,1,10,0.000000,0,,,"Tesla K40c (0)","1","7","void kernelPointwiseApply2<TensorAddOp<float>, float, float, unsigned int, int=-2, int=-2>(TensorInfo<TensorAddOp<float>, float>, TensorInfo<float, float>, float, float) [4038]"
4.017925,0.005952,60,1,1,512,1,1,8,0.000000,0,,,"Tesla K40c (0)","1","7","void kernelPointwiseApply1<ThresholdUpdateOutputIP<float>, float, unsigned int, int=-2>(TensorInfo<ThresholdUpdateOutputIP<float>, float>, float, float) [4050]"
4.017934,0.005920,1024,1,1,1,1,1,19,0.000000,0,,,"Tesla K40c (0)","1","7","void kern_precompute_indices<bool=0>(int*, int, int, int, int, int, int) [4071]"
4.017943,0.162656,7,8,1,8,8,1,68,4.519531,0,,,"Tesla K40c (0)","1","7","cudnn_convolve_precomputed_sgemm_sm35_ldg_nn_32x16x32x8x8 [4090]"
4.018109,0.008768,256,1,1,64,1,1,18,0.000000,0,,,"Tesla K40c (0)","1","7","void cudnn::detail::bn_fw_inf_1C11_kernel_new<float, float, bool=1, int=1>(float, cudnn::detail::bn_fw_inf_1C11_kernel_new<float, float, bool=1, int=1>, cudnnTensorStruct, float const *, float, cudnnTensorStruct*, float, cudnn::detail::bn_fw_inf_1C11_kernel_new<float, float, bool=1, int=1> const *, cudnn::detail::bn_fw_inf_1C11_kernel_new<float, float, bool=1, int=1> const , cudnn::detail::bn_fw_inf_1C11_kernel_new<float, float, bool=1, int=1> const , cudnn::detail::bn_fw_inf_1C11_kernel_new<float, float, bool=1, int=1> const , cudnn::detail::bn_fw_inf_1C11_kernel_new<float, float, bool=1, int=1>) [4122]"
4.018121,0.003616,60,1,1,512,1,1,8,0.000000,0,,,"Tesla K40c (0)","1","7","void kernelPointwiseApply1<ThresholdUpdateOutputIP<float>, float, unsigned int, int=-2>(TensorInfo<ThresholdUpdateOutputIP<float>, float>, float, float) [4133]"
4.018128,0.160960,1,10,1,512,1,1,29,0.000000,0,,,"Tesla K40c (0)","1","7","void im2col4d_kernel<float, int>(im2col4d_params, cudnnConvolutionStruct, cudnnTensor4dStruct, float const *, float*, int) [4153]"
4.018292,0.308704,7,4,1,8,16,1,83,6.269531,0,,,"Tesla K40c (0)","1","7","cudnn_convolve_sgemm_sm35_ldg_nn_32x16x64x8x16 [4174]"
4.018604,0.008160,256,1,1,64,1,1,18,0.000000,0,,,"Tesla K40c (0)","1","7","void cudnn::detail::bn_fw_inf_1C11_kernel_new<float, float, bool=1, int=1>(float, cudnn::detail::bn_fw_inf_1C11_kernel_new<float, float, bool=1, int=1>, cudnnTensorStruct, float const *, float, cudnnTensorStruct*, float, cudnn::detail::bn_fw_inf_1C11_kernel_new<float, float, bool=1, int=1> const *, cudnn::detail::bn_fw_inf_1C11_kernel_new<float, float, bool=1, int=1> const , cudnn::detail::bn_fw_inf_1C11_kernel_new<float, float, bool=1, int=1> const , cudnn::detail::bn_fw_inf_1C11_kernel_new<float, float, bool=1, int=1> const , cudnn::detail::bn_fw_inf_1C11_kernel_new<float, float, bool=1, int=1>) [4207]"
4.018615,0.003680,60,1,1,512,1,1,8,0.000000,0,,,"Tesla K40c (0)","1","7","void kernelPointwiseApply1<ThresholdUpdateOutputIP<float>, float, unsigned int, int=-2>(TensorInfo<ThresholdUpdateOutputIP<float>, float>, float, float) [4218]"
4.018622,0.003232,256,1,1,1,1,1,19,0.000000,0,,,"Tesla K40c (0)","1","7","void kern_precompute_indices<bool=0>(int*, int, int, int, int, int, int) [4239]"
4.018629,0.124320,4,8,1,8,32,1,79,12.519531,0,,,"Tesla K40c (0)","1","7","cudnn_convolve_precomputed_sgemm_sm35_ldg_nn_64x16x128x8x32 [4258]"
4.018756,0.020064,1024,1,1,64,1,1,18,0.000000,0,,,"Tesla K40c (0)","1","7","void cudnn::detail::bn_fw_inf_1C11_kernel_new<float, float, bool=1, int=1>(float, cudnn::detail::bn_fw_inf_1C11_kernel_new<float, float, bool=1, int=1>, cudnnTensorStruct, float const *, float, cudnnTensorStruct*, float, cudnn::detail::bn_fw_inf_1C11_kernel_new<float, float, bool=1, int=1> const *, cudnn::detail::bn_fw_inf_1C11_kernel_new<float, float, bool=1, int=1> const , cudnn::detail::bn_fw_inf_1C11_kernel_new<float, float, bool=1, int=1> const , cudnn::detail::bn_fw_inf_1C11_kernel_new<float, float, bool=1, int=1> const , cudnn::detail::bn_fw_inf_1C11_kernel_new<float, float, bool=1, int=1>) [4290]"
4.018779,0.012096,60,1,1,512,1,1,10,0.000000,0,,,"Tesla K40c (0)","1","7","void kernelPointwiseApply2<TensorAddOp<float>, float, float, unsigned int, int=-2, int=-2>(TensorInfo<TensorAddOp<float>, float>, TensorInfo<float, float>, float, float) [4302]"
4.018795,0.005952,60,1,1,512,1,1,8,0.000000,0,,,"Tesla K40c (0)","1","7","void kernelPointwiseApply1<ThresholdUpdateOutputIP<float>, float, unsigned int, int=-2>(TensorInfo<ThresholdUpdateOutputIP<float>, float>, float, float) [4314]"
4.018804,0.005952,1024,1,1,1,1,1,19,0.000000,0,,,"Tesla K40c (0)","1","7","void kern_precompute_indices<bool=0>(int*, int, int, int, int, int, int) [4335]"
4.018813,0.162880,7,8,1,8,8,1,68,4.519531,0,,,"Tesla K40c (0)","1","7","cudnn_convolve_precomputed_sgemm_sm35_ldg_nn_32x16x32x8x8 [4354]"
4.018979,0.008928,256,1,1,64,1,1,18,0.000000,0,,,"Tesla K40c (0)","1","7","void cudnn::detail::bn_fw_inf_1C11_kernel_new<float, float, bool=1, int=1>(float, cudnn::detail::bn_fw_inf_1C11_kernel_new<float, float, bool=1, int=1>, cudnnTensorStruct, float const *, float, cudnnTensorStruct*, float, cudnn::detail::bn_fw_inf_1C11_kernel_new<float, float, bool=1, int=1> const *, cudnn::detail::bn_fw_inf_1C11_kernel_new<float, float, bool=1, int=1> const , cudnn::detail::bn_fw_inf_1C11_kernel_new<float, float, bool=1, int=1> const , cudnn::detail::bn_fw_inf_1C11_kernel_new<float, float, bool=1, int=1> const , cudnn::detail::bn_fw_inf_1C11_kernel_new<float, float, bool=1, int=1>) [4386]"
4.018991,0.003744,60,1,1,512,1,1,8,0.000000,0,,,"Tesla K40c (0)","1","7","void kernelPointwiseApply1<ThresholdUpdateOutputIP<float>, float, unsigned int, int=-2>(TensorInfo<ThresholdUpdateOutputIP<float>, float>, float, float) [4397]"
4.018998,0.160449,1,10,1,512,1,1,29,0.000000,0,,,"Tesla K40c (0)","1","7","void im2col4d_kernel<float, int>(im2col4d_params, cudnnConvolutionStruct, cudnnTensor4dStruct, float const *, float*, int) [4417]"
4.019161,0.309920,7,4,1,8,16,1,83,6.269531,0,,,"Tesla K40c (0)","1","7","cudnn_convolve_sgemm_sm35_ldg_nn_32x16x64x8x16 [4438]"
4.019475,0.008320,256,1,1,64,1,1,18,0.000000,0,,,"Tesla K40c (0)","1","7","void cudnn::detail::bn_fw_inf_1C11_kernel_new<float, float, bool=1, int=1>(float, cudnn::detail::bn_fw_inf_1C11_kernel_new<float, float, bool=1, int=1>, cudnnTensorStruct, float const *, float, cudnnTensorStruct*, float, cudnn::detail::bn_fw_inf_1C11_kernel_new<float, float, bool=1, int=1> const *, cudnn::detail::bn_fw_inf_1C11_kernel_new<float, float, bool=1, int=1> const , cudnn::detail::bn_fw_inf_1C11_kernel_new<float, float, bool=1, int=1> const , cudnn::detail::bn_fw_inf_1C11_kernel_new<float, float, bool=1, int=1> const , cudnn::detail::bn_fw_inf_1C11_kernel_new<float, float, bool=1, int=1>) [4471]"
4.019486,0.003680,60,1,1,512,1,1,8,0.000000,0,,,"Tesla K40c (0)","1","7","void kernelPointwiseApply1<ThresholdUpdateOutputIP<float>, float, unsigned int, int=-2>(TensorInfo<ThresholdUpdateOutputIP<float>, float>, float, float) [4482]"
4.019493,0.003200,256,1,1,1,1,1,19,0.000000,0,,,"Tesla K40c (0)","1","7","void kern_precompute_indices<bool=0>(int*, int, int, int, int, int, int) [4503]"
4.019499,0.121664,4,8,1,8,32,1,79,12.519531,0,,,"Tesla K40c (0)","1","7","cudnn_convolve_precomputed_sgemm_sm35_ldg_nn_64x16x128x8x32 [4522]"
4.019623,0.020160,1024,1,1,64,1,1,18,0.000000,0,,,"Tesla K40c (0)","1","7","void cudnn::detail::bn_fw_inf_1C11_kernel_new<float, float, bool=1, int=1>(float, cudnn::detail::bn_fw_inf_1C11_kernel_new<float, float, bool=1, int=1>, cudnnTensorStruct, float const *, float, cudnnTensorStruct*, float, cudnn::detail::bn_fw_inf_1C11_kernel_new<float, float, bool=1, int=1> const *, cudnn::detail::bn_fw_inf_1C11_kernel_new<float, float, bool=1, int=1> const , cudnn::detail::bn_fw_inf_1C11_kernel_new<float, float, bool=1, int=1> const , cudnn::detail::bn_fw_inf_1C11_kernel_new<float, float, bool=1, int=1> const , cudnn::detail::bn_fw_inf_1C11_kernel_new<float, float, bool=1, int=1>) [4554]"
4.019647,0.012192,60,1,1,512,1,1,10,0.000000,0,,,"Tesla K40c (0)","1","7","void kernelPointwiseApply2<TensorAddOp<float>, float, float, unsigned int, int=-2, int=-2>(TensorInfo<TensorAddOp<float>, float>, TensorInfo<float, float>, float, float) [4566]"
4.019662,0.006048,60,1,1,512,1,1,8,0.000000,0,,,"Tesla K40c (0)","1","7","void kernelPointwiseApply1<ThresholdUpdateOutputIP<float>, float, unsigned int, int=-2>(TensorInfo<ThresholdUpdateOutputIP<float>, float>, float, float) [4578]"
4.019672,0.005920,1024,1,1,1,1,1,19,0.000000,0,,,"Tesla K40c (0)","1","7","void kern_precompute_indices<bool=0>(int*, int, int, int, int, int, int) [4599]"
4.019681,0.162752,7,8,1,8,8,1,68,4.519531,0,,,"Tesla K40c (0)","1","7","cudnn_convolve_precomputed_sgemm_sm35_ldg_nn_32x16x32x8x8 [4618]"
4.019851,0.008704,256,1,1,64,1,1,18,0.000000,0,,,"Tesla K40c (0)","1","7","void cudnn::detail::bn_fw_inf_1C11_kernel_new<float, float, bool=1, int=1>(float, cudnn::detail::bn_fw_inf_1C11_kernel_new<float, float, bool=1, int=1>, cudnnTensorStruct, float const *, float, cudnnTensorStruct*, float, cudnn::detail::bn_fw_inf_1C11_kernel_new<float, float, bool=1, int=1> const *, cudnn::detail::bn_fw_inf_1C11_kernel_new<float, float, bool=1, int=1> const , cudnn::detail::bn_fw_inf_1C11_kernel_new<float, float, bool=1, int=1> const , cudnn::detail::bn_fw_inf_1C11_kernel_new<float, float, bool=1, int=1> const , cudnn::detail::bn_fw_inf_1C11_kernel_new<float, float, bool=1, int=1>) [4650]"
4.019863,0.003744,60,1,1,512,1,1,8,0.000000,0,,,"Tesla K40c (0)","1","7","void kernelPointwiseApply1<ThresholdUpdateOutputIP<float>, float, unsigned int, int=-2>(TensorInfo<ThresholdUpdateOutputIP<float>, float>, float, float) [4661]"
4.019870,0.160000,1,10,1,512,1,1,29,0.000000,0,,,"Tesla K40c (0)","1","7","void im2col4d_kernel<float, int>(im2col4d_params, cudnnConvolutionStruct, cudnnTensor4dStruct, float const *, float*, int) [4681]"
4.020033,0.310081,7,4,1,8,16,1,83,6.269531,0,,,"Tesla K40c (0)","1","7","cudnn_convolve_sgemm_sm35_ldg_nn_32x16x64x8x16 [4702]"
4.020346,0.008096,256,1,1,64,1,1,18,0.000000,0,,,"Tesla K40c (0)","1","7","void cudnn::detail::bn_fw_inf_1C11_kernel_new<float, float, bool=1, int=1>(float, cudnn::detail::bn_fw_inf_1C11_kernel_new<float, float, bool=1, int=1>, cudnnTensorStruct, float const *, float, cudnnTensorStruct*, float, cudnn::detail::bn_fw_inf_1C11_kernel_new<float, float, bool=1, int=1> const *, cudnn::detail::bn_fw_inf_1C11_kernel_new<float, float, bool=1, int=1> const , cudnn::detail::bn_fw_inf_1C11_kernel_new<float, float, bool=1, int=1> const , cudnn::detail::bn_fw_inf_1C11_kernel_new<float, float, bool=1, int=1> const , cudnn::detail::bn_fw_inf_1C11_kernel_new<float, float, bool=1, int=1>) [4735]"
4.020358,0.003808,60,1,1,512,1,1,8,0.000000,0,,,"Tesla K40c (0)","1","7","void kernelPointwiseApply1<ThresholdUpdateOutputIP<float>, float, unsigned int, int=-2>(TensorInfo<ThresholdUpdateOutputIP<float>, float>, float, float) [4746]"
4.020364,0.003168,256,1,1,1,1,1,19,0.000000,0,,,"Tesla K40c (0)","1","7","void kern_precompute_indices<bool=0>(int*, int, int, int, int, int, int) [4767]"
4.020370,0.120928,4,8,1,8,32,1,79,12.519531,0,,,"Tesla K40c (0)","1","7","cudnn_convolve_precomputed_sgemm_sm35_ldg_nn_64x16x128x8x32 [4786]"
4.020494,0.019936,1024,1,1,64,1,1,18,0.000000,0,,,"Tesla K40c (0)","1","7","void cudnn::detail::bn_fw_inf_1C11_kernel_new<float, float, bool=1, int=1>(float, cudnn::detail::bn_fw_inf_1C11_kernel_new<float, float, bool=1, int=1>, cudnnTensorStruct, float const *, float, cudnnTensorStruct*, float, cudnn::detail::bn_fw_inf_1C11_kernel_new<float, float, bool=1, int=1> const *, cudnn::detail::bn_fw_inf_1C11_kernel_new<float, float, bool=1, int=1> const , cudnn::detail::bn_fw_inf_1C11_kernel_new<float, float, bool=1, int=1> const , cudnn::detail::bn_fw_inf_1C11_kernel_new<float, float, bool=1, int=1> const , cudnn::detail::bn_fw_inf_1C11_kernel_new<float, float, bool=1, int=1>) [4818]"
4.020517,0.012384,60,1,1,512,1,1,10,0.000000,0,,,"Tesla K40c (0)","1","7","void kernelPointwiseApply2<TensorAddOp<float>, float, float, unsigned int, int=-2, int=-2>(TensorInfo<TensorAddOp<float>, float>, TensorInfo<float, float>, float, float) [4830]"
4.020532,0.006176,60,1,1,512,1,1,8,0.000000,0,,,"Tesla K40c (0)","1","7","void kernelPointwiseApply1<ThresholdUpdateOutputIP<float>, float, unsigned int, int=-2>(TensorInfo<ThresholdUpdateOutputIP<float>, float>, float, float) [4842]"
4.020541,0.005920,1024,1,1,1,1,1,19,0.000000,0,,,"Tesla K40c (0)","1","7","void kern_precompute_indices<bool=0>(int*, int, int, int, int, int, int) [4863]"
4.020550,0.162720,7,8,1,8,8,1,68,4.519531,0,,,"Tesla K40c (0)","1","7","cudnn_convolve_precomputed_sgemm_sm35_ldg_nn_32x16x32x8x8 [4882]"
4.020716,0.008736,256,1,1,64,1,1,18,0.000000,0,,,"Tesla K40c (0)","1","7","void cudnn::detail::bn_fw_inf_1C11_kernel_new<float, float, bool=1, int=1>(float, cudnn::detail::bn_fw_inf_1C11_kernel_new<float, float, bool=1, int=1>, cudnnTensorStruct, float const *, float, cudnnTensorStruct*, float, cudnn::detail::bn_fw_inf_1C11_kernel_new<float, float, bool=1, int=1> const *, cudnn::detail::bn_fw_inf_1C11_kernel_new<float, float, bool=1, int=1> const , cudnn::detail::bn_fw_inf_1C11_kernel_new<float, float, bool=1, int=1> const , cudnn::detail::bn_fw_inf_1C11_kernel_new<float, float, bool=1, int=1> const , cudnn::detail::bn_fw_inf_1C11_kernel_new<float, float, bool=1, int=1>) [4914]"
4.020728,0.003872,60,1,1,512,1,1,8,0.000000,0,,,"Tesla K40c (0)","1","7","void kernelPointwiseApply1<ThresholdUpdateOutputIP<float>, float, unsigned int, int=-2>(TensorInfo<ThresholdUpdateOutputIP<float>, float>, float, float) [4925]"
4.020734,0.160672,1,10,1,512,1,1,29,0.000000,0,,,"Tesla K40c (0)","1","7","void im2col4d_kernel<float, int>(im2col4d_params, cudnnConvolutionStruct, cudnnTensor4dStruct, float const *, float*, int) [4945]"
4.020898,0.309920,7,4,1,8,16,1,83,6.269531,0,,,"Tesla K40c (0)","1","7","cudnn_convolve_sgemm_sm35_ldg_nn_32x16x64x8x16 [4966]"
4.021211,0.008224,256,1,1,64,1,1,18,0.000000,0,,,"Tesla K40c (0)","1","7","void cudnn::detail::bn_fw_inf_1C11_kernel_new<float, float, bool=1, int=1>(float, cudnn::detail::bn_fw_inf_1C11_kernel_new<float, float, bool=1, int=1>, cudnnTensorStruct, float const *, float, cudnnTensorStruct*, float, cudnn::detail::bn_fw_inf_1C11_kernel_new<float, float, bool=1, int=1> const *, cudnn::detail::bn_fw_inf_1C11_kernel_new<float, float, bool=1, int=1> const , cudnn::detail::bn_fw_inf_1C11_kernel_new<float, float, bool=1, int=1> const , cudnn::detail::bn_fw_inf_1C11_kernel_new<float, float, bool=1, int=1> const , cudnn::detail::bn_fw_inf_1C11_kernel_new<float, float, bool=1, int=1>) [4999]"
4.021222,0.003776,60,1,1,512,1,1,8,0.000000,0,,,"Tesla K40c (0)","1","7","void kernelPointwiseApply1<ThresholdUpdateOutputIP<float>, float, unsigned int, int=-2>(TensorInfo<ThresholdUpdateOutputIP<float>, float>, float, float) [5010]"
4.021228,0.003168,256,1,1,1,1,1,19,0.000000,0,,,"Tesla K40c (0)","1","7","void kern_precompute_indices<bool=0>(int*, int, int, int, int, int, int) [5031]"
4.021235,0.124224,4,8,1,8,32,1,79,12.519531,0,,,"Tesla K40c (0)","1","7","cudnn_convolve_precomputed_sgemm_sm35_ldg_nn_64x16x128x8x32 [5050]"
4.021363,0.020032,1024,1,1,64,1,1,18,0.000000,0,,,"Tesla K40c (0)","1","7","void cudnn::detail::bn_fw_inf_1C11_kernel_new<float, float, bool=1, int=1>(float, cudnn::detail::bn_fw_inf_1C11_kernel_new<float, float, bool=1, int=1>, cudnnTensorStruct, float const *, float, cudnnTensorStruct*, float, cudnn::detail::bn_fw_inf_1C11_kernel_new<float, float, bool=1, int=1> const *, cudnn::detail::bn_fw_inf_1C11_kernel_new<float, float, bool=1, int=1> const , cudnn::detail::bn_fw_inf_1C11_kernel_new<float, float, bool=1, int=1> const , cudnn::detail::bn_fw_inf_1C11_kernel_new<float, float, bool=1, int=1> const , cudnn::detail::bn_fw_inf_1C11_kernel_new<float, float, bool=1, int=1>) [5082]"
4.021386,0.012128,60,1,1,512,1,1,10,0.000000,0,,,"Tesla K40c (0)","1","7","void kernelPointwiseApply2<TensorAddOp<float>, float, float, unsigned int, int=-2, int=-2>(TensorInfo<TensorAddOp<float>, float>, TensorInfo<float, float>, float, float) [5094]"
4.021401,0.006176,60,1,1,512,1,1,8,0.000000,0,,,"Tesla K40c (0)","1","7","void kernelPointwiseApply1<ThresholdUpdateOutputIP<float>, float, unsigned int, int=-2>(TensorInfo<ThresholdUpdateOutputIP<float>, float>, float, float) [5106]"
4.021410,0.005920,1024,1,1,1,1,1,19,0.000000,0,,,"Tesla K40c (0)","1","7","void kern_precompute_indices<bool=0>(int*, int, int, int, int, int, int) [5127]"
4.021419,0.162945,7,8,1,8,8,1,68,4.519531,0,,,"Tesla K40c (0)","1","7","cudnn_convolve_precomputed_sgemm_sm35_ldg_nn_32x16x32x8x8 [5146]"
4.021585,0.008800,256,1,1,64,1,1,18,0.000000,0,,,"Tesla K40c (0)","1","7","void cudnn::detail::bn_fw_inf_1C11_kernel_new<float, float, bool=1, int=1>(float, cudnn::detail::bn_fw_inf_1C11_kernel_new<float, float, bool=1, int=1>, cudnnTensorStruct, float const *, float, cudnnTensorStruct*, float, cudnn::detail::bn_fw_inf_1C11_kernel_new<float, float, bool=1, int=1> const *, cudnn::detail::bn_fw_inf_1C11_kernel_new<float, float, bool=1, int=1> const , cudnn::detail::bn_fw_inf_1C11_kernel_new<float, float, bool=1, int=1> const , cudnn::detail::bn_fw_inf_1C11_kernel_new<float, float, bool=1, int=1> const , cudnn::detail::bn_fw_inf_1C11_kernel_new<float, float, bool=1, int=1>) [5178]"
4.021596,0.003776,60,1,1,512,1,1,8,0.000000,0,,,"Tesla K40c (0)","1","7","void kernelPointwiseApply1<ThresholdUpdateOutputIP<float>, float, unsigned int, int=-2>(TensorInfo<ThresholdUpdateOutputIP<float>, float>, float, float) [5189]"
4.021603,0.160576,1,10,1,512,1,1,29,0.000000,0,,,"Tesla K40c (0)","1","7","void im2col4d_kernel<float, int>(im2col4d_params, cudnnConvolutionStruct, cudnnTensor4dStruct, float const *, float*, int) [5209]"
4.021766,0.309184,7,4,1,8,16,1,83,6.269531,0,,,"Tesla K40c (0)","1","7","cudnn_convolve_sgemm_sm35_ldg_nn_32x16x64x8x16 [5230]"
4.022078,0.008096,256,1,1,64,1,1,18,0.000000,0,,,"Tesla K40c (0)","1","7","void cudnn::detail::bn_fw_inf_1C11_kernel_new<float, float, bool=1, int=1>(float, cudnn::detail::bn_fw_inf_1C11_kernel_new<float, float, bool=1, int=1>, cudnnTensorStruct, float const *, float, cudnnTensorStruct*, float, cudnn::detail::bn_fw_inf_1C11_kernel_new<float, float, bool=1, int=1> const *, cudnn::detail::bn_fw_inf_1C11_kernel_new<float, float, bool=1, int=1> const , cudnn::detail::bn_fw_inf_1C11_kernel_new<float, float, bool=1, int=1> const , cudnn::detail::bn_fw_inf_1C11_kernel_new<float, float, bool=1, int=1> const , cudnn::detail::bn_fw_inf_1C11_kernel_new<float, float, bool=1, int=1>) [5263]"
4.022089,0.003744,60,1,1,512,1,1,8,0.000000,0,,,"Tesla K40c (0)","1","7","void kernelPointwiseApply1<ThresholdUpdateOutputIP<float>, float, unsigned int, int=-2>(TensorInfo<ThresholdUpdateOutputIP<float>, float>, float, float) [5274]"
4.022096,0.003232,256,1,1,1,1,1,19,0.000000,0,,,"Tesla K40c (0)","1","7","void kern_precompute_indices<bool=0>(int*, int, int, int, int, int, int) [5295]"
4.022103,0.121376,4,8,1,8,32,1,79,12.519531,0,,,"Tesla K40c (0)","1","7","cudnn_convolve_precomputed_sgemm_sm35_ldg_nn_64x16x128x8x32 [5314]"
4.022227,0.020320,1024,1,1,64,1,1,18,0.000000,0,,,"Tesla K40c (0)","1","7","void cudnn::detail::bn_fw_inf_1C11_kernel_new<float, float, bool=1, int=1>(float, cudnn::detail::bn_fw_inf_1C11_kernel_new<float, float, bool=1, int=1>, cudnnTensorStruct, float const *, float, cudnnTensorStruct*, float, cudnn::detail::bn_fw_inf_1C11_kernel_new<float, float, bool=1, int=1> const *, cudnn::detail::bn_fw_inf_1C11_kernel_new<float, float, bool=1, int=1> const , cudnn::detail::bn_fw_inf_1C11_kernel_new<float, float, bool=1, int=1> const , cudnn::detail::bn_fw_inf_1C11_kernel_new<float, float, bool=1, int=1> const , cudnn::detail::bn_fw_inf_1C11_kernel_new<float, float, bool=1, int=1>) [5346]"
4.022250,0.012576,60,1,1,512,1,1,10,0.000000,0,,,"Tesla K40c (0)","1","7","void kernelPointwiseApply2<TensorAddOp<float>, float, float, unsigned int, int=-2, int=-2>(TensorInfo<TensorAddOp<float>, float>, TensorInfo<float, float>, float, float) [5358]"
4.022266,0.005952,60,1,1,512,1,1,8,0.000000,0,,,"Tesla K40c (0)","1","7","void kernelPointwiseApply1<ThresholdUpdateOutputIP<float>, float, unsigned int, int=-2>(TensorInfo<ThresholdUpdateOutputIP<float>, float>, float, float) [5370]"
4.022275,0.005920,1024,1,1,1,1,1,19,0.000000,0,,,"Tesla K40c (0)","1","7","void kern_precompute_indices<bool=0>(int*, int, int, int, int, int, int) [5391]"
4.022283,0.250848,7,16,1,8,8,1,68,4.519531,0,,,"Tesla K40c (0)","1","7","cudnn_convolve_precomputed_sgemm_sm35_ldg_nn_32x16x32x8x8 [5410]"
4.022538,0.012512,512,1,1,64,1,1,18,0.000000,0,,,"Tesla K40c (0)","1","7","void cudnn::detail::bn_fw_inf_1C11_kernel_new<float, float, bool=1, int=1>(float, cudnn::detail::bn_fw_inf_1C11_kernel_new<float, float, bool=1, int=1>, cudnnTensorStruct, float const *, float, cudnnTensorStruct*, float, cudnn::detail::bn_fw_inf_1C11_kernel_new<float, float, bool=1, int=1> const *, cudnn::detail::bn_fw_inf_1C11_kernel_new<float, float, bool=1, int=1> const , cudnn::detail::bn_fw_inf_1C11_kernel_new<float, float, bool=1, int=1> const , cudnn::detail::bn_fw_inf_1C11_kernel_new<float, float, bool=1, int=1> const , cudnn::detail::bn_fw_inf_1C11_kernel_new<float, float, bool=1, int=1>) [5442]"
4.022553,0.004576,60,1,1,512,1,1,8,0.000000,0,,,"Tesla K40c (0)","1","7","void kernelPointwiseApply1<ThresholdUpdateOutputIP<float>, float, unsigned int, int=-2>(TensorInfo<ThresholdUpdateOutputIP<float>, float>, float, float) [5453]"
4.022560,0.169600,1,19,1,512,1,1,29,0.000000,0,,,"Tesla K40c (0)","1","7","void im2col4d_kernel<float, int>(im2col4d_params, cudnnConvolutionStruct, cudnnTensor4dStruct, float const *, float*, int) [5473]"
4.022733,0.474465,1,8,1,16,16,1,79,8.269531,0,,,"Tesla K40c (0)","1","7","cudnn_convolve_sgemm_sm35_ldg_nn_64x16x64x16x16 [5494]"
4.023210,0.006048,512,1,1,64,1,1,18,0.000000,0,,,"Tesla K40c (0)","1","7","void cudnn::detail::bn_fw_inf_1C11_kernel_new<float, float, bool=1, int=1>(float, cudnn::detail::bn_fw_inf_1C11_kernel_new<float, float, bool=1, int=1>, cudnnTensorStruct, float const *, float, cudnnTensorStruct*, float, cudnn::detail::bn_fw_inf_1C11_kernel_new<float, float, bool=1, int=1> const *, cudnn::detail::bn_fw_inf_1C11_kernel_new<float, float, bool=1, int=1> const , cudnn::detail::bn_fw_inf_1C11_kernel_new<float, float, bool=1, int=1> const , cudnn::detail::bn_fw_inf_1C11_kernel_new<float, float, bool=1, int=1> const , cudnn::detail::bn_fw_inf_1C11_kernel_new<float, float, bool=1, int=1>) [5527]"
4.023219,0.002528,49,1,1,512,1,1,8,0.000000,0,,,"Tesla K40c (0)","1","7","void kernelPointwiseApply1<ThresholdUpdateOutputIP<float>, float, unsigned int, int=-2>(TensorInfo<ThresholdUpdateOutputIP<float>, float>, float, float) [5538]"
4.023225,0.004064,512,1,1,1,1,1,19,0.000000,0,,,"Tesla K40c (0)","1","7","void kern_precompute_indices<bool=0>(int*, int, int, int, int, int, int) [5559]"
4.023233,0.155808,1,16,1,8,32,1,79,12.519531,0,,,"Tesla K40c (0)","1","7","cudnn_convolve_precomputed_sgemm_sm35_ldg_nn_64x16x128x8x32 [5578]"
4.023391,0.018176,2048,1,1,64,1,1,18,0.000000,0,,,"Tesla K40c (0)","1","7","void cudnn::detail::bn_fw_inf_1C11_kernel_new<float, float, bool=1, int=1>(float, cudnn::detail::bn_fw_inf_1C11_kernel_new<float, float, bool=1, int=1>, cudnnTensorStruct, float const *, float, cudnnTensorStruct*, float, cudnn::detail::bn_fw_inf_1C11_kernel_new<float, float, bool=1, int=1> const *, cudnn::detail::bn_fw_inf_1C11_kernel_new<float, float, bool=1, int=1> const , cudnn::detail::bn_fw_inf_1C11_kernel_new<float, float, bool=1, int=1> const , cudnn::detail::bn_fw_inf_1C11_kernel_new<float, float, bool=1, int=1> const , cudnn::detail::bn_fw_inf_1C11_kernel_new<float, float, bool=1, int=1>) [5610]"
4.023413,0.005920,1024,1,1,1,1,1,19,0.000000,0,,,"Tesla K40c (0)","1","7","void kern_precompute_indices<bool=0>(int*, int, int, int, int, int, int) [5630]"
4.023422,0.275136,1,16,1,8,32,1,79,12.519531,0,,,"Tesla K40c (0)","1","7","cudnn_convolve_precomputed_sgemm_sm35_ldg_nn_64x16x128x8x32 [5649]"
4.023700,0.018304,2048,1,1,64,1,1,18,0.000000,0,,,"Tesla K40c (0)","1","7","void cudnn::detail::bn_fw_inf_1C11_kernel_new<float, float, bool=1, int=1>(float, cudnn::detail::bn_fw_inf_1C11_kernel_new<float, float, bool=1, int=1>, cudnnTensorStruct, float const *, float, cudnnTensorStruct*, float, cudnn::detail::bn_fw_inf_1C11_kernel_new<float, float, bool=1, int=1> const *, cudnn::detail::bn_fw_inf_1C11_kernel_new<float, float, bool=1, int=1> const , cudnn::detail::bn_fw_inf_1C11_kernel_new<float, float, bool=1, int=1> const , cudnn::detail::bn_fw_inf_1C11_kernel_new<float, float, bool=1, int=1> const , cudnn::detail::bn_fw_inf_1C11_kernel_new<float, float, bool=1, int=1>) [5681]"
4.023721,0.006464,60,1,1,512,1,1,10,0.000000,0,,,"Tesla K40c (0)","1","7","void kernelPointwiseApply2<TensorAddOp<float>, float, float, unsigned int, int=-2, int=-2>(TensorInfo<TensorAddOp<float>, float>, TensorInfo<float, float>, float, float) [5693]"
4.023730,0.004224,60,1,1,512,1,1,8,0.000000,0,,,"Tesla K40c (0)","1","7","void kernelPointwiseApply1<ThresholdUpdateOutputIP<float>, float, unsigned int, int=-2>(TensorInfo<ThresholdUpdateOutputIP<float>, float>, float, float) [5705]"
4.023738,0.009600,2048,1,1,1,1,1,19,0.000000,0,,,"Tesla K40c (0)","1","7","void kern_precompute_indices<bool=0>(int*, int, int, int, int, int, int) [5726]"
4.023750,0.300512,2,16,1,8,8,1,68,4.519531,0,,,"Tesla K40c (0)","1","7","cudnn_convolve_precomputed_sgemm_sm35_ldg_nn_32x16x32x8x8 [5745]"
4.024053,0.007136,512,1,1,64,1,1,18,0.000000,0,,,"Tesla K40c (0)","1","7","void cudnn::detail::bn_fw_inf_1C11_kernel_new<float, float, bool=1, int=1>(float, cudnn::detail::bn_fw_inf_1C11_kernel_new<float, float, bool=1, int=1>, cudnnTensorStruct, float const *, float, cudnnTensorStruct*, float, cudnn::detail::bn_fw_inf_1C11_kernel_new<float, float, bool=1, int=1> const *, cudnn::detail::bn_fw_inf_1C11_kernel_new<float, float, bool=1, int=1> const , cudnn::detail::bn_fw_inf_1C11_kernel_new<float, float, bool=1, int=1> const , cudnn::detail::bn_fw_inf_1C11_kernel_new<float, float, bool=1, int=1> const , cudnn::detail::bn_fw_inf_1C11_kernel_new<float, float, bool=1, int=1>) [5777]"
4.024064,0.002912,49,1,1,512,1,1,8,0.000000,0,,,"Tesla K40c (0)","1","7","void kernelPointwiseApply1<ThresholdUpdateOutputIP<float>, float, unsigned int, int=-2>(TensorInfo<ThresholdUpdateOutputIP<float>, float>, float, float) [5788]"
4.024070,0.158145,1,19,1,512,1,1,29,0.000000,0,,,"Tesla K40c (0)","1","7","void im2col4d_kernel<float, int>(im2col4d_params, cudnnConvolutionStruct, cudnnTensor4dStruct, float const *, float*, int) [5808]"
4.024231,0.473984,1,8,1,16,16,1,79,8.269531,0,,,"Tesla K40c (0)","1","7","cudnn_convolve_sgemm_sm35_ldg_nn_64x16x64x16x16 [5829]"
4.024708,0.005920,512,1,1,64,1,1,18,0.000000,0,,,"Tesla K40c (0)","1","7","void cudnn::detail::bn_fw_inf_1C11_kernel_new<float, float, bool=1, int=1>(float, cudnn::detail::bn_fw_inf_1C11_kernel_new<float, float, bool=1, int=1>, cudnnTensorStruct, float const *, float, cudnnTensorStruct*, float, cudnn::detail::bn_fw_inf_1C11_kernel_new<float, float, bool=1, int=1> const *, cudnn::detail::bn_fw_inf_1C11_kernel_new<float, float, bool=1, int=1> const , cudnn::detail::bn_fw_inf_1C11_kernel_new<float, float, bool=1, int=1> const , cudnn::detail::bn_fw_inf_1C11_kernel_new<float, float, bool=1, int=1> const , cudnn::detail::bn_fw_inf_1C11_kernel_new<float, float, bool=1, int=1>) [5862]"
4.024717,0.002688,49,1,1,512,1,1,8,0.000000,0,,,"Tesla K40c (0)","1","7","void kernelPointwiseApply1<ThresholdUpdateOutputIP<float>, float, unsigned int, int=-2>(TensorInfo<ThresholdUpdateOutputIP<float>, float>, float, float) [5873]"
4.024723,0.004064,512,1,1,1,1,1,19,0.000000,0,,,"Tesla K40c (0)","1","7","void kern_precompute_indices<bool=0>(int*, int, int, int, int, int, int) [5894]"
4.024731,0.155200,1,16,1,8,32,1,79,12.519531,0,,,"Tesla K40c (0)","1","7","cudnn_convolve_precomputed_sgemm_sm35_ldg_nn_64x16x128x8x32 [5913]"
4.024890,0.018208,2048,1,1,64,1,1,18,0.000000,0,,,"Tesla K40c (0)","1","7","void cudnn::detail::bn_fw_inf_1C11_kernel_new<float, float, bool=1, int=1>(float, cudnn::detail::bn_fw_inf_1C11_kernel_new<float, float, bool=1, int=1>, cudnnTensorStruct, float const *, float, cudnnTensorStruct*, float, cudnn::detail::bn_fw_inf_1C11_kernel_new<float, float, bool=1, int=1> const *, cudnn::detail::bn_fw_inf_1C11_kernel_new<float, float, bool=1, int=1> const , cudnn::detail::bn_fw_inf_1C11_kernel_new<float, float, bool=1, int=1> const , cudnn::detail::bn_fw_inf_1C11_kernel_new<float, float, bool=1, int=1> const , cudnn::detail::bn_fw_inf_1C11_kernel_new<float, float, bool=1, int=1>) [5945]"
4.024911,0.006592,60,1,1,512,1,1,10,0.000000,0,,,"Tesla K40c (0)","1","7","void kernelPointwiseApply2<TensorAddOp<float>, float, float, unsigned int, int=-2, int=-2>(TensorInfo<TensorAddOp<float>, float>, TensorInfo<float, float>, float, float) [5957]"
4.024921,0.004064,60,1,1,512,1,1,8,0.000000,0,,,"Tesla K40c (0)","1","7","void kernelPointwiseApply1<ThresholdUpdateOutputIP<float>, float, unsigned int, int=-2>(TensorInfo<ThresholdUpdateOutputIP<float>, float>, float, float) [5969]"
4.024928,0.009504,2048,1,1,1,1,1,19,0.000000,0,,,"Tesla K40c (0)","1","7","void kern_precompute_indices<bool=0>(int*, int, int, int, int, int, int) [5990]"
4.024940,0.301568,2,16,1,8,8,1,68,4.519531,0,,,"Tesla K40c (0)","1","7","cudnn_convolve_precomputed_sgemm_sm35_ldg_nn_32x16x32x8x8 [6009]"
4.025245,0.007296,512,1,1,64,1,1,18,0.000000,0,,,"Tesla K40c (0)","1","7","void cudnn::detail::bn_fw_inf_1C11_kernel_new<float, float, bool=1, int=1>(float, cudnn::detail::bn_fw_inf_1C11_kernel_new<float, float, bool=1, int=1>, cudnnTensorStruct, float const *, float, cudnnTensorStruct*, float, cudnn::detail::bn_fw_inf_1C11_kernel_new<float, float, bool=1, int=1> const *, cudnn::detail::bn_fw_inf_1C11_kernel_new<float, float, bool=1, int=1> const , cudnn::detail::bn_fw_inf_1C11_kernel_new<float, float, bool=1, int=1> const , cudnn::detail::bn_fw_inf_1C11_kernel_new<float, float, bool=1, int=1> const , cudnn::detail::bn_fw_inf_1C11_kernel_new<float, float, bool=1, int=1>) [6041]"
4.025257,0.005664,49,1,1,512,1,1,8,0.000000,0,,,"Tesla K40c (0)","1","7","void kernelPointwiseApply1<ThresholdUpdateOutputIP<float>, float, unsigned int, int=-2>(TensorInfo<ThresholdUpdateOutputIP<float>, float>, float, float) [6052]"
4.025267,0.165729,1,19,1,512,1,1,29,0.000000,0,,,"Tesla K40c (0)","1","7","void im2col4d_kernel<float, int>(im2col4d_params, cudnnConvolutionStruct, cudnnTensor4dStruct, float const *, float*, int) [6072]"
4.025436,0.474624,1,8,1,16,16,1,79,8.269531,0,,,"Tesla K40c (0)","1","7","cudnn_convolve_sgemm_sm35_ldg_nn_64x16x64x16x16 [6093]"
4.025914,0.005984,512,1,1,64,1,1,18,0.000000,0,,,"Tesla K40c (0)","1","7","void cudnn::detail::bn_fw_inf_1C11_kernel_new<float, float, bool=1, int=1>(float, cudnn::detail::bn_fw_inf_1C11_kernel_new<float, float, bool=1, int=1>, cudnnTensorStruct, float const *, float, cudnnTensorStruct*, float, cudnn::detail::bn_fw_inf_1C11_kernel_new<float, float, bool=1, int=1> const *, cudnn::detail::bn_fw_inf_1C11_kernel_new<float, float, bool=1, int=1> const , cudnn::detail::bn_fw_inf_1C11_kernel_new<float, float, bool=1, int=1> const , cudnn::detail::bn_fw_inf_1C11_kernel_new<float, float, bool=1, int=1> const , cudnn::detail::bn_fw_inf_1C11_kernel_new<float, float, bool=1, int=1>) [6126]"
4.025923,0.002400,49,1,1,512,1,1,8,0.000000,0,,,"Tesla K40c (0)","1","7","void kernelPointwiseApply1<ThresholdUpdateOutputIP<float>, float, unsigned int, int=-2>(TensorInfo<ThresholdUpdateOutputIP<float>, float>, float, float) [6137]"
4.025928,0.004064,512,1,1,1,1,1,19,0.000000,0,,,"Tesla K40c (0)","1","7","void kern_precompute_indices<bool=0>(int*, int, int, int, int, int, int) [6158]"
4.025936,0.154880,1,16,1,8,32,1,79,12.519531,0,,,"Tesla K40c (0)","1","7","cudnn_convolve_precomputed_sgemm_sm35_ldg_nn_64x16x128x8x32 [6177]"
4.026093,0.018112,2048,1,1,64,1,1,18,0.000000,0,,,"Tesla K40c (0)","1","7","void cudnn::detail::bn_fw_inf_1C11_kernel_new<float, float, bool=1, int=1>(float, cudnn::detail::bn_fw_inf_1C11_kernel_new<float, float, bool=1, int=1>, cudnnTensorStruct, float const *, float, cudnnTensorStruct*, float, cudnn::detail::bn_fw_inf_1C11_kernel_new<float, float, bool=1, int=1> const *, cudnn::detail::bn_fw_inf_1C11_kernel_new<float, float, bool=1, int=1> const , cudnn::detail::bn_fw_inf_1C11_kernel_new<float, float, bool=1, int=1> const , cudnn::detail::bn_fw_inf_1C11_kernel_new<float, float, bool=1, int=1> const , cudnn::detail::bn_fw_inf_1C11_kernel_new<float, float, bool=1, int=1>) [6209]"
4.026115,0.006496,60,1,1,512,1,1,10,0.000000,0,,,"Tesla K40c (0)","1","7","void kernelPointwiseApply2<TensorAddOp<float>, float, float, unsigned int, int=-2, int=-2>(TensorInfo<TensorAddOp<float>, float>, TensorInfo<float, float>, float, float) [6221]"
4.026124,0.004256,60,1,1,512,1,1,8,0.000000,0,,,"Tesla K40c (0)","1","7","void kernelPointwiseApply1<ThresholdUpdateOutputIP<float>, float, unsigned int, int=-2>(TensorInfo<ThresholdUpdateOutputIP<float>, float>, float, float) [6233]"
4.026136,0.142976,2,1,1,1024,1,1,32,0.000000,0,,,"Tesla K40c (0)","1","7","void AvePoolForward<float, float, bool=1>(int, float const *, int, int, int, int, int, int, int, int, int, int, int, int, float*) [6261]"
4.026282,0.002688,,,,,,,,,,0.003815,1.385897,"Tesla K40c (0)","1","7","[CUDA memcpy DtoD]"
4.174027,0.001184,,,,,,,,,,0.000107,0.088098,"Tesla K40c (0)","1","7","[CUDA memcpy HtoD]"
4.174088,0.055040,125,1,1,128,1,1,31,1.500000,0,,,"Tesla K40c (0)","1","7","void gemv2T_kernel_val<float, float, float, int=128, int=16, int=2, int=4, bool=0>(int, int, float, float const *, int, float const *, int, float, float*, int) [6419]"
