Checkpoint path: /home/xhu/Security/NN_Extraction/DeepSniffer/ModelExtraction/validate_deepsniffer/predictors/logs_first_seg_ctc_v3/model.ckpt
Using model: first_seg_ctc_v3

WARNING: The TensorFlow contrib module will not be included in TensorFlow 2.0.
For more information, please see:
  * https://github.com/tensorflow/community/blob/master/rfcs/20180907-contrib-sunset.md
  * https://github.com/tensorflow/addons
If you depend on functionality not listed there, please file an issue.

Resuming from checkpoint: /home/xhu/Security/NN_Extraction/DeepSniffer/ModelExtraction/validate_deepsniffer/predictors/logs_first_seg_ctc_v3/model.ckpt-83
label sequence
['conv']
label sequence
['conv', 'bn']
label sequence
['conv', 'bn', 'relu']
label sequence
['conv', 'bn', 'relu', 'pooling']
label sequence
['conv', 'bn', 'relu', 'pooling', 'conv']
label sequence
['conv', 'bn', 'relu', 'pooling', 'conv', 'bn']
label sequence
['conv', 'bn', 'relu', 'pooling', 'conv', 'bn', 'relu']
label sequence
['conv', 'bn', 'relu', 'pooling', 'conv', 'bn', 'relu', 'conv']
label sequence
['conv', 'bn', 'relu', 'pooling', 'conv', 'bn', 'relu', 'conv', 'bn']
label sequence
['conv', 'bn', 'relu', 'pooling', 'conv', 'bn', 'relu', 'conv', 'bn', 'add']
label sequence
['conv', 'bn', 'relu', 'pooling', 'conv', 'bn', 'relu', 'conv', 'bn', 'add', 'relu']
label sequence
['conv', 'bn', 'relu', 'pooling', 'conv', 'bn', 'relu', 'conv', 'bn', 'add', 'relu', 'conv']
label sequence
['conv', 'bn', 'relu', 'pooling', 'conv', 'bn', 'relu', 'conv', 'bn', 'add', 'relu', 'conv', 'bn']
label sequence
['conv', 'bn', 'relu', 'pooling', 'conv', 'bn', 'relu', 'conv', 'bn', 'add', 'relu', 'conv', 'bn', 'relu']
label sequence
['conv', 'bn', 'relu', 'pooling', 'conv', 'bn', 'relu', 'conv', 'bn', 'add', 'relu', 'conv', 'bn', 'relu', 'conv']
label sequence
['conv', 'bn', 'relu', 'pooling', 'conv', 'bn', 'relu', 'conv', 'bn', 'add', 'relu', 'conv', 'bn', 'relu', 'conv', 'bn']
label sequence
['conv', 'bn', 'relu', 'pooling', 'conv', 'bn', 'relu', 'conv', 'bn', 'add', 'relu', 'conv', 'bn', 'relu', 'conv', 'bn', 'add']
label sequence
['conv', 'bn', 'relu', 'pooling', 'conv', 'bn', 'relu', 'conv', 'bn', 'add', 'relu', 'conv', 'bn', 'relu', 'conv', 'bn', 'add', 'relu']
label sequence
['conv', 'bn', 'relu', 'pooling', 'conv', 'bn', 'relu', 'conv', 'bn', 'add', 'relu', 'conv', 'bn', 'relu', 'conv', 'bn', 'add', 'relu', 'conv']
label sequence
['conv', 'bn', 'relu', 'pooling', 'conv', 'bn', 'relu', 'conv', 'bn', 'add', 'relu', 'conv', 'bn', 'relu', 'conv', 'bn', 'add', 'relu', 'conv', 'bn']
label sequence
['conv', 'bn', 'relu', 'pooling', 'conv', 'bn', 'relu', 'conv', 'bn', 'add', 'relu', 'conv', 'bn', 'relu', 'conv', 'bn', 'add', 'relu', 'conv', 'bn', 'relu']
label sequence
['conv', 'bn', 'relu', 'pooling', 'conv', 'bn', 'relu', 'conv', 'bn', 'add', 'relu', 'conv', 'bn', 'relu', 'conv', 'bn', 'add', 'relu', 'conv', 'bn', 'relu', 'conv']
label sequence
['conv', 'bn', 'relu', 'pooling', 'conv', 'bn', 'relu', 'conv', 'bn', 'add', 'relu', 'conv', 'bn', 'relu', 'conv', 'bn', 'add', 'relu', 'conv', 'bn', 'relu', 'conv', 'bn']
label sequence
['conv', 'bn', 'relu', 'pooling', 'conv', 'bn', 'relu', 'conv', 'bn', 'add', 'relu', 'conv', 'bn', 'relu', 'conv', 'bn', 'add', 'relu', 'conv', 'bn', 'relu', 'conv', 'bn', 'add']
label sequence
['conv', 'bn', 'relu', 'pooling', 'conv', 'bn', 'relu', 'conv', 'bn', 'add', 'relu', 'conv', 'bn', 'relu', 'conv', 'bn', 'add', 'relu', 'conv', 'bn', 'relu', 'conv', 'bn', 'add', 'relu']
label sequence
['conv', 'bn', 'relu', 'pooling', 'conv', 'bn', 'relu', 'conv', 'bn', 'add', 'relu', 'conv', 'bn', 'relu', 'conv', 'bn', 'add', 'relu', 'conv', 'bn', 'relu', 'conv', 'bn', 'add', 'relu', 'conv']
label sequence
['conv', 'bn', 'relu', 'pooling', 'conv', 'bn', 'relu', 'conv', 'bn', 'add', 'relu', 'conv', 'bn', 'relu', 'conv', 'bn', 'add', 'relu', 'conv', 'bn', 'relu', 'conv', 'bn', 'add', 'relu', 'conv', 'bn']
label sequence
['conv', 'bn', 'relu', 'pooling', 'conv', 'bn', 'relu', 'conv', 'bn', 'add', 'relu', 'conv', 'bn', 'relu', 'conv', 'bn', 'add', 'relu', 'conv', 'bn', 'relu', 'conv', 'bn', 'add', 'relu', 'conv', 'bn', 'relu']
label sequence
['conv', 'bn', 'relu', 'pooling', 'conv', 'bn', 'relu', 'conv', 'bn', 'add', 'relu', 'conv', 'bn', 'relu', 'conv', 'bn', 'add', 'relu', 'conv', 'bn', 'relu', 'conv', 'bn', 'add', 'relu', 'conv', 'bn', 'relu', 'conv']
label sequence
['conv', 'bn', 'relu', 'pooling', 'conv', 'bn', 'relu', 'conv', 'bn', 'add', 'relu', 'conv', 'bn', 'relu', 'conv', 'bn', 'add', 'relu', 'conv', 'bn', 'relu', 'conv', 'bn', 'add', 'relu', 'conv', 'bn', 'relu', 'conv', 'bn']
label sequence
['conv', 'bn', 'relu', 'pooling', 'conv', 'bn', 'relu', 'conv', 'bn', 'add', 'relu', 'conv', 'bn', 'relu', 'conv', 'bn', 'add', 'relu', 'conv', 'bn', 'relu', 'conv', 'bn', 'add', 'relu', 'conv', 'bn', 'relu', 'conv', 'bn', 'conv']
label sequence
['conv', 'bn', 'relu', 'pooling', 'conv', 'bn', 'relu', 'conv', 'bn', 'add', 'relu', 'conv', 'bn', 'relu', 'conv', 'bn', 'add', 'relu', 'conv', 'bn', 'relu', 'conv', 'bn', 'add', 'relu', 'conv', 'bn', 'relu', 'conv', 'bn', 'conv', 'bn']
label sequence
['conv', 'bn', 'relu', 'pooling', 'conv', 'bn', 'relu', 'conv', 'bn', 'add', 'relu', 'conv', 'bn', 'relu', 'conv', 'bn', 'add', 'relu', 'conv', 'bn', 'relu', 'conv', 'bn', 'add', 'relu', 'conv', 'bn', 'relu', 'conv', 'bn', 'conv', 'bn', 'add']
label sequence
['conv', 'bn', 'relu', 'pooling', 'conv', 'bn', 'relu', 'conv', 'bn', 'add', 'relu', 'conv', 'bn', 'relu', 'conv', 'bn', 'add', 'relu', 'conv', 'bn', 'relu', 'conv', 'bn', 'add', 'relu', 'conv', 'bn', 'relu', 'conv', 'bn', 'conv', 'bn', 'add', 'relu']
label sequence
['conv', 'bn', 'relu', 'pooling', 'conv', 'bn', 'relu', 'conv', 'bn', 'add', 'relu', 'conv', 'bn', 'relu', 'conv', 'bn', 'add', 'relu', 'conv', 'bn', 'relu', 'conv', 'bn', 'add', 'relu', 'conv', 'bn', 'relu', 'conv', 'bn', 'conv', 'bn', 'add', 'relu', 'conv']
label sequence
['conv', 'bn', 'relu', 'pooling', 'conv', 'bn', 'relu', 'conv', 'bn', 'add', 'relu', 'conv', 'bn', 'relu', 'conv', 'bn', 'add', 'relu', 'conv', 'bn', 'relu', 'conv', 'bn', 'add', 'relu', 'conv', 'bn', 'relu', 'conv', 'bn', 'conv', 'bn', 'add', 'relu', 'conv', 'bn']
label sequence
['conv', 'bn', 'relu', 'pooling', 'conv', 'bn', 'relu', 'conv', 'bn', 'add', 'relu', 'conv', 'bn', 'relu', 'conv', 'bn', 'add', 'relu', 'conv', 'bn', 'relu', 'conv', 'bn', 'add', 'relu', 'conv', 'bn', 'relu', 'conv', 'bn', 'conv', 'bn', 'add', 'relu', 'conv', 'bn', 'relu']
label sequence
['conv', 'bn', 'relu', 'pooling', 'conv', 'bn', 'relu', 'conv', 'bn', 'add', 'relu', 'conv', 'bn', 'relu', 'conv', 'bn', 'add', 'relu', 'conv', 'bn', 'relu', 'conv', 'bn', 'add', 'relu', 'conv', 'bn', 'relu', 'conv', 'bn', 'conv', 'bn', 'add', 'relu', 'conv', 'bn', 'relu', 'conv']
label sequence
['conv', 'bn', 'relu', 'pooling', 'conv', 'bn', 'relu', 'conv', 'bn', 'add', 'relu', 'conv', 'bn', 'relu', 'conv', 'bn', 'add', 'relu', 'conv', 'bn', 'relu', 'conv', 'bn', 'add', 'relu', 'conv', 'bn', 'relu', 'conv', 'bn', 'conv', 'bn', 'add', 'relu', 'conv', 'bn', 'relu', 'conv', 'bn']
label sequence
['conv', 'bn', 'relu', 'pooling', 'conv', 'bn', 'relu', 'conv', 'bn', 'add', 'relu', 'conv', 'bn', 'relu', 'conv', 'bn', 'add', 'relu', 'conv', 'bn', 'relu', 'conv', 'bn', 'add', 'relu', 'conv', 'bn', 'relu', 'conv', 'bn', 'conv', 'bn', 'add', 'relu', 'conv', 'bn', 'relu', 'conv', 'bn', 'add']
label sequence
['conv', 'bn', 'relu', 'pooling', 'conv', 'bn', 'relu', 'conv', 'bn', 'add', 'relu', 'conv', 'bn', 'relu', 'conv', 'bn', 'add', 'relu', 'conv', 'bn', 'relu', 'conv', 'bn', 'add', 'relu', 'conv', 'bn', 'relu', 'conv', 'bn', 'conv', 'bn', 'add', 'relu', 'conv', 'bn', 'relu', 'conv', 'bn', 'add', 'relu']
label sequence
['conv', 'bn', 'relu', 'pooling', 'conv', 'bn', 'relu', 'conv', 'bn', 'add', 'relu', 'conv', 'bn', 'relu', 'conv', 'bn', 'add', 'relu', 'conv', 'bn', 'relu', 'conv', 'bn', 'add', 'relu', 'conv', 'bn', 'relu', 'conv', 'bn', 'conv', 'bn', 'add', 'relu', 'conv', 'bn', 'relu', 'conv', 'bn', 'add', 'relu', 'conv']
label sequence
['conv', 'bn', 'relu', 'pooling', 'conv', 'bn', 'relu', 'conv', 'bn', 'add', 'relu', 'conv', 'bn', 'relu', 'conv', 'bn', 'add', 'relu', 'conv', 'bn', 'relu', 'conv', 'bn', 'add', 'relu', 'conv', 'bn', 'relu', 'conv', 'bn', 'conv', 'bn', 'add', 'relu', 'conv', 'bn', 'relu', 'conv', 'bn', 'add', 'relu', 'conv', 'bn']
label sequence
['conv', 'bn', 'relu', 'pooling', 'conv', 'bn', 'relu', 'conv', 'bn', 'add', 'relu', 'conv', 'bn', 'relu', 'conv', 'bn', 'add', 'relu', 'conv', 'bn', 'relu', 'conv', 'bn', 'add', 'relu', 'conv', 'bn', 'relu', 'conv', 'bn', 'conv', 'bn', 'add', 'relu', 'conv', 'bn', 'relu', 'conv', 'bn', 'add', 'relu', 'conv', 'bn', 'relu']
label sequence
['conv', 'bn', 'relu', 'pooling', 'conv', 'bn', 'relu', 'conv', 'bn', 'add', 'relu', 'conv', 'bn', 'relu', 'conv', 'bn', 'add', 'relu', 'conv', 'bn', 'relu', 'conv', 'bn', 'add', 'relu', 'conv', 'bn', 'relu', 'conv', 'bn', 'conv', 'bn', 'add', 'relu', 'conv', 'bn', 'relu', 'conv', 'bn', 'add', 'relu', 'conv', 'bn', 'relu', 'conv']
label sequence
['conv', 'bn', 'relu', 'pooling', 'conv', 'bn', 'relu', 'conv', 'bn', 'add', 'relu', 'conv', 'bn', 'relu', 'conv', 'bn', 'add', 'relu', 'conv', 'bn', 'relu', 'conv', 'bn', 'add', 'relu', 'conv', 'bn', 'relu', 'conv', 'bn', 'conv', 'bn', 'add', 'relu', 'conv', 'bn', 'relu', 'conv', 'bn', 'add', 'relu', 'conv', 'bn', 'relu', 'conv', 'bn']
label sequence
['conv', 'bn', 'relu', 'pooling', 'conv', 'bn', 'relu', 'conv', 'bn', 'add', 'relu', 'conv', 'bn', 'relu', 'conv', 'bn', 'add', 'relu', 'conv', 'bn', 'relu', 'conv', 'bn', 'add', 'relu', 'conv', 'bn', 'relu', 'conv', 'bn', 'conv', 'bn', 'add', 'relu', 'conv', 'bn', 'relu', 'conv', 'bn', 'add', 'relu', 'conv', 'bn', 'relu', 'conv', 'bn', 'add']
label sequence
['conv', 'bn', 'relu', 'pooling', 'conv', 'bn', 'relu', 'conv', 'bn', 'add', 'relu', 'conv', 'bn', 'relu', 'conv', 'bn', 'add', 'relu', 'conv', 'bn', 'relu', 'conv', 'bn', 'add', 'relu', 'conv', 'bn', 'relu', 'conv', 'bn', 'conv', 'bn', 'add', 'relu', 'conv', 'bn', 'relu', 'conv', 'bn', 'add', 'relu', 'conv', 'bn', 'relu', 'conv', 'bn', 'add', 'relu']
label sequence
['conv', 'bn', 'relu', 'pooling', 'conv', 'bn', 'relu', 'conv', 'bn', 'add', 'relu', 'conv', 'bn', 'relu', 'conv', 'bn', 'add', 'relu', 'conv', 'bn', 'relu', 'conv', 'bn', 'add', 'relu', 'conv', 'bn', 'relu', 'conv', 'bn', 'conv', 'bn', 'add', 'relu', 'conv', 'bn', 'relu', 'conv', 'bn', 'add', 'relu', 'conv', 'bn', 'relu', 'conv', 'bn', 'add', 'relu', 'conv']
label sequence
['conv', 'bn', 'relu', 'pooling', 'conv', 'bn', 'relu', 'conv', 'bn', 'add', 'relu', 'conv', 'bn', 'relu', 'conv', 'bn', 'add', 'relu', 'conv', 'bn', 'relu', 'conv', 'bn', 'add', 'relu', 'conv', 'bn', 'relu', 'conv', 'bn', 'conv', 'bn', 'add', 'relu', 'conv', 'bn', 'relu', 'conv', 'bn', 'add', 'relu', 'conv', 'bn', 'relu', 'conv', 'bn', 'add', 'relu', 'conv', 'bn']
label sequence
['conv', 'bn', 'relu', 'pooling', 'conv', 'bn', 'relu', 'conv', 'bn', 'add', 'relu', 'conv', 'bn', 'relu', 'conv', 'bn', 'add', 'relu', 'conv', 'bn', 'relu', 'conv', 'bn', 'add', 'relu', 'conv', 'bn', 'relu', 'conv', 'bn', 'conv', 'bn', 'add', 'relu', 'conv', 'bn', 'relu', 'conv', 'bn', 'add', 'relu', 'conv', 'bn', 'relu', 'conv', 'bn', 'add', 'relu', 'conv', 'bn', 'relu']
label sequence
['conv', 'bn', 'relu', 'pooling', 'conv', 'bn', 'relu', 'conv', 'bn', 'add', 'relu', 'conv', 'bn', 'relu', 'conv', 'bn', 'add', 'relu', 'conv', 'bn', 'relu', 'conv', 'bn', 'add', 'relu', 'conv', 'bn', 'relu', 'conv', 'bn', 'conv', 'bn', 'add', 'relu', 'conv', 'bn', 'relu', 'conv', 'bn', 'add', 'relu', 'conv', 'bn', 'relu', 'conv', 'bn', 'add', 'relu', 'conv', 'bn', 'relu', 'conv']
label sequence
['conv', 'bn', 'relu', 'pooling', 'conv', 'bn', 'relu', 'conv', 'bn', 'add', 'relu', 'conv', 'bn', 'relu', 'conv', 'bn', 'add', 'relu', 'conv', 'bn', 'relu', 'conv', 'bn', 'add', 'relu', 'conv', 'bn', 'relu', 'conv', 'bn', 'conv', 'bn', 'add', 'relu', 'conv', 'bn', 'relu', 'conv', 'bn', 'add', 'relu', 'conv', 'bn', 'relu', 'conv', 'bn', 'add', 'relu', 'conv', 'bn', 'relu', 'conv', 'bn']
label sequence
['conv', 'bn', 'relu', 'pooling', 'conv', 'bn', 'relu', 'conv', 'bn', 'add', 'relu', 'conv', 'bn', 'relu', 'conv', 'bn', 'add', 'relu', 'conv', 'bn', 'relu', 'conv', 'bn', 'add', 'relu', 'conv', 'bn', 'relu', 'conv', 'bn', 'conv', 'bn', 'add', 'relu', 'conv', 'bn', 'relu', 'conv', 'bn', 'add', 'relu', 'conv', 'bn', 'relu', 'conv', 'bn', 'add', 'relu', 'conv', 'bn', 'relu', 'conv', 'bn', 'add']
label sequence
['conv', 'bn', 'relu', 'pooling', 'conv', 'bn', 'relu', 'conv', 'bn', 'add', 'relu', 'conv', 'bn', 'relu', 'conv', 'bn', 'add', 'relu', 'conv', 'bn', 'relu', 'conv', 'bn', 'add', 'relu', 'conv', 'bn', 'relu', 'conv', 'bn', 'conv', 'bn', 'add', 'relu', 'conv', 'bn', 'relu', 'conv', 'bn', 'add', 'relu', 'conv', 'bn', 'relu', 'conv', 'bn', 'add', 'relu', 'conv', 'bn', 'relu', 'conv', 'bn', 'add', 'relu']
label sequence
['conv', 'bn', 'relu', 'pooling', 'conv', 'bn', 'relu', 'conv', 'bn', 'add', 'relu', 'conv', 'bn', 'relu', 'conv', 'bn', 'add', 'relu', 'conv', 'bn', 'relu', 'conv', 'bn', 'add', 'relu', 'conv', 'bn', 'relu', 'conv', 'bn', 'conv', 'bn', 'add', 'relu', 'conv', 'bn', 'relu', 'conv', 'bn', 'add', 'relu', 'conv', 'bn', 'relu', 'conv', 'bn', 'add', 'relu', 'conv', 'bn', 'relu', 'conv', 'bn', 'add', 'relu', 'conv']
label sequence
['conv', 'bn', 'relu', 'pooling', 'conv', 'bn', 'relu', 'conv', 'bn', 'add', 'relu', 'conv', 'bn', 'relu', 'conv', 'bn', 'add', 'relu', 'conv', 'bn', 'relu', 'conv', 'bn', 'add', 'relu', 'conv', 'bn', 'relu', 'conv', 'bn', 'conv', 'bn', 'add', 'relu', 'conv', 'bn', 'relu', 'conv', 'bn', 'add', 'relu', 'conv', 'bn', 'relu', 'conv', 'bn', 'add', 'relu', 'conv', 'bn', 'relu', 'conv', 'bn', 'add', 'relu', 'conv', 'bn']
label sequence
['conv', 'bn', 'relu', 'pooling', 'conv', 'bn', 'relu', 'conv', 'bn', 'add', 'relu', 'conv', 'bn', 'relu', 'conv', 'bn', 'add', 'relu', 'conv', 'bn', 'relu', 'conv', 'bn', 'add', 'relu', 'conv', 'bn', 'relu', 'conv', 'bn', 'conv', 'bn', 'add', 'relu', 'conv', 'bn', 'relu', 'conv', 'bn', 'add', 'relu', 'conv', 'bn', 'relu', 'conv', 'bn', 'add', 'relu', 'conv', 'bn', 'relu', 'conv', 'bn', 'add', 'relu', 'conv', 'bn', 'relu']
label sequence
['conv', 'bn', 'relu', 'pooling', 'conv', 'bn', 'relu', 'conv', 'bn', 'add', 'relu', 'conv', 'bn', 'relu', 'conv', 'bn', 'add', 'relu', 'conv', 'bn', 'relu', 'conv', 'bn', 'add', 'relu', 'conv', 'bn', 'relu', 'conv', 'bn', 'conv', 'bn', 'add', 'relu', 'conv', 'bn', 'relu', 'conv', 'bn', 'add', 'relu', 'conv', 'bn', 'relu', 'conv', 'bn', 'add', 'relu', 'conv', 'bn', 'relu', 'conv', 'bn', 'add', 'relu', 'conv', 'bn', 'relu', 'conv']
label sequence
['conv', 'bn', 'relu', 'pooling', 'conv', 'bn', 'relu', 'conv', 'bn', 'add', 'relu', 'conv', 'bn', 'relu', 'conv', 'bn', 'add', 'relu', 'conv', 'bn', 'relu', 'conv', 'bn', 'add', 'relu', 'conv', 'bn', 'relu', 'conv', 'bn', 'conv', 'bn', 'add', 'relu', 'conv', 'bn', 'relu', 'conv', 'bn', 'add', 'relu', 'conv', 'bn', 'relu', 'conv', 'bn', 'add', 'relu', 'conv', 'bn', 'relu', 'conv', 'bn', 'add', 'relu', 'conv', 'bn', 'relu', 'conv', 'bn']
label sequence
['conv', 'bn', 'relu', 'pooling', 'conv', 'bn', 'relu', 'conv', 'bn', 'add', 'relu', 'conv', 'bn', 'relu', 'conv', 'bn', 'add', 'relu', 'conv', 'bn', 'relu', 'conv', 'bn', 'add', 'relu', 'conv', 'bn', 'relu', 'conv', 'bn', 'conv', 'bn', 'add', 'relu', 'conv', 'bn', 'relu', 'conv', 'bn', 'add', 'relu', 'conv', 'bn', 'relu', 'conv', 'bn', 'add', 'relu', 'conv', 'bn', 'relu', 'conv', 'bn', 'add', 'relu', 'conv', 'bn', 'relu', 'conv', 'bn', 'conv']
label sequence
['conv', 'bn', 'relu', 'pooling', 'conv', 'bn', 'relu', 'conv', 'bn', 'add', 'relu', 'conv', 'bn', 'relu', 'conv', 'bn', 'add', 'relu', 'conv', 'bn', 'relu', 'conv', 'bn', 'add', 'relu', 'conv', 'bn', 'relu', 'conv', 'bn', 'conv', 'bn', 'add', 'relu', 'conv', 'bn', 'relu', 'conv', 'bn', 'add', 'relu', 'conv', 'bn', 'relu', 'conv', 'bn', 'add', 'relu', 'conv', 'bn', 'relu', 'conv', 'bn', 'add', 'relu', 'conv', 'bn', 'relu', 'conv', 'bn', 'conv', 'bn']
label sequence
['conv', 'bn', 'relu', 'pooling', 'conv', 'bn', 'relu', 'conv', 'bn', 'add', 'relu', 'conv', 'bn', 'relu', 'conv', 'bn', 'add', 'relu', 'conv', 'bn', 'relu', 'conv', 'bn', 'add', 'relu', 'conv', 'bn', 'relu', 'conv', 'bn', 'conv', 'bn', 'add', 'relu', 'conv', 'bn', 'relu', 'conv', 'bn', 'add', 'relu', 'conv', 'bn', 'relu', 'conv', 'bn', 'add', 'relu', 'conv', 'bn', 'relu', 'conv', 'bn', 'add', 'relu', 'conv', 'bn', 'relu', 'conv', 'bn', 'conv', 'bn', 'add']
label sequence
['conv', 'bn', 'relu', 'pooling', 'conv', 'bn', 'relu', 'conv', 'bn', 'add', 'relu', 'conv', 'bn', 'relu', 'conv', 'bn', 'add', 'relu', 'conv', 'bn', 'relu', 'conv', 'bn', 'add', 'relu', 'conv', 'bn', 'relu', 'conv', 'bn', 'conv', 'bn', 'add', 'relu', 'conv', 'bn', 'relu', 'conv', 'bn', 'add', 'relu', 'conv', 'bn', 'relu', 'conv', 'bn', 'add', 'relu', 'conv', 'bn', 'relu', 'conv', 'bn', 'add', 'relu', 'conv', 'bn', 'relu', 'conv', 'bn', 'conv', 'bn', 'add', 'relu']
label sequence
['conv', 'bn', 'relu', 'pooling', 'conv', 'bn', 'relu', 'conv', 'bn', 'add', 'relu', 'conv', 'bn', 'relu', 'conv', 'bn', 'add', 'relu', 'conv', 'bn', 'relu', 'conv', 'bn', 'add', 'relu', 'conv', 'bn', 'relu', 'conv', 'bn', 'conv', 'bn', 'add', 'relu', 'conv', 'bn', 'relu', 'conv', 'bn', 'add', 'relu', 'conv', 'bn', 'relu', 'conv', 'bn', 'add', 'relu', 'conv', 'bn', 'relu', 'conv', 'bn', 'add', 'relu', 'conv', 'bn', 'relu', 'conv', 'bn', 'conv', 'bn', 'add', 'relu', 'conv']
label sequence
['conv', 'bn', 'relu', 'pooling', 'conv', 'bn', 'relu', 'conv', 'bn', 'add', 'relu', 'conv', 'bn', 'relu', 'conv', 'bn', 'add', 'relu', 'conv', 'bn', 'relu', 'conv', 'bn', 'add', 'relu', 'conv', 'bn', 'relu', 'conv', 'bn', 'conv', 'bn', 'add', 'relu', 'conv', 'bn', 'relu', 'conv', 'bn', 'add', 'relu', 'conv', 'bn', 'relu', 'conv', 'bn', 'add', 'relu', 'conv', 'bn', 'relu', 'conv', 'bn', 'add', 'relu', 'conv', 'bn', 'relu', 'conv', 'bn', 'conv', 'bn', 'add', 'relu', 'conv', 'bn']
label sequence
['conv', 'bn', 'relu', 'pooling', 'conv', 'bn', 'relu', 'conv', 'bn', 'add', 'relu', 'conv', 'bn', 'relu', 'conv', 'bn', 'add', 'relu', 'conv', 'bn', 'relu', 'conv', 'bn', 'add', 'relu', 'conv', 'bn', 'relu', 'conv', 'bn', 'conv', 'bn', 'add', 'relu', 'conv', 'bn', 'relu', 'conv', 'bn', 'add', 'relu', 'conv', 'bn', 'relu', 'conv', 'bn', 'add', 'relu', 'conv', 'bn', 'relu', 'conv', 'bn', 'add', 'relu', 'conv', 'bn', 'relu', 'conv', 'bn', 'conv', 'bn', 'add', 'relu', 'conv', 'bn', 'relu']
label sequence
['conv', 'bn', 'relu', 'pooling', 'conv', 'bn', 'relu', 'conv', 'bn', 'add', 'relu', 'conv', 'bn', 'relu', 'conv', 'bn', 'add', 'relu', 'conv', 'bn', 'relu', 'conv', 'bn', 'add', 'relu', 'conv', 'bn', 'relu', 'conv', 'bn', 'conv', 'bn', 'add', 'relu', 'conv', 'bn', 'relu', 'conv', 'bn', 'add', 'relu', 'conv', 'bn', 'relu', 'conv', 'bn', 'add', 'relu', 'conv', 'bn', 'relu', 'conv', 'bn', 'add', 'relu', 'conv', 'bn', 'relu', 'conv', 'bn', 'conv', 'bn', 'add', 'relu', 'conv', 'bn', 'relu', 'conv']
label sequence
['conv', 'bn', 'relu', 'pooling', 'conv', 'bn', 'relu', 'conv', 'bn', 'add', 'relu', 'conv', 'bn', 'relu', 'conv', 'bn', 'add', 'relu', 'conv', 'bn', 'relu', 'conv', 'bn', 'add', 'relu', 'conv', 'bn', 'relu', 'conv', 'bn', 'conv', 'bn', 'add', 'relu', 'conv', 'bn', 'relu', 'conv', 'bn', 'add', 'relu', 'conv', 'bn', 'relu', 'conv', 'bn', 'add', 'relu', 'conv', 'bn', 'relu', 'conv', 'bn', 'add', 'relu', 'conv', 'bn', 'relu', 'conv', 'bn', 'conv', 'bn', 'add', 'relu', 'conv', 'bn', 'relu', 'conv', 'bn']
label sequence
['conv', 'bn', 'relu', 'pooling', 'conv', 'bn', 'relu', 'conv', 'bn', 'add', 'relu', 'conv', 'bn', 'relu', 'conv', 'bn', 'add', 'relu', 'conv', 'bn', 'relu', 'conv', 'bn', 'add', 'relu', 'conv', 'bn', 'relu', 'conv', 'bn', 'conv', 'bn', 'add', 'relu', 'conv', 'bn', 'relu', 'conv', 'bn', 'add', 'relu', 'conv', 'bn', 'relu', 'conv', 'bn', 'add', 'relu', 'conv', 'bn', 'relu', 'conv', 'bn', 'add', 'relu', 'conv', 'bn', 'relu', 'conv', 'bn', 'conv', 'bn', 'add', 'relu', 'conv', 'bn', 'relu', 'conv', 'bn', 'add']
label sequence
['conv', 'bn', 'relu', 'pooling', 'conv', 'bn', 'relu', 'conv', 'bn', 'add', 'relu', 'conv', 'bn', 'relu', 'conv', 'bn', 'add', 'relu', 'conv', 'bn', 'relu', 'conv', 'bn', 'add', 'relu', 'conv', 'bn', 'relu', 'conv', 'bn', 'conv', 'bn', 'add', 'relu', 'conv', 'bn', 'relu', 'conv', 'bn', 'add', 'relu', 'conv', 'bn', 'relu', 'conv', 'bn', 'add', 'relu', 'conv', 'bn', 'relu', 'conv', 'bn', 'add', 'relu', 'conv', 'bn', 'relu', 'conv', 'bn', 'conv', 'bn', 'add', 'relu', 'conv', 'bn', 'relu', 'conv', 'bn', 'add', 'relu']
label sequence
['conv', 'bn', 'relu', 'pooling', 'conv', 'bn', 'relu', 'conv', 'bn', 'add', 'relu', 'conv', 'bn', 'relu', 'conv', 'bn', 'add', 'relu', 'conv', 'bn', 'relu', 'conv', 'bn', 'add', 'relu', 'conv', 'bn', 'relu', 'conv', 'bn', 'conv', 'bn', 'add', 'relu', 'conv', 'bn', 'relu', 'conv', 'bn', 'add', 'relu', 'conv', 'bn', 'relu', 'conv', 'bn', 'add', 'relu', 'conv', 'bn', 'relu', 'conv', 'bn', 'add', 'relu', 'conv', 'bn', 'relu', 'conv', 'bn', 'conv', 'bn', 'add', 'relu', 'conv', 'bn', 'relu', 'conv', 'bn', 'add', 'relu', 'conv']
label sequence
['conv', 'bn', 'relu', 'pooling', 'conv', 'bn', 'relu', 'conv', 'bn', 'add', 'relu', 'conv', 'bn', 'relu', 'conv', 'bn', 'add', 'relu', 'conv', 'bn', 'relu', 'conv', 'bn', 'add', 'relu', 'conv', 'bn', 'relu', 'conv', 'bn', 'conv', 'bn', 'add', 'relu', 'conv', 'bn', 'relu', 'conv', 'bn', 'add', 'relu', 'conv', 'bn', 'relu', 'conv', 'bn', 'add', 'relu', 'conv', 'bn', 'relu', 'conv', 'bn', 'add', 'relu', 'conv', 'bn', 'relu', 'conv', 'bn', 'conv', 'bn', 'add', 'relu', 'conv', 'bn', 'relu', 'conv', 'bn', 'add', 'relu', 'conv', 'bn']
label sequence
['conv', 'bn', 'relu', 'pooling', 'conv', 'bn', 'relu', 'conv', 'bn', 'add', 'relu', 'conv', 'bn', 'relu', 'conv', 'bn', 'add', 'relu', 'conv', 'bn', 'relu', 'conv', 'bn', 'add', 'relu', 'conv', 'bn', 'relu', 'conv', 'bn', 'conv', 'bn', 'add', 'relu', 'conv', 'bn', 'relu', 'conv', 'bn', 'add', 'relu', 'conv', 'bn', 'relu', 'conv', 'bn', 'add', 'relu', 'conv', 'bn', 'relu', 'conv', 'bn', 'add', 'relu', 'conv', 'bn', 'relu', 'conv', 'bn', 'conv', 'bn', 'add', 'relu', 'conv', 'bn', 'relu', 'conv', 'bn', 'add', 'relu', 'conv', 'bn', 'relu']
label sequence
['conv', 'bn', 'relu', 'pooling', 'conv', 'bn', 'relu', 'conv', 'bn', 'add', 'relu', 'conv', 'bn', 'relu', 'conv', 'bn', 'add', 'relu', 'conv', 'bn', 'relu', 'conv', 'bn', 'add', 'relu', 'conv', 'bn', 'relu', 'conv', 'bn', 'conv', 'bn', 'add', 'relu', 'conv', 'bn', 'relu', 'conv', 'bn', 'add', 'relu', 'conv', 'bn', 'relu', 'conv', 'bn', 'add', 'relu', 'conv', 'bn', 'relu', 'conv', 'bn', 'add', 'relu', 'conv', 'bn', 'relu', 'conv', 'bn', 'conv', 'bn', 'add', 'relu', 'conv', 'bn', 'relu', 'conv', 'bn', 'add', 'relu', 'conv', 'bn', 'relu', 'conv']
label sequence
['conv', 'bn', 'relu', 'pooling', 'conv', 'bn', 'relu', 'conv', 'bn', 'add', 'relu', 'conv', 'bn', 'relu', 'conv', 'bn', 'add', 'relu', 'conv', 'bn', 'relu', 'conv', 'bn', 'add', 'relu', 'conv', 'bn', 'relu', 'conv', 'bn', 'conv', 'bn', 'add', 'relu', 'conv', 'bn', 'relu', 'conv', 'bn', 'add', 'relu', 'conv', 'bn', 'relu', 'conv', 'bn', 'add', 'relu', 'conv', 'bn', 'relu', 'conv', 'bn', 'add', 'relu', 'conv', 'bn', 'relu', 'conv', 'bn', 'conv', 'bn', 'add', 'relu', 'conv', 'bn', 'relu', 'conv', 'bn', 'add', 'relu', 'conv', 'bn', 'relu', 'conv', 'bn']
label sequence
['conv', 'bn', 'relu', 'pooling', 'conv', 'bn', 'relu', 'conv', 'bn', 'add', 'relu', 'conv', 'bn', 'relu', 'conv', 'bn', 'add', 'relu', 'conv', 'bn', 'relu', 'conv', 'bn', 'add', 'relu', 'conv', 'bn', 'relu', 'conv', 'bn', 'conv', 'bn', 'add', 'relu', 'conv', 'bn', 'relu', 'conv', 'bn', 'add', 'relu', 'conv', 'bn', 'relu', 'conv', 'bn', 'add', 'relu', 'conv', 'bn', 'relu', 'conv', 'bn', 'add', 'relu', 'conv', 'bn', 'relu', 'conv', 'bn', 'conv', 'bn', 'add', 'relu', 'conv', 'bn', 'relu', 'conv', 'bn', 'add', 'relu', 'conv', 'bn', 'relu', 'conv', 'bn', 'add']
label sequence
['conv', 'bn', 'relu', 'pooling', 'conv', 'bn', 'relu', 'conv', 'bn', 'add', 'relu', 'conv', 'bn', 'relu', 'conv', 'bn', 'add', 'relu', 'conv', 'bn', 'relu', 'conv', 'bn', 'add', 'relu', 'conv', 'bn', 'relu', 'conv', 'bn', 'conv', 'bn', 'add', 'relu', 'conv', 'bn', 'relu', 'conv', 'bn', 'add', 'relu', 'conv', 'bn', 'relu', 'conv', 'bn', 'add', 'relu', 'conv', 'bn', 'relu', 'conv', 'bn', 'add', 'relu', 'conv', 'bn', 'relu', 'conv', 'bn', 'conv', 'bn', 'add', 'relu', 'conv', 'bn', 'relu', 'conv', 'bn', 'add', 'relu', 'conv', 'bn', 'relu', 'conv', 'bn', 'add', 'relu']
label sequence
['conv', 'bn', 'relu', 'pooling', 'conv', 'bn', 'relu', 'conv', 'bn', 'add', 'relu', 'conv', 'bn', 'relu', 'conv', 'bn', 'add', 'relu', 'conv', 'bn', 'relu', 'conv', 'bn', 'add', 'relu', 'conv', 'bn', 'relu', 'conv', 'bn', 'conv', 'bn', 'add', 'relu', 'conv', 'bn', 'relu', 'conv', 'bn', 'add', 'relu', 'conv', 'bn', 'relu', 'conv', 'bn', 'add', 'relu', 'conv', 'bn', 'relu', 'conv', 'bn', 'add', 'relu', 'conv', 'bn', 'relu', 'conv', 'bn', 'conv', 'bn', 'add', 'relu', 'conv', 'bn', 'relu', 'conv', 'bn', 'add', 'relu', 'conv', 'bn', 'relu', 'conv', 'bn', 'add', 'relu', 'conv']
label sequence
['conv', 'bn', 'relu', 'pooling', 'conv', 'bn', 'relu', 'conv', 'bn', 'add', 'relu', 'conv', 'bn', 'relu', 'conv', 'bn', 'add', 'relu', 'conv', 'bn', 'relu', 'conv', 'bn', 'add', 'relu', 'conv', 'bn', 'relu', 'conv', 'bn', 'conv', 'bn', 'add', 'relu', 'conv', 'bn', 'relu', 'conv', 'bn', 'add', 'relu', 'conv', 'bn', 'relu', 'conv', 'bn', 'add', 'relu', 'conv', 'bn', 'relu', 'conv', 'bn', 'add', 'relu', 'conv', 'bn', 'relu', 'conv', 'bn', 'conv', 'bn', 'add', 'relu', 'conv', 'bn', 'relu', 'conv', 'bn', 'add', 'relu', 'conv', 'bn', 'relu', 'conv', 'bn', 'add', 'relu', 'conv', 'bn']
label sequence
['conv', 'bn', 'relu', 'pooling', 'conv', 'bn', 'relu', 'conv', 'bn', 'add', 'relu', 'conv', 'bn', 'relu', 'conv', 'bn', 'add', 'relu', 'conv', 'bn', 'relu', 'conv', 'bn', 'add', 'relu', 'conv', 'bn', 'relu', 'conv', 'bn', 'conv', 'bn', 'add', 'relu', 'conv', 'bn', 'relu', 'conv', 'bn', 'add', 'relu', 'conv', 'bn', 'relu', 'conv', 'bn', 'add', 'relu', 'conv', 'bn', 'relu', 'conv', 'bn', 'add', 'relu', 'conv', 'bn', 'relu', 'conv', 'bn', 'conv', 'bn', 'add', 'relu', 'conv', 'bn', 'relu', 'conv', 'bn', 'add', 'relu', 'conv', 'bn', 'relu', 'conv', 'bn', 'add', 'relu', 'conv', 'bn', 'relu']
label sequence
['conv', 'bn', 'relu', 'pooling', 'conv', 'bn', 'relu', 'conv', 'bn', 'add', 'relu', 'conv', 'bn', 'relu', 'conv', 'bn', 'add', 'relu', 'conv', 'bn', 'relu', 'conv', 'bn', 'add', 'relu', 'conv', 'bn', 'relu', 'conv', 'bn', 'conv', 'bn', 'add', 'relu', 'conv', 'bn', 'relu', 'conv', 'bn', 'add', 'relu', 'conv', 'bn', 'relu', 'conv', 'bn', 'add', 'relu', 'conv', 'bn', 'relu', 'conv', 'bn', 'add', 'relu', 'conv', 'bn', 'relu', 'conv', 'bn', 'conv', 'bn', 'add', 'relu', 'conv', 'bn', 'relu', 'conv', 'bn', 'add', 'relu', 'conv', 'bn', 'relu', 'conv', 'bn', 'add', 'relu', 'conv', 'bn', 'relu', 'conv']
label sequence
['conv', 'bn', 'relu', 'pooling', 'conv', 'bn', 'relu', 'conv', 'bn', 'add', 'relu', 'conv', 'bn', 'relu', 'conv', 'bn', 'add', 'relu', 'conv', 'bn', 'relu', 'conv', 'bn', 'add', 'relu', 'conv', 'bn', 'relu', 'conv', 'bn', 'conv', 'bn', 'add', 'relu', 'conv', 'bn', 'relu', 'conv', 'bn', 'add', 'relu', 'conv', 'bn', 'relu', 'conv', 'bn', 'add', 'relu', 'conv', 'bn', 'relu', 'conv', 'bn', 'add', 'relu', 'conv', 'bn', 'relu', 'conv', 'bn', 'conv', 'bn', 'add', 'relu', 'conv', 'bn', 'relu', 'conv', 'bn', 'add', 'relu', 'conv', 'bn', 'relu', 'conv', 'bn', 'add', 'relu', 'conv', 'bn', 'relu', 'conv', 'bn']
label sequence
['conv', 'bn', 'relu', 'pooling', 'conv', 'bn', 'relu', 'conv', 'bn', 'add', 'relu', 'conv', 'bn', 'relu', 'conv', 'bn', 'add', 'relu', 'conv', 'bn', 'relu', 'conv', 'bn', 'add', 'relu', 'conv', 'bn', 'relu', 'conv', 'bn', 'conv', 'bn', 'add', 'relu', 'conv', 'bn', 'relu', 'conv', 'bn', 'add', 'relu', 'conv', 'bn', 'relu', 'conv', 'bn', 'add', 'relu', 'conv', 'bn', 'relu', 'conv', 'bn', 'add', 'relu', 'conv', 'bn', 'relu', 'conv', 'bn', 'conv', 'bn', 'add', 'relu', 'conv', 'bn', 'relu', 'conv', 'bn', 'add', 'relu', 'conv', 'bn', 'relu', 'conv', 'bn', 'add', 'relu', 'conv', 'bn', 'relu', 'conv', 'bn', 'add']
label sequence
['conv', 'bn', 'relu', 'pooling', 'conv', 'bn', 'relu', 'conv', 'bn', 'add', 'relu', 'conv', 'bn', 'relu', 'conv', 'bn', 'add', 'relu', 'conv', 'bn', 'relu', 'conv', 'bn', 'add', 'relu', 'conv', 'bn', 'relu', 'conv', 'bn', 'conv', 'bn', 'add', 'relu', 'conv', 'bn', 'relu', 'conv', 'bn', 'add', 'relu', 'conv', 'bn', 'relu', 'conv', 'bn', 'add', 'relu', 'conv', 'bn', 'relu', 'conv', 'bn', 'add', 'relu', 'conv', 'bn', 'relu', 'conv', 'bn', 'conv', 'bn', 'add', 'relu', 'conv', 'bn', 'relu', 'conv', 'bn', 'add', 'relu', 'conv', 'bn', 'relu', 'conv', 'bn', 'add', 'relu', 'conv', 'bn', 'relu', 'conv', 'bn', 'add', 'relu']
label sequence
['conv', 'bn', 'relu', 'pooling', 'conv', 'bn', 'relu', 'conv', 'bn', 'add', 'relu', 'conv', 'bn', 'relu', 'conv', 'bn', 'add', 'relu', 'conv', 'bn', 'relu', 'conv', 'bn', 'add', 'relu', 'conv', 'bn', 'relu', 'conv', 'bn', 'conv', 'bn', 'add', 'relu', 'conv', 'bn', 'relu', 'conv', 'bn', 'add', 'relu', 'conv', 'bn', 'relu', 'conv', 'bn', 'add', 'relu', 'conv', 'bn', 'relu', 'conv', 'bn', 'add', 'relu', 'conv', 'bn', 'relu', 'conv', 'bn', 'conv', 'bn', 'add', 'relu', 'conv', 'bn', 'relu', 'conv', 'bn', 'add', 'relu', 'conv', 'bn', 'relu', 'conv', 'bn', 'add', 'relu', 'conv', 'bn', 'relu', 'conv', 'bn', 'add', 'relu', 'conv']
label sequence
['conv', 'bn', 'relu', 'pooling', 'conv', 'bn', 'relu', 'conv', 'bn', 'add', 'relu', 'conv', 'bn', 'relu', 'conv', 'bn', 'add', 'relu', 'conv', 'bn', 'relu', 'conv', 'bn', 'add', 'relu', 'conv', 'bn', 'relu', 'conv', 'bn', 'conv', 'bn', 'add', 'relu', 'conv', 'bn', 'relu', 'conv', 'bn', 'add', 'relu', 'conv', 'bn', 'relu', 'conv', 'bn', 'add', 'relu', 'conv', 'bn', 'relu', 'conv', 'bn', 'add', 'relu', 'conv', 'bn', 'relu', 'conv', 'bn', 'conv', 'bn', 'add', 'relu', 'conv', 'bn', 'relu', 'conv', 'bn', 'add', 'relu', 'conv', 'bn', 'relu', 'conv', 'bn', 'add', 'relu', 'conv', 'bn', 'relu', 'conv', 'bn', 'add', 'relu', 'conv', 'bn']
label sequence
['conv', 'bn', 'relu', 'pooling', 'conv', 'bn', 'relu', 'conv', 'bn', 'add', 'relu', 'conv', 'bn', 'relu', 'conv', 'bn', 'add', 'relu', 'conv', 'bn', 'relu', 'conv', 'bn', 'add', 'relu', 'conv', 'bn', 'relu', 'conv', 'bn', 'conv', 'bn', 'add', 'relu', 'conv', 'bn', 'relu', 'conv', 'bn', 'add', 'relu', 'conv', 'bn', 'relu', 'conv', 'bn', 'add', 'relu', 'conv', 'bn', 'relu', 'conv', 'bn', 'add', 'relu', 'conv', 'bn', 'relu', 'conv', 'bn', 'conv', 'bn', 'add', 'relu', 'conv', 'bn', 'relu', 'conv', 'bn', 'add', 'relu', 'conv', 'bn', 'relu', 'conv', 'bn', 'add', 'relu', 'conv', 'bn', 'relu', 'conv', 'bn', 'add', 'relu', 'conv', 'bn', 'relu']
label sequence
['conv', 'bn', 'relu', 'pooling', 'conv', 'bn', 'relu', 'conv', 'bn', 'add', 'relu', 'conv', 'bn', 'relu', 'conv', 'bn', 'add', 'relu', 'conv', 'bn', 'relu', 'conv', 'bn', 'add', 'relu', 'conv', 'bn', 'relu', 'conv', 'bn', 'conv', 'bn', 'add', 'relu', 'conv', 'bn', 'relu', 'conv', 'bn', 'add', 'relu', 'conv', 'bn', 'relu', 'conv', 'bn', 'add', 'relu', 'conv', 'bn', 'relu', 'conv', 'bn', 'add', 'relu', 'conv', 'bn', 'relu', 'conv', 'bn', 'conv', 'bn', 'add', 'relu', 'conv', 'bn', 'relu', 'conv', 'bn', 'add', 'relu', 'conv', 'bn', 'relu', 'conv', 'bn', 'add', 'relu', 'conv', 'bn', 'relu', 'conv', 'bn', 'add', 'relu', 'conv', 'bn', 'relu', 'conv']
label sequence
['conv', 'bn', 'relu', 'pooling', 'conv', 'bn', 'relu', 'conv', 'bn', 'add', 'relu', 'conv', 'bn', 'relu', 'conv', 'bn', 'add', 'relu', 'conv', 'bn', 'relu', 'conv', 'bn', 'add', 'relu', 'conv', 'bn', 'relu', 'conv', 'bn', 'conv', 'bn', 'add', 'relu', 'conv', 'bn', 'relu', 'conv', 'bn', 'add', 'relu', 'conv', 'bn', 'relu', 'conv', 'bn', 'add', 'relu', 'conv', 'bn', 'relu', 'conv', 'bn', 'add', 'relu', 'conv', 'bn', 'relu', 'conv', 'bn', 'conv', 'bn', 'add', 'relu', 'conv', 'bn', 'relu', 'conv', 'bn', 'add', 'relu', 'conv', 'bn', 'relu', 'conv', 'bn', 'add', 'relu', 'conv', 'bn', 'relu', 'conv', 'bn', 'add', 'relu', 'conv', 'bn', 'relu', 'conv', 'bn']
label sequence
['conv', 'bn', 'relu', 'pooling', 'conv', 'bn', 'relu', 'conv', 'bn', 'add', 'relu', 'conv', 'bn', 'relu', 'conv', 'bn', 'add', 'relu', 'conv', 'bn', 'relu', 'conv', 'bn', 'add', 'relu', 'conv', 'bn', 'relu', 'conv', 'bn', 'conv', 'bn', 'add', 'relu', 'conv', 'bn', 'relu', 'conv', 'bn', 'add', 'relu', 'conv', 'bn', 'relu', 'conv', 'bn', 'add', 'relu', 'conv', 'bn', 'relu', 'conv', 'bn', 'add', 'relu', 'conv', 'bn', 'relu', 'conv', 'bn', 'conv', 'bn', 'add', 'relu', 'conv', 'bn', 'relu', 'conv', 'bn', 'add', 'relu', 'conv', 'bn', 'relu', 'conv', 'bn', 'add', 'relu', 'conv', 'bn', 'relu', 'conv', 'bn', 'add', 'relu', 'conv', 'bn', 'relu', 'conv', 'bn', 'add']
label sequence
['conv', 'bn', 'relu', 'pooling', 'conv', 'bn', 'relu', 'conv', 'bn', 'add', 'relu', 'conv', 'bn', 'relu', 'conv', 'bn', 'add', 'relu', 'conv', 'bn', 'relu', 'conv', 'bn', 'add', 'relu', 'conv', 'bn', 'relu', 'conv', 'bn', 'conv', 'bn', 'add', 'relu', 'conv', 'bn', 'relu', 'conv', 'bn', 'add', 'relu', 'conv', 'bn', 'relu', 'conv', 'bn', 'add', 'relu', 'conv', 'bn', 'relu', 'conv', 'bn', 'add', 'relu', 'conv', 'bn', 'relu', 'conv', 'bn', 'conv', 'bn', 'add', 'relu', 'conv', 'bn', 'relu', 'conv', 'bn', 'add', 'relu', 'conv', 'bn', 'relu', 'conv', 'bn', 'add', 'relu', 'conv', 'bn', 'relu', 'conv', 'bn', 'add', 'relu', 'conv', 'bn', 'relu', 'conv', 'bn', 'add', 'relu']
label sequence
['conv', 'bn', 'relu', 'pooling', 'conv', 'bn', 'relu', 'conv', 'bn', 'add', 'relu', 'conv', 'bn', 'relu', 'conv', 'bn', 'add', 'relu', 'conv', 'bn', 'relu', 'conv', 'bn', 'add', 'relu', 'conv', 'bn', 'relu', 'conv', 'bn', 'conv', 'bn', 'add', 'relu', 'conv', 'bn', 'relu', 'conv', 'bn', 'add', 'relu', 'conv', 'bn', 'relu', 'conv', 'bn', 'add', 'relu', 'conv', 'bn', 'relu', 'conv', 'bn', 'add', 'relu', 'conv', 'bn', 'relu', 'conv', 'bn', 'conv', 'bn', 'add', 'relu', 'conv', 'bn', 'relu', 'conv', 'bn', 'add', 'relu', 'conv', 'bn', 'relu', 'conv', 'bn', 'add', 'relu', 'conv', 'bn', 'relu', 'conv', 'bn', 'add', 'relu', 'conv', 'bn', 'relu', 'conv', 'bn', 'add', 'relu', 'conv']
label sequence
['conv', 'bn', 'relu', 'pooling', 'conv', 'bn', 'relu', 'conv', 'bn', 'add', 'relu', 'conv', 'bn', 'relu', 'conv', 'bn', 'add', 'relu', 'conv', 'bn', 'relu', 'conv', 'bn', 'add', 'relu', 'conv', 'bn', 'relu', 'conv', 'bn', 'conv', 'bn', 'add', 'relu', 'conv', 'bn', 'relu', 'conv', 'bn', 'add', 'relu', 'conv', 'bn', 'relu', 'conv', 'bn', 'add', 'relu', 'conv', 'bn', 'relu', 'conv', 'bn', 'add', 'relu', 'conv', 'bn', 'relu', 'conv', 'bn', 'conv', 'bn', 'add', 'relu', 'conv', 'bn', 'relu', 'conv', 'bn', 'add', 'relu', 'conv', 'bn', 'relu', 'conv', 'bn', 'add', 'relu', 'conv', 'bn', 'relu', 'conv', 'bn', 'add', 'relu', 'conv', 'bn', 'relu', 'conv', 'bn', 'add', 'relu', 'conv', 'bn']
label sequence
['conv', 'bn', 'relu', 'pooling', 'conv', 'bn', 'relu', 'conv', 'bn', 'add', 'relu', 'conv', 'bn', 'relu', 'conv', 'bn', 'add', 'relu', 'conv', 'bn', 'relu', 'conv', 'bn', 'add', 'relu', 'conv', 'bn', 'relu', 'conv', 'bn', 'conv', 'bn', 'add', 'relu', 'conv', 'bn', 'relu', 'conv', 'bn', 'add', 'relu', 'conv', 'bn', 'relu', 'conv', 'bn', 'add', 'relu', 'conv', 'bn', 'relu', 'conv', 'bn', 'add', 'relu', 'conv', 'bn', 'relu', 'conv', 'bn', 'conv', 'bn', 'add', 'relu', 'conv', 'bn', 'relu', 'conv', 'bn', 'add', 'relu', 'conv', 'bn', 'relu', 'conv', 'bn', 'add', 'relu', 'conv', 'bn', 'relu', 'conv', 'bn', 'add', 'relu', 'conv', 'bn', 'relu', 'conv', 'bn', 'add', 'relu', 'conv', 'bn', 'relu']
label sequence
['conv', 'bn', 'relu', 'pooling', 'conv', 'bn', 'relu', 'conv', 'bn', 'add', 'relu', 'conv', 'bn', 'relu', 'conv', 'bn', 'add', 'relu', 'conv', 'bn', 'relu', 'conv', 'bn', 'add', 'relu', 'conv', 'bn', 'relu', 'conv', 'bn', 'conv', 'bn', 'add', 'relu', 'conv', 'bn', 'relu', 'conv', 'bn', 'add', 'relu', 'conv', 'bn', 'relu', 'conv', 'bn', 'add', 'relu', 'conv', 'bn', 'relu', 'conv', 'bn', 'add', 'relu', 'conv', 'bn', 'relu', 'conv', 'bn', 'conv', 'bn', 'add', 'relu', 'conv', 'bn', 'relu', 'conv', 'bn', 'add', 'relu', 'conv', 'bn', 'relu', 'conv', 'bn', 'add', 'relu', 'conv', 'bn', 'relu', 'conv', 'bn', 'add', 'relu', 'conv', 'bn', 'relu', 'conv', 'bn', 'add', 'relu', 'conv', 'bn', 'relu', 'conv']
label sequence
['conv', 'bn', 'relu', 'pooling', 'conv', 'bn', 'relu', 'conv', 'bn', 'add', 'relu', 'conv', 'bn', 'relu', 'conv', 'bn', 'add', 'relu', 'conv', 'bn', 'relu', 'conv', 'bn', 'add', 'relu', 'conv', 'bn', 'relu', 'conv', 'bn', 'conv', 'bn', 'add', 'relu', 'conv', 'bn', 'relu', 'conv', 'bn', 'add', 'relu', 'conv', 'bn', 'relu', 'conv', 'bn', 'add', 'relu', 'conv', 'bn', 'relu', 'conv', 'bn', 'add', 'relu', 'conv', 'bn', 'relu', 'conv', 'bn', 'conv', 'bn', 'add', 'relu', 'conv', 'bn', 'relu', 'conv', 'bn', 'add', 'relu', 'conv', 'bn', 'relu', 'conv', 'bn', 'add', 'relu', 'conv', 'bn', 'relu', 'conv', 'bn', 'add', 'relu', 'conv', 'bn', 'relu', 'conv', 'bn', 'add', 'relu', 'conv', 'bn', 'relu', 'conv', 'bn']
label sequence
['conv', 'bn', 'relu', 'pooling', 'conv', 'bn', 'relu', 'conv', 'bn', 'add', 'relu', 'conv', 'bn', 'relu', 'conv', 'bn', 'add', 'relu', 'conv', 'bn', 'relu', 'conv', 'bn', 'add', 'relu', 'conv', 'bn', 'relu', 'conv', 'bn', 'conv', 'bn', 'add', 'relu', 'conv', 'bn', 'relu', 'conv', 'bn', 'add', 'relu', 'conv', 'bn', 'relu', 'conv', 'bn', 'add', 'relu', 'conv', 'bn', 'relu', 'conv', 'bn', 'add', 'relu', 'conv', 'bn', 'relu', 'conv', 'bn', 'conv', 'bn', 'add', 'relu', 'conv', 'bn', 'relu', 'conv', 'bn', 'add', 'relu', 'conv', 'bn', 'relu', 'conv', 'bn', 'add', 'relu', 'conv', 'bn', 'relu', 'conv', 'bn', 'add', 'relu', 'conv', 'bn', 'relu', 'conv', 'bn', 'add', 'relu', 'conv', 'bn', 'relu', 'conv', 'bn', 'add']
label sequence
['conv', 'bn', 'relu', 'pooling', 'conv', 'bn', 'relu', 'conv', 'bn', 'add', 'relu', 'conv', 'bn', 'relu', 'conv', 'bn', 'add', 'relu', 'conv', 'bn', 'relu', 'conv', 'bn', 'add', 'relu', 'conv', 'bn', 'relu', 'conv', 'bn', 'conv', 'bn', 'add', 'relu', 'conv', 'bn', 'relu', 'conv', 'bn', 'add', 'relu', 'conv', 'bn', 'relu', 'conv', 'bn', 'add', 'relu', 'conv', 'bn', 'relu', 'conv', 'bn', 'add', 'relu', 'conv', 'bn', 'relu', 'conv', 'bn', 'conv', 'bn', 'add', 'relu', 'conv', 'bn', 'relu', 'conv', 'bn', 'add', 'relu', 'conv', 'bn', 'relu', 'conv', 'bn', 'add', 'relu', 'conv', 'bn', 'relu', 'conv', 'bn', 'add', 'relu', 'conv', 'bn', 'relu', 'conv', 'bn', 'add', 'relu', 'conv', 'bn', 'relu', 'conv', 'bn', 'add', 'relu']
label sequence
['conv', 'bn', 'relu', 'pooling', 'conv', 'bn', 'relu', 'conv', 'bn', 'add', 'relu', 'conv', 'bn', 'relu', 'conv', 'bn', 'add', 'relu', 'conv', 'bn', 'relu', 'conv', 'bn', 'add', 'relu', 'conv', 'bn', 'relu', 'conv', 'bn', 'conv', 'bn', 'add', 'relu', 'conv', 'bn', 'relu', 'conv', 'bn', 'add', 'relu', 'conv', 'bn', 'relu', 'conv', 'bn', 'add', 'relu', 'conv', 'bn', 'relu', 'conv', 'bn', 'add', 'relu', 'conv', 'bn', 'relu', 'conv', 'bn', 'conv', 'bn', 'add', 'relu', 'conv', 'bn', 'relu', 'conv', 'bn', 'add', 'relu', 'conv', 'bn', 'relu', 'conv', 'bn', 'add', 'relu', 'conv', 'bn', 'relu', 'conv', 'bn', 'add', 'relu', 'conv', 'bn', 'relu', 'conv', 'bn', 'add', 'relu', 'conv', 'bn', 'relu', 'conv', 'bn', 'add', 'relu', 'conv']
label sequence
['conv', 'bn', 'relu', 'pooling', 'conv', 'bn', 'relu', 'conv', 'bn', 'add', 'relu', 'conv', 'bn', 'relu', 'conv', 'bn', 'add', 'relu', 'conv', 'bn', 'relu', 'conv', 'bn', 'add', 'relu', 'conv', 'bn', 'relu', 'conv', 'bn', 'conv', 'bn', 'add', 'relu', 'conv', 'bn', 'relu', 'conv', 'bn', 'add', 'relu', 'conv', 'bn', 'relu', 'conv', 'bn', 'add', 'relu', 'conv', 'bn', 'relu', 'conv', 'bn', 'add', 'relu', 'conv', 'bn', 'relu', 'conv', 'bn', 'conv', 'bn', 'add', 'relu', 'conv', 'bn', 'relu', 'conv', 'bn', 'add', 'relu', 'conv', 'bn', 'relu', 'conv', 'bn', 'add', 'relu', 'conv', 'bn', 'relu', 'conv', 'bn', 'add', 'relu', 'conv', 'bn', 'relu', 'conv', 'bn', 'add', 'relu', 'conv', 'bn', 'relu', 'conv', 'bn', 'add', 'relu', 'conv', 'bn']
label sequence
['conv', 'bn', 'relu', 'pooling', 'conv', 'bn', 'relu', 'conv', 'bn', 'add', 'relu', 'conv', 'bn', 'relu', 'conv', 'bn', 'add', 'relu', 'conv', 'bn', 'relu', 'conv', 'bn', 'add', 'relu', 'conv', 'bn', 'relu', 'conv', 'bn', 'conv', 'bn', 'add', 'relu', 'conv', 'bn', 'relu', 'conv', 'bn', 'add', 'relu', 'conv', 'bn', 'relu', 'conv', 'bn', 'add', 'relu', 'conv', 'bn', 'relu', 'conv', 'bn', 'add', 'relu', 'conv', 'bn', 'relu', 'conv', 'bn', 'conv', 'bn', 'add', 'relu', 'conv', 'bn', 'relu', 'conv', 'bn', 'add', 'relu', 'conv', 'bn', 'relu', 'conv', 'bn', 'add', 'relu', 'conv', 'bn', 'relu', 'conv', 'bn', 'add', 'relu', 'conv', 'bn', 'relu', 'conv', 'bn', 'add', 'relu', 'conv', 'bn', 'relu', 'conv', 'bn', 'add', 'relu', 'conv', 'bn', 'relu']
label sequence
['conv', 'bn', 'relu', 'pooling', 'conv', 'bn', 'relu', 'conv', 'bn', 'add', 'relu', 'conv', 'bn', 'relu', 'conv', 'bn', 'add', 'relu', 'conv', 'bn', 'relu', 'conv', 'bn', 'add', 'relu', 'conv', 'bn', 'relu', 'conv', 'bn', 'conv', 'bn', 'add', 'relu', 'conv', 'bn', 'relu', 'conv', 'bn', 'add', 'relu', 'conv', 'bn', 'relu', 'conv', 'bn', 'add', 'relu', 'conv', 'bn', 'relu', 'conv', 'bn', 'add', 'relu', 'conv', 'bn', 'relu', 'conv', 'bn', 'conv', 'bn', 'add', 'relu', 'conv', 'bn', 'relu', 'conv', 'bn', 'add', 'relu', 'conv', 'bn', 'relu', 'conv', 'bn', 'add', 'relu', 'conv', 'bn', 'relu', 'conv', 'bn', 'add', 'relu', 'conv', 'bn', 'relu', 'conv', 'bn', 'add', 'relu', 'conv', 'bn', 'relu', 'conv', 'bn', 'add', 'relu', 'conv', 'bn', 'relu', 'conv']
label sequence
['conv', 'bn', 'relu', 'pooling', 'conv', 'bn', 'relu', 'conv', 'bn', 'add', 'relu', 'conv', 'bn', 'relu', 'conv', 'bn', 'add', 'relu', 'conv', 'bn', 'relu', 'conv', 'bn', 'add', 'relu', 'conv', 'bn', 'relu', 'conv', 'bn', 'conv', 'bn', 'add', 'relu', 'conv', 'bn', 'relu', 'conv', 'bn', 'add', 'relu', 'conv', 'bn', 'relu', 'conv', 'bn', 'add', 'relu', 'conv', 'bn', 'relu', 'conv', 'bn', 'add', 'relu', 'conv', 'bn', 'relu', 'conv', 'bn', 'conv', 'bn', 'add', 'relu', 'conv', 'bn', 'relu', 'conv', 'bn', 'add', 'relu', 'conv', 'bn', 'relu', 'conv', 'bn', 'add', 'relu', 'conv', 'bn', 'relu', 'conv', 'bn', 'add', 'relu', 'conv', 'bn', 'relu', 'conv', 'bn', 'add', 'relu', 'conv', 'bn', 'relu', 'conv', 'bn', 'add', 'relu', 'conv', 'bn', 'relu', 'conv', 'bn']
label sequence
['conv', 'bn', 'relu', 'pooling', 'conv', 'bn', 'relu', 'conv', 'bn', 'add', 'relu', 'conv', 'bn', 'relu', 'conv', 'bn', 'add', 'relu', 'conv', 'bn', 'relu', 'conv', 'bn', 'add', 'relu', 'conv', 'bn', 'relu', 'conv', 'bn', 'conv', 'bn', 'add', 'relu', 'conv', 'bn', 'relu', 'conv', 'bn', 'add', 'relu', 'conv', 'bn', 'relu', 'conv', 'bn', 'add', 'relu', 'conv', 'bn', 'relu', 'conv', 'bn', 'add', 'relu', 'conv', 'bn', 'relu', 'conv', 'bn', 'conv', 'bn', 'add', 'relu', 'conv', 'bn', 'relu', 'conv', 'bn', 'add', 'relu', 'conv', 'bn', 'relu', 'conv', 'bn', 'add', 'relu', 'conv', 'bn', 'relu', 'conv', 'bn', 'add', 'relu', 'conv', 'bn', 'relu', 'conv', 'bn', 'add', 'relu', 'conv', 'bn', 'relu', 'conv', 'bn', 'add', 'relu', 'conv', 'bn', 'relu', 'conv', 'bn', 'conv']
label sequence
['conv', 'bn', 'relu', 'pooling', 'conv', 'bn', 'relu', 'conv', 'bn', 'add', 'relu', 'conv', 'bn', 'relu', 'conv', 'bn', 'add', 'relu', 'conv', 'bn', 'relu', 'conv', 'bn', 'add', 'relu', 'conv', 'bn', 'relu', 'conv', 'bn', 'conv', 'bn', 'add', 'relu', 'conv', 'bn', 'relu', 'conv', 'bn', 'add', 'relu', 'conv', 'bn', 'relu', 'conv', 'bn', 'add', 'relu', 'conv', 'bn', 'relu', 'conv', 'bn', 'add', 'relu', 'conv', 'bn', 'relu', 'conv', 'bn', 'conv', 'bn', 'add', 'relu', 'conv', 'bn', 'relu', 'conv', 'bn', 'add', 'relu', 'conv', 'bn', 'relu', 'conv', 'bn', 'add', 'relu', 'conv', 'bn', 'relu', 'conv', 'bn', 'add', 'relu', 'conv', 'bn', 'relu', 'conv', 'bn', 'add', 'relu', 'conv', 'bn', 'relu', 'conv', 'bn', 'add', 'relu', 'conv', 'bn', 'relu', 'conv', 'bn', 'conv', 'bn']
label sequence
['conv', 'bn', 'relu', 'pooling', 'conv', 'bn', 'relu', 'conv', 'bn', 'add', 'relu', 'conv', 'bn', 'relu', 'conv', 'bn', 'add', 'relu', 'conv', 'bn', 'relu', 'conv', 'bn', 'add', 'relu', 'conv', 'bn', 'relu', 'conv', 'bn', 'conv', 'bn', 'add', 'relu', 'conv', 'bn', 'relu', 'conv', 'bn', 'add', 'relu', 'conv', 'bn', 'relu', 'conv', 'bn', 'add', 'relu', 'conv', 'bn', 'relu', 'conv', 'bn', 'add', 'relu', 'conv', 'bn', 'relu', 'conv', 'bn', 'conv', 'bn', 'add', 'relu', 'conv', 'bn', 'relu', 'conv', 'bn', 'add', 'relu', 'conv', 'bn', 'relu', 'conv', 'bn', 'add', 'relu', 'conv', 'bn', 'relu', 'conv', 'bn', 'add', 'relu', 'conv', 'bn', 'relu', 'conv', 'bn', 'add', 'relu', 'conv', 'bn', 'relu', 'conv', 'bn', 'add', 'relu', 'conv', 'bn', 'relu', 'conv', 'bn', 'conv', 'bn', 'add']
label sequence
['conv', 'bn', 'relu', 'pooling', 'conv', 'bn', 'relu', 'conv', 'bn', 'add', 'relu', 'conv', 'bn', 'relu', 'conv', 'bn', 'add', 'relu', 'conv', 'bn', 'relu', 'conv', 'bn', 'add', 'relu', 'conv', 'bn', 'relu', 'conv', 'bn', 'conv', 'bn', 'add', 'relu', 'conv', 'bn', 'relu', 'conv', 'bn', 'add', 'relu', 'conv', 'bn', 'relu', 'conv', 'bn', 'add', 'relu', 'conv', 'bn', 'relu', 'conv', 'bn', 'add', 'relu', 'conv', 'bn', 'relu', 'conv', 'bn', 'conv', 'bn', 'add', 'relu', 'conv', 'bn', 'relu', 'conv', 'bn', 'add', 'relu', 'conv', 'bn', 'relu', 'conv', 'bn', 'add', 'relu', 'conv', 'bn', 'relu', 'conv', 'bn', 'add', 'relu', 'conv', 'bn', 'relu', 'conv', 'bn', 'add', 'relu', 'conv', 'bn', 'relu', 'conv', 'bn', 'add', 'relu', 'conv', 'bn', 'relu', 'conv', 'bn', 'conv', 'bn', 'add', 'relu']
label sequence
['conv', 'bn', 'relu', 'pooling', 'conv', 'bn', 'relu', 'conv', 'bn', 'add', 'relu', 'conv', 'bn', 'relu', 'conv', 'bn', 'add', 'relu', 'conv', 'bn', 'relu', 'conv', 'bn', 'add', 'relu', 'conv', 'bn', 'relu', 'conv', 'bn', 'conv', 'bn', 'add', 'relu', 'conv', 'bn', 'relu', 'conv', 'bn', 'add', 'relu', 'conv', 'bn', 'relu', 'conv', 'bn', 'add', 'relu', 'conv', 'bn', 'relu', 'conv', 'bn', 'add', 'relu', 'conv', 'bn', 'relu', 'conv', 'bn', 'conv', 'bn', 'add', 'relu', 'conv', 'bn', 'relu', 'conv', 'bn', 'add', 'relu', 'conv', 'bn', 'relu', 'conv', 'bn', 'add', 'relu', 'conv', 'bn', 'relu', 'conv', 'bn', 'add', 'relu', 'conv', 'bn', 'relu', 'conv', 'bn', 'add', 'relu', 'conv', 'bn', 'relu', 'conv', 'bn', 'add', 'relu', 'conv', 'bn', 'relu', 'conv', 'bn', 'conv', 'bn', 'add', 'relu', 'conv']
label sequence
['conv', 'bn', 'relu', 'pooling', 'conv', 'bn', 'relu', 'conv', 'bn', 'add', 'relu', 'conv', 'bn', 'relu', 'conv', 'bn', 'add', 'relu', 'conv', 'bn', 'relu', 'conv', 'bn', 'add', 'relu', 'conv', 'bn', 'relu', 'conv', 'bn', 'conv', 'bn', 'add', 'relu', 'conv', 'bn', 'relu', 'conv', 'bn', 'add', 'relu', 'conv', 'bn', 'relu', 'conv', 'bn', 'add', 'relu', 'conv', 'bn', 'relu', 'conv', 'bn', 'add', 'relu', 'conv', 'bn', 'relu', 'conv', 'bn', 'conv', 'bn', 'add', 'relu', 'conv', 'bn', 'relu', 'conv', 'bn', 'add', 'relu', 'conv', 'bn', 'relu', 'conv', 'bn', 'add', 'relu', 'conv', 'bn', 'relu', 'conv', 'bn', 'add', 'relu', 'conv', 'bn', 'relu', 'conv', 'bn', 'add', 'relu', 'conv', 'bn', 'relu', 'conv', 'bn', 'add', 'relu', 'conv', 'bn', 'relu', 'conv', 'bn', 'conv', 'bn', 'add', 'relu', 'conv', 'bn']
label sequence
['conv', 'bn', 'relu', 'pooling', 'conv', 'bn', 'relu', 'conv', 'bn', 'add', 'relu', 'conv', 'bn', 'relu', 'conv', 'bn', 'add', 'relu', 'conv', 'bn', 'relu', 'conv', 'bn', 'add', 'relu', 'conv', 'bn', 'relu', 'conv', 'bn', 'conv', 'bn', 'add', 'relu', 'conv', 'bn', 'relu', 'conv', 'bn', 'add', 'relu', 'conv', 'bn', 'relu', 'conv', 'bn', 'add', 'relu', 'conv', 'bn', 'relu', 'conv', 'bn', 'add', 'relu', 'conv', 'bn', 'relu', 'conv', 'bn', 'conv', 'bn', 'add', 'relu', 'conv', 'bn', 'relu', 'conv', 'bn', 'add', 'relu', 'conv', 'bn', 'relu', 'conv', 'bn', 'add', 'relu', 'conv', 'bn', 'relu', 'conv', 'bn', 'add', 'relu', 'conv', 'bn', 'relu', 'conv', 'bn', 'add', 'relu', 'conv', 'bn', 'relu', 'conv', 'bn', 'add', 'relu', 'conv', 'bn', 'relu', 'conv', 'bn', 'conv', 'bn', 'add', 'relu', 'conv', 'bn', 'relu']
label sequence
['conv', 'bn', 'relu', 'pooling', 'conv', 'bn', 'relu', 'conv', 'bn', 'add', 'relu', 'conv', 'bn', 'relu', 'conv', 'bn', 'add', 'relu', 'conv', 'bn', 'relu', 'conv', 'bn', 'add', 'relu', 'conv', 'bn', 'relu', 'conv', 'bn', 'conv', 'bn', 'add', 'relu', 'conv', 'bn', 'relu', 'conv', 'bn', 'add', 'relu', 'conv', 'bn', 'relu', 'conv', 'bn', 'add', 'relu', 'conv', 'bn', 'relu', 'conv', 'bn', 'add', 'relu', 'conv', 'bn', 'relu', 'conv', 'bn', 'conv', 'bn', 'add', 'relu', 'conv', 'bn', 'relu', 'conv', 'bn', 'add', 'relu', 'conv', 'bn', 'relu', 'conv', 'bn', 'add', 'relu', 'conv', 'bn', 'relu', 'conv', 'bn', 'add', 'relu', 'conv', 'bn', 'relu', 'conv', 'bn', 'add', 'relu', 'conv', 'bn', 'relu', 'conv', 'bn', 'add', 'relu', 'conv', 'bn', 'relu', 'conv', 'bn', 'conv', 'bn', 'add', 'relu', 'conv', 'bn', 'relu', 'conv']
label sequence
['conv', 'bn', 'relu', 'pooling', 'conv', 'bn', 'relu', 'conv', 'bn', 'add', 'relu', 'conv', 'bn', 'relu', 'conv', 'bn', 'add', 'relu', 'conv', 'bn', 'relu', 'conv', 'bn', 'add', 'relu', 'conv', 'bn', 'relu', 'conv', 'bn', 'conv', 'bn', 'add', 'relu', 'conv', 'bn', 'relu', 'conv', 'bn', 'add', 'relu', 'conv', 'bn', 'relu', 'conv', 'bn', 'add', 'relu', 'conv', 'bn', 'relu', 'conv', 'bn', 'add', 'relu', 'conv', 'bn', 'relu', 'conv', 'bn', 'conv', 'bn', 'add', 'relu', 'conv', 'bn', 'relu', 'conv', 'bn', 'add', 'relu', 'conv', 'bn', 'relu', 'conv', 'bn', 'add', 'relu', 'conv', 'bn', 'relu', 'conv', 'bn', 'add', 'relu', 'conv', 'bn', 'relu', 'conv', 'bn', 'add', 'relu', 'conv', 'bn', 'relu', 'conv', 'bn', 'add', 'relu', 'conv', 'bn', 'relu', 'conv', 'bn', 'conv', 'bn', 'add', 'relu', 'conv', 'bn', 'relu', 'conv', 'bn']
label sequence
['conv', 'bn', 'relu', 'pooling', 'conv', 'bn', 'relu', 'conv', 'bn', 'add', 'relu', 'conv', 'bn', 'relu', 'conv', 'bn', 'add', 'relu', 'conv', 'bn', 'relu', 'conv', 'bn', 'add', 'relu', 'conv', 'bn', 'relu', 'conv', 'bn', 'conv', 'bn', 'add', 'relu', 'conv', 'bn', 'relu', 'conv', 'bn', 'add', 'relu', 'conv', 'bn', 'relu', 'conv', 'bn', 'add', 'relu', 'conv', 'bn', 'relu', 'conv', 'bn', 'add', 'relu', 'conv', 'bn', 'relu', 'conv', 'bn', 'conv', 'bn', 'add', 'relu', 'conv', 'bn', 'relu', 'conv', 'bn', 'add', 'relu', 'conv', 'bn', 'relu', 'conv', 'bn', 'add', 'relu', 'conv', 'bn', 'relu', 'conv', 'bn', 'add', 'relu', 'conv', 'bn', 'relu', 'conv', 'bn', 'add', 'relu', 'conv', 'bn', 'relu', 'conv', 'bn', 'add', 'relu', 'conv', 'bn', 'relu', 'conv', 'bn', 'conv', 'bn', 'add', 'relu', 'conv', 'bn', 'relu', 'conv', 'bn', 'add']
label sequence
['conv', 'bn', 'relu', 'pooling', 'conv', 'bn', 'relu', 'conv', 'bn', 'add', 'relu', 'conv', 'bn', 'relu', 'conv', 'bn', 'add', 'relu', 'conv', 'bn', 'relu', 'conv', 'bn', 'add', 'relu', 'conv', 'bn', 'relu', 'conv', 'bn', 'conv', 'bn', 'add', 'relu', 'conv', 'bn', 'relu', 'conv', 'bn', 'add', 'relu', 'conv', 'bn', 'relu', 'conv', 'bn', 'add', 'relu', 'conv', 'bn', 'relu', 'conv', 'bn', 'add', 'relu', 'conv', 'bn', 'relu', 'conv', 'bn', 'conv', 'bn', 'add', 'relu', 'conv', 'bn', 'relu', 'conv', 'bn', 'add', 'relu', 'conv', 'bn', 'relu', 'conv', 'bn', 'add', 'relu', 'conv', 'bn', 'relu', 'conv', 'bn', 'add', 'relu', 'conv', 'bn', 'relu', 'conv', 'bn', 'add', 'relu', 'conv', 'bn', 'relu', 'conv', 'bn', 'add', 'relu', 'conv', 'bn', 'relu', 'conv', 'bn', 'conv', 'bn', 'add', 'relu', 'conv', 'bn', 'relu', 'conv', 'bn', 'add', 'relu']
label sequence
['conv', 'bn', 'relu', 'pooling', 'conv', 'bn', 'relu', 'conv', 'bn', 'add', 'relu', 'conv', 'bn', 'relu', 'conv', 'bn', 'add', 'relu', 'conv', 'bn', 'relu', 'conv', 'bn', 'add', 'relu', 'conv', 'bn', 'relu', 'conv', 'bn', 'conv', 'bn', 'add', 'relu', 'conv', 'bn', 'relu', 'conv', 'bn', 'add', 'relu', 'conv', 'bn', 'relu', 'conv', 'bn', 'add', 'relu', 'conv', 'bn', 'relu', 'conv', 'bn', 'add', 'relu', 'conv', 'bn', 'relu', 'conv', 'bn', 'conv', 'bn', 'add', 'relu', 'conv', 'bn', 'relu', 'conv', 'bn', 'add', 'relu', 'conv', 'bn', 'relu', 'conv', 'bn', 'add', 'relu', 'conv', 'bn', 'relu', 'conv', 'bn', 'add', 'relu', 'conv', 'bn', 'relu', 'conv', 'bn', 'add', 'relu', 'conv', 'bn', 'relu', 'conv', 'bn', 'add', 'relu', 'conv', 'bn', 'relu', 'conv', 'bn', 'conv', 'bn', 'add', 'relu', 'conv', 'bn', 'relu', 'conv', 'bn', 'add', 'relu', 'conv']
label sequence
['conv', 'bn', 'relu', 'pooling', 'conv', 'bn', 'relu', 'conv', 'bn', 'add', 'relu', 'conv', 'bn', 'relu', 'conv', 'bn', 'add', 'relu', 'conv', 'bn', 'relu', 'conv', 'bn', 'add', 'relu', 'conv', 'bn', 'relu', 'conv', 'bn', 'conv', 'bn', 'add', 'relu', 'conv', 'bn', 'relu', 'conv', 'bn', 'add', 'relu', 'conv', 'bn', 'relu', 'conv', 'bn', 'add', 'relu', 'conv', 'bn', 'relu', 'conv', 'bn', 'add', 'relu', 'conv', 'bn', 'relu', 'conv', 'bn', 'conv', 'bn', 'add', 'relu', 'conv', 'bn', 'relu', 'conv', 'bn', 'add', 'relu', 'conv', 'bn', 'relu', 'conv', 'bn', 'add', 'relu', 'conv', 'bn', 'relu', 'conv', 'bn', 'add', 'relu', 'conv', 'bn', 'relu', 'conv', 'bn', 'add', 'relu', 'conv', 'bn', 'relu', 'conv', 'bn', 'add', 'relu', 'conv', 'bn', 'relu', 'conv', 'bn', 'conv', 'bn', 'add', 'relu', 'conv', 'bn', 'relu', 'conv', 'bn', 'add', 'relu', 'conv', 'bn']
label sequence
['conv', 'bn', 'relu', 'pooling', 'conv', 'bn', 'relu', 'conv', 'bn', 'add', 'relu', 'conv', 'bn', 'relu', 'conv', 'bn', 'add', 'relu', 'conv', 'bn', 'relu', 'conv', 'bn', 'add', 'relu', 'conv', 'bn', 'relu', 'conv', 'bn', 'conv', 'bn', 'add', 'relu', 'conv', 'bn', 'relu', 'conv', 'bn', 'add', 'relu', 'conv', 'bn', 'relu', 'conv', 'bn', 'add', 'relu', 'conv', 'bn', 'relu', 'conv', 'bn', 'add', 'relu', 'conv', 'bn', 'relu', 'conv', 'bn', 'conv', 'bn', 'add', 'relu', 'conv', 'bn', 'relu', 'conv', 'bn', 'add', 'relu', 'conv', 'bn', 'relu', 'conv', 'bn', 'add', 'relu', 'conv', 'bn', 'relu', 'conv', 'bn', 'add', 'relu', 'conv', 'bn', 'relu', 'conv', 'bn', 'add', 'relu', 'conv', 'bn', 'relu', 'conv', 'bn', 'add', 'relu', 'conv', 'bn', 'relu', 'conv', 'bn', 'conv', 'bn', 'add', 'relu', 'conv', 'bn', 'relu', 'conv', 'bn', 'add', 'relu', 'conv', 'bn', 'relu']
label sequence
['conv', 'bn', 'relu', 'pooling', 'conv', 'bn', 'relu', 'conv', 'bn', 'add', 'relu', 'conv', 'bn', 'relu', 'conv', 'bn', 'add', 'relu', 'conv', 'bn', 'relu', 'conv', 'bn', 'add', 'relu', 'conv', 'bn', 'relu', 'conv', 'bn', 'conv', 'bn', 'add', 'relu', 'conv', 'bn', 'relu', 'conv', 'bn', 'add', 'relu', 'conv', 'bn', 'relu', 'conv', 'bn', 'add', 'relu', 'conv', 'bn', 'relu', 'conv', 'bn', 'add', 'relu', 'conv', 'bn', 'relu', 'conv', 'bn', 'conv', 'bn', 'add', 'relu', 'conv', 'bn', 'relu', 'conv', 'bn', 'add', 'relu', 'conv', 'bn', 'relu', 'conv', 'bn', 'add', 'relu', 'conv', 'bn', 'relu', 'conv', 'bn', 'add', 'relu', 'conv', 'bn', 'relu', 'conv', 'bn', 'add', 'relu', 'conv', 'bn', 'relu', 'conv', 'bn', 'add', 'relu', 'conv', 'bn', 'relu', 'conv', 'bn', 'conv', 'bn', 'add', 'relu', 'conv', 'bn', 'relu', 'conv', 'bn', 'add', 'relu', 'conv', 'bn', 'relu', 'conv']
label sequence
['conv', 'bn', 'relu', 'pooling', 'conv', 'bn', 'relu', 'conv', 'bn', 'add', 'relu', 'conv', 'bn', 'relu', 'conv', 'bn', 'add', 'relu', 'conv', 'bn', 'relu', 'conv', 'bn', 'add', 'relu', 'conv', 'bn', 'relu', 'conv', 'bn', 'conv', 'bn', 'add', 'relu', 'conv', 'bn', 'relu', 'conv', 'bn', 'add', 'relu', 'conv', 'bn', 'relu', 'conv', 'bn', 'add', 'relu', 'conv', 'bn', 'relu', 'conv', 'bn', 'add', 'relu', 'conv', 'bn', 'relu', 'conv', 'bn', 'conv', 'bn', 'add', 'relu', 'conv', 'bn', 'relu', 'conv', 'bn', 'add', 'relu', 'conv', 'bn', 'relu', 'conv', 'bn', 'add', 'relu', 'conv', 'bn', 'relu', 'conv', 'bn', 'add', 'relu', 'conv', 'bn', 'relu', 'conv', 'bn', 'add', 'relu', 'conv', 'bn', 'relu', 'conv', 'bn', 'add', 'relu', 'conv', 'bn', 'relu', 'conv', 'bn', 'conv', 'bn', 'add', 'relu', 'conv', 'bn', 'relu', 'conv', 'bn', 'add', 'relu', 'conv', 'bn', 'relu', 'conv', 'bn']
label sequence
['conv', 'bn', 'relu', 'pooling', 'conv', 'bn', 'relu', 'conv', 'bn', 'add', 'relu', 'conv', 'bn', 'relu', 'conv', 'bn', 'add', 'relu', 'conv', 'bn', 'relu', 'conv', 'bn', 'add', 'relu', 'conv', 'bn', 'relu', 'conv', 'bn', 'conv', 'bn', 'add', 'relu', 'conv', 'bn', 'relu', 'conv', 'bn', 'add', 'relu', 'conv', 'bn', 'relu', 'conv', 'bn', 'add', 'relu', 'conv', 'bn', 'relu', 'conv', 'bn', 'add', 'relu', 'conv', 'bn', 'relu', 'conv', 'bn', 'conv', 'bn', 'add', 'relu', 'conv', 'bn', 'relu', 'conv', 'bn', 'add', 'relu', 'conv', 'bn', 'relu', 'conv', 'bn', 'add', 'relu', 'conv', 'bn', 'relu', 'conv', 'bn', 'add', 'relu', 'conv', 'bn', 'relu', 'conv', 'bn', 'add', 'relu', 'conv', 'bn', 'relu', 'conv', 'bn', 'add', 'relu', 'conv', 'bn', 'relu', 'conv', 'bn', 'conv', 'bn', 'add', 'relu', 'conv', 'bn', 'relu', 'conv', 'bn', 'add', 'relu', 'conv', 'bn', 'relu', 'conv', 'bn', 'add']
label sequence
['conv', 'bn', 'relu', 'pooling', 'conv', 'bn', 'relu', 'conv', 'bn', 'add', 'relu', 'conv', 'bn', 'relu', 'conv', 'bn', 'add', 'relu', 'conv', 'bn', 'relu', 'conv', 'bn', 'add', 'relu', 'conv', 'bn', 'relu', 'conv', 'bn', 'conv', 'bn', 'add', 'relu', 'conv', 'bn', 'relu', 'conv', 'bn', 'add', 'relu', 'conv', 'bn', 'relu', 'conv', 'bn', 'add', 'relu', 'conv', 'bn', 'relu', 'conv', 'bn', 'add', 'relu', 'conv', 'bn', 'relu', 'conv', 'bn', 'conv', 'bn', 'add', 'relu', 'conv', 'bn', 'relu', 'conv', 'bn', 'add', 'relu', 'conv', 'bn', 'relu', 'conv', 'bn', 'add', 'relu', 'conv', 'bn', 'relu', 'conv', 'bn', 'add', 'relu', 'conv', 'bn', 'relu', 'conv', 'bn', 'add', 'relu', 'conv', 'bn', 'relu', 'conv', 'bn', 'add', 'relu', 'conv', 'bn', 'relu', 'conv', 'bn', 'conv', 'bn', 'add', 'relu', 'conv', 'bn', 'relu', 'conv', 'bn', 'add', 'relu', 'conv', 'bn', 'relu', 'conv', 'bn', 'add', 'relu']
label sequence
['conv', 'bn', 'relu', 'pooling', 'conv', 'bn', 'relu', 'conv', 'bn', 'add', 'relu', 'conv', 'bn', 'relu', 'conv', 'bn', 'add', 'relu', 'conv', 'bn', 'relu', 'conv', 'bn', 'add', 'relu', 'conv', 'bn', 'relu', 'conv', 'bn', 'conv', 'bn', 'add', 'relu', 'conv', 'bn', 'relu', 'conv', 'bn', 'add', 'relu', 'conv', 'bn', 'relu', 'conv', 'bn', 'add', 'relu', 'conv', 'bn', 'relu', 'conv', 'bn', 'add', 'relu', 'conv', 'bn', 'relu', 'conv', 'bn', 'conv', 'bn', 'add', 'relu', 'conv', 'bn', 'relu', 'conv', 'bn', 'add', 'relu', 'conv', 'bn', 'relu', 'conv', 'bn', 'add', 'relu', 'conv', 'bn', 'relu', 'conv', 'bn', 'add', 'relu', 'conv', 'bn', 'relu', 'conv', 'bn', 'add', 'relu', 'conv', 'bn', 'relu', 'conv', 'bn', 'add', 'relu', 'conv', 'bn', 'relu', 'conv', 'bn', 'conv', 'bn', 'add', 'relu', 'conv', 'bn', 'relu', 'conv', 'bn', 'add', 'relu', 'conv', 'bn', 'relu', 'conv', 'bn', 'add', 'relu', 'pooling']
label sequence
['conv', 'bn', 'relu', 'pooling', 'conv', 'bn', 'relu', 'conv', 'bn', 'add', 'relu', 'conv', 'bn', 'relu', 'conv', 'bn', 'add', 'relu', 'conv', 'bn', 'relu', 'conv', 'bn', 'add', 'relu', 'conv', 'bn', 'relu', 'conv', 'bn', 'conv', 'bn', 'add', 'relu', 'conv', 'bn', 'relu', 'conv', 'bn', 'add', 'relu', 'conv', 'bn', 'relu', 'conv', 'bn', 'add', 'relu', 'conv', 'bn', 'relu', 'conv', 'bn', 'add', 'relu', 'conv', 'bn', 'relu', 'conv', 'bn', 'conv', 'bn', 'add', 'relu', 'conv', 'bn', 'relu', 'conv', 'bn', 'add', 'relu', 'conv', 'bn', 'relu', 'conv', 'bn', 'add', 'relu', 'conv', 'bn', 'relu', 'conv', 'bn', 'add', 'relu', 'conv', 'bn', 'relu', 'conv', 'bn', 'add', 'relu', 'conv', 'bn', 'relu', 'conv', 'bn', 'add', 'relu', 'conv', 'bn', 'relu', 'conv', 'bn', 'conv', 'bn', 'add', 'relu', 'conv', 'bn', 'relu', 'conv', 'bn', 'add', 'relu', 'conv', 'bn', 'relu', 'conv', 'bn', 'add', 'relu', 'pooling', 'fc']
['conv', 'bn', 'relu', 'pooling', 'conv', 'bn', 'relu', 'conv', 'bn', 'add', 'relu', 'conv', 'bn', 'relu', 'conv', 'bn', 'add', 'relu', 'conv', 'bn', 'relu', 'conv', 'bn', 'add', 'relu', 'conv', 'bn', 'relu', 'conv', 'bn', 'conv', 'bn', 'add', 'relu', 'conv', 'bn', 'relu', 'conv', 'bn', 'add', 'relu', 'conv', 'bn', 'relu', 'conv', 'bn', 'add', 'relu', 'conv', 'bn', 'relu', 'conv', 'bn', 'add', 'relu', 'conv', 'bn', 'relu', 'conv', 'bn', 'conv', 'bn', 'add', 'relu', 'conv', 'bn', 'relu', 'conv', 'bn', 'add', 'relu', 'conv', 'bn', 'relu', 'conv', 'bn', 'add', 'relu', 'conv', 'bn', 'relu', 'conv', 'bn', 'add', 'relu', 'conv', 'bn', 'relu', 'conv', 'bn', 'add', 'relu', 'conv', 'bn', 'relu', 'conv', 'bn', 'add', 'relu', 'conv', 'bn', 'relu', 'conv', 'bn', 'conv', 'bn', 'add', 'relu', 'conv', 'bn', 'relu', 'conv', 'bn', 'add', 'relu', 'conv', 'bn', 'relu', 'conv', 'bn', 'add', 'relu', 'pooling', 'fc']
(array([[  0,   0],
       [  0,   1],
       [  0,   2],
       [  0,   3],
       [  0,   4],
       [  0,   5],
       [  0,   6],
       [  0,   7],
       [  0,   8],
       [  0,   9],
       [  0,  10],
       [  0,  11],
       [  0,  12],
       [  0,  13],
       [  0,  14],
       [  0,  15],
       [  0,  16],
       [  0,  17],
       [  0,  18],
       [  0,  19],
       [  0,  20],
       [  0,  21],
       [  0,  22],
       [  0,  23],
       [  0,  24],
       [  0,  25],
       [  0,  26],
       [  0,  27],
       [  0,  28],
       [  0,  29],
       [  0,  30],
       [  0,  31],
       [  0,  32],
       [  0,  33],
       [  0,  34],
       [  0,  35],
       [  0,  36],
       [  0,  37],
       [  0,  38],
       [  0,  39],
       [  0,  40],
       [  0,  41],
       [  0,  42],
       [  0,  43],
       [  0,  44],
       [  0,  45],
       [  0,  46],
       [  0,  47],
       [  0,  48],
       [  0,  49],
       [  0,  50],
       [  0,  51],
       [  0,  52],
       [  0,  53],
       [  0,  54],
       [  0,  55],
       [  0,  56],
       [  0,  57],
       [  0,  58],
       [  0,  59],
       [  0,  60],
       [  0,  61],
       [  0,  62],
       [  0,  63],
       [  0,  64],
       [  0,  65],
       [  0,  66],
       [  0,  67],
       [  0,  68],
       [  0,  69],
       [  0,  70],
       [  0,  71],
       [  0,  72],
       [  0,  73],
       [  0,  74],
       [  0,  75],
       [  0,  76],
       [  0,  77],
       [  0,  78],
       [  0,  79],
       [  0,  80],
       [  0,  81],
       [  0,  82],
       [  0,  83],
       [  0,  84],
       [  0,  85],
       [  0,  86],
       [  0,  87],
       [  0,  88],
       [  0,  89],
       [  0,  90],
       [  0,  91],
       [  0,  92],
       [  0,  93],
       [  0,  94],
       [  0,  95],
       [  0,  96],
       [  0,  97],
       [  0,  98],
       [  0,  99],
       [  0, 100],
       [  0, 101],
       [  0, 102],
       [  0, 103],
       [  0, 104],
       [  0, 105],
       [  0, 106],
       [  0, 107],
       [  0, 108],
       [  0, 109],
       [  0, 110],
       [  0, 111],
       [  0, 112],
       [  0, 113],
       [  0, 114],
       [  0, 115],
       [  0, 116],
       [  0, 117],
       [  0, 118],
       [  0, 119],
       [  0, 120],
       [  0, 121],
       [  0, 122],
       [  0, 123]]), array([0, 3, 5, 2, 0, 3, 5, 0, 3, 7, 5, 0, 3, 5, 0, 3, 7, 5, 0, 3, 5, 0,
       3, 7, 5, 0, 3, 5, 0, 3, 0, 3, 7, 5, 0, 3, 5, 0, 3, 7, 5, 0, 3, 5,
       0, 3, 7, 5, 0, 3, 5, 0, 3, 7, 5, 0, 3, 5, 0, 3, 0, 3, 7, 5, 0, 3,
       5, 0, 3, 7, 5, 0, 3, 5, 0, 3, 7, 5, 0, 3, 5, 0, 3, 7, 5, 0, 3, 5,
       0, 3, 7, 5, 0, 3, 5, 0, 3, 7, 5, 0, 3, 5, 0, 3, 0, 3, 7, 5, 0, 3,
       5, 0, 3, 7, 5, 0, 3, 5, 0, 3, 7, 5, 2, 1], dtype=int32), array([  1, 124]))
for Sample ../dataset/typicalModels/resnet/resnet_sample34.log
Original val: ['conv', 'bn', 'relu', 'pooling', 'conv', 'bn', 'relu', 'conv', 'bn', 'add', 'relu', 'conv', 'bn', 'relu', 'conv', 'bn', 'add', 'relu', 'conv', 'bn', 'relu', 'conv', 'bn', 'add', 'relu', 'conv', 'bn', 'relu', 'conv', 'bn', 'conv', 'bn', 'add', 'relu', 'conv', 'bn', 'relu', 'conv', 'bn', 'add', 'relu', 'conv', 'bn', 'relu', 'conv', 'bn', 'add', 'relu', 'conv', 'bn', 'relu', 'conv', 'bn', 'add', 'relu', 'conv', 'bn', 'relu', 'conv', 'bn', 'conv', 'bn', 'add', 'relu', 'conv', 'bn', 'relu', 'conv', 'bn', 'add', 'relu', 'conv', 'bn', 'relu', 'conv', 'bn', 'add', 'relu', 'conv', 'bn', 'relu', 'conv', 'bn', 'add', 'relu', 'conv', 'bn', 'relu', 'conv', 'bn', 'add', 'relu', 'conv', 'bn', 'relu', 'conv', 'bn', 'add', 'relu', 'conv', 'bn', 'relu', 'conv', 'bn', 'conv', 'bn', 'add', 'relu', 'conv', 'bn', 'relu', 'conv', 'bn', 'add', 'relu', 'conv', 'bn', 'relu', 'conv', 'bn', 'add', 'relu', 'pooling', 'fc']
Decoded val: conv relu pooling conv bn relu conv bn add relu conv bn relu conv bn add relu conv bn relu conv bn add relu conv bn relu conv bn conv bn add relu conv bn relu conv bn add relu conv bn relu conv bn add relu conv bn relu conv bn add relu conv bn relu conv bn conv bn add relu conv bn relu conv bn add relu conv bn relu conv bn add relu conv bn relu conv bn add relu conv bn relu conv bn add relu conv bn relu conv bn add relu conv bn relu conv bn conv bn add relu conv bn relu conv bn relu add relu conv relu conv bn relu add relu pooling 
avg_train_cost = 0.000, avg_train_ler = 0.000, val_cost = 30.138, val_ler = 0.040, avg_val_cost = 30.138, avg_val_ler = 0.040
