resnet152squeezenet1_1densenet121resnet34	total: 100	success: 26	avg iter: 41.439998626708984
resnet50 vgg19 vgg11 densenet169		total: 100	success: 20	avg iter: 42.34000015258789
densenet201 resnet34 densenet169 resnet152		total: 100	success: 27	avg iter: 40.09000015258789
resnet34 resnet101 resnet152 squeezenet1_1		total: 100	success: 24	avg iter: 41.2400016784668
densenet121 vgg13 squeezenet1_1 vgg19		total: 100	success: 9	avg iter: 46.65999984741211
vgg11 densenet161 alexnet densenet121		total: 100	success: 10	avg iter: 46.31999969482422
vgg13 densenet161 densenet121 alexnet		total: 100	success: 7	avg iter: 47.790000915527344
squeezenet1_1 resnet152 resnet34 densenet201		total: 100	success: 29	avg iter: 40.61000061035156
squeezenet1_0 resnet50 resnet34 squeezenet1_1		total: 100	success: 29	avg iter: 40.31999969482422
vgg11 alexnet resnet50 squeezenet1_1		total: 100	success: 14	avg iter: 45.459999084472656
densenet169 densenet201 squeezenet1_1 vgg19		total: 100	success: 14	avg iter: 45.13999938964844
squeezenet1_0 alexnet vgg16 densenet121		total: 100	success: 10	avg iter: 46.25
densenet161 densenet201 squeezenet1_1 vgg13		total: 100	success: 14	avg iter: 45.68000030517578
squeezenet1_1 densenet121 vgg19 vgg11		total: 100	success: 17	avg iter: 44.54999923706055
alexnet resnet101 squeezenet1_0 squeezenet1_1		total: 100	success: 8	avg iter: 47.349998474121094
alexnet densenet121 vgg13 vgg11		total: 100	success: 13	avg iter: 45.90999984741211
densenet121 vgg16 resnet34 densenet161		total: 100	success: 31	avg iter: 40.029998779296875
vgg13 resnet50 resnet101 densenet169		total: 100	success: 19	avg iter: 43.0099983215332
densenet161 densenet201 resnet152 squeezenet1_1		total: 100	success: 14	avg iter: 44.95000076293945
resnet101 resnet152 squeezenet1_1 vgg11		total: 100	success: 16	avg iter: 44.290000915527344
resnet34 densenet201 vgg16 vgg11		total: 100	success: 33	avg iter: 38.95000076293945
vgg13 densenet201 squeezenet1_0 alexnet		total: 100	success: 9	avg iter: 46.290000915527344
resnet101 vgg19 densenet121 vgg13		total: 100	success: 16	avg iter: 45.31999969482422
resnet152 resnet50 resnet34 squeezenet1_1		total: 100	success: 31	avg iter: 39.529998779296875
squeezenet1_0 resnet101 densenet169 resnet50		total: 100	success: 21	avg iter: 42.709999084472656
vgg16 resnet34 alexnet densenet121		total: 100	success: 14	avg iter: 44.68000030517578
alexnet densenet201 vgg19 resnet152		total: 100	success: 10	avg iter: 46.25
resnet152 densenet121 squeezenet1_0 squeezenet1_1		total: 100	success: 12	avg iter: 45.630001068115234
vgg11 resnet101 vgg19 densenet169		total: 100	success: 18	avg iter: 43.61000061035156
densenet169 densenet161 squeezenet1_0 resnet101		total: 100	success: 19	avg iter: 43.5099983215332
vgg13 densenet121 vgg19 densenet161		total: 100	success: 11	avg iter: 46.0099983215332
densenet201 densenet169 densenet161 squeezenet1_1		total: 100	success: 14	avg iter: 44.81999969482422
resnet101 squeezenet1_1 resnet50 densenet201		total: 100	success: 17	avg iter: 43.75
densenet161 squeezenet1_1 densenet169 resnet101		total: 100	success: 14	avg iter: 45.45000076293945
squeezenet1_0 vgg11 vgg16 resnet34		total: 100	success: 27	avg iter: 39.54999923706055
vgg19 resnet34 squeezenet1_0 resnet101		total: 100	success: 32	avg iter: 39.439998626708984
resnet152 vgg13 resnet50 densenet201		total: 100	success: 20	avg iter: 43.09000015258789
alexnet vgg13 resnet101 squeezenet1_1		total: 100	success: 7	avg iter: 47.40999984741211
squeezenet1_0 densenet169 vgg11 densenet121		total: 100	success: 20	avg iter: 43.15999984741211
resnet34 vgg13 densenet201 resnet152		total: 100	success: 27	avg iter: 39.619998931884766
squeezenet1_1 squeezenet1_0 resnet34 densenet201		total: 100	success: 27	avg iter: 40.65999984741211
vgg16 densenet169 densenet161 alexnet		total: 100	success: 10	avg iter: 46.63999938964844
densenet121 vgg19 densenet201 densenet169		total: 100	success: 20	avg iter: 43.790000915527344
densenet121 squeezenet1_1 vgg16 resnet34		total: 100	success: 21	avg iter: 42.47999954223633
densenet161 vgg13 vgg11 resnet50		total: 100	success: 22	avg iter: 42.540000915527344
resnet34 vgg19 densenet201 vgg16		total: 100	success: 30	avg iter: 39.68000030517578
resnet152 vgg13 vgg16 alexnet		total: 100	success: 8	avg iter: 46.869998931884766
densenet121 densenet161 vgg16 vgg13		total: 100	success: 11	avg iter: 46.52000045776367
resnet50 densenet121 vgg16 resnet34		total: 100	success: 29	avg iter: 39.349998474121094
resnet101 densenet121 vgg11 vgg13		total: 100	success: 19	avg iter: 44.11000061035156
alexnet vgg13 densenet169 densenet121		total: 100	success: 7	avg iter: 47.65999984741211
densenet169 resnet50 squeezenet1_0 vgg16		total: 100	success: 20	avg iter: 42.84000015258789
resnet152 resnet101 vgg11 densenet169		total: 100	success: 19	avg iter: 43.34000015258789
squeezenet1_1 vgg16 vgg11 resnet34		total: 100	success: 22	avg iter: 41.880001068115234
vgg13 resnet34 alexnet vgg11		total: 100	success: 22	avg iter: 42.599998474121094
resnet50 densenet121 vgg11 densenet161		total: 100	success: 19	avg iter: 43.20000076293945
densenet169 alexnet resnet50 resnet152		total: 100	success: 14	avg iter: 45.540000915527344
squeezenet1_1 densenet121 densenet201 vgg16		total: 100	success: 10	avg iter: 46.11000061035156
densenet169 vgg11 resnet34 squeezenet1_1		total: 100	success: 26	avg iter: 40.9900016784668
vgg11 resnet152 densenet169 squeezenet1_0		total: 100	success: 18	avg iter: 43.060001373291016
squeezenet1_1 densenet161 vgg19 resnet34		total: 100	success: 26	avg iter: 41.599998474121094
vgg11 resnet101 resnet34 densenet201		total: 100	success: 34	avg iter: 37.689998626708984
densenet161 vgg11 vgg13 resnet50		total: 100	success: 19	avg iter: 43.279998779296875
resnet152 alexnet vgg16 densenet169		total: 100	success: 11	avg iter: 45.65999984741211
resnet34 vgg13 alexnet densenet201		total: 100	success: 27	avg iter: 41.13999938964844
densenet161 densenet201 vgg11 resnet34		total: 100	success: 31	avg iter: 37.91999816894531
vgg13 densenet121 squeezenet1_0 alexnet		total: 100	success: 7	avg iter: 47.380001068115234
densenet161 vgg19 resnet101 vgg11		total: 100	success: 19	avg iter: 43.439998626708984
resnet101 squeezenet1_1 squeezenet1_0 resnet50		total: 100	success: 13	avg iter: 44.97999954223633
densenet169 resnet34 densenet201 vgg11		total: 100	success: 34	avg iter: 37.220001220703125
resnet101 vgg13 resnet34 vgg11		total: 100	success: 29	avg iter: 39.95000076293945
vgg16 squeezenet1_1 vgg11 densenet121		total: 100	success: 11	avg iter: 45.560001373291016
resnet152 vgg16 squeezenet1_1 densenet169		total: 100	success: 11	avg iter: 45.790000915527344
vgg19 resnet152 densenet121 resnet34		total: 100	success: 27	avg iter: 40.93000030517578
vgg11 resnet34 densenet169 resnet50		total: 100	success: 34	avg iter: 38.02000045776367
vgg19 densenet169 resnet34 resnet50		total: 100	success: 33	avg iter: 39.36000061035156
squeezenet1_0 resnet152 vgg16 squeezenet1_1		total: 100	success: 12	avg iter: 45.58000183105469
densenet121 resnet101 vgg13 vgg11		total: 100	success: 17	avg iter: 44.5
resnet34 resnet152 resnet50 densenet169		total: 100	success: 34	avg iter: 39.31999969482422
vgg16 vgg13 densenet161 resnet152		total: 100	success: 13	avg iter: 45.779998779296875
resnet34 vgg11 squeezenet1_1 squeezenet1_0		total: 100	success: 28	avg iter: 39.959999084472656
densenet161 densenet169 vgg19 resnet50		total: 100	success: 18	avg iter: 44.15999984741211
densenet169 resnet152 vgg11 alexnet		total: 100	success: 14	avg iter: 44.72999954223633
resnet50 resnet152 squeezenet1_1 vgg16		total: 100	success: 18	avg iter: 44.060001373291016
densenet169 squeezenet1_1 vgg11 vgg19		total: 100	success: 14	avg iter: 45.09000015258789
vgg11 vgg19 resnet50 resnet152		total: 100	success: 26	avg iter: 41.61000061035156
densenet201 densenet121 resnet50 vgg11		total: 100	success: 23	avg iter: 42.43000030517578
vgg11 vgg16 densenet169 squeezenet1_1		total: 100	success: 13	avg iter: 44.880001068115234
densenet169 resnet101 vgg16 vgg19		total: 100	success: 16	avg iter: 44.0099983215332
vgg19 squeezenet1_0 squeezenet1_1 resnet101		total: 100	success: 14	avg iter: 44.84000015258789
resnet152 vgg13 resnet101 squeezenet1_0		total: 100	success: 16	avg iter: 45.209999084472656
densenet201 vgg19 densenet121 resnet34		total: 100	success: 29	avg iter: 40.18000030517578
densenet161 vgg11 vgg19 resnet101		total: 100	success: 19	avg iter: 43.54999923706055
vgg19 densenet161 vgg16 squeezenet1_1		total: 100	success: 9	avg iter: 46.369998931884766
vgg16 squeezenet1_0 resnet50 resnet101		total: 100	success: 19	avg iter: 43.31999969482422
vgg19 densenet201 squeezenet1_0 vgg11		total: 100	success: 22	avg iter: 42.31999969482422
resnet152 squeezenet1_1 densenet121 vgg13		total: 100	success: 9	avg iter: 46.709999084472656
resnet50 alexnet resnet34 squeezenet1_1		total: 100	success: 19	avg iter: 44.45000076293945
resnet34 vgg19 vgg16 resnet101		total: 100	success: 29	avg iter: 40.060001373291016
resnet34 vgg19 vgg13 alexnet		total: 100	success: 16	avg iter: 44.38999938964844
