conv 0
bn 2
relu 3
conv 4
bn 6
relu 7
conv 8
bn 10
relu 11
pooling 12
conv 13
bn 15
relu 16
conv 17
bn 19
relu 20
pooling 21
conv 22
bn 24
relu 25
conv 26
bn 28
relu 29
conv 30
bn 31
relu 32
conv 33
bn 35
relu 36
conv 37
bn 38
relu 39
conv 40
bn 41
relu 42
pooling 43
conv 44
bn 46
relu 47
conv 48
bn 51
relu 52
conv 53
bn 55
relu 56
conv 57
bn 58
relu 59
conv 60
bn 62
relu 63
conv 64
bn 65
relu 66
conv 67
bn 68
relu 69
pooling 70
conv 71
bn 73
relu 74
conv 75
bn 78
relu 79
conv 80
bn 82
relu 83
conv 84
bn 85
relu 86
conv 87
bn 89
relu 90
conv 91
bn 92
relu 93
conv 94
bn 95
relu 96
pooling 97
conv 98
bn 100
relu 101
conv 102
bn 105
relu 106
conv 107
bn 109
relu 110
conv 111
bn 112
relu 113
conv 114
bn 116
relu 117
pooling 118
conv 119
bn 122
relu 123
conv 124
bn 126
relu 127
conv 128
bn 129
relu 130
conv 131
bn 132
relu 133
conv 134
bn 136
relu 137
conv 138
bn 142
relu 143
conv 144
bn 145
relu 146
conv 147
bn 151
relu 152
conv 153
bn 154
relu 155
pooling 156
conv 157
bn 159
relu 160
conv 161
bn 164
relu 165
conv 166
bn 168
relu 169
conv 170
bn 171
relu 172
conv 173
bn 174
relu 175
conv 176
bn 178
relu 179
conv 180
bn 181
relu 182
conv 183
bn 184
relu 185
conv 186
bn 187
relu 188
conv 189
bn 190
relu 191
pooling 192
conv 193
bn 195
relu 196
conv 197
bn 200
relu 201
conv 202
bn 204
relu 205
conv 206
bn 207
relu 208
conv 209
bn 210
relu 211
conv 212
bn 214
relu 215
conv 216
bn 217
relu 218
conv 219
bn 220
relu 221
conv 222
bn 223
relu 224
conv 225
bn 226
relu 227
pooling 228
conv 229
bn 231
relu 232
conv 233
bn 236
relu 237
conv 238
bn 240
relu 241
conv 242
bn 244
relu 245
conv 246
bn 247
relu 248
conv 249
bn 251
relu 252
conv 253
bn 254
relu 255
conv 256
bn 258
relu 259
conv 260
bn 261
relu 262
conv 263
bn 265
relu 266
pooling 267
conv 268
bn 270
relu 271
conv 272
bn 275
relu 276
conv 277
bn 279
relu 280
conv 281
bn 283
relu 284
conv 285
bn 287
relu 288
conv 289
bn 290
relu 291
conv 292
bn 294
relu 295
pooling 296
conv 297
bn 300
relu 301
conv 302
bn 304
relu 305
conv 306
bn 307
relu 308
conv 309
bn 310
relu 311
conv 312
bn 315
relu 316
conv 317
bn 319
relu 320
conv 321
bn 322
relu 323
conv 324
bn 325
relu 326
conv 327
pooling 328
conv 329
bn 331
relu 332
conv 333
bn 336
relu 337
conv 338
bn 340
relu 341
conv 342
bn 343
relu 344
conv 345
bn 346
relu 347
conv 348
bn 351
relu 352
conv 353
bn 355
relu 356
conv 357
bn 358
relu 359
conv 360
bn 361
relu 362
conv 363
pooling 364
conv 365
bn 367
relu 368
conv 369
pooling 370
fc 371
