==1548== NVPROF is profiling process 1548, command: python vgg.py vgg13_bn
==1548== Profiling application: python vgg.py vgg13_bn
==1548== Profiling result:
"Start","Duration","Grid X","Grid Y","Grid Z","Block X","Block Y","Block Z","Registers Per Thread","Static SMem","Dynamic SMem","Size","Throughput","Device","Context","Stream","Name"
s,ms,,,,,,,,KB,B,MB,GB/s,,,,
2.145821,0.103360,,,,,,,,,,0.574219,5.425314,"Tesla K40c (0)","1","7","[CUDA memcpy HtoD]"
10.225991,0.001920,,,,,,,,,,0.006592,3.352761,"Tesla K40c (0)","1","7","[CUDA memcpy HtoD]"
10.226018,0.000800,,,,,,,,,,0.000244,0.298023,"Tesla K40c (0)","1","7","[CUDA memcpy HtoD]"
10.226040,0.000800,,,,,,,,,,0.000244,0.298023,"Tesla K40c (0)","1","7","[CUDA memcpy HtoD]"
10.226054,0.000832,,,,,,,,,,0.000244,0.286561,"Tesla K40c (0)","1","7","[CUDA memcpy HtoD]"
10.226068,0.000800,,,,,,,,,,0.000244,0.298023,"Tesla K40c (0)","1","7","[CUDA memcpy HtoD]"
10.226082,0.000832,,,,,,,,,,0.000244,0.286561,"Tesla K40c (0)","1","7","[CUDA memcpy HtoD]"
10.226134,0.024992,,,,,,,,,,0.140625,5.494922,"Tesla K40c (0)","1","7","[CUDA memcpy HtoD]"
10.226166,0.000832,,,,,,,,,,0.000244,0.286561,"Tesla K40c (0)","1","7","[CUDA memcpy HtoD]"
10.226184,0.000832,,,,,,,,,,0.000244,0.286561,"Tesla K40c (0)","1","7","[CUDA memcpy HtoD]"
10.226199,0.000832,,,,,,,,,,0.000244,0.286561,"Tesla K40c (0)","1","7","[CUDA memcpy HtoD]"
10.226213,0.000832,,,,,,,,,,0.000244,0.286561,"Tesla K40c (0)","1","7","[CUDA memcpy HtoD]"
10.226226,0.000832,,,,,,,,,,0.000244,0.286561,"Tesla K40c (0)","1","7","[CUDA memcpy HtoD]"
10.226770,0.071713,,,,,,,,,,0.281250,3.829964,"Tesla K40c (0)","1","7","[CUDA memcpy HtoD]"
10.226849,0.000864,,,,,,,,,,0.000488,0.551895,"Tesla K40c (0)","1","7","[CUDA memcpy HtoD]"
10.226867,0.000864,,,,,,,,,,0.000488,0.551895,"Tesla K40c (0)","1","7","[CUDA memcpy HtoD]"
10.226881,0.000864,,,,,,,,,,0.000488,0.551895,"Tesla K40c (0)","1","7","[CUDA memcpy HtoD]"
10.226895,0.000896,,,,,,,,,,0.000488,0.532184,"Tesla K40c (0)","1","7","[CUDA memcpy HtoD]"
10.226909,0.000864,,,,,,,,,,0.000488,0.551895,"Tesla K40c (0)","1","7","[CUDA memcpy HtoD]"
10.227023,0.092481,,,,,,,,,,0.562500,5.939776,"Tesla K40c (0)","1","7","[CUDA memcpy HtoD]"
10.227122,0.000864,,,,,,,,,,0.000488,0.551895,"Tesla K40c (0)","1","7","[CUDA memcpy HtoD]"
10.227139,0.000864,,,,,,,,,,0.000488,0.551895,"Tesla K40c (0)","1","7","[CUDA memcpy HtoD]"
10.227155,0.000864,,,,,,,,,,0.000488,0.551895,"Tesla K40c (0)","1","7","[CUDA memcpy HtoD]"
10.227169,0.000864,,,,,,,,,,0.000488,0.551895,"Tesla K40c (0)","1","7","[CUDA memcpy HtoD]"
10.227182,0.000864,,,,,,,,,,0.000488,0.551895,"Tesla K40c (0)","1","7","[CUDA memcpy HtoD]"
10.227794,0.199169,,,,,,,,,,1.125000,5.516083,"Tesla K40c (0)","1","7","[CUDA memcpy HtoD]"
10.228000,0.000960,,,,,,,,,,0.000977,0.993411,"Tesla K40c (0)","1","7","[CUDA memcpy HtoD]"
10.228018,0.000960,,,,,,,,,,0.000977,0.993411,"Tesla K40c (0)","1","7","[CUDA memcpy HtoD]"
10.228032,0.000960,,,,,,,,,,0.000977,0.993411,"Tesla K40c (0)","1","7","[CUDA memcpy HtoD]"
10.228047,0.000960,,,,,,,,,,0.000977,0.993411,"Tesla K40c (0)","1","7","[CUDA memcpy HtoD]"
10.228060,0.000960,,,,,,,,,,0.000977,0.993411,"Tesla K40c (0)","1","7","[CUDA memcpy HtoD]"
10.228637,0.424290,,,,,,,,,,2.250000,5.178688,"Tesla K40c (0)","1","7","[CUDA memcpy HtoD]"
10.229069,0.001248,,,,,,,,,,0.000977,0.764162,"Tesla K40c (0)","1","7","[CUDA memcpy HtoD]"
10.229087,0.000960,,,,,,,,,,0.000977,0.993411,"Tesla K40c (0)","1","7","[CUDA memcpy HtoD]"
10.229101,0.000960,,,,,,,,,,0.000977,0.993411,"Tesla K40c (0)","1","7","[CUDA memcpy HtoD]"
10.229114,0.000960,,,,,,,,,,0.000977,0.993411,"Tesla K40c (0)","1","7","[CUDA memcpy HtoD]"
10.229128,0.000928,,,,,,,,,,0.000977,1.027666,"Tesla K40c (0)","1","7","[CUDA memcpy HtoD]"
10.229664,0.916196,,,,,,,,,,4.500000,4.796497,"Tesla K40c (0)","1","7","[CUDA memcpy HtoD]"
10.230588,0.001344,,,,,,,,,,0.001953,1.419158,"Tesla K40c (0)","1","7","[CUDA memcpy HtoD]"
10.230605,0.001120,,,,,,,,,,0.001953,1.702990,"Tesla K40c (0)","1","7","[CUDA memcpy HtoD]"
10.230619,0.001120,,,,,,,,,,0.001953,1.702990,"Tesla K40c (0)","1","7","[CUDA memcpy HtoD]"
10.230632,0.001120,,,,,,,,,,0.001953,1.702990,"Tesla K40c (0)","1","7","[CUDA memcpy HtoD]"
10.230645,0.001120,,,,,,,,,,0.001953,1.702990,"Tesla K40c (0)","1","7","[CUDA memcpy HtoD]"
10.231209,1.841736,,,,,,,,,,9.000000,4.772162,"Tesla K40c (0)","1","7","[CUDA memcpy HtoD]"
10.233058,0.001344,,,,,,,,,,0.001953,1.419158,"Tesla K40c (0)","1","7","[CUDA memcpy HtoD]"
10.233077,0.001152,,,,,,,,,,0.001953,1.655685,"Tesla K40c (0)","1","7","[CUDA memcpy HtoD]"
10.233092,0.001120,,,,,,,,,,0.001953,1.702990,"Tesla K40c (0)","1","7","[CUDA memcpy HtoD]"
10.233106,0.001120,,,,,,,,,,0.001953,1.702990,"Tesla K40c (0)","1","7","[CUDA memcpy HtoD]"
10.233119,0.001120,,,,,,,,,,0.001953,1.702990,"Tesla K40c (0)","1","7","[CUDA memcpy HtoD]"
10.233670,1.849992,,,,,,,,,,9.000000,4.750865,"Tesla K40c (0)","1","7","[CUDA memcpy HtoD]"
10.235528,0.001312,,,,,,,,,,0.001953,1.453772,"Tesla K40c (0)","1","7","[CUDA memcpy HtoD]"
10.235546,0.001152,,,,,,,,,,0.001953,1.655685,"Tesla K40c (0)","1","7","[CUDA memcpy HtoD]"
10.235575,0.002304,,,,,,,,,,0.001953,0.827842,"Tesla K40c (0)","1","7","[CUDA memcpy HtoD]"
10.235588,0.001120,,,,,,,,,,0.001953,1.702990,"Tesla K40c (0)","1","7","[CUDA memcpy HtoD]"
10.235601,0.001120,,,,,,,,,,0.001953,1.702990,"Tesla K40c (0)","1","7","[CUDA memcpy HtoD]"
10.236142,1.855688,,,,,,,,,,9.000000,4.736282,"Tesla K40c (0)","1","7","[CUDA memcpy HtoD]"
10.238005,0.001344,,,,,,,,,,0.001953,1.419158,"Tesla K40c (0)","1","7","[CUDA memcpy HtoD]"
10.238023,0.001120,,,,,,,,,,0.001953,1.702990,"Tesla K40c (0)","1","7","[CUDA memcpy HtoD]"
10.238036,0.001152,,,,,,,,,,0.001953,1.655685,"Tesla K40c (0)","1","7","[CUDA memcpy HtoD]"
10.238050,0.001120,,,,,,,,,,0.001953,1.702990,"Tesla K40c (0)","1","7","[CUDA memcpy HtoD]"
10.238063,0.001440,,,,,,,,,,0.001953,1.324548,"Tesla K40c (0)","1","7","[CUDA memcpy HtoD]"
10.238867,83.825001,,,,,,,,,,392.000000,4.566806,"Tesla K40c (0)","1","7","[CUDA memcpy HtoD]"
10.323530,0.003552,,,,,,,,,,0.015625,4.295830,"Tesla K40c (0)","1","7","[CUDA memcpy HtoD]"
10.324223,13.716827,,,,,,,,,,64.000000,4.556447,"Tesla K40c (0)","1","7","[CUDA memcpy HtoD]"
10.338018,0.003808,,,,,,,,,,0.015625,4.007035,"Tesla K40c (0)","1","7","[CUDA memcpy HtoD]"
10.338624,3.223726,,,,,,,,,,15.625000,4.733277,"Tesla K40c (0)","1","7","[CUDA memcpy HtoD]"
10.341856,0.001888,,,,,,,,,,0.003815,1.973141,"Tesla K40c (0)","1","7","[CUDA memcpy HtoD]"
10.757647,0.001472,,,,,,,,,,0.000107,0.070861,"Tesla K40c (0)","1","7","[CUDA memcpy HtoD]"
10.758141,0.326049,1568,2,1,8,8,1,63,2.250000,0,,,"Tesla K40c (0)","1","7","void cudnn::detail::implicit_convolve_sgemm<float, int=1024, int=5, int=5, int=3, int=3, int=3, int=1, bool=1, bool=0, bool=1>(int, int, int, float const *, int, cudnn::detail::implicit_convolve_sgemm<float, int=1024, int=5, int=5, int=3, int=3, int=3, int=1, bool=1, bool=0, bool=1>*, float const *, kernel_conv_params, int, float, float, int, float const *, float const *, int, int) [641]"
10.758471,0.149217,1,64,4,128,1,1,24,0.000000,0,,,"Tesla K40c (0)","1","7","void add_tensor_kernel_v3<int=2, float, float, int=128, int=1, int=1, int=4, int=2>(cudnnTensorStruct, float*, cudnnTensorStruct, float const *, float, float) [652]"
10.758644,0.177793,64,1,1,512,1,1,18,0.000000,0,,,"Tesla K40c (0)","1","7","void cudnn::detail::bn_fw_inf_1C11_kernel_new<float, float, bool=1, int=1>(float, cudnn::detail::bn_fw_inf_1C11_kernel_new<float, float, bool=1, int=1>, cudnnTensorStruct, float const *, float, cudnnTensorStruct*, float, cudnn::detail::bn_fw_inf_1C11_kernel_new<float, float, bool=1, int=1> const *, cudnn::detail::bn_fw_inf_1C11_kernel_new<float, float, bool=1, int=1> const , cudnn::detail::bn_fw_inf_1C11_kernel_new<float, float, bool=1, int=1> const , cudnn::detail::bn_fw_inf_1C11_kernel_new<float, float, bool=1, int=1> const , cudnn::detail::bn_fw_inf_1C11_kernel_new<float, float, bool=1, int=1>) [684]"
10.760894,0.129376,60,1,1,512,1,1,8,0.000000,0,,,"Tesla K40c (0)","1","7","void kernelPointwiseApply1<ThresholdUpdateOutputIP<float>, float, unsigned int, int=-2>(TensorInfo<ThresholdUpdateOutputIP<float>, float>, float, float) [695]"
10.761028,3.227118,1568,2,1,8,8,1,63,2.250000,0,,,"Tesla K40c (0)","1","7","void cudnn::detail::implicit_convolve_sgemm<float, int=1024, int=5, int=5, int=3, int=3, int=3, int=1, bool=1, bool=0, bool=1>(int, int, int, float const *, int, cudnn::detail::implicit_convolve_sgemm<float, int=1024, int=5, int=5, int=3, int=3, int=3, int=1, bool=1, bool=0, bool=1>*, float const *, kernel_conv_params, int, float, float, int, float const *, float const *, int, int) [726]"
10.764273,0.147393,1,64,4,128,1,1,24,0.000000,0,,,"Tesla K40c (0)","1","7","void add_tensor_kernel_v3<int=2, float, float, int=128, int=1, int=1, int=4, int=2>(cudnnTensorStruct, float*, cudnnTensorStruct, float const *, float, float) [737]"
10.764433,0.175041,64,1,1,512,1,1,18,0.000000,0,,,"Tesla K40c (0)","1","7","void cudnn::detail::bn_fw_inf_1C11_kernel_new<float, float, bool=1, int=1>(float, cudnn::detail::bn_fw_inf_1C11_kernel_new<float, float, bool=1, int=1>, cudnnTensorStruct, float const *, float, cudnnTensorStruct*, float, cudnn::detail::bn_fw_inf_1C11_kernel_new<float, float, bool=1, int=1> const *, cudnn::detail::bn_fw_inf_1C11_kernel_new<float, float, bool=1, int=1> const , cudnn::detail::bn_fw_inf_1C11_kernel_new<float, float, bool=1, int=1> const , cudnn::detail::bn_fw_inf_1C11_kernel_new<float, float, bool=1, int=1> const , cudnn::detail::bn_fw_inf_1C11_kernel_new<float, float, bool=1, int=1>) [768]"
10.764627,0.128256,60,1,1,512,1,1,8,0.000000,0,,,"Tesla K40c (0)","1","7","void kernelPointwiseApply1<ThresholdUpdateOutputIP<float>, float, unsigned int, int=-2>(TensorInfo<ThresholdUpdateOutputIP<float>, float>, float, float) [779]"
10.764767,0.175521,784,1,1,1024,1,1,31,0.000000,0,,,"Tesla K40c (0)","1","7","void MaxPoolForward<float, float>(int, float const *, int, int, int, int, int, int, int, int, int, int, int, int, int, int, float*, long*) [820]"
10.764946,0.208065,4,4,1,8,8,1,104,2.250000,0,,,"Tesla K40c (0)","1","15","void cudnn::detail::implicit_convolve_sgemm<float, int=128, int=5, int=5, int=3, int=3, int=3, int=1, bool=1, bool=0, bool=1>(int, int, int, float const *, int, cudnn::detail::implicit_convolve_sgemm<float, int=128, int=5, int=5, int=3, int=3, int=3, int=1, bool=1, bool=0, bool=1>*, float const *, kernel_conv_params, int, float, float, int, float const *, float const *, int, int) [928]"
10.764949,0.207713,4,4,1,8,8,1,104,2.250000,0,,,"Tesla K40c (0)","1","16","void cudnn::detail::implicit_convolve_sgemm<float, int=128, int=5, int=5, int=3, int=3, int=3, int=1, bool=1, bool=0, bool=1>(int, int, int, float const *, int, cudnn::detail::implicit_convolve_sgemm<float, int=128, int=5, int=5, int=3, int=3, int=3, int=1, bool=1, bool=0, bool=1>*, float const *, kernel_conv_params, int, float, float, int, float const *, float const *, int, int) [949]"
10.764954,0.003008,64,1,1,9,1,1,19,0.000000,0,,,"Tesla K40c (0)","1","7","void kern_precompute_indices<bool=0>(int*, int, int, int, int, int, int) [846]"
10.764962,0.189345,4,4,1,8,8,1,104,2.250000,0,,,"Tesla K40c (0)","1","13","void cudnn::detail::implicit_convolve_sgemm<float, int=128, int=5, int=5, int=3, int=3, int=3, int=1, bool=1, bool=0, bool=1>(int, int, int, float const *, int, cudnn::detail::implicit_convolve_sgemm<float, int=128, int=5, int=5, int=3, int=3, int=3, int=1, bool=1, bool=0, bool=1>*, float const *, kernel_conv_params, int, float, float, int, float const *, float const *, int, int) [886]"
10.764968,0.180257,4,4,1,8,8,1,104,2.250000,0,,,"Tesla K40c (0)","1","14","void cudnn::detail::implicit_convolve_sgemm<float, int=128, int=5, int=5, int=3, int=3, int=3, int=1, bool=1, bool=0, bool=1>(int, int, int, float const *, int, cudnn::detail::implicit_convolve_sgemm<float, int=128, int=5, int=5, int=3, int=3, int=3, int=1, bool=1, bool=0, bool=1>*, float const *, kernel_conv_params, int, float, float, int, float const *, float const *, int, int) [907]"
10.764988,1.020165,190,1,1,8,32,1,79,12.519531,0,,,"Tesla K40c (0)","1","7","cudnn_convolve_precomputed_sgemm_sm35_ldg_nn_64x16x128x8x32 [865]"
10.766023,0.076096,1,128,2,128,1,1,24,0.000000,0,,,"Tesla K40c (0)","1","7","void add_tensor_kernel_v3<int=2, float, float, int=128, int=1, int=1, int=4, int=2>(cudnnTensorStruct, float*, cudnnTensorStruct, float const *, float, float) [968]"
10.766113,0.080097,128,1,1,512,1,1,18,0.000000,0,,,"Tesla K40c (0)","1","7","void cudnn::detail::bn_fw_inf_1C11_kernel_new<float, float, bool=1, int=1>(float, cudnn::detail::bn_fw_inf_1C11_kernel_new<float, float, bool=1, int=1>, cudnnTensorStruct, float const *, float, cudnnTensorStruct*, float, cudnn::detail::bn_fw_inf_1C11_kernel_new<float, float, bool=1, int=1> const *, cudnn::detail::bn_fw_inf_1C11_kernel_new<float, float, bool=1, int=1> const , cudnn::detail::bn_fw_inf_1C11_kernel_new<float, float, bool=1, int=1> const , cudnn::detail::bn_fw_inf_1C11_kernel_new<float, float, bool=1, int=1> const , cudnn::detail::bn_fw_inf_1C11_kernel_new<float, float, bool=1, int=1>) [999]"
10.766212,0.064832,60,1,1,512,1,1,8,0.000000,0,,,"Tesla K40c (0)","1","7","void kernelPointwiseApply1<ThresholdUpdateOutputIP<float>, float, unsigned int, int=-2>(TensorInfo<ThresholdUpdateOutputIP<float>, float>, float, float) [1010]"
10.766282,0.440290,4,4,1,8,8,1,104,2.250000,0,,,"Tesla K40c (0)","1","16","void cudnn::detail::implicit_convolve_sgemm<float, int=128, int=5, int=5, int=3, int=3, int=3, int=1, bool=1, bool=0, bool=1>(int, int, int, float const *, int, cudnn::detail::implicit_convolve_sgemm<float, int=128, int=5, int=5, int=3, int=3, int=3, int=1, bool=1, bool=0, bool=1>*, float const *, kernel_conv_params, int, float, float, int, float const *, float const *, int, int) [1139]"
10.766288,0.003072,128,1,1,9,1,1,19,0.000000,0,,,"Tesla K40c (0)","1","7","void kern_precompute_indices<bool=0>(int*, int, int, int, int, int, int) [1036]"
10.766295,0.418818,4,4,1,8,8,1,104,2.250000,0,,,"Tesla K40c (0)","1","13","void cudnn::detail::implicit_convolve_sgemm<float, int=128, int=5, int=5, int=3, int=3, int=3, int=1, bool=1, bool=0, bool=1>(int, int, int, float const *, int, cudnn::detail::implicit_convolve_sgemm<float, int=128, int=5, int=5, int=3, int=3, int=3, int=1, bool=1, bool=0, bool=1>*, float const *, kernel_conv_params, int, float, float, int, float const *, float const *, int, int) [1076]"
10.766301,0.380770,4,4,1,8,8,1,104,2.250000,0,,,"Tesla K40c (0)","1","14","void cudnn::detail::implicit_convolve_sgemm<float, int=128, int=5, int=5, int=3, int=3, int=3, int=1, bool=1, bool=0, bool=1>(int, int, int, float const *, int, cudnn::detail::implicit_convolve_sgemm<float, int=128, int=5, int=5, int=3, int=3, int=3, int=1, bool=1, bool=0, bool=1>*, float const *, kernel_conv_params, int, float, float, int, float const *, float const *, int, int) [1097]"
10.766307,0.412034,4,4,1,8,8,1,104,2.250000,0,,,"Tesla K40c (0)","1","15","void cudnn::detail::implicit_convolve_sgemm<float, int=128, int=5, int=5, int=3, int=3, int=3, int=1, bool=1, bool=0, bool=1>(int, int, int, float const *, int, cudnn::detail::implicit_convolve_sgemm<float, int=128, int=5, int=5, int=3, int=3, int=3, int=1, bool=1, bool=0, bool=1>*, float const *, kernel_conv_params, int, float, float, int, float const *, float const *, int, int) [1118]"
10.766316,1.969961,190,1,1,8,32,1,79,12.519531,0,,,"Tesla K40c (0)","1","7","cudnn_convolve_precomputed_sgemm_sm35_ldg_nn_64x16x128x8x32 [1055]"
10.768297,0.075776,1,128,2,128,1,1,24,0.000000,0,,,"Tesla K40c (0)","1","7","void add_tensor_kernel_v3<int=2, float, float, int=128, int=1, int=1, int=4, int=2>(cudnnTensorStruct, float*, cudnnTensorStruct, float const *, float, float) [1158]"
10.768387,0.078368,128,1,1,512,1,1,18,0.000000,0,,,"Tesla K40c (0)","1","7","void cudnn::detail::bn_fw_inf_1C11_kernel_new<float, float, bool=1, int=1>(float, cudnn::detail::bn_fw_inf_1C11_kernel_new<float, float, bool=1, int=1>, cudnnTensorStruct, float const *, float, cudnnTensorStruct*, float, cudnn::detail::bn_fw_inf_1C11_kernel_new<float, float, bool=1, int=1> const *, cudnn::detail::bn_fw_inf_1C11_kernel_new<float, float, bool=1, int=1> const , cudnn::detail::bn_fw_inf_1C11_kernel_new<float, float, bool=1, int=1> const , cudnn::detail::bn_fw_inf_1C11_kernel_new<float, float, bool=1, int=1> const , cudnn::detail::bn_fw_inf_1C11_kernel_new<float, float, bool=1, int=1>) [1189]"
10.768483,0.065185,60,1,1,512,1,1,8,0.000000,0,,,"Tesla K40c (0)","1","7","void kernelPointwiseApply1<ThresholdUpdateOutputIP<float>, float, unsigned int, int=-2>(TensorInfo<ThresholdUpdateOutputIP<float>, float>, float, float) [1200]"
10.768564,0.091168,392,1,1,1024,1,1,31,0.000000,0,,,"Tesla K40c (0)","1","7","void MaxPoolForward<float, float>(int, float const *, int, int, int, int, int, int, int, int, int, int, int, int, int, int, float*, long*) [1241]"
10.768659,0.411874,2,8,1,8,8,1,104,2.250000,0,,,"Tesla K40c (0)","1","14","void cudnn::detail::implicit_convolve_sgemm<float, int=128, int=5, int=5, int=3, int=3, int=3, int=1, bool=1, bool=0, bool=1>(int, int, int, float const *, int, cudnn::detail::implicit_convolve_sgemm<float, int=128, int=5, int=5, int=3, int=3, int=3, int=1, bool=1, bool=0, bool=1>*, float const *, kernel_conv_params, int, float, float, int, float const *, float const *, int, int) [1328]"
10.768664,0.410818,2,8,1,8,8,1,104,2.250000,0,,,"Tesla K40c (0)","1","15","void cudnn::detail::implicit_convolve_sgemm<float, int=128, int=5, int=5, int=3, int=3, int=3, int=1, bool=1, bool=0, bool=1>(int, int, int, float const *, int, cudnn::detail::implicit_convolve_sgemm<float, int=128, int=5, int=5, int=3, int=3, int=3, int=1, bool=1, bool=0, bool=1>*, float const *, kernel_conv_params, int, float, float, int, float const *, float const *, int, int) [1349]"
10.768669,0.392642,2,8,1,8,8,1,104,2.250000,0,,,"Tesla K40c (0)","1","16","void cudnn::detail::implicit_convolve_sgemm<float, int=128, int=5, int=5, int=3, int=3, int=3, int=1, bool=1, bool=0, bool=1>(int, int, int, float const *, int, cudnn::detail::implicit_convolve_sgemm<float, int=128, int=5, int=5, int=3, int=3, int=3, int=1, bool=1, bool=0, bool=1>*, float const *, kernel_conv_params, int, float, float, int, float const *, float const *, int, int) [1370]"
10.768674,0.003328,128,1,1,9,1,1,19,0.000000,0,,,"Tesla K40c (0)","1","7","void kern_precompute_indices<bool=0>(int*, int, int, int, int, int, int) [1267]"
10.768682,0.386850,2,8,1,8,8,1,104,2.250000,0,,,"Tesla K40c (0)","1","13","void cudnn::detail::implicit_convolve_sgemm<float, int=128, int=5, int=5, int=3, int=3, int=3, int=1, bool=1, bool=0, bool=1>(int, int, int, float const *, int, cudnn::detail::implicit_convolve_sgemm<float, int=128, int=5, int=5, int=3, int=3, int=3, int=1, bool=1, bool=0, bool=1>*, float const *, kernel_conv_params, int, float, float, int, float const *, float const *, int, int) [1307]"
10.768698,1.211206,46,1,1,8,32,1,125,10.269531,0,,,"Tesla K40c (0)","1","7","cudnn_convolve_precomputed_sgemm_sm35_ldg_nn_64x8x256x8x32 [1286]"
10.769919,0.042944,1,256,1,128,1,1,24,0.000000,0,,,"Tesla K40c (0)","1","7","void add_tensor_kernel_v3<int=2, float, float, int=128, int=1, int=1, int=4, int=2>(cudnnTensorStruct, float*, cudnnTensorStruct, float const *, float, float) [1389]"
10.769965,0.039584,256,1,1,512,1,1,18,0.000000,0,,,"Tesla K40c (0)","1","7","void cudnn::detail::bn_fw_inf_1C11_kernel_new<float, float, bool=1, int=1>(float, cudnn::detail::bn_fw_inf_1C11_kernel_new<float, float, bool=1, int=1>, cudnnTensorStruct, float const *, float, cudnnTensorStruct*, float, cudnn::detail::bn_fw_inf_1C11_kernel_new<float, float, bool=1, int=1> const *, cudnn::detail::bn_fw_inf_1C11_kernel_new<float, float, bool=1, int=1> const , cudnn::detail::bn_fw_inf_1C11_kernel_new<float, float, bool=1, int=1> const , cudnn::detail::bn_fw_inf_1C11_kernel_new<float, float, bool=1, int=1> const , cudnn::detail::bn_fw_inf_1C11_kernel_new<float, float, bool=1, int=1>) [1420]"
10.770022,0.033952,60,1,1,512,1,1,8,0.000000,0,,,"Tesla K40c (0)","1","7","void kernelPointwiseApply1<ThresholdUpdateOutputIP<float>, float, unsigned int, int=-2>(TensorInfo<ThresholdUpdateOutputIP<float>, float>, float, float) [1431]"
10.770060,1.170085,2,8,1,8,8,1,63,2.250000,0,,,"Tesla K40c (0)","1","16","void cudnn::detail::implicit_convolve_sgemm<float, int=1024, int=5, int=5, int=3, int=3, int=3, int=1, bool=1, bool=0, bool=1>(int, int, int, float const *, int, cudnn::detail::implicit_convolve_sgemm<float, int=1024, int=5, int=5, int=3, int=3, int=3, int=1, bool=1, bool=0, bool=1>*, float const *, kernel_conv_params, int, float, float, int, float const *, float const *, int, int) [1560]"
10.770064,0.004128,256,1,1,9,1,1,19,0.000000,0,,,"Tesla K40c (0)","1","7","void kern_precompute_indices<bool=0>(int*, int, int, int, int, int, int) [1457]"
10.770072,1.114789,2,8,1,8,8,1,63,2.250000,0,,,"Tesla K40c (0)","1","13","void cudnn::detail::implicit_convolve_sgemm<float, int=1024, int=5, int=5, int=3, int=3, int=3, int=1, bool=1, bool=0, bool=1>(int, int, int, float const *, int, cudnn::detail::implicit_convolve_sgemm<float, int=1024, int=5, int=5, int=3, int=3, int=3, int=1, bool=1, bool=0, bool=1>*, float const *, kernel_conv_params, int, float, float, int, float const *, float const *, int, int) [1497]"
10.770077,1.006085,2,8,1,8,8,1,63,2.250000,0,,,"Tesla K40c (0)","1","14","void cudnn::detail::implicit_convolve_sgemm<float, int=1024, int=5, int=5, int=3, int=3, int=3, int=1, bool=1, bool=0, bool=1>(int, int, int, float const *, int, cudnn::detail::implicit_convolve_sgemm<float, int=1024, int=5, int=5, int=3, int=3, int=3, int=1, bool=1, bool=0, bool=1>*, float const *, kernel_conv_params, int, float, float, int, float const *, float const *, int, int) [1518]"
10.770083,1.089381,2,8,1,8,8,1,63,2.250000,0,,,"Tesla K40c (0)","1","15","void cudnn::detail::implicit_convolve_sgemm<float, int=1024, int=5, int=5, int=3, int=3, int=3, int=1, bool=1, bool=0, bool=1>(int, int, int, float const *, int, cudnn::detail::implicit_convolve_sgemm<float, int=1024, int=5, int=5, int=3, int=3, int=3, int=1, bool=1, bool=0, bool=1>*, float const *, kernel_conv_params, int, float, float, int, float const *, float const *, int, int) [1539]"
10.770091,2.407499,46,1,1,8,32,1,125,10.269531,0,,,"Tesla K40c (0)","1","7","cudnn_convolve_precomputed_sgemm_sm35_ldg_nn_64x8x256x8x32 [1476]"
10.772513,0.043296,1,256,1,128,1,1,24,0.000000,0,,,"Tesla K40c (0)","1","7","void add_tensor_kernel_v3<int=2, float, float, int=128, int=1, int=1, int=4, int=2>(cudnnTensorStruct, float*, cudnnTensorStruct, float const *, float, float) [1579]"
10.772574,0.039616,256,1,1,512,1,1,18,0.000000,0,,,"Tesla K40c (0)","1","7","void cudnn::detail::bn_fw_inf_1C11_kernel_new<float, float, bool=1, int=1>(float, cudnn::detail::bn_fw_inf_1C11_kernel_new<float, float, bool=1, int=1>, cudnnTensorStruct, float const *, float, cudnnTensorStruct*, float, cudnn::detail::bn_fw_inf_1C11_kernel_new<float, float, bool=1, int=1> const *, cudnn::detail::bn_fw_inf_1C11_kernel_new<float, float, bool=1, int=1> const , cudnn::detail::bn_fw_inf_1C11_kernel_new<float, float, bool=1, int=1> const , cudnn::detail::bn_fw_inf_1C11_kernel_new<float, float, bool=1, int=1> const , cudnn::detail::bn_fw_inf_1C11_kernel_new<float, float, bool=1, int=1>) [1610]"
10.772629,0.034336,60,1,1,512,1,1,8,0.000000,0,,,"Tesla K40c (0)","1","7","void kernelPointwiseApply1<ThresholdUpdateOutputIP<float>, float, unsigned int, int=-2>(TensorInfo<ThresholdUpdateOutputIP<float>, float>, float, float) [1621]"
10.772670,0.049985,196,1,1,1024,1,1,31,0.000000,0,,,"Tesla K40c (0)","1","7","void MaxPoolForward<float, float>(int, float const *, int, int, int, int, int, int, int, int, int, int, int, int, int, int, float*, long*) [1663]"
10.772723,0.003840,256,1,1,9,1,1,19,0.000000,0,,,"Tesla K40c (0)","1","7","void kern_precompute_indices<bool=0>(int*, int, int, int, int, int, int) [1689]"
10.772731,0.819203,1,16,1,8,8,1,104,2.250000,0,,,"Tesla K40c (0)","1","13","void cudnn::detail::implicit_convolve_sgemm<float, int=128, int=5, int=5, int=3, int=3, int=3, int=1, bool=1, bool=0, bool=1>(int, int, int, float const *, int, cudnn::detail::implicit_convolve_sgemm<float, int=128, int=5, int=5, int=3, int=3, int=3, int=1, bool=1, bool=0, bool=1>*, float const *, kernel_conv_params, int, float, float, int, float const *, float const *, int, int) [1729]"
10.772736,0.814819,1,16,1,8,8,1,104,2.250000,0,,,"Tesla K40c (0)","1","14","void cudnn::detail::implicit_convolve_sgemm<float, int=128, int=5, int=5, int=3, int=3, int=3, int=1, bool=1, bool=0, bool=1>(int, int, int, float const *, int, cudnn::detail::implicit_convolve_sgemm<float, int=128, int=5, int=5, int=3, int=3, int=3, int=1, bool=1, bool=0, bool=1>*, float const *, kernel_conv_params, int, float, float, int, float const *, float const *, int, int) [1750]"
10.772742,0.807811,1,16,1,8,8,1,104,2.250000,0,,,"Tesla K40c (0)","1","15","void cudnn::detail::implicit_convolve_sgemm<float, int=128, int=5, int=5, int=3, int=3, int=3, int=1, bool=1, bool=0, bool=1>(int, int, int, float const *, int, cudnn::detail::implicit_convolve_sgemm<float, int=128, int=5, int=5, int=3, int=3, int=3, int=1, bool=1, bool=0, bool=1>*, float const *, kernel_conv_params, int, float, float, int, float const *, float const *, int, int) [1771]"
10.772746,0.791587,1,16,1,8,8,1,104,2.250000,0,,,"Tesla K40c (0)","1","16","void cudnn::detail::implicit_convolve_sgemm<float, int=128, int=5, int=5, int=3, int=3, int=3, int=1, bool=1, bool=0, bool=1>(int, int, int, float const *, int, cudnn::detail::implicit_convolve_sgemm<float, int=128, int=5, int=5, int=3, int=3, int=3, int=1, bool=1, bool=0, bool=1>*, float const *, kernel_conv_params, int, float, float, int, float const *, float const *, int, int) [1792]"
10.772751,1.438790,11,2,1,8,32,1,125,10.269531,0,,,"Tesla K40c (0)","1","7","cudnn_convolve_precomputed_sgemm_sm35_ldg_nn_64x8x256x8x32 [1708]"
10.774211,0.021984,1,512,1,128,1,1,24,0.000000,0,,,"Tesla K40c (0)","1","7","void add_tensor_kernel_v3<int=2, float, float, int=128, int=1, int=1, int=4, int=2>(cudnnTensorStruct, float*, cudnnTensorStruct, float const *, float, float) [1811]"
10.774249,0.023072,512,1,1,256,1,1,18,0.000000,0,,,"Tesla K40c (0)","1","7","void cudnn::detail::bn_fw_inf_1C11_kernel_new<float, float, bool=1, int=1>(float, cudnn::detail::bn_fw_inf_1C11_kernel_new<float, float, bool=1, int=1>, cudnnTensorStruct, float const *, float, cudnnTensorStruct*, float, cudnn::detail::bn_fw_inf_1C11_kernel_new<float, float, bool=1, int=1> const *, cudnn::detail::bn_fw_inf_1C11_kernel_new<float, float, bool=1, int=1> const , cudnn::detail::bn_fw_inf_1C11_kernel_new<float, float, bool=1, int=1> const , cudnn::detail::bn_fw_inf_1C11_kernel_new<float, float, bool=1, int=1> const , cudnn::detail::bn_fw_inf_1C11_kernel_new<float, float, bool=1, int=1>) [1842]"
10.774286,0.018688,60,1,1,512,1,1,8,0.000000,0,,,"Tesla K40c (0)","1","7","void kernelPointwiseApply1<ThresholdUpdateOutputIP<float>, float, unsigned int, int=-2>(TensorInfo<ThresholdUpdateOutputIP<float>, float>, float, float) [1853]"
10.774308,0.004737,512,1,1,9,1,1,19,0.000000,0,,,"Tesla K40c (0)","1","7","void kern_precompute_indices<bool=0>(int*, int, int, int, int, int, int) [1879]"
10.774316,1.615846,1,16,1,8,8,1,104,2.250000,0,,,"Tesla K40c (0)","1","13","void cudnn::detail::implicit_convolve_sgemm<float, int=128, int=5, int=5, int=3, int=3, int=3, int=1, bool=1, bool=0, bool=1>(int, int, int, float const *, int, cudnn::detail::implicit_convolve_sgemm<float, int=128, int=5, int=5, int=3, int=3, int=3, int=1, bool=1, bool=0, bool=1>*, float const *, kernel_conv_params, int, float, float, int, float const *, float const *, int, int) [1919]"
10.774319,1.604998,1,16,1,8,8,1,104,2.250000,0,,,"Tesla K40c (0)","1","14","void cudnn::detail::implicit_convolve_sgemm<float, int=128, int=5, int=5, int=3, int=3, int=3, int=1, bool=1, bool=0, bool=1>(int, int, int, float const *, int, cudnn::detail::implicit_convolve_sgemm<float, int=128, int=5, int=5, int=3, int=3, int=3, int=1, bool=1, bool=0, bool=1>*, float const *, kernel_conv_params, int, float, float, int, float const *, float const *, int, int) [1940]"
10.774323,1.643591,1,16,1,8,8,1,104,2.250000,0,,,"Tesla K40c (0)","1","15","void cudnn::detail::implicit_convolve_sgemm<float, int=128, int=5, int=5, int=3, int=3, int=3, int=1, bool=1, bool=0, bool=1>(int, int, int, float const *, int, cudnn::detail::implicit_convolve_sgemm<float, int=128, int=5, int=5, int=3, int=3, int=3, int=1, bool=1, bool=0, bool=1>*, float const *, kernel_conv_params, int, float, float, int, float const *, float const *, int, int) [1961]"
10.774326,1.641447,1,16,1,8,8,1,104,2.250000,0,,,"Tesla K40c (0)","1","16","void cudnn::detail::implicit_convolve_sgemm<float, int=128, int=5, int=5, int=3, int=3, int=3, int=1, bool=1, bool=0, bool=1>(int, int, int, float const *, int, cudnn::detail::implicit_convolve_sgemm<float, int=128, int=5, int=5, int=3, int=3, int=3, int=1, bool=1, bool=0, bool=1>*, float const *, kernel_conv_params, int, float, float, int, float const *, float const *, int, int) [1982]"
10.774331,2.808812,11,2,1,8,32,1,125,10.269531,0,,,"Tesla K40c (0)","1","7","cudnn_convolve_precomputed_sgemm_sm35_ldg_nn_64x8x256x8x32 [1898]"
10.777145,0.022016,1,512,1,128,1,1,24,0.000000,0,,,"Tesla K40c (0)","1","7","void add_tensor_kernel_v3<int=2, float, float, int=128, int=1, int=1, int=4, int=2>(cudnnTensorStruct, float*, cudnnTensorStruct, float const *, float, float) [2001]"
10.777170,0.023520,512,1,1,256,1,1,18,0.000000,0,,,"Tesla K40c (0)","1","7","void cudnn::detail::bn_fw_inf_1C11_kernel_new<float, float, bool=1, int=1>(float, cudnn::detail::bn_fw_inf_1C11_kernel_new<float, float, bool=1, int=1>, cudnnTensorStruct, float const *, float, cudnnTensorStruct*, float, cudnn::detail::bn_fw_inf_1C11_kernel_new<float, float, bool=1, int=1> const *, cudnn::detail::bn_fw_inf_1C11_kernel_new<float, float, bool=1, int=1> const , cudnn::detail::bn_fw_inf_1C11_kernel_new<float, float, bool=1, int=1> const , cudnn::detail::bn_fw_inf_1C11_kernel_new<float, float, bool=1, int=1> const , cudnn::detail::bn_fw_inf_1C11_kernel_new<float, float, bool=1, int=1>) [2032]"
10.777197,0.018592,60,1,1,512,1,1,8,0.000000,0,,,"Tesla K40c (0)","1","7","void kernelPointwiseApply1<ThresholdUpdateOutputIP<float>, float, unsigned int, int=-2>(TensorInfo<ThresholdUpdateOutputIP<float>, float>, float, float) [2043]"
10.777218,0.028064,98,1,1,1024,1,1,31,0.000000,0,,,"Tesla K40c (0)","1","7","void MaxPoolForward<float, float>(int, float const *, int, int, int, int, int, int, int, int, int, int, int, int, int, int, float*, long*) [2085]"
10.777249,0.167137,1,19,1,512,1,1,29,0.000000,0,,,"Tesla K40c (0)","1","7","void im2col4d_kernel<float, int>(im2col4d_params, cudnnConvolutionStruct, cudnnTensor4dStruct, float const *, float*, int) [2105]"
10.777420,0.796291,7,8,1,8,16,1,83,6.269531,0,,,"Tesla K40c (0)","1","7","cudnn_convolve_sgemm_sm35_ldg_nn_32x16x64x8x16 [2126]"
10.778220,0.011872,1,512,1,128,1,1,24,0.000000,0,,,"Tesla K40c (0)","1","7","void add_tensor_kernel_v3<int=2, float, float, int=128, int=1, int=1, int=4, int=2>(cudnnTensorStruct, float*, cudnnTensorStruct, float const *, float, float) [2138]"
10.778235,0.010880,512,1,1,64,1,1,18,0.000000,0,,,"Tesla K40c (0)","1","7","void cudnn::detail::bn_fw_inf_1C11_kernel_new<float, float, bool=1, int=1>(float, cudnn::detail::bn_fw_inf_1C11_kernel_new<float, float, bool=1, int=1>, cudnnTensorStruct, float const *, float, cudnnTensorStruct*, float, cudnn::detail::bn_fw_inf_1C11_kernel_new<float, float, bool=1, int=1> const *, cudnn::detail::bn_fw_inf_1C11_kernel_new<float, float, bool=1, int=1> const , cudnn::detail::bn_fw_inf_1C11_kernel_new<float, float, bool=1, int=1> const , cudnn::detail::bn_fw_inf_1C11_kernel_new<float, float, bool=1, int=1> const , cudnn::detail::bn_fw_inf_1C11_kernel_new<float, float, bool=1, int=1>) [2169]"
10.778248,0.004576,60,1,1,512,1,1,8,0.000000,0,,,"Tesla K40c (0)","1","7","void kernelPointwiseApply1<ThresholdUpdateOutputIP<float>, float, unsigned int, int=-2>(TensorInfo<ThresholdUpdateOutputIP<float>, float>, float, float) [2180]"
10.778255,0.165152,1,19,1,512,1,1,29,0.000000,0,,,"Tesla K40c (0)","1","7","void im2col4d_kernel<float, int>(im2col4d_params, cudnnConvolutionStruct, cudnnTensor4dStruct, float const *, float*, int) [2200]"
10.778423,0.793540,7,8,1,8,16,1,83,6.269531,0,,,"Tesla K40c (0)","1","7","cudnn_convolve_sgemm_sm35_ldg_nn_32x16x64x8x16 [2221]"
10.779220,0.012160,1,512,1,128,1,1,24,0.000000,0,,,"Tesla K40c (0)","1","7","void add_tensor_kernel_v3<int=2, float, float, int=128, int=1, int=1, int=4, int=2>(cudnnTensorStruct, float*, cudnnTensorStruct, float const *, float, float) [2233]"
10.779235,0.010944,512,1,1,64,1,1,18,0.000000,0,,,"Tesla K40c (0)","1","7","void cudnn::detail::bn_fw_inf_1C11_kernel_new<float, float, bool=1, int=1>(float, cudnn::detail::bn_fw_inf_1C11_kernel_new<float, float, bool=1, int=1>, cudnnTensorStruct, float const *, float, cudnnTensorStruct*, float, cudnn::detail::bn_fw_inf_1C11_kernel_new<float, float, bool=1, int=1> const *, cudnn::detail::bn_fw_inf_1C11_kernel_new<float, float, bool=1, int=1> const , cudnn::detail::bn_fw_inf_1C11_kernel_new<float, float, bool=1, int=1> const , cudnn::detail::bn_fw_inf_1C11_kernel_new<float, float, bool=1, int=1> const , cudnn::detail::bn_fw_inf_1C11_kernel_new<float, float, bool=1, int=1>) [2264]"
10.779248,0.004512,60,1,1,512,1,1,8,0.000000,0,,,"Tesla K40c (0)","1","7","void kernelPointwiseApply1<ThresholdUpdateOutputIP<float>, float, unsigned int, int=-2>(TensorInfo<ThresholdUpdateOutputIP<float>, float>, float, float) [2275]"
10.779256,0.009568,25,1,1,1024,1,1,31,0.000000,0,,,"Tesla K40c (0)","1","7","void MaxPoolForward<float, float>(int, float const *, int, int, int, int, int, int, int, int, int, int, int, int, int, int, float*, long*) [2316]"
10.779269,0.002304,,,,,,,,,,0.015625,6.622738,"Tesla K40c (0)","1","7","[CUDA memcpy DtoD]"
10.928216,0.001472,,,,,,,,,,0.000107,0.070861,"Tesla K40c (0)","1","7","[CUDA memcpy HtoD]"
10.928280,2.494250,512,1,1,128,1,1,31,1.500000,0,,,"Tesla K40c (0)","1","7","void gemv2T_kernel_val<float, float, float, int=128, int=16, int=2, int=4, bool=0>(int, int, float, float const *, int, float const *, int, float, float*, int) [2474]"
10.930778,0.003392,8,1,1,512,1,1,8,0.000000,0,,,"Tesla K40c (0)","1","7","void kernelPointwiseApply1<ThresholdUpdateOutputIP<float>, float, unsigned int, int=-2>(TensorInfo<ThresholdUpdateOutputIP<float>, float>, float, float) [2486]"
10.930786,0.002208,,,,,,,,,,0.015625,6.910683,"Tesla K40c (0)","1","7","[CUDA memcpy DtoD]"
10.930790,0.001952,,,,,,,,,,0.015625,7.817003,"Tesla K40c (0)","1","7","[CUDA memcpy DtoD]"
10.930795,0.362018,512,1,1,128,1,1,31,1.500000,0,,,"Tesla K40c (0)","1","7","void gemv2T_kernel_val<float, float, float, int=128, int=16, int=2, int=4, bool=0>(int, int, float, float const *, int, float const *, int, float, float*, int) [2524]"
10.931159,0.002528,8,1,1,512,1,1,8,0.000000,0,,,"Tesla K40c (0)","1","7","void kernelPointwiseApply1<ThresholdUpdateOutputIP<float>, float, unsigned int, int=-2>(TensorInfo<ThresholdUpdateOutputIP<float>, float>, float, float) [2536]"
10.931164,0.001792,,,,,,,,,,0.015625,8.514949,"Tesla K40c (0)","1","7","[CUDA memcpy DtoD]"
10.931168,0.001952,,,,,,,,,,0.003815,1.908448,"Tesla K40c (0)","1","7","[CUDA memcpy DtoD]"
10.931173,0.101857,125,1,1,128,1,1,31,1.500000,0,,,"Tesla K40c (0)","1","7","void gemv2T_kernel_val<float, float, float, int=128, int=16, int=2, int=4, bool=0>(int, int, float, float const *, int, float const *, int, float, float*, int) [2574]"
