==11363== NVPROF is profiling process 11363, command: python vgg.py vgg16
==11363== Profiling application: python vgg.py vgg16
==11363== Profiling result:
"Start","Duration","Grid X","Grid Y","Grid Z","Block X","Block Y","Block Z","Registers Per Thread","Static SMem","Dynamic SMem","Size","Throughput","Device","Context","Stream","Name"
s,ms,,,,,,,,KB,B,MB,GB/s,,,,
2.140614,0.095168,,,,,,,,,,0.574219,5.892322,"Tesla K40c (0)","1","7","[CUDA memcpy HtoD]"
10.384302,0.001984,,,,,,,,,,0.006592,3.244608,"Tesla K40c (0)","1","7","[CUDA memcpy HtoD]"
10.384329,0.000832,,,,,,,,,,0.000244,0.286561,"Tesla K40c (0)","1","7","[CUDA memcpy HtoD]"
10.384382,0.025024,,,,,,,,,,0.140625,5.487896,"Tesla K40c (0)","1","7","[CUDA memcpy HtoD]"
10.384414,0.000832,,,,,,,,,,0.000244,0.286561,"Tesla K40c (0)","1","7","[CUDA memcpy HtoD]"
10.384960,0.047680,,,,,,,,,,0.281250,5.760449,"Tesla K40c (0)","1","7","[CUDA memcpy HtoD]"
10.385015,0.000865,,,,,,,,,,0.000488,0.551257,"Tesla K40c (0)","1","7","[CUDA memcpy HtoD]"
10.385130,0.092704,,,,,,,,,,0.562500,5.925488,"Tesla K40c (0)","1","7","[CUDA memcpy HtoD]"
10.385229,0.000864,,,,,,,,,,0.000488,0.551895,"Tesla K40c (0)","1","7","[CUDA memcpy HtoD]"
10.385791,0.190560,,,,,,,,,,1.125000,5.765286,"Tesla K40c (0)","1","7","[CUDA memcpy HtoD]"
10.385989,0.000960,,,,,,,,,,0.000977,0.993411,"Tesla K40c (0)","1","7","[CUDA memcpy HtoD]"
10.386553,0.422785,,,,,,,,,,2.250000,5.197123,"Tesla K40c (0)","1","7","[CUDA memcpy HtoD]"
10.386983,0.001248,,,,,,,,,,0.000977,0.764162,"Tesla K40c (0)","1","7","[CUDA memcpy HtoD]"
10.387520,0.422528,,,,,,,,,,2.250000,5.200284,"Tesla K40c (0)","1","7","[CUDA memcpy HtoD]"
10.387950,0.001280,,,,,,,,,,0.000977,0.745058,"Tesla K40c (0)","1","7","[CUDA memcpy HtoD]"
10.388429,0.906370,,,,,,,,,,4.500000,4.848496,"Tesla K40c (0)","1","7","[CUDA memcpy HtoD]"
10.389342,0.001344,,,,,,,,,,0.001953,1.419158,"Tesla K40c (0)","1","7","[CUDA memcpy HtoD]"
10.389902,1.869060,,,,,,,,,,9.000000,4.702397,"Tesla K40c (0)","1","7","[CUDA memcpy HtoD]"
10.391779,0.001344,,,,,,,,,,0.001953,1.419158,"Tesla K40c (0)","1","7","[CUDA memcpy HtoD]"
10.392260,1.840804,,,,,,,,,,9.000000,4.774578,"Tesla K40c (0)","1","7","[CUDA memcpy HtoD]"
10.394108,0.001344,,,,,,,,,,0.001953,1.419158,"Tesla K40c (0)","1","7","[CUDA memcpy HtoD]"
10.394592,1.857988,,,,,,,,,,9.000000,4.730419,"Tesla K40c (0)","1","7","[CUDA memcpy HtoD]"
10.396458,0.001344,,,,,,,,,,0.001953,1.419158,"Tesla K40c (0)","1","7","[CUDA memcpy HtoD]"
10.397011,1.857604,,,,,,,,,,9.000000,4.731397,"Tesla K40c (0)","1","7","[CUDA memcpy HtoD]"
10.398876,0.001344,,,,,,,,,,0.001953,1.419158,"Tesla K40c (0)","1","7","[CUDA memcpy HtoD]"
10.399403,1.854692,,,,,,,,,,9.000000,4.738826,"Tesla K40c (0)","1","7","[CUDA memcpy HtoD]"
10.401265,0.001344,,,,,,,,,,0.001953,1.419158,"Tesla K40c (0)","1","7","[CUDA memcpy HtoD]"
10.402034,82.209544,,,,,,,,,,392.000000,4.656546,"Tesla K40c (0)","1","7","[CUDA memcpy HtoD]"
10.485001,0.003552,,,,,,,,,,0.015625,4.295830,"Tesla K40c (0)","1","7","[CUDA memcpy HtoD]"
10.485682,13.388955,,,,,,,,,,64.000000,4.668027,"Tesla K40c (0)","1","7","[CUDA memcpy HtoD]"
10.499162,0.003808,,,,,,,,,,0.015625,4.007035,"Tesla K40c (0)","1","7","[CUDA memcpy HtoD]"
10.499791,3.245478,,,,,,,,,,15.625000,4.701554,"Tesla K40c (0)","1","7","[CUDA memcpy HtoD]"
10.503057,0.001888,,,,,,,,,,0.003815,1.973141,"Tesla K40c (0)","1","7","[CUDA memcpy HtoD]"
10.915430,0.001504,,,,,,,,,,0.000107,0.069354,"Tesla K40c (0)","1","7","[CUDA memcpy HtoD]"
10.915908,0.325281,1568,2,1,8,8,1,63,2.250000,0,,,"Tesla K40c (0)","1","7","void cudnn::detail::implicit_convolve_sgemm<float, int=1024, int=5, int=5, int=3, int=3, int=3, int=1, bool=1, bool=0, bool=1>(int, int, int, float const *, int, cudnn::detail::implicit_convolve_sgemm<float, int=1024, int=5, int=5, int=3, int=3, int=3, int=1, bool=1, bool=0, bool=1>*, float const *, kernel_conv_params, int, float, float, int, float const *, float const *, int, int) [474]"
10.916237,0.146624,1,64,4,128,1,1,24,0.000000,0,,,"Tesla K40c (0)","1","7","void add_tensor_kernel_v3<int=2, float, float, int=128, int=1, int=1, int=4, int=2>(cudnnTensorStruct, float*, cudnnTensorStruct, float const *, float, float) [485]"
10.918307,0.128896,60,1,1,512,1,1,8,0.000000,0,,,"Tesla K40c (0)","1","7","void kernelPointwiseApply1<ThresholdUpdateOutputIP<float>, float, unsigned int, int=-2>(TensorInfo<ThresholdUpdateOutputIP<float>, float>, float, float) [497]"
10.918854,3.220262,1568,2,1,8,8,1,63,2.250000,0,,,"Tesla K40c (0)","1","7","void cudnn::detail::implicit_convolve_sgemm<float, int=1024, int=5, int=5, int=3, int=3, int=3, int=1, bool=1, bool=0, bool=1>(int, int, int, float const *, int, cudnn::detail::implicit_convolve_sgemm<float, int=1024, int=5, int=5, int=3, int=3, int=3, int=1, bool=1, bool=0, bool=1>*, float const *, kernel_conv_params, int, float, float, int, float const *, float const *, int, int) [529]"
10.922093,0.147073,1,64,4,128,1,1,24,0.000000,0,,,"Tesla K40c (0)","1","7","void add_tensor_kernel_v3<int=2, float, float, int=128, int=1, int=1, int=4, int=2>(cudnnTensorStruct, float*, cudnnTensorStruct, float const *, float, float) [540]"
10.922250,0.127200,60,1,1,512,1,1,8,0.000000,0,,,"Tesla K40c (0)","1","7","void kernelPointwiseApply1<ThresholdUpdateOutputIP<float>, float, unsigned int, int=-2>(TensorInfo<ThresholdUpdateOutputIP<float>, float>, float, float) [552]"
10.922399,0.173952,784,1,1,1024,1,1,31,0.000000,0,,,"Tesla K40c (0)","1","7","void MaxPoolForward<float, float>(int, float const *, int, int, int, int, int, int, int, int, int, int, int, int, int, int, float*, long*) [593]"
10.922577,0.186625,4,4,1,8,8,1,104,2.250000,0,,,"Tesla K40c (0)","1","14","void cudnn::detail::implicit_convolve_sgemm<float, int=128, int=5, int=5, int=3, int=3, int=3, int=1, bool=1, bool=0, bool=1>(int, int, int, float const *, int, cudnn::detail::implicit_convolve_sgemm<float, int=128, int=5, int=5, int=3, int=3, int=3, int=1, bool=1, bool=0, bool=1>*, float const *, kernel_conv_params, int, float, float, int, float const *, float const *, int, int) [680]"
10.922583,0.200609,4,4,1,8,8,1,104,2.250000,0,,,"Tesla K40c (0)","1","15","void cudnn::detail::implicit_convolve_sgemm<float, int=128, int=5, int=5, int=3, int=3, int=3, int=1, bool=1, bool=0, bool=1>(int, int, int, float const *, int, cudnn::detail::implicit_convolve_sgemm<float, int=128, int=5, int=5, int=3, int=3, int=3, int=1, bool=1, bool=0, bool=1>*, float const *, kernel_conv_params, int, float, float, int, float const *, float const *, int, int) [701]"
10.922588,0.204545,4,4,1,8,8,1,104,2.250000,0,,,"Tesla K40c (0)","1","16","void cudnn::detail::implicit_convolve_sgemm<float, int=128, int=5, int=5, int=3, int=3, int=3, int=1, bool=1, bool=0, bool=1>(int, int, int, float const *, int, cudnn::detail::implicit_convolve_sgemm<float, int=128, int=5, int=5, int=3, int=3, int=3, int=1, bool=1, bool=0, bool=1>*, float const *, kernel_conv_params, int, float, float, int, float const *, float const *, int, int) [722]"
10.922593,0.002752,64,1,1,9,1,1,19,0.000000,0,,,"Tesla K40c (0)","1","7","void kern_precompute_indices<bool=0>(int*, int, int, int, int, int, int) [619]"
10.922601,0.215105,4,4,1,8,8,1,104,2.250000,0,,,"Tesla K40c (0)","1","13","void cudnn::detail::implicit_convolve_sgemm<float, int=128, int=5, int=5, int=3, int=3, int=3, int=1, bool=1, bool=0, bool=1>(int, int, int, float const *, int, cudnn::detail::implicit_convolve_sgemm<float, int=128, int=5, int=5, int=3, int=3, int=3, int=1, bool=1, bool=0, bool=1>*, float const *, kernel_conv_params, int, float, float, int, float const *, float const *, int, int) [659]"
10.922619,1.051362,190,1,1,8,32,1,79,12.519531,0,,,"Tesla K40c (0)","1","7","cudnn_convolve_precomputed_sgemm_sm35_ldg_nn_64x16x128x8x32 [638]"
10.923679,0.075936,1,128,2,128,1,1,24,0.000000,0,,,"Tesla K40c (0)","1","7","void add_tensor_kernel_v3<int=2, float, float, int=128, int=1, int=1, int=4, int=2>(cudnnTensorStruct, float*, cudnnTensorStruct, float const *, float, float) [741]"
10.923766,0.064736,60,1,1,512,1,1,8,0.000000,0,,,"Tesla K40c (0)","1","7","void kernelPointwiseApply1<ThresholdUpdateOutputIP<float>, float, unsigned int, int=-2>(TensorInfo<ThresholdUpdateOutputIP<float>, float>, float, float) [753]"
10.923836,0.002752,128,1,1,9,1,1,19,0.000000,0,,,"Tesla K40c (0)","1","7","void kern_precompute_indices<bool=0>(int*, int, int, int, int, int, int) [779]"
10.923844,0.386625,4,4,1,8,8,1,104,2.250000,0,,,"Tesla K40c (0)","1","13","void cudnn::detail::implicit_convolve_sgemm<float, int=128, int=5, int=5, int=3, int=3, int=3, int=1, bool=1, bool=0, bool=1>(int, int, int, float const *, int, cudnn::detail::implicit_convolve_sgemm<float, int=128, int=5, int=5, int=3, int=3, int=3, int=1, bool=1, bool=0, bool=1>*, float const *, kernel_conv_params, int, float, float, int, float const *, float const *, int, int) [819]"
10.923850,0.362017,4,4,1,8,8,1,104,2.250000,0,,,"Tesla K40c (0)","1","14","void cudnn::detail::implicit_convolve_sgemm<float, int=128, int=5, int=5, int=3, int=3, int=3, int=1, bool=1, bool=0, bool=1>(int, int, int, float const *, int, cudnn::detail::implicit_convolve_sgemm<float, int=128, int=5, int=5, int=3, int=3, int=3, int=1, bool=1, bool=0, bool=1>*, float const *, kernel_conv_params, int, float, float, int, float const *, float const *, int, int) [840]"
10.923856,0.361153,4,4,1,8,8,1,104,2.250000,0,,,"Tesla K40c (0)","1","15","void cudnn::detail::implicit_convolve_sgemm<float, int=128, int=5, int=5, int=3, int=3, int=3, int=1, bool=1, bool=0, bool=1>(int, int, int, float const *, int, cudnn::detail::implicit_convolve_sgemm<float, int=128, int=5, int=5, int=3, int=3, int=3, int=1, bool=1, bool=0, bool=1>*, float const *, kernel_conv_params, int, float, float, int, float const *, float const *, int, int) [861]"
10.923862,0.361409,4,4,1,8,8,1,104,2.250000,0,,,"Tesla K40c (0)","1","16","void cudnn::detail::implicit_convolve_sgemm<float, int=128, int=5, int=5, int=3, int=3, int=3, int=1, bool=1, bool=0, bool=1>(int, int, int, float const *, int, cudnn::detail::implicit_convolve_sgemm<float, int=128, int=5, int=5, int=3, int=3, int=3, int=1, bool=1, bool=0, bool=1>*, float const *, kernel_conv_params, int, float, float, int, float const *, float const *, int, int) [882]"
10.923873,1.935940,190,1,1,8,32,1,79,12.519531,0,,,"Tesla K40c (0)","1","7","cudnn_convolve_precomputed_sgemm_sm35_ldg_nn_64x16x128x8x32 [798]"
10.925820,0.075296,1,128,2,128,1,1,24,0.000000,0,,,"Tesla K40c (0)","1","7","void add_tensor_kernel_v3<int=2, float, float, int=128, int=1, int=1, int=4, int=2>(cudnnTensorStruct, float*, cudnnTensorStruct, float const *, float, float) [901]"
10.925916,0.065504,60,1,1,512,1,1,8,0.000000,0,,,"Tesla K40c (0)","1","7","void kernelPointwiseApply1<ThresholdUpdateOutputIP<float>, float, unsigned int, int=-2>(TensorInfo<ThresholdUpdateOutputIP<float>, float>, float, float) [913]"
10.926000,0.090977,392,1,1,1024,1,1,31,0.000000,0,,,"Tesla K40c (0)","1","7","void MaxPoolForward<float, float>(int, float const *, int, int, int, int, int, int, int, int, int, int, int, int, int, int, float*, long*) [954]"
10.926097,0.416608,2,8,1,8,8,1,104,2.250000,0,,,"Tesla K40c (0)","1","13","void cudnn::detail::implicit_convolve_sgemm<float, int=128, int=5, int=5, int=3, int=3, int=3, int=1, bool=1, bool=0, bool=1>(int, int, int, float const *, int, cudnn::detail::implicit_convolve_sgemm<float, int=128, int=5, int=5, int=3, int=3, int=3, int=1, bool=1, bool=0, bool=1>*, float const *, kernel_conv_params, int, float, float, int, float const *, float const *, int, int) [1020]"
10.926103,0.414720,2,8,1,8,8,1,104,2.250000,0,,,"Tesla K40c (0)","1","14","void cudnn::detail::implicit_convolve_sgemm<float, int=128, int=5, int=5, int=3, int=3, int=3, int=1, bool=1, bool=0, bool=1>(int, int, int, float const *, int, cudnn::detail::implicit_convolve_sgemm<float, int=128, int=5, int=5, int=3, int=3, int=3, int=1, bool=1, bool=0, bool=1>*, float const *, kernel_conv_params, int, float, float, int, float const *, float const *, int, int) [1041]"
10.926109,0.404256,2,8,1,8,8,1,104,2.250000,0,,,"Tesla K40c (0)","1","15","void cudnn::detail::implicit_convolve_sgemm<float, int=128, int=5, int=5, int=3, int=3, int=3, int=1, bool=1, bool=0, bool=1>(int, int, int, float const *, int, cudnn::detail::implicit_convolve_sgemm<float, int=128, int=5, int=5, int=3, int=3, int=3, int=1, bool=1, bool=0, bool=1>*, float const *, kernel_conv_params, int, float, float, int, float const *, float const *, int, int) [1062]"
10.926115,0.405312,2,8,1,8,8,1,104,2.250000,0,,,"Tesla K40c (0)","1","16","void cudnn::detail::implicit_convolve_sgemm<float, int=128, int=5, int=5, int=3, int=3, int=3, int=1, bool=1, bool=0, bool=1>(int, int, int, float const *, int, cudnn::detail::implicit_convolve_sgemm<float, int=128, int=5, int=5, int=3, int=3, int=3, int=1, bool=1, bool=0, bool=1>*, float const *, kernel_conv_params, int, float, float, int, float const *, float const *, int, int) [1083]"
10.926121,0.003520,128,1,1,9,1,1,19,0.000000,0,,,"Tesla K40c (0)","1","7","void kern_precompute_indices<bool=0>(int*, int, int, int, int, int, int) [980]"
10.926143,1.195778,46,1,1,8,32,1,125,10.269531,0,,,"Tesla K40c (0)","1","7","cudnn_convolve_precomputed_sgemm_sm35_ldg_nn_64x8x256x8x32 [999]"
10.927363,0.043104,1,256,1,128,1,1,24,0.000000,0,,,"Tesla K40c (0)","1","7","void add_tensor_kernel_v3<int=2, float, float, int=128, int=1, int=1, int=4, int=2>(cudnnTensorStruct, float*, cudnnTensorStruct, float const *, float, float) [1102]"
10.927425,0.032768,60,1,1,512,1,1,8,0.000000,0,,,"Tesla K40c (0)","1","7","void kernelPointwiseApply1<ThresholdUpdateOutputIP<float>, float, unsigned int, int=-2>(TensorInfo<ThresholdUpdateOutputIP<float>, float>, float, float) [1114]"
10.927461,1.163203,2,8,1,8,8,1,63,2.250000,0,,,"Tesla K40c (0)","1","15","void cudnn::detail::implicit_convolve_sgemm<float, int=1024, int=5, int=5, int=3, int=3, int=3, int=1, bool=1, bool=0, bool=1>(int, int, int, float const *, int, cudnn::detail::implicit_convolve_sgemm<float, int=1024, int=5, int=5, int=3, int=3, int=3, int=1, bool=1, bool=0, bool=1>*, float const *, kernel_conv_params, int, float, float, int, float const *, float const *, int, int) [1222]"
10.927465,1.157315,2,8,1,8,8,1,63,2.250000,0,,,"Tesla K40c (0)","1","16","void cudnn::detail::implicit_convolve_sgemm<float, int=1024, int=5, int=5, int=3, int=3, int=3, int=1, bool=1, bool=0, bool=1>(int, int, int, float const *, int, cudnn::detail::implicit_convolve_sgemm<float, int=1024, int=5, int=5, int=3, int=3, int=3, int=1, bool=1, bool=0, bool=1>*, float const *, kernel_conv_params, int, float, float, int, float const *, float const *, int, int) [1243]"
10.927471,0.003744,256,1,1,9,1,1,19,0.000000,0,,,"Tesla K40c (0)","1","7","void kern_precompute_indices<bool=0>(int*, int, int, int, int, int, int) [1140]"
10.927478,1.003682,2,8,1,8,8,1,63,2.250000,0,,,"Tesla K40c (0)","1","13","void cudnn::detail::implicit_convolve_sgemm<float, int=1024, int=5, int=5, int=3, int=3, int=3, int=1, bool=1, bool=0, bool=1>(int, int, int, float const *, int, cudnn::detail::implicit_convolve_sgemm<float, int=1024, int=5, int=5, int=3, int=3, int=3, int=1, bool=1, bool=0, bool=1>*, float const *, kernel_conv_params, int, float, float, int, float const *, float const *, int, int) [1180]"
10.927484,1.089123,2,8,1,8,8,1,63,2.250000,0,,,"Tesla K40c (0)","1","14","void cudnn::detail::implicit_convolve_sgemm<float, int=1024, int=5, int=5, int=3, int=3, int=3, int=1, bool=1, bool=0, bool=1>(int, int, int, float const *, int, cudnn::detail::implicit_convolve_sgemm<float, int=1024, int=5, int=5, int=3, int=3, int=3, int=1, bool=1, bool=0, bool=1>*, float const *, kernel_conv_params, int, float, float, int, float const *, float const *, int, int) [1201]"
10.927497,2.389541,46,1,1,8,32,1,125,10.269531,0,,,"Tesla K40c (0)","1","7","cudnn_convolve_precomputed_sgemm_sm35_ldg_nn_64x8x256x8x32 [1159]"
10.929908,0.042272,1,256,1,128,1,1,24,0.000000,0,,,"Tesla K40c (0)","1","7","void add_tensor_kernel_v3<int=2, float, float, int=128, int=1, int=1, int=4, int=2>(cudnnTensorStruct, float*, cudnnTensorStruct, float const *, float, float) [1262]"
10.929970,0.033376,60,1,1,512,1,1,8,0.000000,0,,,"Tesla K40c (0)","1","7","void kernelPointwiseApply1<ThresholdUpdateOutputIP<float>, float, unsigned int, int=-2>(TensorInfo<ThresholdUpdateOutputIP<float>, float>, float, float) [1274]"
10.930007,1.142498,2,8,1,8,8,1,63,2.250000,0,,,"Tesla K40c (0)","1","16","void cudnn::detail::implicit_convolve_sgemm<float, int=1024, int=5, int=5, int=3, int=3, int=3, int=1, bool=1, bool=0, bool=1>(int, int, int, float const *, int, cudnn::detail::implicit_convolve_sgemm<float, int=1024, int=5, int=5, int=3, int=3, int=3, int=1, bool=1, bool=0, bool=1>*, float const *, kernel_conv_params, int, float, float, int, float const *, float const *, int, int) [1403]"
10.930012,0.003648,256,1,1,9,1,1,19,0.000000,0,,,"Tesla K40c (0)","1","7","void kern_precompute_indices<bool=0>(int*, int, int, int, int, int, int) [1300]"
10.930020,1.104738,2,8,1,8,8,1,63,2.250000,0,,,"Tesla K40c (0)","1","13","void cudnn::detail::implicit_convolve_sgemm<float, int=1024, int=5, int=5, int=3, int=3, int=3, int=1, bool=1, bool=0, bool=1>(int, int, int, float const *, int, cudnn::detail::implicit_convolve_sgemm<float, int=1024, int=5, int=5, int=3, int=3, int=3, int=1, bool=1, bool=0, bool=1>*, float const *, kernel_conv_params, int, float, float, int, float const *, float const *, int, int) [1340]"
10.930025,1.045186,2,8,1,8,8,1,63,2.250000,0,,,"Tesla K40c (0)","1","14","void cudnn::detail::implicit_convolve_sgemm<float, int=1024, int=5, int=5, int=3, int=3, int=3, int=1, bool=1, bool=0, bool=1>(int, int, int, float const *, int, cudnn::detail::implicit_convolve_sgemm<float, int=1024, int=5, int=5, int=3, int=3, int=3, int=1, bool=1, bool=0, bool=1>*, float const *, kernel_conv_params, int, float, float, int, float const *, float const *, int, int) [1361]"
10.930030,1.125794,2,8,1,8,8,1,63,2.250000,0,,,"Tesla K40c (0)","1","15","void cudnn::detail::implicit_convolve_sgemm<float, int=1024, int=5, int=5, int=3, int=3, int=3, int=1, bool=1, bool=0, bool=1>(int, int, int, float const *, int, cudnn::detail::implicit_convolve_sgemm<float, int=1024, int=5, int=5, int=3, int=3, int=3, int=1, bool=1, bool=0, bool=1>*, float const *, kernel_conv_params, int, float, float, int, float const *, float const *, int, int) [1382]"
10.930039,2.431429,46,1,1,8,32,1,125,10.269531,0,,,"Tesla K40c (0)","1","7","cudnn_convolve_precomputed_sgemm_sm35_ldg_nn_64x8x256x8x32 [1319]"
10.932478,0.043392,1,256,1,128,1,1,24,0.000000,0,,,"Tesla K40c (0)","1","7","void add_tensor_kernel_v3<int=2, float, float, int=128, int=1, int=1, int=4, int=2>(cudnnTensorStruct, float*, cudnnTensorStruct, float const *, float, float) [1422]"
10.932538,0.032768,60,1,1,512,1,1,8,0.000000,0,,,"Tesla K40c (0)","1","7","void kernelPointwiseApply1<ThresholdUpdateOutputIP<float>, float, unsigned int, int=-2>(TensorInfo<ThresholdUpdateOutputIP<float>, float>, float, float) [1434]"
10.932578,0.050048,196,1,1,1024,1,1,31,0.000000,0,,,"Tesla K40c (0)","1","7","void MaxPoolForward<float, float>(int, float const *, int, int, int, int, int, int, int, int, int, int, int, int, int, int, float*, long*) [1476]"
10.932632,0.003296,256,1,1,9,1,1,19,0.000000,0,,,"Tesla K40c (0)","1","7","void kern_precompute_indices<bool=0>(int*, int, int, int, int, int, int) [1502]"
10.932640,0.844098,1,16,1,8,8,1,104,2.250000,0,,,"Tesla K40c (0)","1","13","void cudnn::detail::implicit_convolve_sgemm<float, int=128, int=5, int=5, int=3, int=3, int=3, int=1, bool=1, bool=0, bool=1>(int, int, int, float const *, int, cudnn::detail::implicit_convolve_sgemm<float, int=128, int=5, int=5, int=3, int=3, int=3, int=1, bool=1, bool=0, bool=1>*, float const *, kernel_conv_params, int, float, float, int, float const *, float const *, int, int) [1542]"
10.932646,0.821602,1,16,1,8,8,1,104,2.250000,0,,,"Tesla K40c (0)","1","14","void cudnn::detail::implicit_convolve_sgemm<float, int=128, int=5, int=5, int=3, int=3, int=3, int=1, bool=1, bool=0, bool=1>(int, int, int, float const *, int, cudnn::detail::implicit_convolve_sgemm<float, int=128, int=5, int=5, int=3, int=3, int=3, int=1, bool=1, bool=0, bool=1>*, float const *, kernel_conv_params, int, float, float, int, float const *, float const *, int, int) [1563]"
10.932650,0.814850,1,16,1,8,8,1,104,2.250000,0,,,"Tesla K40c (0)","1","15","void cudnn::detail::implicit_convolve_sgemm<float, int=128, int=5, int=5, int=3, int=3, int=3, int=1, bool=1, bool=0, bool=1>(int, int, int, float const *, int, cudnn::detail::implicit_convolve_sgemm<float, int=128, int=5, int=5, int=3, int=3, int=3, int=1, bool=1, bool=0, bool=1>*, float const *, kernel_conv_params, int, float, float, int, float const *, float const *, int, int) [1584]"
10.932655,0.800738,1,16,1,8,8,1,104,2.250000,0,,,"Tesla K40c (0)","1","16","void cudnn::detail::implicit_convolve_sgemm<float, int=128, int=5, int=5, int=3, int=3, int=3, int=1, bool=1, bool=0, bool=1>(int, int, int, float const *, int, cudnn::detail::implicit_convolve_sgemm<float, int=128, int=5, int=5, int=3, int=3, int=3, int=1, bool=1, bool=0, bool=1>*, float const *, kernel_conv_params, int, float, float, int, float const *, float const *, int, int) [1605]"
10.932660,1.435619,11,2,1,8,32,1,125,10.269531,0,,,"Tesla K40c (0)","1","7","cudnn_convolve_precomputed_sgemm_sm35_ldg_nn_64x8x256x8x32 [1521]"
10.934117,0.022144,1,512,1,128,1,1,24,0.000000,0,,,"Tesla K40c (0)","1","7","void add_tensor_kernel_v3<int=2, float, float, int=128, int=1, int=1, int=4, int=2>(cudnnTensorStruct, float*, cudnnTensorStruct, float const *, float, float) [1624]"
10.934153,0.012640,60,1,1,512,1,1,8,0.000000,0,,,"Tesla K40c (0)","1","7","void kernelPointwiseApply1<ThresholdUpdateOutputIP<float>, float, unsigned int, int=-2>(TensorInfo<ThresholdUpdateOutputIP<float>, float>, float, float) [1636]"
10.934170,0.938466,1,16,1,8,8,1,104,2.250000,0,,,"Tesla K40c (0)","1","16","void cudnn::detail::implicit_convolve_sgemm<float, int=128, int=5, int=5, int=3, int=3, int=3, int=1, bool=1, bool=0, bool=1>(int, int, int, float const *, int, cudnn::detail::implicit_convolve_sgemm<float, int=128, int=5, int=5, int=3, int=3, int=3, int=1, bool=1, bool=0, bool=1>*, float const *, kernel_conv_params, int, float, float, int, float const *, float const *, int, int) [1765]"
10.934175,0.004544,512,1,1,9,1,1,19,0.000000,0,,,"Tesla K40c (0)","1","7","void kern_precompute_indices<bool=0>(int*, int, int, int, int, int, int) [1662]"
10.934182,0.919586,1,16,1,8,8,1,104,2.250000,0,,,"Tesla K40c (0)","1","13","void cudnn::detail::implicit_convolve_sgemm<float, int=128, int=5, int=5, int=3, int=3, int=3, int=1, bool=1, bool=0, bool=1>(int, int, int, float const *, int, cudnn::detail::implicit_convolve_sgemm<float, int=128, int=5, int=5, int=3, int=3, int=3, int=1, bool=1, bool=0, bool=1>*, float const *, kernel_conv_params, int, float, float, int, float const *, float const *, int, int) [1702]"
10.934188,0.923650,1,16,1,8,8,1,104,2.250000,0,,,"Tesla K40c (0)","1","14","void cudnn::detail::implicit_convolve_sgemm<float, int=128, int=5, int=5, int=3, int=3, int=3, int=1, bool=1, bool=0, bool=1>(int, int, int, float const *, int, cudnn::detail::implicit_convolve_sgemm<float, int=128, int=5, int=5, int=3, int=3, int=3, int=1, bool=1, bool=0, bool=1>*, float const *, kernel_conv_params, int, float, float, int, float const *, float const *, int, int) [1723]"
10.934193,0.926370,1,16,1,8,8,1,104,2.250000,0,,,"Tesla K40c (0)","1","15","void cudnn::detail::implicit_convolve_sgemm<float, int=128, int=5, int=5, int=3, int=3, int=3, int=1, bool=1, bool=0, bool=1>(int, int, int, float const *, int, cudnn::detail::implicit_convolve_sgemm<float, int=128, int=5, int=5, int=3, int=3, int=3, int=1, bool=1, bool=0, bool=1>*, float const *, kernel_conv_params, int, float, float, int, float const *, float const *, int, int) [1744]"
10.935080,1.878020,11,2,1,8,32,1,125,10.269531,0,,,"Tesla K40c (0)","1","7","cudnn_convolve_precomputed_sgemm_sm35_ldg_nn_64x8x256x8x32 [1681]"
10.936980,0.021792,1,512,1,128,1,1,24,0.000000,0,,,"Tesla K40c (0)","1","7","void add_tensor_kernel_v3<int=2, float, float, int=128, int=1, int=1, int=4, int=2>(cudnnTensorStruct, float*, cudnnTensorStruct, float const *, float, float) [1784]"
10.937017,0.012800,60,1,1,512,1,1,8,0.000000,0,,,"Tesla K40c (0)","1","7","void kernelPointwiseApply1<ThresholdUpdateOutputIP<float>, float, unsigned int, int=-2>(TensorInfo<ThresholdUpdateOutputIP<float>, float>, float, float) [1796]"
10.937035,0.945442,1,16,1,8,8,1,104,2.250000,0,,,"Tesla K40c (0)","1","16","void cudnn::detail::implicit_convolve_sgemm<float, int=128, int=5, int=5, int=3, int=3, int=3, int=1, bool=1, bool=0, bool=1>(int, int, int, float const *, int, cudnn::detail::implicit_convolve_sgemm<float, int=128, int=5, int=5, int=3, int=3, int=3, int=1, bool=1, bool=0, bool=1>*, float const *, kernel_conv_params, int, float, float, int, float const *, float const *, int, int) [1925]"
10.937038,0.004576,512,1,1,9,1,1,19,0.000000,0,,,"Tesla K40c (0)","1","7","void kern_precompute_indices<bool=0>(int*, int, int, int, int, int, int) [1822]"
10.937046,0.924802,1,16,1,8,8,1,104,2.250000,0,,,"Tesla K40c (0)","1","13","void cudnn::detail::implicit_convolve_sgemm<float, int=128, int=5, int=5, int=3, int=3, int=3, int=1, bool=1, bool=0, bool=1>(int, int, int, float const *, int, cudnn::detail::implicit_convolve_sgemm<float, int=128, int=5, int=5, int=3, int=3, int=3, int=1, bool=1, bool=0, bool=1>*, float const *, kernel_conv_params, int, float, float, int, float const *, float const *, int, int) [1862]"
10.937049,0.908930,1,16,1,8,8,1,104,2.250000,0,,,"Tesla K40c (0)","1","14","void cudnn::detail::implicit_convolve_sgemm<float, int=128, int=5, int=5, int=3, int=3, int=3, int=1, bool=1, bool=0, bool=1>(int, int, int, float const *, int, cudnn::detail::implicit_convolve_sgemm<float, int=128, int=5, int=5, int=3, int=3, int=3, int=1, bool=1, bool=0, bool=1>*, float const *, kernel_conv_params, int, float, float, int, float const *, float const *, int, int) [1883]"
10.937053,0.929826,1,16,1,8,8,1,104,2.250000,0,,,"Tesla K40c (0)","1","15","void cudnn::detail::implicit_convolve_sgemm<float, int=128, int=5, int=5, int=3, int=3, int=3, int=1, bool=1, bool=0, bool=1>(int, int, int, float const *, int, cudnn::detail::implicit_convolve_sgemm<float, int=128, int=5, int=5, int=3, int=3, int=3, int=1, bool=1, bool=0, bool=1>*, float const *, kernel_conv_params, int, float, float, int, float const *, float const *, int, int) [1904]"
10.937949,1.867652,11,2,1,8,32,1,125,10.269531,0,,,"Tesla K40c (0)","1","7","cudnn_convolve_precomputed_sgemm_sm35_ldg_nn_64x8x256x8x32 [1841]"
10.939823,0.021760,1,512,1,128,1,1,24,0.000000,0,,,"Tesla K40c (0)","1","7","void add_tensor_kernel_v3<int=2, float, float, int=128, int=1, int=1, int=4, int=2>(cudnnTensorStruct, float*, cudnnTensorStruct, float const *, float, float) [1944]"
10.939848,0.012544,60,1,1,512,1,1,8,0.000000,0,,,"Tesla K40c (0)","1","7","void kernelPointwiseApply1<ThresholdUpdateOutputIP<float>, float, unsigned int, int=-2>(TensorInfo<ThresholdUpdateOutputIP<float>, float>, float, float) [1956]"
10.939863,0.027680,98,1,1,1024,1,1,31,0.000000,0,,,"Tesla K40c (0)","1","7","void MaxPoolForward<float, float>(int, float const *, int, int, int, int, int, int, int, int, int, int, int, int, int, int, float*, long*) [1998]"
10.939894,0.166240,1,19,1,512,1,1,29,0.000000,0,,,"Tesla K40c (0)","1","7","void im2col4d_kernel<float, int>(im2col4d_params, cudnnConvolutionStruct, cudnnTensor4dStruct, float const *, float*, int) [2018]"
10.940063,0.796770,7,8,1,8,16,1,83,6.269531,0,,,"Tesla K40c (0)","1","7","cudnn_convolve_sgemm_sm35_ldg_nn_32x16x64x8x16 [2039]"
10.940863,0.011968,1,512,1,128,1,1,24,0.000000,0,,,"Tesla K40c (0)","1","7","void add_tensor_kernel_v3<int=2, float, float, int=128, int=1, int=1, int=4, int=2>(cudnnTensorStruct, float*, cudnnTensorStruct, float const *, float, float) [2051]"
10.940879,0.004256,60,1,1,512,1,1,8,0.000000,0,,,"Tesla K40c (0)","1","7","void kernelPointwiseApply1<ThresholdUpdateOutputIP<float>, float, unsigned int, int=-2>(TensorInfo<ThresholdUpdateOutputIP<float>, float>, float, float) [2063]"
10.940891,0.165440,1,19,1,512,1,1,29,0.000000,0,,,"Tesla K40c (0)","1","7","void im2col4d_kernel<float, int>(im2col4d_params, cudnnConvolutionStruct, cudnnTensor4dStruct, float const *, float*, int) [2083]"
10.941060,0.796194,7,8,1,8,16,1,83,6.269531,0,,,"Tesla K40c (0)","1","7","cudnn_convolve_sgemm_sm35_ldg_nn_32x16x64x8x16 [2104]"
10.941859,0.011808,1,512,1,128,1,1,24,0.000000,0,,,"Tesla K40c (0)","1","7","void add_tensor_kernel_v3<int=2, float, float, int=128, int=1, int=1, int=4, int=2>(cudnnTensorStruct, float*, cudnnTensorStruct, float const *, float, float) [2116]"
10.941874,0.004352,60,1,1,512,1,1,8,0.000000,0,,,"Tesla K40c (0)","1","7","void kernelPointwiseApply1<ThresholdUpdateOutputIP<float>, float, unsigned int, int=-2>(TensorInfo<ThresholdUpdateOutputIP<float>, float>, float, float) [2128]"
10.941881,0.164544,1,19,1,512,1,1,29,0.000000,0,,,"Tesla K40c (0)","1","7","void im2col4d_kernel<float, int>(im2col4d_params, cudnnConvolutionStruct, cudnnTensor4dStruct, float const *, float*, int) [2148]"
10.942049,0.797666,7,8,1,8,16,1,83,6.269531,0,,,"Tesla K40c (0)","1","7","cudnn_convolve_sgemm_sm35_ldg_nn_32x16x64x8x16 [2169]"
10.942850,0.011808,1,512,1,128,1,1,24,0.000000,0,,,"Tesla K40c (0)","1","7","void add_tensor_kernel_v3<int=2, float, float, int=128, int=1, int=1, int=4, int=2>(cudnnTensorStruct, float*, cudnnTensorStruct, float const *, float, float) [2181]"
10.942865,0.004128,60,1,1,512,1,1,8,0.000000,0,,,"Tesla K40c (0)","1","7","void kernelPointwiseApply1<ThresholdUpdateOutputIP<float>, float, unsigned int, int=-2>(TensorInfo<ThresholdUpdateOutputIP<float>, float>, float, float) [2193]"
10.942872,0.009568,25,1,1,1024,1,1,31,0.000000,0,,,"Tesla K40c (0)","1","7","void MaxPoolForward<float, float>(int, float const *, int, int, int, int, int, int, int, int, int, int, int, int, int, int, float*, long*) [2234]"
10.942885,0.002272,,,,,,,,,,0.015625,6.716016,"Tesla K40c (0)","1","7","[CUDA memcpy DtoD]"
11.090703,0.001408,,,,,,,,,,0.000107,0.074082,"Tesla K40c (0)","1","7","[CUDA memcpy HtoD]"
11.090766,2.527045,512,1,1,128,1,1,31,1.500000,0,,,"Tesla K40c (0)","1","7","void gemv2T_kernel_val<float, float, float, int=128, int=16, int=2, int=4, bool=0>(int, int, float, float const *, int, float const *, int, float, float*, int) [2392]"
11.093297,0.002912,8,1,1,512,1,1,8,0.000000,0,,,"Tesla K40c (0)","1","7","void kernelPointwiseApply1<ThresholdUpdateOutputIP<float>, float, unsigned int, int=-2>(TensorInfo<ThresholdUpdateOutputIP<float>, float>, float, float) [2404]"
11.093303,0.002176,,,,,,,,,,0.015625,7.012311,"Tesla K40c (0)","1","7","[CUDA memcpy DtoD]"
11.093308,0.001952,,,,,,,,,,0.015625,7.817003,"Tesla K40c (0)","1","7","[CUDA memcpy DtoD]"
11.093312,0.363553,512,1,1,128,1,1,31,1.500000,0,,,"Tesla K40c (0)","1","7","void gemv2T_kernel_val<float, float, float, int=128, int=16, int=2, int=4, bool=0>(int, int, float, float const *, int, float const *, int, float, float*, int) [2442]"
11.093679,0.002528,8,1,1,512,1,1,8,0.000000,0,,,"Tesla K40c (0)","1","7","void kernelPointwiseApply1<ThresholdUpdateOutputIP<float>, float, unsigned int, int=-2>(TensorInfo<ThresholdUpdateOutputIP<float>, float>, float, float) [2454]"
11.093684,0.001792,,,,,,,,,,0.015625,8.514949,"Tesla K40c (0)","1","7","[CUDA memcpy DtoD]"
11.093689,0.001920,,,,,,,,,,0.003815,1.940255,"Tesla K40c (0)","1","7","[CUDA memcpy DtoD]"
11.093693,0.104256,125,1,1,128,1,1,31,1.500000,0,,,"Tesla K40c (0)","1","7","void gemv2T_kernel_val<float, float, float, int=128, int=16, int=2, int=4, bool=0>(int, int, float, float const *, int, float const *, int, float, float*, int) [2492]"
