==1520== NVPROF is profiling process 1520, command: python vgg.py vgg11_bn
==1520== Profiling application: python vgg.py vgg11_bn
==1520== Profiling result:
"Start","Duration","Grid X","Grid Y","Grid Z","Block X","Block Y","Block Z","Registers Per Thread","Static SMem","Dynamic SMem","Size","Throughput","Device","Context","Stream","Name"
s,ms,,,,,,,,KB,B,MB,GB/s,,,,
2.192108,0.095809,,,,,,,,,,0.574219,5.852900,"Tesla K40c (0)","1","7","[CUDA memcpy HtoD]"
10.366723,0.001952,,,,,,,,,,0.006592,3.297798,"Tesla K40c (0)","1","7","[CUDA memcpy HtoD]"
10.366750,0.000832,,,,,,,,,,0.000244,0.286561,"Tesla K40c (0)","1","7","[CUDA memcpy HtoD]"
10.366771,0.000800,,,,,,,,,,0.000244,0.298023,"Tesla K40c (0)","1","7","[CUDA memcpy HtoD]"
10.366785,0.000832,,,,,,,,,,0.000244,0.286561,"Tesla K40c (0)","1","7","[CUDA memcpy HtoD]"
10.366798,0.000992,,,,,,,,,,0.000244,0.240341,"Tesla K40c (0)","1","7","[CUDA memcpy HtoD]"
10.366811,0.000832,,,,,,,,,,0.000244,0.286561,"Tesla K40c (0)","1","7","[CUDA memcpy HtoD]"
10.366892,0.047521,,,,,,,,,,0.281250,5.779723,"Tesla K40c (0)","1","7","[CUDA memcpy HtoD]"
10.366947,0.000992,,,,,,,,,,0.000488,0.480683,"Tesla K40c (0)","1","7","[CUDA memcpy HtoD]"
10.366964,0.000864,,,,,,,,,,0.000488,0.551895,"Tesla K40c (0)","1","7","[CUDA memcpy HtoD]"
10.366978,0.001088,,,,,,,,,,0.000488,0.438269,"Tesla K40c (0)","1","7","[CUDA memcpy HtoD]"
10.366991,0.000896,,,,,,,,,,0.000488,0.532184,"Tesla K40c (0)","1","7","[CUDA memcpy HtoD]"
10.367003,0.000864,,,,,,,,,,0.000488,0.551895,"Tesla K40c (0)","1","7","[CUDA memcpy HtoD]"
10.367646,0.189826,,,,,,,,,,1.125000,5.787578,"Tesla K40c (0)","1","7","[CUDA memcpy HtoD]"
10.367843,0.001024,,,,,,,,,,0.000977,0.931323,"Tesla K40c (0)","1","7","[CUDA memcpy HtoD]"
10.367861,0.000960,,,,,,,,,,0.000977,0.993411,"Tesla K40c (0)","1","7","[CUDA memcpy HtoD]"
10.367874,0.000960,,,,,,,,,,0.000977,0.993411,"Tesla K40c (0)","1","7","[CUDA memcpy HtoD]"
10.367886,0.000960,,,,,,,,,,0.000977,0.993411,"Tesla K40c (0)","1","7","[CUDA memcpy HtoD]"
10.367899,0.000928,,,,,,,,,,0.000977,1.027666,"Tesla K40c (0)","1","7","[CUDA memcpy HtoD]"
10.368464,0.432675,,,,,,,,,,2.250000,5.078328,"Tesla K40c (0)","1","7","[CUDA memcpy HtoD]"
10.368904,0.001248,,,,,,,,,,0.000977,0.764162,"Tesla K40c (0)","1","7","[CUDA memcpy HtoD]"
10.368922,0.000960,,,,,,,,,,0.000977,0.993411,"Tesla K40c (0)","1","7","[CUDA memcpy HtoD]"
10.368936,0.000960,,,,,,,,,,0.000977,0.993411,"Tesla K40c (0)","1","7","[CUDA memcpy HtoD]"
10.368949,0.000960,,,,,,,,,,0.000977,0.993411,"Tesla K40c (0)","1","7","[CUDA memcpy HtoD]"
10.368961,0.000960,,,,,,,,,,0.000977,0.993411,"Tesla K40c (0)","1","7","[CUDA memcpy HtoD]"
10.369499,0.932871,,,,,,,,,,4.500000,4.710760,"Tesla K40c (0)","1","7","[CUDA memcpy HtoD]"
10.370439,0.001376,,,,,,,,,,0.001953,1.386155,"Tesla K40c (0)","1","7","[CUDA memcpy HtoD]"
10.370457,0.001120,,,,,,,,,,0.001953,1.702990,"Tesla K40c (0)","1","7","[CUDA memcpy HtoD]"
10.370470,0.001120,,,,,,,,,,0.001953,1.702990,"Tesla K40c (0)","1","7","[CUDA memcpy HtoD]"
10.370483,0.001120,,,,,,,,,,0.001953,1.702990,"Tesla K40c (0)","1","7","[CUDA memcpy HtoD]"
10.370497,0.001120,,,,,,,,,,0.001953,1.702990,"Tesla K40c (0)","1","7","[CUDA memcpy HtoD]"
10.371039,1.842382,,,,,,,,,,9.000000,4.770489,"Tesla K40c (0)","1","7","[CUDA memcpy HtoD]"
10.372889,0.001344,,,,,,,,,,0.001953,1.419158,"Tesla K40c (0)","1","7","[CUDA memcpy HtoD]"
10.372907,0.001120,,,,,,,,,,0.001953,1.702990,"Tesla K40c (0)","1","7","[CUDA memcpy HtoD]"
10.372921,0.001120,,,,,,,,,,0.001953,1.702990,"Tesla K40c (0)","1","7","[CUDA memcpy HtoD]"
10.372934,0.001120,,,,,,,,,,0.001953,1.702990,"Tesla K40c (0)","1","7","[CUDA memcpy HtoD]"
10.372946,0.001152,,,,,,,,,,0.001953,1.655685,"Tesla K40c (0)","1","7","[CUDA memcpy HtoD]"
10.373516,1.858287,,,,,,,,,,9.000000,4.729658,"Tesla K40c (0)","1","7","[CUDA memcpy HtoD]"
10.375382,0.001344,,,,,,,,,,0.001953,1.419158,"Tesla K40c (0)","1","7","[CUDA memcpy HtoD]"
10.375400,0.001152,,,,,,,,,,0.001953,1.655685,"Tesla K40c (0)","1","7","[CUDA memcpy HtoD]"
10.375413,0.001120,,,,,,,,,,0.001953,1.702990,"Tesla K40c (0)","1","7","[CUDA memcpy HtoD]"
10.375426,0.001120,,,,,,,,,,0.001953,1.702990,"Tesla K40c (0)","1","7","[CUDA memcpy HtoD]"
10.375439,0.001120,,,,,,,,,,0.001953,1.702990,"Tesla K40c (0)","1","7","[CUDA memcpy HtoD]"
10.375910,1.845262,,,,,,,,,,9.000000,4.763043,"Tesla K40c (0)","1","7","[CUDA memcpy HtoD]"
10.377763,0.001344,,,,,,,,,,0.001953,1.419158,"Tesla K40c (0)","1","7","[CUDA memcpy HtoD]"
10.377781,0.001120,,,,,,,,,,0.001953,1.702990,"Tesla K40c (0)","1","7","[CUDA memcpy HtoD]"
10.377795,0.001120,,,,,,,,,,0.001953,1.702990,"Tesla K40c (0)","1","7","[CUDA memcpy HtoD]"
10.377808,0.001120,,,,,,,,,,0.001953,1.702990,"Tesla K40c (0)","1","7","[CUDA memcpy HtoD]"
10.377820,0.001120,,,,,,,,,,0.001953,1.702990,"Tesla K40c (0)","1","7","[CUDA memcpy HtoD]"
10.378585,82.384865,,,,,,,,,,392.000000,4.646636,"Tesla K40c (0)","1","7","[CUDA memcpy HtoD]"
10.461812,0.003552,,,,,,,,,,0.015625,4.295830,"Tesla K40c (0)","1","7","[CUDA memcpy HtoD]"
10.462466,13.455753,,,,,,,,,,64.000000,4.644853,"Tesla K40c (0)","1","7","[CUDA memcpy HtoD]"
10.476005,0.003808,,,,,,,,,,0.015625,4.007035,"Tesla K40c (0)","1","7","[CUDA memcpy HtoD]"
10.476550,3.313594,,,,,,,,,,15.625000,4.604906,"Tesla K40c (0)","1","7","[CUDA memcpy HtoD]"
10.479872,0.001856,,,,,,,,,,0.003815,2.007161,"Tesla K40c (0)","1","7","[CUDA memcpy HtoD]"
10.892997,0.001472,,,,,,,,,,0.000107,0.070861,"Tesla K40c (0)","1","7","[CUDA memcpy HtoD]"
10.893428,0.326050,1568,2,1,8,8,1,63,2.250000,0,,,"Tesla K40c (0)","1","7","void cudnn::detail::implicit_convolve_sgemm<float, int=1024, int=5, int=5, int=3, int=3, int=3, int=1, bool=1, bool=0, bool=1>(int, int, int, float const *, int, cudnn::detail::implicit_convolve_sgemm<float, int=1024, int=5, int=5, int=3, int=3, int=3, int=1, bool=1, bool=0, bool=1>*, float const *, kernel_conv_params, int, float, float, int, float const *, float const *, int, int) [580]"
10.893758,0.148129,1,64,4,128,1,1,24,0.000000,0,,,"Tesla K40c (0)","1","7","void add_tensor_kernel_v3<int=2, float, float, int=128, int=1, int=1, int=4, int=2>(cudnnTensorStruct, float*, cudnnTensorStruct, float const *, float, float) [591]"
10.893931,0.175937,64,1,1,512,1,1,18,0.000000,0,,,"Tesla K40c (0)","1","7","void cudnn::detail::bn_fw_inf_1C11_kernel_new<float, float, bool=1, int=1>(float, cudnn::detail::bn_fw_inf_1C11_kernel_new<float, float, bool=1, int=1>, cudnnTensorStruct, float const *, float, cudnnTensorStruct*, float, cudnn::detail::bn_fw_inf_1C11_kernel_new<float, float, bool=1, int=1> const *, cudnn::detail::bn_fw_inf_1C11_kernel_new<float, float, bool=1, int=1> const , cudnn::detail::bn_fw_inf_1C11_kernel_new<float, float, bool=1, int=1> const , cudnn::detail::bn_fw_inf_1C11_kernel_new<float, float, bool=1, int=1> const , cudnn::detail::bn_fw_inf_1C11_kernel_new<float, float, bool=1, int=1>) [623]"
10.896175,0.127425,60,1,1,512,1,1,8,0.000000,0,,,"Tesla K40c (0)","1","7","void kernelPointwiseApply1<ThresholdUpdateOutputIP<float>, float, unsigned int, int=-2>(TensorInfo<ThresholdUpdateOutputIP<float>, float>, float, float) [634]"
10.896406,0.174625,784,1,1,1024,1,1,31,0.000000,0,,,"Tesla K40c (0)","1","7","void MaxPoolForward<float, float>(int, float const *, int, int, int, int, int, int, int, int, int, int, int, int, int, int, float*, long*) [675]"
10.896585,0.204674,4,4,1,8,8,1,104,2.250000,0,,,"Tesla K40c (0)","1","13","void cudnn::detail::implicit_convolve_sgemm<float, int=128, int=5, int=5, int=3, int=3, int=3, int=1, bool=1, bool=0, bool=1>(int, int, int, float const *, int, cudnn::detail::implicit_convolve_sgemm<float, int=128, int=5, int=5, int=3, int=3, int=3, int=1, bool=1, bool=0, bool=1>*, float const *, kernel_conv_params, int, float, float, int, float const *, float const *, int, int) [741]"
10.896588,0.188994,4,4,1,8,8,1,104,2.250000,0,,,"Tesla K40c (0)","1","14","void cudnn::detail::implicit_convolve_sgemm<float, int=128, int=5, int=5, int=3, int=3, int=3, int=1, bool=1, bool=0, bool=1>(int, int, int, float const *, int, cudnn::detail::implicit_convolve_sgemm<float, int=128, int=5, int=5, int=3, int=3, int=3, int=1, bool=1, bool=0, bool=1>*, float const *, kernel_conv_params, int, float, float, int, float const *, float const *, int, int) [762]"
10.896593,0.193666,4,4,1,8,8,1,104,2.250000,0,,,"Tesla K40c (0)","1","15","void cudnn::detail::implicit_convolve_sgemm<float, int=128, int=5, int=5, int=3, int=3, int=3, int=1, bool=1, bool=0, bool=1>(int, int, int, float const *, int, cudnn::detail::implicit_convolve_sgemm<float, int=128, int=5, int=5, int=3, int=3, int=3, int=1, bool=1, bool=0, bool=1>*, float const *, kernel_conv_params, int, float, float, int, float const *, float const *, int, int) [783]"
10.896598,0.002752,64,1,1,9,1,1,19,0.000000,0,,,"Tesla K40c (0)","1","7","void kern_precompute_indices<bool=0>(int*, int, int, int, int, int, int) [701]"
10.896603,0.231874,4,4,1,8,8,1,104,2.250000,0,,,"Tesla K40c (0)","1","16","void cudnn::detail::implicit_convolve_sgemm<float, int=128, int=5, int=5, int=3, int=3, int=3, int=1, bool=1, bool=0, bool=1>(int, int, int, float const *, int, cudnn::detail::implicit_convolve_sgemm<float, int=128, int=5, int=5, int=3, int=3, int=3, int=1, bool=1, bool=0, bool=1>*, float const *, kernel_conv_params, int, float, float, int, float const *, float const *, int, int) [804]"
10.896607,1.069833,190,1,1,8,32,1,79,12.519531,0,,,"Tesla K40c (0)","1","7","cudnn_convolve_precomputed_sgemm_sm35_ldg_nn_64x16x128x8x32 [720]"
10.897697,0.076897,1,128,2,128,1,1,24,0.000000,0,,,"Tesla K40c (0)","1","7","void add_tensor_kernel_v3<int=2, float, float, int=128, int=1, int=1, int=4, int=2>(cudnnTensorStruct, float*, cudnnTensorStruct, float const *, float, float) [823]"
10.897785,0.079872,128,1,1,512,1,1,18,0.000000,0,,,"Tesla K40c (0)","1","7","void cudnn::detail::bn_fw_inf_1C11_kernel_new<float, float, bool=1, int=1>(float, cudnn::detail::bn_fw_inf_1C11_kernel_new<float, float, bool=1, int=1>, cudnnTensorStruct, float const *, float, cudnnTensorStruct*, float, cudnn::detail::bn_fw_inf_1C11_kernel_new<float, float, bool=1, int=1> const *, cudnn::detail::bn_fw_inf_1C11_kernel_new<float, float, bool=1, int=1> const , cudnn::detail::bn_fw_inf_1C11_kernel_new<float, float, bool=1, int=1> const , cudnn::detail::bn_fw_inf_1C11_kernel_new<float, float, bool=1, int=1> const , cudnn::detail::bn_fw_inf_1C11_kernel_new<float, float, bool=1, int=1>) [854]"
10.897877,0.066465,60,1,1,512,1,1,8,0.000000,0,,,"Tesla K40c (0)","1","7","void kernelPointwiseApply1<ThresholdUpdateOutputIP<float>, float, unsigned int, int=-2>(TensorInfo<ThresholdUpdateOutputIP<float>, float>, float, float) [865]"
10.897961,0.091105,392,1,1,1024,1,1,31,0.000000,0,,,"Tesla K40c (0)","1","7","void MaxPoolForward<float, float>(int, float const *, int, int, int, int, int, int, int, int, int, int, int, int, int, int, float*, long*) [906]"
10.898058,0.416387,2,8,1,8,8,1,104,2.250000,0,,,"Tesla K40c (0)","1","13","void cudnn::detail::implicit_convolve_sgemm<float, int=128, int=5, int=5, int=3, int=3, int=3, int=1, bool=1, bool=0, bool=1>(int, int, int, float const *, int, cudnn::detail::implicit_convolve_sgemm<float, int=128, int=5, int=5, int=3, int=3, int=3, int=1, bool=1, bool=0, bool=1>*, float const *, kernel_conv_params, int, float, float, int, float const *, float const *, int, int) [972]"
10.898066,0.413475,2,8,1,8,8,1,104,2.250000,0,,,"Tesla K40c (0)","1","14","void cudnn::detail::implicit_convolve_sgemm<float, int=128, int=5, int=5, int=3, int=3, int=3, int=1, bool=1, bool=0, bool=1>(int, int, int, float const *, int, cudnn::detail::implicit_convolve_sgemm<float, int=128, int=5, int=5, int=3, int=3, int=3, int=1, bool=1, bool=0, bool=1>*, float const *, kernel_conv_params, int, float, float, int, float const *, float const *, int, int) [993]"
10.898083,0.404579,2,8,1,8,8,1,104,2.250000,0,,,"Tesla K40c (0)","1","15","void cudnn::detail::implicit_convolve_sgemm<float, int=128, int=5, int=5, int=3, int=3, int=3, int=1, bool=1, bool=0, bool=1>(int, int, int, float const *, int, cudnn::detail::implicit_convolve_sgemm<float, int=128, int=5, int=5, int=3, int=3, int=3, int=1, bool=1, bool=0, bool=1>*, float const *, kernel_conv_params, int, float, float, int, float const *, float const *, int, int) [1014]"
10.898088,0.407235,2,8,1,8,8,1,104,2.250000,0,,,"Tesla K40c (0)","1","16","void cudnn::detail::implicit_convolve_sgemm<float, int=128, int=5, int=5, int=3, int=3, int=3, int=1, bool=1, bool=0, bool=1>(int, int, int, float const *, int, cudnn::detail::implicit_convolve_sgemm<float, int=128, int=5, int=5, int=3, int=3, int=3, int=1, bool=1, bool=0, bool=1>*, float const *, kernel_conv_params, int, float, float, int, float const *, float const *, int, int) [1035]"
10.898094,0.003488,128,1,1,9,1,1,19,0.000000,0,,,"Tesla K40c (0)","1","7","void kern_precompute_indices<bool=0>(int*, int, int, int, int, int, int) [932]"
10.898114,1.194185,46,1,1,8,32,1,125,10.269531,0,,,"Tesla K40c (0)","1","7","cudnn_convolve_precomputed_sgemm_sm35_ldg_nn_64x8x256x8x32 [951]"
10.899320,0.043424,1,256,1,128,1,1,24,0.000000,0,,,"Tesla K40c (0)","1","7","void add_tensor_kernel_v3<int=2, float, float, int=128, int=1, int=1, int=4, int=2>(cudnnTensorStruct, float*, cudnnTensorStruct, float const *, float, float) [1054]"
10.899378,0.039104,256,1,1,512,1,1,18,0.000000,0,,,"Tesla K40c (0)","1","7","void cudnn::detail::bn_fw_inf_1C11_kernel_new<float, float, bool=1, int=1>(float, cudnn::detail::bn_fw_inf_1C11_kernel_new<float, float, bool=1, int=1>, cudnnTensorStruct, float const *, float, cudnnTensorStruct*, float, cudnn::detail::bn_fw_inf_1C11_kernel_new<float, float, bool=1, int=1> const *, cudnn::detail::bn_fw_inf_1C11_kernel_new<float, float, bool=1, int=1> const , cudnn::detail::bn_fw_inf_1C11_kernel_new<float, float, bool=1, int=1> const , cudnn::detail::bn_fw_inf_1C11_kernel_new<float, float, bool=1, int=1> const , cudnn::detail::bn_fw_inf_1C11_kernel_new<float, float, bool=1, int=1>) [1085]"
10.899431,0.035457,60,1,1,512,1,1,8,0.000000,0,,,"Tesla K40c (0)","1","7","void kernelPointwiseApply1<ThresholdUpdateOutputIP<float>, float, unsigned int, int=-2>(TensorInfo<ThresholdUpdateOutputIP<float>, float>, float, float) [1096]"
10.899473,1.064776,2,8,1,8,8,1,63,2.250000,0,,,"Tesla K40c (0)","1","13","void cudnn::detail::implicit_convolve_sgemm<float, int=1024, int=5, int=5, int=3, int=3, int=3, int=1, bool=1, bool=0, bool=1>(int, int, int, float const *, int, cudnn::detail::implicit_convolve_sgemm<float, int=1024, int=5, int=5, int=3, int=3, int=3, int=1, bool=1, bool=0, bool=1>*, float const *, kernel_conv_params, int, float, float, int, float const *, float const *, int, int) [1162]"
10.899478,1.049320,2,8,1,8,8,1,63,2.250000,0,,,"Tesla K40c (0)","1","14","void cudnn::detail::implicit_convolve_sgemm<float, int=1024, int=5, int=5, int=3, int=3, int=3, int=1, bool=1, bool=0, bool=1>(int, int, int, float const *, int, cudnn::detail::implicit_convolve_sgemm<float, int=1024, int=5, int=5, int=3, int=3, int=3, int=1, bool=1, bool=0, bool=1>*, float const *, kernel_conv_params, int, float, float, int, float const *, float const *, int, int) [1183]"
10.899484,1.024360,2,8,1,8,8,1,63,2.250000,0,,,"Tesla K40c (0)","1","15","void cudnn::detail::implicit_convolve_sgemm<float, int=1024, int=5, int=5, int=3, int=3, int=3, int=1, bool=1, bool=0, bool=1>(int, int, int, float const *, int, cudnn::detail::implicit_convolve_sgemm<float, int=1024, int=5, int=5, int=3, int=3, int=3, int=1, bool=1, bool=0, bool=1>*, float const *, kernel_conv_params, int, float, float, int, float const *, float const *, int, int) [1204]"
10.899488,0.943975,2,8,1,8,8,1,63,2.250000,0,,,"Tesla K40c (0)","1","16","void cudnn::detail::implicit_convolve_sgemm<float, int=1024, int=5, int=5, int=3, int=3, int=3, int=1, bool=1, bool=0, bool=1>(int, int, int, float const *, int, cudnn::detail::implicit_convolve_sgemm<float, int=1024, int=5, int=5, int=3, int=3, int=3, int=1, bool=1, bool=0, bool=1>*, float const *, kernel_conv_params, int, float, float, int, float const *, float const *, int, int) [1225]"
10.899494,0.004416,256,1,1,9,1,1,19,0.000000,0,,,"Tesla K40c (0)","1","7","void kern_precompute_indices<bool=0>(int*, int, int, int, int, int, int) [1122]"
10.899511,2.405299,46,1,1,8,32,1,125,10.269531,0,,,"Tesla K40c (0)","1","7","cudnn_convolve_precomputed_sgemm_sm35_ldg_nn_64x8x256x8x32 [1141]"
10.901935,0.043232,1,256,1,128,1,1,24,0.000000,0,,,"Tesla K40c (0)","1","7","void add_tensor_kernel_v3<int=2, float, float, int=128, int=1, int=1, int=4, int=2>(cudnnTensorStruct, float*, cudnnTensorStruct, float const *, float, float) [1244]"
10.901992,0.039201,256,1,1,512,1,1,18,0.000000,0,,,"Tesla K40c (0)","1","7","void cudnn::detail::bn_fw_inf_1C11_kernel_new<float, float, bool=1, int=1>(float, cudnn::detail::bn_fw_inf_1C11_kernel_new<float, float, bool=1, int=1>, cudnnTensorStruct, float const *, float, cudnnTensorStruct*, float, cudnn::detail::bn_fw_inf_1C11_kernel_new<float, float, bool=1, int=1> const *, cudnn::detail::bn_fw_inf_1C11_kernel_new<float, float, bool=1, int=1> const , cudnn::detail::bn_fw_inf_1C11_kernel_new<float, float, bool=1, int=1> const , cudnn::detail::bn_fw_inf_1C11_kernel_new<float, float, bool=1, int=1> const , cudnn::detail::bn_fw_inf_1C11_kernel_new<float, float, bool=1, int=1>) [1275]"
10.902050,0.034304,60,1,1,512,1,1,8,0.000000,0,,,"Tesla K40c (0)","1","7","void kernelPointwiseApply1<ThresholdUpdateOutputIP<float>, float, unsigned int, int=-2>(TensorInfo<ThresholdUpdateOutputIP<float>, float>, float, float) [1286]"
10.902091,0.048961,196,1,1,1024,1,1,31,0.000000,0,,,"Tesla K40c (0)","1","7","void MaxPoolForward<float, float>(int, float const *, int, int, int, int, int, int, int, int, int, int, int, int, int, int, float*, long*) [1328]"
10.902144,0.003264,256,1,1,9,1,1,19,0.000000,0,,,"Tesla K40c (0)","1","7","void kern_precompute_indices<bool=0>(int*, int, int, int, int, int, int) [1354]"
10.902153,0.886503,1,16,1,8,8,1,104,2.250000,0,,,"Tesla K40c (0)","1","13","void cudnn::detail::implicit_convolve_sgemm<float, int=128, int=5, int=5, int=3, int=3, int=3, int=1, bool=1, bool=0, bool=1>(int, int, int, float const *, int, cudnn::detail::implicit_convolve_sgemm<float, int=128, int=5, int=5, int=3, int=3, int=3, int=1, bool=1, bool=0, bool=1>*, float const *, kernel_conv_params, int, float, float, int, float const *, float const *, int, int) [1394]"
10.902158,0.875175,1,16,1,8,8,1,104,2.250000,0,,,"Tesla K40c (0)","1","14","void cudnn::detail::implicit_convolve_sgemm<float, int=128, int=5, int=5, int=3, int=3, int=3, int=1, bool=1, bool=0, bool=1>(int, int, int, float const *, int, cudnn::detail::implicit_convolve_sgemm<float, int=128, int=5, int=5, int=3, int=3, int=3, int=1, bool=1, bool=0, bool=1>*, float const *, kernel_conv_params, int, float, float, int, float const *, float const *, int, int) [1415]"
10.902163,0.818278,1,16,1,8,8,1,104,2.250000,0,,,"Tesla K40c (0)","1","15","void cudnn::detail::implicit_convolve_sgemm<float, int=128, int=5, int=5, int=3, int=3, int=3, int=1, bool=1, bool=0, bool=1>(int, int, int, float const *, int, cudnn::detail::implicit_convolve_sgemm<float, int=128, int=5, int=5, int=3, int=3, int=3, int=1, bool=1, bool=0, bool=1>*, float const *, kernel_conv_params, int, float, float, int, float const *, float const *, int, int) [1436]"
10.902167,0.811270,1,16,1,8,8,1,104,2.250000,0,,,"Tesla K40c (0)","1","16","void cudnn::detail::implicit_convolve_sgemm<float, int=128, int=5, int=5, int=3, int=3, int=3, int=1, bool=1, bool=0, bool=1>(int, int, int, float const *, int, cudnn::detail::implicit_convolve_sgemm<float, int=128, int=5, int=5, int=3, int=3, int=3, int=1, bool=1, bool=0, bool=1>*, float const *, kernel_conv_params, int, float, float, int, float const *, float const *, int, int) [1457]"
10.902172,1.432811,11,2,1,8,32,1,125,10.269531,0,,,"Tesla K40c (0)","1","7","cudnn_convolve_precomputed_sgemm_sm35_ldg_nn_64x8x256x8x32 [1373]"
10.903619,0.021984,1,512,1,128,1,1,24,0.000000,0,,,"Tesla K40c (0)","1","7","void add_tensor_kernel_v3<int=2, float, float, int=128, int=1, int=1, int=4, int=2>(cudnnTensorStruct, float*, cudnnTensorStruct, float const *, float, float) [1476]"
10.903658,0.023201,512,1,1,256,1,1,18,0.000000,0,,,"Tesla K40c (0)","1","7","void cudnn::detail::bn_fw_inf_1C11_kernel_new<float, float, bool=1, int=1>(float, cudnn::detail::bn_fw_inf_1C11_kernel_new<float, float, bool=1, int=1>, cudnnTensorStruct, float const *, float, cudnnTensorStruct*, float, cudnn::detail::bn_fw_inf_1C11_kernel_new<float, float, bool=1, int=1> const *, cudnn::detail::bn_fw_inf_1C11_kernel_new<float, float, bool=1, int=1> const , cudnn::detail::bn_fw_inf_1C11_kernel_new<float, float, bool=1, int=1> const , cudnn::detail::bn_fw_inf_1C11_kernel_new<float, float, bool=1, int=1> const , cudnn::detail::bn_fw_inf_1C11_kernel_new<float, float, bool=1, int=1>) [1507]"
10.903695,0.018272,60,1,1,512,1,1,8,0.000000,0,,,"Tesla K40c (0)","1","7","void kernelPointwiseApply1<ThresholdUpdateOutputIP<float>, float, unsigned int, int=-2>(TensorInfo<ThresholdUpdateOutputIP<float>, float>, float, float) [1518]"
10.903717,0.004160,512,1,1,9,1,1,19,0.000000,0,,,"Tesla K40c (0)","1","7","void kern_precompute_indices<bool=0>(int*, int, int, int, int, int, int) [1544]"
10.903725,1.704109,1,16,1,8,8,1,104,2.250000,0,,,"Tesla K40c (0)","1","13","void cudnn::detail::implicit_convolve_sgemm<float, int=128, int=5, int=5, int=3, int=3, int=3, int=1, bool=1, bool=0, bool=1>(int, int, int, float const *, int, cudnn::detail::implicit_convolve_sgemm<float, int=128, int=5, int=5, int=3, int=3, int=3, int=1, bool=1, bool=0, bool=1>*, float const *, kernel_conv_params, int, float, float, int, float const *, float const *, int, int) [1584]"
10.903729,1.696781,1,16,1,8,8,1,104,2.250000,0,,,"Tesla K40c (0)","1","14","void cudnn::detail::implicit_convolve_sgemm<float, int=128, int=5, int=5, int=3, int=3, int=3, int=1, bool=1, bool=0, bool=1>(int, int, int, float const *, int, cudnn::detail::implicit_convolve_sgemm<float, int=128, int=5, int=5, int=3, int=3, int=3, int=1, bool=1, bool=0, bool=1>*, float const *, kernel_conv_params, int, float, float, int, float const *, float const *, int, int) [1605]"
10.903732,1.601452,1,16,1,8,8,1,104,2.250000,0,,,"Tesla K40c (0)","1","15","void cudnn::detail::implicit_convolve_sgemm<float, int=128, int=5, int=5, int=3, int=3, int=3, int=1, bool=1, bool=0, bool=1>(int, int, int, float const *, int, cudnn::detail::implicit_convolve_sgemm<float, int=128, int=5, int=5, int=3, int=3, int=3, int=1, bool=1, bool=0, bool=1>*, float const *, kernel_conv_params, int, float, float, int, float const *, float const *, int, int) [1626]"
10.903736,1.596044,1,16,1,8,8,1,104,2.250000,0,,,"Tesla K40c (0)","1","16","void cudnn::detail::implicit_convolve_sgemm<float, int=128, int=5, int=5, int=3, int=3, int=3, int=1, bool=1, bool=0, bool=1>(int, int, int, float const *, int, cudnn::detail::implicit_convolve_sgemm<float, int=128, int=5, int=5, int=3, int=3, int=3, int=1, bool=1, bool=0, bool=1>*, float const *, kernel_conv_params, int, float, float, int, float const *, float const *, int, int) [1647]"
10.903740,2.793654,11,2,1,8,32,1,125,10.269531,0,,,"Tesla K40c (0)","1","7","cudnn_convolve_precomputed_sgemm_sm35_ldg_nn_64x8x256x8x32 [1563]"
10.906540,0.022144,1,512,1,128,1,1,24,0.000000,0,,,"Tesla K40c (0)","1","7","void add_tensor_kernel_v3<int=2, float, float, int=128, int=1, int=1, int=4, int=2>(cudnnTensorStruct, float*, cudnnTensorStruct, float const *, float, float) [1666]"
10.906565,0.022912,512,1,1,256,1,1,18,0.000000,0,,,"Tesla K40c (0)","1","7","void cudnn::detail::bn_fw_inf_1C11_kernel_new<float, float, bool=1, int=1>(float, cudnn::detail::bn_fw_inf_1C11_kernel_new<float, float, bool=1, int=1>, cudnnTensorStruct, float const *, float, cudnnTensorStruct*, float, cudnn::detail::bn_fw_inf_1C11_kernel_new<float, float, bool=1, int=1> const *, cudnn::detail::bn_fw_inf_1C11_kernel_new<float, float, bool=1, int=1> const , cudnn::detail::bn_fw_inf_1C11_kernel_new<float, float, bool=1, int=1> const , cudnn::detail::bn_fw_inf_1C11_kernel_new<float, float, bool=1, int=1> const , cudnn::detail::bn_fw_inf_1C11_kernel_new<float, float, bool=1, int=1>) [1697]"
10.906591,0.017760,60,1,1,512,1,1,8,0.000000,0,,,"Tesla K40c (0)","1","7","void kernelPointwiseApply1<ThresholdUpdateOutputIP<float>, float, unsigned int, int=-2>(TensorInfo<ThresholdUpdateOutputIP<float>, float>, float, float) [1708]"
10.906612,0.028097,98,1,1,1024,1,1,31,0.000000,0,,,"Tesla K40c (0)","1","7","void MaxPoolForward<float, float>(int, float const *, int, int, int, int, int, int, int, int, int, int, int, int, int, int, float*, long*) [1750]"
10.906643,0.166465,1,19,1,512,1,1,29,0.000000,0,,,"Tesla K40c (0)","1","7","void im2col4d_kernel<float, int>(im2col4d_params, cudnnConvolutionStruct, cudnnTensor4dStruct, float const *, float*, int) [1770]"
10.906813,0.796198,7,8,1,8,16,1,83,6.269531,0,,,"Tesla K40c (0)","1","7","cudnn_convolve_sgemm_sm35_ldg_nn_32x16x64x8x16 [1791]"
10.907613,0.012160,1,512,1,128,1,1,24,0.000000,0,,,"Tesla K40c (0)","1","7","void add_tensor_kernel_v3<int=2, float, float, int=128, int=1, int=1, int=4, int=2>(cudnnTensorStruct, float*, cudnnTensorStruct, float const *, float, float) [1803]"
10.907628,0.010592,512,1,1,64,1,1,18,0.000000,0,,,"Tesla K40c (0)","1","7","void cudnn::detail::bn_fw_inf_1C11_kernel_new<float, float, bool=1, int=1>(float, cudnn::detail::bn_fw_inf_1C11_kernel_new<float, float, bool=1, int=1>, cudnnTensorStruct, float const *, float, cudnnTensorStruct*, float, cudnn::detail::bn_fw_inf_1C11_kernel_new<float, float, bool=1, int=1> const *, cudnn::detail::bn_fw_inf_1C11_kernel_new<float, float, bool=1, int=1> const , cudnn::detail::bn_fw_inf_1C11_kernel_new<float, float, bool=1, int=1> const , cudnn::detail::bn_fw_inf_1C11_kernel_new<float, float, bool=1, int=1> const , cudnn::detail::bn_fw_inf_1C11_kernel_new<float, float, bool=1, int=1>) [1834]"
10.907641,0.004448,60,1,1,512,1,1,8,0.000000,0,,,"Tesla K40c (0)","1","7","void kernelPointwiseApply1<ThresholdUpdateOutputIP<float>, float, unsigned int, int=-2>(TensorInfo<ThresholdUpdateOutputIP<float>, float>, float, float) [1845]"
10.907649,0.165186,1,19,1,512,1,1,29,0.000000,0,,,"Tesla K40c (0)","1","7","void im2col4d_kernel<float, int>(im2col4d_params, cudnnConvolutionStruct, cudnnTensor4dStruct, float const *, float*, int) [1865]"
10.907817,0.792710,7,8,1,8,16,1,83,6.269531,0,,,"Tesla K40c (0)","1","7","cudnn_convolve_sgemm_sm35_ldg_nn_32x16x64x8x16 [1886]"
10.908615,0.013024,1,512,1,128,1,1,24,0.000000,0,,,"Tesla K40c (0)","1","7","void add_tensor_kernel_v3<int=2, float, float, int=128, int=1, int=1, int=4, int=2>(cudnnTensorStruct, float*, cudnnTensorStruct, float const *, float, float) [1898]"
10.908632,0.011168,512,1,1,64,1,1,18,0.000000,0,,,"Tesla K40c (0)","1","7","void cudnn::detail::bn_fw_inf_1C11_kernel_new<float, float, bool=1, int=1>(float, cudnn::detail::bn_fw_inf_1C11_kernel_new<float, float, bool=1, int=1>, cudnnTensorStruct, float const *, float, cudnnTensorStruct*, float, cudnn::detail::bn_fw_inf_1C11_kernel_new<float, float, bool=1, int=1> const *, cudnn::detail::bn_fw_inf_1C11_kernel_new<float, float, bool=1, int=1> const , cudnn::detail::bn_fw_inf_1C11_kernel_new<float, float, bool=1, int=1> const , cudnn::detail::bn_fw_inf_1C11_kernel_new<float, float, bool=1, int=1> const , cudnn::detail::bn_fw_inf_1C11_kernel_new<float, float, bool=1, int=1>) [1929]"
10.908646,0.004512,60,1,1,512,1,1,8,0.000000,0,,,"Tesla K40c (0)","1","7","void kernelPointwiseApply1<ThresholdUpdateOutputIP<float>, float, unsigned int, int=-2>(TensorInfo<ThresholdUpdateOutputIP<float>, float>, float, float) [1940]"
10.908654,0.010592,25,1,1,1024,1,1,31,0.000000,0,,,"Tesla K40c (0)","1","7","void MaxPoolForward<float, float>(int, float const *, int, int, int, int, int, int, int, int, int, int, int, int, int, int, float*, long*) [1981]"
10.908667,0.002336,,,,,,,,,,0.015625,6.532016,"Tesla K40c (0)","1","7","[CUDA memcpy DtoD]"
11.055822,0.001216,,,,,,,,,,0.000107,0.085780,"Tesla K40c (0)","1","7","[CUDA memcpy HtoD]"
11.055885,2.504820,512,1,1,128,1,1,31,1.500000,0,,,"Tesla K40c (0)","1","7","void gemv2T_kernel_val<float, float, float, int=128, int=16, int=2, int=4, bool=0>(int, int, float, float const *, int, float const *, int, float, float*, int) [2139]"
11.058394,0.002944,8,1,1,512,1,1,8,0.000000,0,,,"Tesla K40c (0)","1","7","void kernelPointwiseApply1<ThresholdUpdateOutputIP<float>, float, unsigned int, int=-2>(TensorInfo<ThresholdUpdateOutputIP<float>, float>, float, float) [2151]"
11.058400,0.002176,,,,,,,,,,0.015625,7.012311,"Tesla K40c (0)","1","7","[CUDA memcpy DtoD]"
11.058405,0.001952,,,,,,,,,,0.015625,7.817003,"Tesla K40c (0)","1","7","[CUDA memcpy DtoD]"
11.058410,0.362147,512,1,1,128,1,1,31,1.500000,0,,,"Tesla K40c (0)","1","7","void gemv2T_kernel_val<float, float, float, int=128, int=16, int=2, int=4, bool=0>(int, int, float, float const *, int, float const *, int, float, float*, int) [2189]"
11.058775,0.002560,8,1,1,512,1,1,8,0.000000,0,,,"Tesla K40c (0)","1","7","void kernelPointwiseApply1<ThresholdUpdateOutputIP<float>, float, unsigned int, int=-2>(TensorInfo<ThresholdUpdateOutputIP<float>, float>, float, float) [2201]"
11.058781,0.001760,,,,,,,,,,0.015625,8.669767,"Tesla K40c (0)","1","7","[CUDA memcpy DtoD]"
11.058786,0.001920,,,,,,,,,,0.003815,1.940255,"Tesla K40c (0)","1","7","[CUDA memcpy DtoD]"
11.058790,0.104609,125,1,1,128,1,1,31,1.500000,0,,,"Tesla K40c (0)","1","7","void gemv2T_kernel_val<float, float, float, int=128, int=16, int=2, int=4, bool=0>(int, int, float, float const *, int, float const *, int, float, float*, int) [2239]"
