



void cudnn::detail::implicit_convolve_sgemm<float, int=1024, int=5, int=5, int=3, int=3, int=3, int=1, bool=1, bool=0, bool=1>(int, int, int, float const *, int, cudnn::detail::implicit_convolve_sgemm<float, int=1024, int=5, int=5, int=3, int=3, int=3, int=1, bool=1, bool=0, bool=1>*, float const *, kernel_conv_params, int, float, float, int, float const *, float const *, int, int)	1464057	19470	0.325091	
void add_tensor_kernel_v3<int=2, float, float, int=128, int=1, int=1, int=4, int=2>(cudnnTensorStruct, float*, cudnnTensorStruct, float const *, float, float)	401561	401428	0.146754	
void cudnn::detail::bn_fw_inf_1C11_kernel_new<float, float, bool=1, int=1>(float, cudnn::detail::bn_fw_inf_1C11_kernel_new<float, float, bool=1, int=1>, cudnnTensorStruct, float const *, float, cudnnTensorStruct*, float, cudnn::detail::bn_fw_inf_1C11_kernel_new<float, float, bool=1, int=1> const *, cudnn::detail::bn_fw_inf_1C11_kernel_new<float, float, bool=1, int=1> const , cudnn::detail::bn_fw_inf_1C11_kernel_new<float, float, bool=1, int=1> const , cudnn::detail::bn_fw_inf_1C11_kernel_new<float, float, bool=1, int=1> const , cudnn::detail::bn_fw_inf_1C11_kernel_new<float, float, bool=1, int=1>)	401410	401449	0.176994	
void kernelPointwiseApply1<ThresholdUpdateOutputIP<float>, float, unsigned int, int=-2>(TensorInfo<ThresholdUpdateOutputIP<float>, float>, float, float)	401409	401424	0.129697	
void cudnn::detail::implicit_convolve_sgemm<float, int=1024, int=5, int=5, int=3, int=3, int=3, int=1, bool=1, bool=0, bool=1>(int, int, int, float const *, int, cudnn::detail::implicit_convolve_sgemm<float, int=1024, int=5, int=5, int=3, int=3, int=3, int=1, bool=1, bool=0, bool=1>*, float const *, kernel_conv_params, int, float, float, int, float const *, float const *, int, int)	1585599	811802	0.325091	
void add_tensor_kernel_v3<int=2, float, float, int=128, int=1, int=1, int=4, int=2>(cudnnTensorStruct, float*, cudnnTensorStruct, float const *, float, float)	401566	401639	0.146754	
void cudnn::detail::bn_fw_inf_1C11_kernel_new<float, float, bool=1, int=1>(float, cudnn::detail::bn_fw_inf_1C11_kernel_new<float, float, bool=1, int=1>, cudnnTensorStruct, float const *, float, cudnnTensorStruct*, float, cudnn::detail::bn_fw_inf_1C11_kernel_new<float, float, bool=1, int=1> const *, cudnn::detail::bn_fw_inf_1C11_kernel_new<float, float, bool=1, int=1> const , cudnn::detail::bn_fw_inf_1C11_kernel_new<float, float, bool=1, int=1> const , cudnn::detail::bn_fw_inf_1C11_kernel_new<float, float, bool=1, int=1> const , cudnn::detail::bn_fw_inf_1C11_kernel_new<float, float, bool=1, int=1>)	401410	401449	0.176994	
void kernelPointwiseApply1<ThresholdUpdateOutputIP<float>, float, unsigned int, int=-2>(TensorInfo<ThresholdUpdateOutputIP<float>, float>, float, float)	401410	401568	0.129697	
void MaxPoolForward<float, float>(int, float const *, int, int, int, int, int, int, int, int, int, int, int, int, int, int, float*, long*)	301057	401941	0.175298	
void kern_precompute_indices<bool=0>(int*, int, int, int, int, int, int)	73	14	0.002976	
cudnn_convolve_precomputed_sgemm_sm35_ldg_nn_64x16x128x8x32	854750	120530	1.043979	
void cudnn::detail::implicit_convolve_sgemm<float, int=128, int=5, int=5, int=3, int=3, int=3, int=1, bool=1, bool=0, bool=1>(int, int, int, float const *, int, cudnn::detail::implicit_convolve_sgemm<float, int=128, int=5, int=5, int=3, int=3, int=3, int=1, bool=1, bool=0, bool=1>*, float const *, kernel_conv_params, int, float, float, int, float const *, float const *, int, int)	7170	11378	0.208835	
void cudnn::detail::implicit_convolve_sgemm<float, int=128, int=5, int=5, int=3, int=3, int=3, int=1, bool=1, bool=0, bool=1>(int, int, int, float const *, int, cudnn::detail::implicit_convolve_sgemm<float, int=128, int=5, int=5, int=3, int=3, int=3, int=1, bool=1, bool=0, bool=1>*, float const *, kernel_conv_params, int, float, float, int, float const *, float const *, int, int)	7170	11378	0.208835	
void cudnn::detail::implicit_convolve_sgemm<float, int=128, int=5, int=5, int=3, int=3, int=3, int=1, bool=1, bool=0, bool=1>(int, int, int, float const *, int, cudnn::detail::implicit_convolve_sgemm<float, int=128, int=5, int=5, int=3, int=3, int=3, int=1, bool=1, bool=0, bool=1>*, float const *, kernel_conv_params, int, float, float, int, float const *, float const *, int, int)	14081	16754	0.207363	
void cudnn::detail::implicit_convolve_sgemm<float, int=128, int=5, int=5, int=3, int=3, int=3, int=1, bool=1, bool=0, bool=1>(int, int, int, float const *, int, cudnn::detail::implicit_convolve_sgemm<float, int=128, int=5, int=5, int=3, int=3, int=3, int=1, bool=1, bool=0, bool=1>*, float const *, kernel_conv_params, int, float, float, int, float const *, float const *, int, int)	14080	16851	0.185154	
void add_tensor_kernel_v3<int=2, float, float, int=128, int=1, int=1, int=4, int=2>(cudnnTensorStruct, float*, cudnnTensorStruct, float const *, float, float)	200705	200731	0.147266	
void cudnn::detail::bn_fw_inf_1C11_kernel_new<float, float, bool=1, int=1>(float, cudnn::detail::bn_fw_inf_1C11_kernel_new<float, float, bool=1, int=1>, cudnnTensorStruct, float const *, float, cudnnTensorStruct*, float, cudnn::detail::bn_fw_inf_1C11_kernel_new<float, float, bool=1, int=1> const *, cudnn::detail::bn_fw_inf_1C11_kernel_new<float, float, bool=1, int=1> const , cudnn::detail::bn_fw_inf_1C11_kernel_new<float, float, bool=1, int=1> const , cudnn::detail::bn_fw_inf_1C11_kernel_new<float, float, bool=1, int=1> const , cudnn::detail::bn_fw_inf_1C11_kernel_new<float, float, bool=1, int=1>)	200706	200802	0.177058	
void kernelPointwiseApply1<ThresholdUpdateOutputIP<float>, float, unsigned int, int=-2>(TensorInfo<ThresholdUpdateOutputIP<float>, float>, float, float)	200705	200800	0.128673	
void kern_precompute_indices<bool=0>(int*, int, int, int, int, int, int)	148	6	0.002976	
cudnn_convolve_precomputed_sgemm_sm35_ldg_nn_64x16x128x8x32	846842	296764	1.043979	
void cudnn::detail::implicit_convolve_sgemm<float, int=128, int=5, int=5, int=3, int=3, int=3, int=1, bool=1, bool=0, bool=1>(int, int, int, float const *, int, cudnn::detail::implicit_convolve_sgemm<float, int=128, int=5, int=5, int=3, int=3, int=3, int=1, bool=1, bool=0, bool=1>*, float const *, kernel_conv_params, int, float, float, int, float const *, float const *, int, int)	7168	22386	0.183841	
void cudnn::detail::implicit_convolve_sgemm<float, int=128, int=5, int=5, int=3, int=3, int=3, int=1, bool=1, bool=0, bool=1>(int, int, int, float const *, int, cudnn::detail::implicit_convolve_sgemm<float, int=128, int=5, int=5, int=3, int=3, int=3, int=1, bool=1, bool=0, bool=1>*, float const *, kernel_conv_params, int, float, float, int, float const *, float const *, int, int)	7170	22386	0.371396	
void cudnn::detail::implicit_convolve_sgemm<float, int=128, int=5, int=5, int=3, int=3, int=3, int=1, bool=1, bool=0, bool=1>(int, int, int, float const *, int, cudnn::detail::implicit_convolve_sgemm<float, int=128, int=5, int=5, int=3, int=3, int=3, int=1, bool=1, bool=0, bool=1>*, float const *, kernel_conv_params, int, float, float, int, float const *, float const *, int, int)	14081	33158	0.366404	
void cudnn::detail::implicit_convolve_sgemm<float, int=128, int=5, int=5, int=3, int=3, int=3, int=1, bool=1, bool=0, bool=1>(int, int, int, float const *, int, cudnn::detail::implicit_convolve_sgemm<float, int=128, int=5, int=5, int=3, int=3, int=3, int=1, bool=1, bool=0, bool=1>*, float const *, kernel_conv_params, int, float, float, int, float const *, float const *, int, int)	14081	33306	0.373860	
void add_tensor_kernel_v3<int=2, float, float, int=128, int=1, int=1, int=4, int=2>(cudnnTensorStruct, float*, cudnnTensorStruct, float const *, float, float)	200705	200731	0.076161	
void cudnn::detail::bn_fw_inf_1C11_kernel_new<float, float, bool=1, int=1>(float, cudnn::detail::bn_fw_inf_1C11_kernel_new<float, float, bool=1, int=1>, cudnnTensorStruct, float const *, float, cudnnTensorStruct*, float, cudnn::detail::bn_fw_inf_1C11_kernel_new<float, float, bool=1, int=1> const *, cudnn::detail::bn_fw_inf_1C11_kernel_new<float, float, bool=1, int=1> const , cudnn::detail::bn_fw_inf_1C11_kernel_new<float, float, bool=1, int=1> const , cudnn::detail::bn_fw_inf_1C11_kernel_new<float, float, bool=1, int=1> const , cudnn::detail::bn_fw_inf_1C11_kernel_new<float, float, bool=1, int=1>)	200704	200897	0.078785	
void kernelPointwiseApply1<ThresholdUpdateOutputIP<float>, float, unsigned int, int=-2>(TensorInfo<ThresholdUpdateOutputIP<float>, float>, float, float)	200704	200736	0.066689	
void MaxPoolForward<float, float>(int, float const *, int, int, int, int, int, int, int, int, int, int, int, int, int, int, float*, long*)	150528	200709	0.175298	
void kern_precompute_indices<bool=0>(int*, int, int, int, int, int, int)	146	6	0.003968	
cudnn_convolve_precomputed_sgemm_sm35_ldg_nn_64x8x256x8x32	432283	124748	1.217709	
void cudnn::detail::implicit_convolve_sgemm<float, int=128, int=5, int=5, int=3, int=3, int=3, int=1, bool=1, bool=0, bool=1>(int, int, int, float const *, int, cudnn::detail::implicit_convolve_sgemm<float, int=128, int=5, int=5, int=3, int=3, int=3, int=1, bool=1, bool=0, bool=1>*, float const *, kernel_conv_params, int, float, float, int, float const *, float const *, int, int)	7170	39018	0.355460	
void cudnn::detail::implicit_convolve_sgemm<float, int=128, int=5, int=5, int=3, int=3, int=3, int=1, bool=1, bool=0, bool=1>(int, int, int, float const *, int, cudnn::detail::implicit_convolve_sgemm<float, int=128, int=5, int=5, int=3, int=3, int=3, int=1, bool=1, bool=0, bool=1>*, float const *, kernel_conv_params, int, float, float, int, float const *, float const *, int, int)	7169	39106	0.418661	
void cudnn::detail::implicit_convolve_sgemm<float, int=128, int=5, int=5, int=3, int=3, int=3, int=1, bool=1, bool=0, bool=1>(int, int, int, float const *, int, cudnn::detail::implicit_convolve_sgemm<float, int=128, int=5, int=5, int=3, int=3, int=3, int=1, bool=1, bool=0, bool=1>*, float const *, kernel_conv_params, int, float, float, int, float const *, float const *, int, int)	13825	44418	0.413093	
void cudnn::detail::implicit_convolve_sgemm<float, int=128, int=5, int=5, int=3, int=3, int=3, int=1, bool=1, bool=0, bool=1>(int, int, int, float const *, int, cudnn::detail::implicit_convolve_sgemm<float, int=128, int=5, int=5, int=3, int=3, int=3, int=1, bool=1, bool=0, bool=1>*, float const *, kernel_conv_params, int, float, float, int, float const *, float const *, int, int)	13825	44398	0.406244	
void add_tensor_kernel_v3<int=2, float, float, int=128, int=1, int=1, int=4, int=2>(cudnnTensorStruct, float*, cudnnTensorStruct, float const *, float, float)	101181	100429	0.075489	
void cudnn::detail::bn_fw_inf_1C11_kernel_new<float, float, bool=1, int=1>(float, cudnn::detail::bn_fw_inf_1C11_kernel_new<float, float, bool=1, int=1>, cudnnTensorStruct, float const *, float, cudnnTensorStruct*, float, cudnn::detail::bn_fw_inf_1C11_kernel_new<float, float, bool=1, int=1> const *, cudnn::detail::bn_fw_inf_1C11_kernel_new<float, float, bool=1, int=1> const , cudnn::detail::bn_fw_inf_1C11_kernel_new<float, float, bool=1, int=1> const , cudnn::detail::bn_fw_inf_1C11_kernel_new<float, float, bool=1, int=1> const , cudnn::detail::bn_fw_inf_1C11_kernel_new<float, float, bool=1, int=1>)	100354	100510	0.078305	
void kernelPointwiseApply1<ThresholdUpdateOutputIP<float>, float, unsigned int, int=-2>(TensorInfo<ThresholdUpdateOutputIP<float>, float>, float, float)	100353	100368	0.065249	
void kern_precompute_indices<bool=0>(int*, int, int, int, int, int, int)	292	6	0.002816	
cudnn_convolve_precomputed_sgemm_sm35_ldg_nn_64x8x256x8x32	431516	257043	1.217709	
void cudnn::detail::implicit_convolve_sgemm<float, int=1024, int=5, int=5, int=3, int=3, int=3, int=1, bool=1, bool=0, bool=1>(int, int, int, float const *, int, cudnn::detail::implicit_convolve_sgemm<float, int=1024, int=5, int=5, int=3, int=3, int=3, int=1, bool=1, bool=0, bool=1>*, float const *, kernel_conv_params, int, float, float, int, float const *, float const *, int, int)	7169	77690	3.218787	
void cudnn::detail::implicit_convolve_sgemm<float, int=1024, int=5, int=5, int=3, int=3, int=3, int=1, bool=1, bool=0, bool=1>(int, int, int, float const *, int, cudnn::detail::implicit_convolve_sgemm<float, int=1024, int=5, int=5, int=3, int=3, int=3, int=1, bool=1, bool=0, bool=1>*, float const *, kernel_conv_params, int, float, float, int, float const *, float const *, int, int)	7170	78162	1.078539	
void cudnn::detail::implicit_convolve_sgemm<float, int=1024, int=5, int=5, int=3, int=3, int=3, int=1, bool=1, bool=0, bool=1>(int, int, int, float const *, int, cudnn::detail::implicit_convolve_sgemm<float, int=1024, int=5, int=5, int=3, int=3, int=3, int=1, bool=1, bool=0, bool=1>*, float const *, kernel_conv_params, int, float, float, int, float const *, float const *, int, int)	13826	88450	1.081579	
void cudnn::detail::implicit_convolve_sgemm<float, int=1024, int=5, int=5, int=3, int=3, int=3, int=1, bool=1, bool=0, bool=1>(int, int, int, float const *, int, cudnn::detail::implicit_convolve_sgemm<float, int=1024, int=5, int=5, int=3, int=3, int=3, int=1, bool=1, bool=0, bool=1>*, float const *, kernel_conv_params, int, float, float, int, float const *, float const *, int, int)	13824	88810	1.007691	
void add_tensor_kernel_v3<int=2, float, float, int=128, int=1, int=1, int=4, int=2>(cudnnTensorStruct, float*, cudnnTensorStruct, float const *, float, float)	101173	100473	0.043265	
void cudnn::detail::bn_fw_inf_1C11_kernel_new<float, float, bool=1, int=1>(float, cudnn::detail::bn_fw_inf_1C11_kernel_new<float, float, bool=1, int=1>, cudnnTensorStruct, float const *, float, cudnnTensorStruct*, float, cudnn::detail::bn_fw_inf_1C11_kernel_new<float, float, bool=1, int=1> const *, cudnn::detail::bn_fw_inf_1C11_kernel_new<float, float, bool=1, int=1> const , cudnn::detail::bn_fw_inf_1C11_kernel_new<float, float, bool=1, int=1> const , cudnn::detail::bn_fw_inf_1C11_kernel_new<float, float, bool=1, int=1> const , cudnn::detail::bn_fw_inf_1C11_kernel_new<float, float, bool=1, int=1>)	100353	100485	0.039328	
void kernelPointwiseApply1<ThresholdUpdateOutputIP<float>, float, unsigned int, int=-2>(TensorInfo<ThresholdUpdateOutputIP<float>, float>, float, float)	100354	100360	0.034433	
void kern_precompute_indices<bool=0>(int*, int, int, int, int, int, int)	302	6	0.003936	
cudnn_convolve_precomputed_sgemm_sm35_ldg_nn_64x8x256x8x32	431608	258413	2.363578	
void cudnn::detail::implicit_convolve_sgemm<float, int=1024, int=5, int=5, int=3, int=3, int=3, int=1, bool=1, bool=0, bool=1>(int, int, int, float const *, int, cudnn::detail::implicit_convolve_sgemm<float, int=1024, int=5, int=5, int=3, int=3, int=3, int=1, bool=1, bool=0, bool=1>*, float const *, kernel_conv_params, int, float, float, int, float const *, float const *, int, int)	7169	77970	1.049195	
void cudnn::detail::implicit_convolve_sgemm<float, int=1024, int=5, int=5, int=3, int=3, int=3, int=1, bool=1, bool=0, bool=1>(int, int, int, float const *, int, cudnn::detail::implicit_convolve_sgemm<float, int=1024, int=5, int=5, int=3, int=3, int=3, int=1, bool=1, bool=0, bool=1>*, float const *, kernel_conv_params, int, float, float, int, float const *, float const *, int, int)	7170	77690	1.111596	
void cudnn::detail::implicit_convolve_sgemm<float, int=1024, int=5, int=5, int=3, int=3, int=3, int=1, bool=1, bool=0, bool=1>(int, int, int, float const *, int, cudnn::detail::implicit_convolve_sgemm<float, int=1024, int=5, int=5, int=3, int=3, int=3, int=1, bool=1, bool=0, bool=1>*, float const *, kernel_conv_params, int, float, float, int, float const *, float const *, int, int)	13825	88466	1.095852	
void cudnn::detail::implicit_convolve_sgemm<float, int=1024, int=5, int=5, int=3, int=3, int=3, int=1, bool=1, bool=0, bool=1>(int, int, int, float const *, int, cudnn::detail::implicit_convolve_sgemm<float, int=1024, int=5, int=5, int=3, int=3, int=3, int=1, bool=1, bool=0, bool=1>*, float const *, kernel_conv_params, int, float, float, int, float const *, float const *, int, int)	13826	88458	1.042059	
void add_tensor_kernel_v3<int=2, float, float, int=128, int=1, int=1, int=4, int=2>(cudnnTensorStruct, float*, cudnnTensorStruct, float const *, float, float)	101197	100393	0.044000	
void cudnn::detail::bn_fw_inf_1C11_kernel_new<float, float, bool=1, int=1>(float, cudnn::detail::bn_fw_inf_1C11_kernel_new<float, float, bool=1, int=1>, cudnnTensorStruct, float const *, float, cudnnTensorStruct*, float, cudnn::detail::bn_fw_inf_1C11_kernel_new<float, float, bool=1, int=1> const *, cudnn::detail::bn_fw_inf_1C11_kernel_new<float, float, bool=1, int=1> const , cudnn::detail::bn_fw_inf_1C11_kernel_new<float, float, bool=1, int=1> const , cudnn::detail::bn_fw_inf_1C11_kernel_new<float, float, bool=1, int=1> const , cudnn::detail::bn_fw_inf_1C11_kernel_new<float, float, bool=1, int=1>)	100353	100485	0.039457	
void kernelPointwiseApply1<ThresholdUpdateOutputIP<float>, float, unsigned int, int=-2>(TensorInfo<ThresholdUpdateOutputIP<float>, float>, float, float)	100354	100360	0.033760	
void kern_precompute_indices<bool=0>(int*, int, int, int, int, int, int)	294	6	0.003552	
cudnn_convolve_precomputed_sgemm_sm35_ldg_nn_64x8x256x8x32	431494	263960	2.410394	
void cudnn::detail::implicit_convolve_sgemm<float, int=1024, int=5, int=5, int=3, int=3, int=3, int=1, bool=1, bool=0, bool=1>(int, int, int, float const *, int, cudnn::detail::implicit_convolve_sgemm<float, int=1024, int=5, int=5, int=3, int=3, int=3, int=1, bool=1, bool=0, bool=1>*, float const *, kernel_conv_params, int, float, float, int, float const *, float const *, int, int)	7169	78322	1.080587	
void cudnn::detail::implicit_convolve_sgemm<float, int=1024, int=5, int=5, int=3, int=3, int=3, int=1, bool=1, bool=0, bool=1>(int, int, int, float const *, int, cudnn::detail::implicit_convolve_sgemm<float, int=1024, int=5, int=5, int=3, int=3, int=3, int=1, bool=1, bool=0, bool=1>*, float const *, kernel_conv_params, int, float, float, int, float const *, float const *, int, int)	7165	77866	1.118764	
void cudnn::detail::implicit_convolve_sgemm<float, int=1024, int=5, int=5, int=3, int=3, int=3, int=1, bool=1, bool=0, bool=1>(int, int, int, float const *, int, cudnn::detail::implicit_convolve_sgemm<float, int=1024, int=5, int=5, int=3, int=3, int=3, int=1, bool=1, bool=0, bool=1>*, float const *, kernel_conv_params, int, float, float, int, float const *, float const *, int, int)	13824	88442	1.126636	
void cudnn::detail::implicit_convolve_sgemm<float, int=1024, int=5, int=5, int=3, int=3, int=3, int=1, bool=1, bool=0, bool=1>(int, int, int, float const *, int, cudnn::detail::implicit_convolve_sgemm<float, int=1024, int=5, int=5, int=3, int=3, int=3, int=1, bool=1, bool=0, bool=1>*, float const *, kernel_conv_params, int, float, float, int, float const *, float const *, int, int)	13826	88658	1.079500	
void add_tensor_kernel_v3<int=2, float, float, int=128, int=1, int=1, int=4, int=2>(cudnnTensorStruct, float*, cudnnTensorStruct, float const *, float, float)	101210	100393	0.043489	
void cudnn::detail::bn_fw_inf_1C11_kernel_new<float, float, bool=1, int=1>(float, cudnn::detail::bn_fw_inf_1C11_kernel_new<float, float, bool=1, int=1>, cudnnTensorStruct, float const *, float, cudnnTensorStruct*, float, cudnn::detail::bn_fw_inf_1C11_kernel_new<float, float, bool=1, int=1> const *, cudnn::detail::bn_fw_inf_1C11_kernel_new<float, float, bool=1, int=1> const , cudnn::detail::bn_fw_inf_1C11_kernel_new<float, float, bool=1, int=1> const , cudnn::detail::bn_fw_inf_1C11_kernel_new<float, float, bool=1, int=1> const , cudnn::detail::bn_fw_inf_1C11_kernel_new<float, float, bool=1, int=1>)	100353	100614	0.039552	
void kernelPointwiseApply1<ThresholdUpdateOutputIP<float>, float, unsigned int, int=-2>(TensorInfo<ThresholdUpdateOutputIP<float>, float>, float, float)	100353	100360	0.033857	
void MaxPoolForward<float, float>(int, float const *, int, int, int, int, int, int, int, int, int, int, int, int, int, int, float*, long*)	75264	100357	0.092321	
void kern_precompute_indices<bool=0>(int*, int, int, int, int, int, int)	295	6	0.003584	
cudnn_convolve_precomputed_sgemm_sm35_ldg_nn_64x8x256x8x32	206630	265351	2.410266	
void cudnn::detail::implicit_convolve_sgemm<float, int=128, int=5, int=5, int=3, int=3, int=3, int=1, bool=1, bool=0, bool=1>(int, int, int, float const *, int, cudnn::detail::implicit_convolve_sgemm<float, int=128, int=5, int=5, int=3, int=3, int=3, int=1, bool=1, bool=0, bool=1>*, float const *, kernel_conv_params, int, float, float, int, float const *, float const *, int, int)	8193	150434	0.406916	
void cudnn::detail::implicit_convolve_sgemm<float, int=128, int=5, int=5, int=3, int=3, int=3, int=1, bool=1, bool=0, bool=1>(int, int, int, float const *, int, cudnn::detail::implicit_convolve_sgemm<float, int=128, int=5, int=5, int=3, int=3, int=3, int=1, bool=1, bool=0, bool=1>*, float const *, kernel_conv_params, int, float, float, int, float const *, float const *, int, int)	8194	149758	0.818537	
void cudnn::detail::implicit_convolve_sgemm<float, int=128, int=5, int=5, int=3, int=3, int=3, int=1, bool=1, bool=0, bool=1>(int, int, int, float const *, int, cudnn::detail::implicit_convolve_sgemm<float, int=128, int=5, int=5, int=3, int=3, int=3, int=1, bool=1, bool=0, bool=1>*, float const *, kernel_conv_params, int, float, float, int, float const *, float const *, int, int)	13313	155170	0.814249	
void cudnn::detail::implicit_convolve_sgemm<float, int=128, int=5, int=5, int=3, int=3, int=3, int=1, bool=1, bool=0, bool=1>(int, int, int, float const *, int, cudnn::detail::implicit_convolve_sgemm<float, int=128, int=5, int=5, int=3, int=3, int=3, int=1, bool=1, bool=0, bool=1>*, float const *, kernel_conv_params, int, float, float, int, float const *, float const *, int, int)	13313	154994	0.816425	
void add_tensor_kernel_v3<int=2, float, float, int=128, int=1, int=1, int=4, int=2>(cudnnTensorStruct, float*, cudnnTensorStruct, float const *, float, float)	50176	50249	0.043169	
void cudnn::detail::bn_fw_inf_1C11_kernel_new<float, float, bool=1, int=1>(float, cudnn::detail::bn_fw_inf_1C11_kernel_new<float, float, bool=1, int=1>, cudnnTensorStruct, float const *, float, cudnnTensorStruct*, float, cudnn::detail::bn_fw_inf_1C11_kernel_new<float, float, bool=1, int=1> const *, cudnn::detail::bn_fw_inf_1C11_kernel_new<float, float, bool=1, int=1> const , cudnn::detail::bn_fw_inf_1C11_kernel_new<float, float, bool=1, int=1> const , cudnn::detail::bn_fw_inf_1C11_kernel_new<float, float, bool=1, int=1> const , cudnn::detail::bn_fw_inf_1C11_kernel_new<float, float, bool=1, int=1>)	50178	50437	0.039553	
void kernelPointwiseApply1<ThresholdUpdateOutputIP<float>, float, unsigned int, int=-2>(TensorInfo<ThresholdUpdateOutputIP<float>, float>, float, float)	50178	50184	0.033792	
void kern_precompute_indices<bool=0>(int*, int, int, int, int, int, int)	625	30	0.003456	
cudnn_convolve_precomputed_sgemm_sm35_ldg_nn_64x8x256x8x32	206278	619124	1.435760	
void cudnn::detail::implicit_convolve_sgemm<float, int=128, int=5, int=5, int=3, int=3, int=3, int=1, bool=1, bool=0, bool=1>(int, int, int, float const *, int, cudnn::detail::implicit_convolve_sgemm<float, int=128, int=5, int=5, int=3, int=3, int=3, int=1, bool=1, bool=0, bool=1>*, float const *, kernel_conv_params, int, float, float, int, float const *, float const *, int, int)	8192	299226	0.812169	
void cudnn::detail::implicit_convolve_sgemm<float, int=128, int=5, int=5, int=3, int=3, int=3, int=1, bool=1, bool=0, bool=1>(int, int, int, float const *, int, cudnn::detail::implicit_convolve_sgemm<float, int=128, int=5, int=5, int=3, int=3, int=3, int=1, bool=1, bool=0, bool=1>*, float const *, kernel_conv_params, int, float, float, int, float const *, float const *, int, int)	8194	299098	1.640050	
void cudnn::detail::implicit_convolve_sgemm<float, int=128, int=5, int=5, int=3, int=3, int=3, int=1, bool=1, bool=0, bool=1>(int, int, int, float const *, int, cudnn::detail::implicit_convolve_sgemm<float, int=128, int=5, int=5, int=3, int=3, int=3, int=1, bool=1, bool=0, bool=1>*, float const *, kernel_conv_params, int, float, float, int, float const *, float const *, int, int)	13314	309618	1.640530	
void cudnn::detail::implicit_convolve_sgemm<float, int=128, int=5, int=5, int=3, int=3, int=3, int=1, bool=1, bool=0, bool=1>(int, int, int, float const *, int, cudnn::detail::implicit_convolve_sgemm<float, int=128, int=5, int=5, int=3, int=3, int=3, int=1, bool=1, bool=0, bool=1>*, float const *, kernel_conv_params, int, float, float, int, float const *, float const *, int, int)	13313	309618	1.557137	
void add_tensor_kernel_v3<int=2, float, float, int=128, int=1, int=1, int=4, int=2>(cudnnTensorStruct, float*, cudnnTensorStruct, float const *, float, float)	50178	50249	0.021760	
void cudnn::detail::bn_fw_inf_1C11_kernel_new<float, float, bool=1, int=1>(float, cudnn::detail::bn_fw_inf_1C11_kernel_new<float, float, bool=1, int=1>, cudnnTensorStruct, float const *, float, cudnnTensorStruct*, float, cudnn::detail::bn_fw_inf_1C11_kernel_new<float, float, bool=1, int=1> const *, cudnn::detail::bn_fw_inf_1C11_kernel_new<float, float, bool=1, int=1> const , cudnn::detail::bn_fw_inf_1C11_kernel_new<float, float, bool=1, int=1> const , cudnn::detail::bn_fw_inf_1C11_kernel_new<float, float, bool=1, int=1> const , cudnn::detail::bn_fw_inf_1C11_kernel_new<float, float, bool=1, int=1>)	50178	50437	0.023008	
void kernelPointwiseApply1<ThresholdUpdateOutputIP<float>, float, unsigned int, int=-2>(TensorInfo<ThresholdUpdateOutputIP<float>, float>, float, float)	50178	50184	0.017952	
void kern_precompute_indices<bool=0>(int*, int, int, int, int, int, int)	611	6	0.004288	
cudnn_convolve_precomputed_sgemm_sm35_ldg_nn_64x8x256x8x32	206201	623454	2.805406	
void cudnn::detail::implicit_convolve_sgemm<float, int=128, int=5, int=5, int=3, int=3, int=3, int=1, bool=1, bool=0, bool=1>(int, int, int, float const *, int, cudnn::detail::implicit_convolve_sgemm<float, int=128, int=5, int=5, int=3, int=3, int=3, int=1, bool=1, bool=0, bool=1>*, float const *, kernel_conv_params, int, float, float, int, float const *, float const *, int, int)	8194	298866	1.568817	
void cudnn::detail::implicit_convolve_sgemm<float, int=128, int=5, int=5, int=3, int=3, int=3, int=1, bool=1, bool=0, bool=1>(int, int, int, float const *, int, cudnn::detail::implicit_convolve_sgemm<float, int=128, int=5, int=5, int=3, int=3, int=3, int=1, bool=1, bool=0, bool=1>*, float const *, kernel_conv_params, int, float, float, int, float const *, float const *, int, int)	8192	298866	1.562768	
void cudnn::detail::implicit_convolve_sgemm<float, int=128, int=5, int=5, int=3, int=3, int=3, int=1, bool=1, bool=0, bool=1>(int, int, int, float const *, int, cudnn::detail::implicit_convolve_sgemm<float, int=128, int=5, int=5, int=3, int=3, int=3, int=1, bool=1, bool=0, bool=1>*, float const *, kernel_conv_params, int, float, float, int, float const *, float const *, int, int)	13313	309618	1.596113	
void cudnn::detail::implicit_convolve_sgemm<float, int=128, int=5, int=5, int=3, int=3, int=3, int=1, bool=1, bool=0, bool=1>(int, int, int, float const *, int, cudnn::detail::implicit_convolve_sgemm<float, int=128, int=5, int=5, int=3, int=3, int=3, int=1, bool=1, bool=0, bool=1>*, float const *, kernel_conv_params, int, float, float, int, float const *, float const *, int, int)	13314	309794	1.629361	
void add_tensor_kernel_v3<int=2, float, float, int=128, int=1, int=1, int=4, int=2>(cudnnTensorStruct, float*, cudnnTensorStruct, float const *, float, float)	50176	50249	0.021953	
void cudnn::detail::bn_fw_inf_1C11_kernel_new<float, float, bool=1, int=1>(float, cudnn::detail::bn_fw_inf_1C11_kernel_new<float, float, bool=1, int=1>, cudnnTensorStruct, float const *, float, cudnnTensorStruct*, float, cudnn::detail::bn_fw_inf_1C11_kernel_new<float, float, bool=1, int=1> const *, cudnn::detail::bn_fw_inf_1C11_kernel_new<float, float, bool=1, int=1> const , cudnn::detail::bn_fw_inf_1C11_kernel_new<float, float, bool=1, int=1> const , cudnn::detail::bn_fw_inf_1C11_kernel_new<float, float, bool=1, int=1> const , cudnn::detail::bn_fw_inf_1C11_kernel_new<float, float, bool=1, int=1>)	50177	50437	0.023360	
void kernelPointwiseApply1<ThresholdUpdateOutputIP<float>, float, unsigned int, int=-2>(TensorInfo<ThresholdUpdateOutputIP<float>, float>, float, float)	50178	50200	0.018176	
void kern_precompute_indices<bool=0>(int*, int, int, int, int, int, int)	612	6	0.007040	
cudnn_convolve_precomputed_sgemm_sm35_ldg_nn_64x8x256x8x32	205883	671604	2.798238	
void cudnn::detail::implicit_convolve_sgemm<float, int=128, int=5, int=5, int=3, int=3, int=3, int=1, bool=1, bool=0, bool=1>(int, int, int, float const *, int, cudnn::detail::implicit_convolve_sgemm<float, int=128, int=5, int=5, int=3, int=3, int=3, int=1, bool=1, bool=0, bool=1>*, float const *, kernel_conv_params, int, float, float, int, float const *, float const *, int, int)	8192	299034	1.627153	
void cudnn::detail::implicit_convolve_sgemm<float, int=128, int=5, int=5, int=3, int=3, int=3, int=1, bool=1, bool=0, bool=1>(int, int, int, float const *, int, cudnn::detail::implicit_convolve_sgemm<float, int=128, int=5, int=5, int=3, int=3, int=3, int=1, bool=1, bool=0, bool=1>*, float const *, kernel_conv_params, int, float, float, int, float const *, float const *, int, int)	8193	300098	1.656978	
void cudnn::detail::implicit_convolve_sgemm<float, int=128, int=5, int=5, int=3, int=3, int=3, int=1, bool=1, bool=0, bool=1>(int, int, int, float const *, int, cudnn::detail::implicit_convolve_sgemm<float, int=128, int=5, int=5, int=3, int=3, int=3, int=1, bool=1, bool=0, bool=1>*, float const *, kernel_conv_params, int, float, float, int, float const *, float const *, int, int)	13313	309810	1.642354	
void cudnn::detail::implicit_convolve_sgemm<float, int=128, int=5, int=5, int=3, int=3, int=3, int=1, bool=1, bool=0, bool=1>(int, int, int, float const *, int, cudnn::detail::implicit_convolve_sgemm<float, int=128, int=5, int=5, int=3, int=3, int=3, int=1, bool=1, bool=0, bool=1>*, float const *, kernel_conv_params, int, float, float, int, float const *, float const *, int, int)	13313	310031	1.598705	
void add_tensor_kernel_v3<int=2, float, float, int=128, int=1, int=1, int=4, int=2>(cudnnTensorStruct, float*, cudnnTensorStruct, float const *, float, float)	50178	50249	0.021729	
void cudnn::detail::bn_fw_inf_1C11_kernel_new<float, float, bool=1, int=1>(float, cudnn::detail::bn_fw_inf_1C11_kernel_new<float, float, bool=1, int=1>, cudnnTensorStruct, float const *, float, cudnnTensorStruct*, float, cudnn::detail::bn_fw_inf_1C11_kernel_new<float, float, bool=1, int=1> const *, cudnn::detail::bn_fw_inf_1C11_kernel_new<float, float, bool=1, int=1> const , cudnn::detail::bn_fw_inf_1C11_kernel_new<float, float, bool=1, int=1> const , cudnn::detail::bn_fw_inf_1C11_kernel_new<float, float, bool=1, int=1> const , cudnn::detail::bn_fw_inf_1C11_kernel_new<float, float, bool=1, int=1>)	50177	50437	0.023072	
void kernelPointwiseApply1<ThresholdUpdateOutputIP<float>, float, unsigned int, int=-2>(TensorInfo<ThresholdUpdateOutputIP<float>, float>, float, float)	50176	50184	0.018144	
void MaxPoolForward<float, float>(int, float const *, int, int, int, int, int, int, int, int, int, int, int, int, int, int, float*, long*)	37632	50181	0.049121	
void im2col4d_kernel<float, int>(im2col4d_params, cudnnConvolutionStruct, cudnnTensor4dStruct, float const *, float*, int)	124689	12546	0.167010	
cudnn_convolve_sgemm_sm35_ldg_nn_32x16x64x8x16	18138	553049	0.796297	
void add_tensor_kernel_v3<int=2, float, float, int=128, int=1, int=1, int=4, int=2>(cudnnTensorStruct, float*, cudnnTensorStruct, float const *, float, float)	12766	12617	0.022176	
void cudnn::detail::bn_fw_inf_1C11_kernel_new<float, float, bool=1, int=1>(float, cudnn::detail::bn_fw_inf_1C11_kernel_new<float, float, bool=1, int=1>, cudnnTensorStruct, float const *, float, cudnnTensorStruct*, float, cudnn::detail::bn_fw_inf_1C11_kernel_new<float, float, bool=1, int=1> const *, cudnn::detail::bn_fw_inf_1C11_kernel_new<float, float, bool=1, int=1> const , cudnn::detail::bn_fw_inf_1C11_kernel_new<float, float, bool=1, int=1> const , cudnn::detail::bn_fw_inf_1C11_kernel_new<float, float, bool=1, int=1> const , cudnn::detail::bn_fw_inf_1C11_kernel_new<float, float, bool=1, int=1>)	13498	12805	0.023457	
void kernelPointwiseApply1<ThresholdUpdateOutputIP<float>, float, unsigned int, int=-2>(TensorInfo<ThresholdUpdateOutputIP<float>, float>, float, float)	12544	12552	0.017920	
void im2col4d_kernel<float, int>(im2col4d_params, cudnnConvolutionStruct, cudnnTensor4dStruct, float const *, float*, int)	124483	12579	0.167010	
cudnn_convolve_sgemm_sm35_ldg_nn_32x16x64x8x16	18312	554407	0.796297	
void add_tensor_kernel_v3<int=2, float, float, int=128, int=1, int=1, int=4, int=2>(cudnnTensorStruct, float*, cudnnTensorStruct, float const *, float, float)	12769	12617	0.012032	
void cudnn::detail::bn_fw_inf_1C11_kernel_new<float, float, bool=1, int=1>(float, cudnn::detail::bn_fw_inf_1C11_kernel_new<float, float, bool=1, int=1>, cudnnTensorStruct, float const *, float, cudnnTensorStruct*, float, cudnn::detail::bn_fw_inf_1C11_kernel_new<float, float, bool=1, int=1> const *, cudnn::detail::bn_fw_inf_1C11_kernel_new<float, float, bool=1, int=1> const , cudnn::detail::bn_fw_inf_1C11_kernel_new<float, float, bool=1, int=1> const , cudnn::detail::bn_fw_inf_1C11_kernel_new<float, float, bool=1, int=1> const , cudnn::detail::bn_fw_inf_1C11_kernel_new<float, float, bool=1, int=1>)	13496	12830	0.010624	
void kernelPointwiseApply1<ThresholdUpdateOutputIP<float>, float, unsigned int, int=-2>(TensorInfo<ThresholdUpdateOutputIP<float>, float>, float, float)	12546	12560	0.004608	
void im2col4d_kernel<float, int>(im2col4d_params, cudnnConvolutionStruct, cudnnTensor4dStruct, float const *, float*, int)	124545	12546	0.165666	
cudnn_convolve_sgemm_sm35_ldg_nn_32x16x64x8x16	18269	551428	0.797128	
void add_tensor_kernel_v3<int=2, float, float, int=128, int=1, int=1, int=4, int=2>(cudnnTensorStruct, float*, cudnnTensorStruct, float const *, float, float)	12771	12645	0.012097	
void cudnn::detail::bn_fw_inf_1C11_kernel_new<float, float, bool=1, int=1>(float, cudnn::detail::bn_fw_inf_1C11_kernel_new<float, float, bool=1, int=1>, cudnnTensorStruct, float const *, float, cudnnTensorStruct*, float, cudnn::detail::bn_fw_inf_1C11_kernel_new<float, float, bool=1, int=1> const *, cudnn::detail::bn_fw_inf_1C11_kernel_new<float, float, bool=1, int=1> const , cudnn::detail::bn_fw_inf_1C11_kernel_new<float, float, bool=1, int=1> const , cudnn::detail::bn_fw_inf_1C11_kernel_new<float, float, bool=1, int=1> const , cudnn::detail::bn_fw_inf_1C11_kernel_new<float, float, bool=1, int=1>)	13521	12805	0.010656	
void kernelPointwiseApply1<ThresholdUpdateOutputIP<float>, float, unsigned int, int=-2>(TensorInfo<ThresholdUpdateOutputIP<float>, float>, float, float)	12545	12576	0.004832	
void im2col4d_kernel<float, int>(im2col4d_params, cudnnConvolutionStruct, cudnnTensor4dStruct, float const *, float*, int)	124587	12906	0.165762	
cudnn_convolve_sgemm_sm35_ldg_nn_32x16x64x8x16	18272	552807	0.822121	
void add_tensor_kernel_v3<int=2, float, float, int=128, int=1, int=1, int=4, int=2>(cudnnTensorStruct, float*, cudnnTensorStruct, float const *, float, float)	12770	12617	0.012128	
void cudnn::detail::bn_fw_inf_1C11_kernel_new<float, float, bool=1, int=1>(float, cudnn::detail::bn_fw_inf_1C11_kernel_new<float, float, bool=1, int=1>, cudnnTensorStruct, float const *, float, cudnnTensorStruct*, float, cudnn::detail::bn_fw_inf_1C11_kernel_new<float, float, bool=1, int=1> const *, cudnn::detail::bn_fw_inf_1C11_kernel_new<float, float, bool=1, int=1> const , cudnn::detail::bn_fw_inf_1C11_kernel_new<float, float, bool=1, int=1> const , cudnn::detail::bn_fw_inf_1C11_kernel_new<float, float, bool=1, int=1> const , cudnn::detail::bn_fw_inf_1C11_kernel_new<float, float, bool=1, int=1>)	13519	12805	0.010656	
void kernelPointwiseApply1<ThresholdUpdateOutputIP<float>, float, unsigned int, int=-2>(TensorInfo<ThresholdUpdateOutputIP<float>, float>, float, float)	12545	12552	0.004832	
void MaxPoolForward<float, float>(int, float const *, int, int, int, int, int, int, int, int, int, int, int, int, int, int, float*, long*)	9410	12549	0.028192	
void gemv2T_kernel_val<float, float, float, int=128, int=16, int=2, int=4, bool=0>(int, int, float, float const *, int, float const *, int, float, float*, int)	516	12860142	2.495579	
void kernelPointwiseApply1<ThresholdUpdateOutputIP<float>, float, unsigned int, int=-2>(TensorInfo<ThresholdUpdateOutputIP<float>, float>, float, float)	513	508	0.004608	
void gemv2T_kernel_val<float, float, float, int=128, int=16, int=2, int=4, bool=0>(int, int, float, float const *, int, float const *, int, float, float*, int)	517	2099406	2.495579	
void kernelPointwiseApply1<ThresholdUpdateOutputIP<float>, float, unsigned int, int=-2>(TensorInfo<ThresholdUpdateOutputIP<float>, float>, float, float)	513	512	0.002945	
void gemv2T_kernel_val<float, float, float, int=128, int=16, int=2, int=4, bool=0>(int, int, float, float const *, int, float const *, int, float, float*, int)	128	512647	0.359620	
