



void cudnn::detail::implicit_convolve_sgemm<float, int=1024, int=5, int=5, int=3, int=3, int=3, int=1, bool=1, bool=0, bool=1>(int, int, int, float const *, int, cudnn::detail::implicit_convolve_sgemm<float, int=1024, int=5, int=5, int=3, int=3, int=3, int=1, bool=1, bool=0, bool=1>*, float const *, kernel_conv_params, int, float, float, int, float const *, float const *, int, int)	1463085	19718	0.326049	
void add_tensor_kernel_v3<int=2, float, float, int=128, int=1, int=1, int=4, int=2>(cudnnTensorStruct, float*, cudnnTensorStruct, float const *, float, float)	401572	401427	0.149217	
void cudnn::detail::bn_fw_inf_1C11_kernel_new<float, float, bool=1, int=1>(float, cudnn::detail::bn_fw_inf_1C11_kernel_new<float, float, bool=1, int=1>, cudnnTensorStruct, float const *, float, cudnnTensorStruct*, float, cudnn::detail::bn_fw_inf_1C11_kernel_new<float, float, bool=1, int=1> const *, cudnn::detail::bn_fw_inf_1C11_kernel_new<float, float, bool=1, int=1> const , cudnn::detail::bn_fw_inf_1C11_kernel_new<float, float, bool=1, int=1> const , cudnn::detail::bn_fw_inf_1C11_kernel_new<float, float, bool=1, int=1> const , cudnn::detail::bn_fw_inf_1C11_kernel_new<float, float, bool=1, int=1>)	401409	401577	0.177793	
void kernelPointwiseApply1<ThresholdUpdateOutputIP<float>, float, unsigned int, int=-2>(TensorInfo<ThresholdUpdateOutputIP<float>, float>, float, float)	401410	401416	0.129376	
void cudnn::detail::implicit_convolve_sgemm<float, int=1024, int=5, int=5, int=3, int=3, int=3, int=1, bool=1, bool=0, bool=1>(int, int, int, float const *, int, cudnn::detail::implicit_convolve_sgemm<float, int=1024, int=5, int=5, int=3, int=3, int=3, int=1, bool=1, bool=0, bool=1>*, float const *, kernel_conv_params, int, float, float, int, float const *, float const *, int, int)	1585674	815625	0.326049	
void add_tensor_kernel_v3<int=2, float, float, int=128, int=1, int=1, int=4, int=2>(cudnnTensorStruct, float*, cudnnTensorStruct, float const *, float, float)	401593	401451	0.149217	
void cudnn::detail::bn_fw_inf_1C11_kernel_new<float, float, bool=1, int=1>(float, cudnn::detail::bn_fw_inf_1C11_kernel_new<float, float, bool=1, int=1>, cudnnTensorStruct, float const *, float, cudnnTensorStruct*, float, cudnn::detail::bn_fw_inf_1C11_kernel_new<float, float, bool=1, int=1> const *, cudnn::detail::bn_fw_inf_1C11_kernel_new<float, float, bool=1, int=1> const , cudnn::detail::bn_fw_inf_1C11_kernel_new<float, float, bool=1, int=1> const , cudnn::detail::bn_fw_inf_1C11_kernel_new<float, float, bool=1, int=1> const , cudnn::detail::bn_fw_inf_1C11_kernel_new<float, float, bool=1, int=1>)	401408	401473	0.177793	
void kernelPointwiseApply1<ThresholdUpdateOutputIP<float>, float, unsigned int, int=-2>(TensorInfo<ThresholdUpdateOutputIP<float>, float>, float, float)	401409	401436	0.129376	
void MaxPoolForward<float, float>(int, float const *, int, int, int, int, int, int, int, int, int, int, int, int, int, int, float*, long*)	301057	401733	0.175521	
void kern_precompute_indices<bool=0>(int*, int, int, int, int, int, int)	74	6	0.003008	
cudnn_convolve_precomputed_sgemm_sm35_ldg_nn_64x16x128x8x32	856950	118318	1.020165	
void cudnn::detail::implicit_convolve_sgemm<float, int=128, int=5, int=5, int=3, int=3, int=3, int=1, bool=1, bool=0, bool=1>(int, int, int, float const *, int, cudnn::detail::implicit_convolve_sgemm<float, int=128, int=5, int=5, int=3, int=3, int=3, int=1, bool=1, bool=0, bool=1>*, float const *, kernel_conv_params, int, float, float, int, float const *, float const *, int, int)	7169	11378	0.208065	
void cudnn::detail::implicit_convolve_sgemm<float, int=128, int=5, int=5, int=3, int=3, int=3, int=1, bool=1, bool=0, bool=1>(int, int, int, float const *, int, cudnn::detail::implicit_convolve_sgemm<float, int=128, int=5, int=5, int=3, int=3, int=3, int=1, bool=1, bool=0, bool=1>*, float const *, kernel_conv_params, int, float, float, int, float const *, float const *, int, int)	7170	11383	0.208065	
void cudnn::detail::implicit_convolve_sgemm<float, int=128, int=5, int=5, int=3, int=3, int=3, int=1, bool=1, bool=0, bool=1>(int, int, int, float const *, int, cudnn::detail::implicit_convolve_sgemm<float, int=128, int=5, int=5, int=3, int=3, int=3, int=1, bool=1, bool=0, bool=1>*, float const *, kernel_conv_params, int, float, float, int, float const *, float const *, int, int)	14081	16754	0.207713	
void cudnn::detail::implicit_convolve_sgemm<float, int=128, int=5, int=5, int=3, int=3, int=3, int=1, bool=1, bool=0, bool=1>(int, int, int, float const *, int, cudnn::detail::implicit_convolve_sgemm<float, int=128, int=5, int=5, int=3, int=3, int=3, int=1, bool=1, bool=0, bool=1>*, float const *, kernel_conv_params, int, float, float, int, float const *, float const *, int, int)	14082	16754	0.189345	
void add_tensor_kernel_v3<int=2, float, float, int=128, int=1, int=1, int=4, int=2>(cudnnTensorStruct, float*, cudnnTensorStruct, float const *, float, float)	200705	200731	0.147393	
void cudnn::detail::bn_fw_inf_1C11_kernel_new<float, float, bool=1, int=1>(float, cudnn::detail::bn_fw_inf_1C11_kernel_new<float, float, bool=1, int=1>, cudnnTensorStruct, float const *, float, cudnnTensorStruct*, float, cudnn::detail::bn_fw_inf_1C11_kernel_new<float, float, bool=1, int=1> const *, cudnn::detail::bn_fw_inf_1C11_kernel_new<float, float, bool=1, int=1> const , cudnn::detail::bn_fw_inf_1C11_kernel_new<float, float, bool=1, int=1> const , cudnn::detail::bn_fw_inf_1C11_kernel_new<float, float, bool=1, int=1> const , cudnn::detail::bn_fw_inf_1C11_kernel_new<float, float, bool=1, int=1>)	200704	200801	0.175041	
void kernelPointwiseApply1<ThresholdUpdateOutputIP<float>, float, unsigned int, int=-2>(TensorInfo<ThresholdUpdateOutputIP<float>, float>, float, float)	200705	200712	0.128256	
void kern_precompute_indices<bool=0>(int*, int, int, int, int, int, int)	145	6	0.003008	
cudnn_convolve_precomputed_sgemm_sm35_ldg_nn_64x16x128x8x32	860167	289155	1.020165	
void cudnn::detail::implicit_convolve_sgemm<float, int=128, int=5, int=5, int=3, int=3, int=3, int=1, bool=1, bool=0, bool=1>(int, int, int, float const *, int, cudnn::detail::implicit_convolve_sgemm<float, int=128, int=5, int=5, int=3, int=3, int=3, int=1, bool=1, bool=0, bool=1>*, float const *, kernel_conv_params, int, float, float, int, float const *, float const *, int, int)	7169	22391	0.180257	
void cudnn::detail::implicit_convolve_sgemm<float, int=128, int=5, int=5, int=3, int=3, int=3, int=1, bool=1, bool=0, bool=1>(int, int, int, float const *, int, cudnn::detail::implicit_convolve_sgemm<float, int=128, int=5, int=5, int=3, int=3, int=3, int=1, bool=1, bool=0, bool=1>*, float const *, kernel_conv_params, int, float, float, int, float const *, float const *, int, int)	7168	22530	0.440290	
void cudnn::detail::implicit_convolve_sgemm<float, int=128, int=5, int=5, int=3, int=3, int=3, int=1, bool=1, bool=0, bool=1>(int, int, int, float const *, int, cudnn::detail::implicit_convolve_sgemm<float, int=128, int=5, int=5, int=3, int=3, int=3, int=1, bool=1, bool=0, bool=1>*, float const *, kernel_conv_params, int, float, float, int, float const *, float const *, int, int)	14080	33150	0.418818	
void cudnn::detail::implicit_convolve_sgemm<float, int=128, int=5, int=5, int=3, int=3, int=3, int=1, bool=1, bool=0, bool=1>(int, int, int, float const *, int, cudnn::detail::implicit_convolve_sgemm<float, int=128, int=5, int=5, int=3, int=3, int=3, int=1, bool=1, bool=0, bool=1>*, float const *, kernel_conv_params, int, float, float, int, float const *, float const *, int, int)	14080	33150	0.380770	
void add_tensor_kernel_v3<int=2, float, float, int=128, int=1, int=1, int=4, int=2>(cudnnTensorStruct, float*, cudnnTensorStruct, float const *, float, float)	200705	200731	0.076096	
void cudnn::detail::bn_fw_inf_1C11_kernel_new<float, float, bool=1, int=1>(float, cudnn::detail::bn_fw_inf_1C11_kernel_new<float, float, bool=1, int=1>, cudnnTensorStruct, float const *, float, cudnnTensorStruct*, float, cudnn::detail::bn_fw_inf_1C11_kernel_new<float, float, bool=1, int=1> const *, cudnn::detail::bn_fw_inf_1C11_kernel_new<float, float, bool=1, int=1> const , cudnn::detail::bn_fw_inf_1C11_kernel_new<float, float, bool=1, int=1> const , cudnn::detail::bn_fw_inf_1C11_kernel_new<float, float, bool=1, int=1> const , cudnn::detail::bn_fw_inf_1C11_kernel_new<float, float, bool=1, int=1>)	200705	200777	0.080097	
void kernelPointwiseApply1<ThresholdUpdateOutputIP<float>, float, unsigned int, int=-2>(TensorInfo<ThresholdUpdateOutputIP<float>, float>, float, float)	200705	200840	0.064832	
void MaxPoolForward<float, float>(int, float const *, int, int, int, int, int, int, int, int, int, int, int, int, int, int, float*, long*)	150529	200709	0.175521	
void kern_precompute_indices<bool=0>(int*, int, int, int, int, int, int)	149	6	0.003072	
cudnn_convolve_precomputed_sgemm_sm35_ldg_nn_64x8x256x8x32	432239	124980	1.211206	
void cudnn::detail::implicit_convolve_sgemm<float, int=128, int=5, int=5, int=3, int=3, int=3, int=1, bool=1, bool=0, bool=1>(int, int, int, float const *, int, cudnn::detail::implicit_convolve_sgemm<float, int=128, int=5, int=5, int=3, int=3, int=3, int=1, bool=1, bool=0, bool=1>*, float const *, kernel_conv_params, int, float, float, int, float const *, float const *, int, int)	7169	39038	0.412034	
void cudnn::detail::implicit_convolve_sgemm<float, int=128, int=5, int=5, int=3, int=3, int=3, int=1, bool=1, bool=0, bool=1>(int, int, int, float const *, int, cudnn::detail::implicit_convolve_sgemm<float, int=128, int=5, int=5, int=3, int=3, int=3, int=1, bool=1, bool=0, bool=1>*, float const *, kernel_conv_params, int, float, float, int, float const *, float const *, int, int)	7168	39282	0.411874	
void cudnn::detail::implicit_convolve_sgemm<float, int=128, int=5, int=5, int=3, int=3, int=3, int=1, bool=1, bool=0, bool=1>(int, int, int, float const *, int, cudnn::detail::implicit_convolve_sgemm<float, int=128, int=5, int=5, int=3, int=3, int=3, int=1, bool=1, bool=0, bool=1>*, float const *, kernel_conv_params, int, float, float, int, float const *, float const *, int, int)	13825	44407	0.410818	
void cudnn::detail::implicit_convolve_sgemm<float, int=128, int=5, int=5, int=3, int=3, int=3, int=1, bool=1, bool=0, bool=1>(int, int, int, float const *, int, cudnn::detail::implicit_convolve_sgemm<float, int=128, int=5, int=5, int=3, int=3, int=3, int=1, bool=1, bool=0, bool=1>*, float const *, kernel_conv_params, int, float, float, int, float const *, float const *, int, int)	13824	44398	0.392642	
void add_tensor_kernel_v3<int=2, float, float, int=128, int=1, int=1, int=4, int=2>(cudnnTensorStruct, float*, cudnnTensorStruct, float const *, float, float)	101192	100393	0.075776	
void cudnn::detail::bn_fw_inf_1C11_kernel_new<float, float, bool=1, int=1>(float, cudnn::detail::bn_fw_inf_1C11_kernel_new<float, float, bool=1, int=1>, cudnnTensorStruct, float const *, float, cudnnTensorStruct*, float, cudnn::detail::bn_fw_inf_1C11_kernel_new<float, float, bool=1, int=1> const *, cudnn::detail::bn_fw_inf_1C11_kernel_new<float, float, bool=1, int=1> const , cudnn::detail::bn_fw_inf_1C11_kernel_new<float, float, bool=1, int=1> const , cudnn::detail::bn_fw_inf_1C11_kernel_new<float, float, bool=1, int=1> const , cudnn::detail::bn_fw_inf_1C11_kernel_new<float, float, bool=1, int=1>)	100352	100511	0.078368	
void kernelPointwiseApply1<ThresholdUpdateOutputIP<float>, float, unsigned int, int=-2>(TensorInfo<ThresholdUpdateOutputIP<float>, float>, float, float)	100353	100360	0.065185	
void kern_precompute_indices<bool=0>(int*, int, int, int, int, int, int)	296	6	0.003328	
cudnn_convolve_precomputed_sgemm_sm35_ldg_nn_64x8x256x8x32	431444	259584	1.211206	
void cudnn::detail::implicit_convolve_sgemm<float, int=1024, int=5, int=5, int=3, int=3, int=3, int=1, bool=1, bool=0, bool=1>(int, int, int, float const *, int, cudnn::detail::implicit_convolve_sgemm<float, int=1024, int=5, int=5, int=3, int=3, int=3, int=1, bool=1, bool=0, bool=1>*, float const *, kernel_conv_params, int, float, float, int, float const *, float const *, int, int)	7169	77682	3.227118	
void cudnn::detail::implicit_convolve_sgemm<float, int=1024, int=5, int=5, int=3, int=3, int=3, int=1, bool=1, bool=0, bool=1>(int, int, int, float const *, int, cudnn::detail::implicit_convolve_sgemm<float, int=1024, int=5, int=5, int=3, int=3, int=3, int=1, bool=1, bool=0, bool=1>*, float const *, kernel_conv_params, int, float, float, int, float const *, float const *, int, int)	7169	77682	1.170085	
void cudnn::detail::implicit_convolve_sgemm<float, int=1024, int=5, int=5, int=3, int=3, int=3, int=1, bool=1, bool=0, bool=1>(int, int, int, float const *, int, cudnn::detail::implicit_convolve_sgemm<float, int=1024, int=5, int=5, int=3, int=3, int=3, int=1, bool=1, bool=0, bool=1>*, float const *, kernel_conv_params, int, float, float, int, float const *, float const *, int, int)	13825	89318	1.114789	
void cudnn::detail::implicit_convolve_sgemm<float, int=1024, int=5, int=5, int=3, int=3, int=3, int=1, bool=1, bool=0, bool=1>(int, int, int, float const *, int, cudnn::detail::implicit_convolve_sgemm<float, int=1024, int=5, int=5, int=3, int=3, int=3, int=1, bool=1, bool=0, bool=1>*, float const *, kernel_conv_params, int, float, float, int, float const *, float const *, int, int)	13825	88794	1.006085	
void add_tensor_kernel_v3<int=2, float, float, int=128, int=1, int=1, int=4, int=2>(cudnnTensorStruct, float*, cudnnTensorStruct, float const *, float, float)	101190	100393	0.042944	
void cudnn::detail::bn_fw_inf_1C11_kernel_new<float, float, bool=1, int=1>(float, cudnn::detail::bn_fw_inf_1C11_kernel_new<float, float, bool=1, int=1>, cudnnTensorStruct, float const *, float, cudnnTensorStruct*, float, cudnn::detail::bn_fw_inf_1C11_kernel_new<float, float, bool=1, int=1> const *, cudnn::detail::bn_fw_inf_1C11_kernel_new<float, float, bool=1, int=1> const , cudnn::detail::bn_fw_inf_1C11_kernel_new<float, float, bool=1, int=1> const , cudnn::detail::bn_fw_inf_1C11_kernel_new<float, float, bool=1, int=1> const , cudnn::detail::bn_fw_inf_1C11_kernel_new<float, float, bool=1, int=1>)	100352	100485	0.039584	
void kernelPointwiseApply1<ThresholdUpdateOutputIP<float>, float, unsigned int, int=-2>(TensorInfo<ThresholdUpdateOutputIP<float>, float>, float, float)	100353	100360	0.033952	
void MaxPoolForward<float, float>(int, float const *, int, int, int, int, int, int, int, int, int, int, int, int, int, int, float*, long*)	75265	100365	0.091168	
void kern_precompute_indices<bool=0>(int*, int, int, int, int, int, int)	300	6	0.004128	
cudnn_convolve_precomputed_sgemm_sm35_ldg_nn_64x8x256x8x32	206710	265136	2.407499	
void cudnn::detail::implicit_convolve_sgemm<float, int=128, int=5, int=5, int=3, int=3, int=3, int=1, bool=1, bool=0, bool=1>(int, int, int, float const *, int, cudnn::detail::implicit_convolve_sgemm<float, int=128, int=5, int=5, int=3, int=3, int=3, int=1, bool=1, bool=0, bool=1>*, float const *, kernel_conv_params, int, float, float, int, float const *, float const *, int, int)	8192	149690	0.386850	
void cudnn::detail::implicit_convolve_sgemm<float, int=128, int=5, int=5, int=3, int=3, int=3, int=1, bool=1, bool=0, bool=1>(int, int, int, float const *, int, cudnn::detail::implicit_convolve_sgemm<float, int=128, int=5, int=5, int=3, int=3, int=3, int=1, bool=1, bool=0, bool=1>*, float const *, kernel_conv_params, int, float, float, int, float const *, float const *, int, int)	8192	149818	0.819203	
void cudnn::detail::implicit_convolve_sgemm<float, int=128, int=5, int=5, int=3, int=3, int=3, int=1, bool=1, bool=0, bool=1>(int, int, int, float const *, int, cudnn::detail::implicit_convolve_sgemm<float, int=128, int=5, int=5, int=3, int=3, int=3, int=1, bool=1, bool=0, bool=1>*, float const *, kernel_conv_params, int, float, float, int, float const *, float const *, int, int)	13313	154994	0.814819	
void cudnn::detail::implicit_convolve_sgemm<float, int=128, int=5, int=5, int=3, int=3, int=3, int=1, bool=1, bool=0, bool=1>(int, int, int, float const *, int, cudnn::detail::implicit_convolve_sgemm<float, int=128, int=5, int=5, int=3, int=3, int=3, int=1, bool=1, bool=0, bool=1>*, float const *, kernel_conv_params, int, float, float, int, float const *, float const *, int, int)	13312	154994	0.807811	
void add_tensor_kernel_v3<int=2, float, float, int=128, int=1, int=1, int=4, int=2>(cudnnTensorStruct, float*, cudnnTensorStruct, float const *, float, float)	50176	50289	0.043296	
void cudnn::detail::bn_fw_inf_1C11_kernel_new<float, float, bool=1, int=1>(float, cudnn::detail::bn_fw_inf_1C11_kernel_new<float, float, bool=1, int=1>, cudnnTensorStruct, float const *, float, cudnnTensorStruct*, float, cudnn::detail::bn_fw_inf_1C11_kernel_new<float, float, bool=1, int=1> const *, cudnn::detail::bn_fw_inf_1C11_kernel_new<float, float, bool=1, int=1> const , cudnn::detail::bn_fw_inf_1C11_kernel_new<float, float, bool=1, int=1> const , cudnn::detail::bn_fw_inf_1C11_kernel_new<float, float, bool=1, int=1> const , cudnn::detail::bn_fw_inf_1C11_kernel_new<float, float, bool=1, int=1>)	50177	50453	0.039616	
void kernelPointwiseApply1<ThresholdUpdateOutputIP<float>, float, unsigned int, int=-2>(TensorInfo<ThresholdUpdateOutputIP<float>, float>, float, float)	50177	50192	0.034336	
void kern_precompute_indices<bool=0>(int*, int, int, int, int, int, int)	594	26	0.003840	
cudnn_convolve_precomputed_sgemm_sm35_ldg_nn_64x8x256x8x32	206377	619033	1.438790	
void cudnn::detail::implicit_convolve_sgemm<float, int=128, int=5, int=5, int=3, int=3, int=3, int=1, bool=1, bool=0, bool=1>(int, int, int, float const *, int, cudnn::detail::implicit_convolve_sgemm<float, int=128, int=5, int=5, int=3, int=3, int=3, int=1, bool=1, bool=0, bool=1>*, float const *, kernel_conv_params, int, float, float, int, float const *, float const *, int, int)	8192	298866	0.791587	
void cudnn::detail::implicit_convolve_sgemm<float, int=128, int=5, int=5, int=3, int=3, int=3, int=1, bool=1, bool=0, bool=1>(int, int, int, float const *, int, cudnn::detail::implicit_convolve_sgemm<float, int=128, int=5, int=5, int=3, int=3, int=3, int=1, bool=1, bool=0, bool=1>*, float const *, kernel_conv_params, int, float, float, int, float const *, float const *, int, int)	8192	298871	1.615846	
void cudnn::detail::implicit_convolve_sgemm<float, int=128, int=5, int=5, int=3, int=3, int=3, int=1, bool=1, bool=0, bool=1>(int, int, int, float const *, int, cudnn::detail::implicit_convolve_sgemm<float, int=128, int=5, int=5, int=3, int=3, int=3, int=1, bool=1, bool=0, bool=1>*, float const *, kernel_conv_params, int, float, float, int, float const *, float const *, int, int)	13312	310487	1.604998	
void cudnn::detail::implicit_convolve_sgemm<float, int=128, int=5, int=5, int=3, int=3, int=3, int=1, bool=1, bool=0, bool=1>(int, int, int, float const *, int, cudnn::detail::implicit_convolve_sgemm<float, int=128, int=5, int=5, int=3, int=3, int=3, int=1, bool=1, bool=0, bool=1>*, float const *, kernel_conv_params, int, float, float, int, float const *, float const *, int, int)	13312	309623	1.643591	
void add_tensor_kernel_v3<int=2, float, float, int=128, int=1, int=1, int=4, int=2>(cudnnTensorStruct, float*, cudnnTensorStruct, float const *, float, float)	50178	50289	0.021984	
void cudnn::detail::bn_fw_inf_1C11_kernel_new<float, float, bool=1, int=1>(float, cudnn::detail::bn_fw_inf_1C11_kernel_new<float, float, bool=1, int=1>, cudnnTensorStruct, float const *, float, cudnnTensorStruct*, float, cudnn::detail::bn_fw_inf_1C11_kernel_new<float, float, bool=1, int=1> const *, cudnn::detail::bn_fw_inf_1C11_kernel_new<float, float, bool=1, int=1> const , cudnn::detail::bn_fw_inf_1C11_kernel_new<float, float, bool=1, int=1> const , cudnn::detail::bn_fw_inf_1C11_kernel_new<float, float, bool=1, int=1> const , cudnn::detail::bn_fw_inf_1C11_kernel_new<float, float, bool=1, int=1>)	50176	50437	0.023072	
void kernelPointwiseApply1<ThresholdUpdateOutputIP<float>, float, unsigned int, int=-2>(TensorInfo<ThresholdUpdateOutputIP<float>, float>, float, float)	50177	50248	0.018688	
void MaxPoolForward<float, float>(int, float const *, int, int, int, int, int, int, int, int, int, int, int, int, int, int, float*, long*)	37633	50181	0.049985	
void im2col4d_kernel<float, int>(im2col4d_params, cudnnConvolutionStruct, cudnnTensor4dStruct, float const *, float*, int)	124473	12611	0.167137	
cudnn_convolve_sgemm_sm35_ldg_nn_32x16x64x8x16	18219	556284	0.796291	
void add_tensor_kernel_v3<int=2, float, float, int=128, int=1, int=1, int=4, int=2>(cudnnTensorStruct, float*, cudnnTensorStruct, float const *, float, float)	12770	12617	0.022016	
void cudnn::detail::bn_fw_inf_1C11_kernel_new<float, float, bool=1, int=1>(float, cudnn::detail::bn_fw_inf_1C11_kernel_new<float, float, bool=1, int=1>, cudnnTensorStruct, float const *, float, cudnnTensorStruct*, float, cudnn::detail::bn_fw_inf_1C11_kernel_new<float, float, bool=1, int=1> const *, cudnn::detail::bn_fw_inf_1C11_kernel_new<float, float, bool=1, int=1> const , cudnn::detail::bn_fw_inf_1C11_kernel_new<float, float, bool=1, int=1> const , cudnn::detail::bn_fw_inf_1C11_kernel_new<float, float, bool=1, int=1> const , cudnn::detail::bn_fw_inf_1C11_kernel_new<float, float, bool=1, int=1>)	13509	12830	0.023520	
void kernelPointwiseApply1<ThresholdUpdateOutputIP<float>, float, unsigned int, int=-2>(TensorInfo<ThresholdUpdateOutputIP<float>, float>, float, float)	12544	12560	0.018592	
void im2col4d_kernel<float, int>(im2col4d_params, cudnnConvolutionStruct, cudnnTensor4dStruct, float const *, float*, int)	124708	12546	0.167137	
cudnn_convolve_sgemm_sm35_ldg_nn_32x16x64x8x16	18263	552739	0.796291	
void add_tensor_kernel_v3<int=2, float, float, int=128, int=1, int=1, int=4, int=2>(cudnnTensorStruct, float*, cudnnTensorStruct, float const *, float, float)	12764	12617	0.011872	
void cudnn::detail::bn_fw_inf_1C11_kernel_new<float, float, bool=1, int=1>(float, cudnn::detail::bn_fw_inf_1C11_kernel_new<float, float, bool=1, int=1>, cudnnTensorStruct, float const *, float, cudnnTensorStruct*, float, cudnn::detail::bn_fw_inf_1C11_kernel_new<float, float, bool=1, int=1> const *, cudnn::detail::bn_fw_inf_1C11_kernel_new<float, float, bool=1, int=1> const , cudnn::detail::bn_fw_inf_1C11_kernel_new<float, float, bool=1, int=1> const , cudnn::detail::bn_fw_inf_1C11_kernel_new<float, float, bool=1, int=1> const , cudnn::detail::bn_fw_inf_1C11_kernel_new<float, float, bool=1, int=1>)	13503	12805	0.010880	
void kernelPointwiseApply1<ThresholdUpdateOutputIP<float>, float, unsigned int, int=-2>(TensorInfo<ThresholdUpdateOutputIP<float>, float>, float, float)	12545	12560	0.004576	
void MaxPoolForward<float, float>(int, float const *, int, int, int, int, int, int, int, int, int, int, int, int, int, int, float*, long*)	9409	12557	0.028064	
void gemv2T_kernel_val<float, float, float, int=128, int=16, int=2, int=4, bool=0>(int, int, float, float const *, int, float const *, int, float, float*, int)	512	12858622	2.494250	
void kernelPointwiseApply1<ThresholdUpdateOutputIP<float>, float, unsigned int, int=-2>(TensorInfo<ThresholdUpdateOutputIP<float>, float>, float, float)	514	520	0.004512	
void gemv2T_kernel_val<float, float, float, int=128, int=16, int=2, int=4, bool=0>(int, int, float, float const *, int, float const *, int, float, float*, int)	516	2099582	2.494250	
void kernelPointwiseApply1<ThresholdUpdateOutputIP<float>, float, unsigned int, int=-2>(TensorInfo<ThresholdUpdateOutputIP<float>, float>, float, float)	513	520	0.003392	
void gemv2T_kernel_val<float, float, float, int=128, int=16, int=2, int=4, bool=0>(int, int, float, float const *, int, float const *, int, float, float*, int)	127	512647	0.362018	
